Namespace(volume_path='../data/Synapse/test_vol_h5', dataset='Synapse', num_classes=9, list_dir='./lists/lists_Synapse', max_iterations=30000, max_epochs=150, batch_size=24, img_size=224, is_savenii=False, n_skip=3, vit_name='R50-ViT-B_16', test_save_dir='../predictions', deterministic=1, base_lr=0.01, seed=1234, vit_patches_size=16, Dataset=<class 'datasets.dataset_synapse.Synapse_dataset'>, z_spacing=1, is_pretrain=True, exp='TU_Synapse224')
TU_pretrain_R50-ViT-B_16_skip3_epo150_bs24_224
12 test iterations per epoch
0it [00:00, ?it/s]idx 0 case case0008 mean_dice 0.642937 mean_hd95 15.651080
1it [01:53, 113.28s/it]idx 1 case case0022 mean_dice 0.901353 mean_hd95 2.207107
2it [02:57, 84.23s/it] idx 2 case case0038 mean_dice 0.775246 mean_hd95 52.741262
3it [04:08, 78.50s/it]idx 3 case case0036 mean_dice 0.838238 mean_hd95 10.617118
4it [06:34, 105.11s/it]idx 4 case case0032 mean_dice 0.812739 mean_hd95 15.523800
5it [08:22, 106.22s/it]idx 5 case case0002 mean_dice 0.872707 mean_hd95 21.907852
6it [10:06, 105.15s/it]idx 6 case case0029 mean_dice 0.659406 mean_hd95 43.887764
7it [11:15, 93.32s/it] idx 7 case case0003 mean_dice 0.589568 mean_hd95 116.689553
8it [13:49, 112.83s/it]idx 8 case case0001 mean_dice 0.733448 mean_hd95 41.616787
9it [15:41, 112.69s/it]idx 9 case case0004 mean_dice 0.776278 mean_hd95 30.430744
10it [17:22, 108.91s/it]idx 10 case case0025 mean_dice 0.785448 mean_hd95 43.453505
11it [18:23, 94.22s/it] idx 11 case case0035 mean_dice 0.893632 mean_hd95 12.682661
12it [19:20, 82.94s/it]12it [19:20, 96.73s/it]
Mean class 1 mean_dice 0.872867 mean_hd95 11.568513
Mean class 2 mean_dice 0.639352 mean_hd95 35.705876
Mean class 3 mean_dice 0.810832 mean_hd95 50.223033
Mean class 4 mean_dice 0.758289 mean_hd95 63.868051
Mean class 5 mean_dice 0.942945 mean_hd95 24.941146
Mean class 6 mean_dice 0.559915 mean_hd95 12.339372
Mean class 7 mean_dice 0.849063 mean_hd95 53.757695
Mean class 8 mean_dice 0.754072 mean_hd95 19.202470
Testing performance in best val model: mean_dice : 0.773417 mean_hd95 : 33.950769
test.py successfully executed
