2021-12-13 10:51:12,943 Namespace(volume_path='/itet-stor/arismu/bmicdatasets-originals/Originals/Challenge_Datasets/Prostate_PROMISE12/TrainingData/', test_dataset='BIDMC', num_classes=3, max_iterations=6800, max_epochs=400, batch_size=16, img_size=256, is_savenii=True, n_skip=3, vit_name='R50-ViT-B_16', test_save_dir='../predictions', deterministic=1, base_lr=0.001, seed=1234, vit_patches_size=16, target_resolution=0.625, image_depth_tr=32, image_depth_ts=32, test_cv_fold_num=1, NORMALIZE=1, Dataset='BIDMC', z_spacing=1, is_pretrain=True, exp='TU_RUNMC256')
Namespace(volume_path='/itet-stor/arismu/bmicdatasets-originals/Originals/Challenge_Datasets/Prostate_PROMISE12/TrainingData/', test_dataset='BIDMC', num_classes=3, max_iterations=6800, max_epochs=400, batch_size=16, img_size=256, is_savenii=True, n_skip=3, vit_name='R50-ViT-B_16', test_save_dir='../predictions', deterministic=1, base_lr=0.001, seed=1234, vit_patches_size=16, target_resolution=0.625, image_depth_tr=32, image_depth_ts=32, test_cv_fold_num=1, NORMALIZE=1, Dataset='BIDMC', z_spacing=1, is_pretrain=True, exp='TU_RUNMC256')
2021-12-13 10:51:12,944 TU_pretrain_R50-ViT-B_16_skip3_bs16_256
TU_pretrain_R50-ViT-B_16_skip3_bs16_256
2021-12-13 10:51:12,978 Already preprocessed this configuration. Loading now!
Already preprocessed this configuration. Loading now!
2021-12-13 10:51:30,910 ============================================================
============================================================
2021-12-13 10:51:30,911 Subject 1 out of 10: case02
Subject 1 out of 10: case02
2021-12-13 10:51:38,059 case 0 mean_dice 0.539472 mean_hd95 28.390139
Predsum: 36798
GtSum: 28818
Predsum: 36798
GtSum: 28818
Predsum: 36798
GtSum: 28818
case 0 mean_dice 0.539472 mean_hd95 28.390139
2021-12-13 10:51:38,325 ============================================================
============================================================
2021-12-13 10:51:38,325 Subject 2 out of 10: case06
Subject 2 out of 10: case06
2021-12-13 10:51:43,851 case 1 mean_dice 0.846719 mean_hd95 12.041595
Predsum: 131202
GtSum: 118503
Predsum: 131202
GtSum: 118503
Predsum: 131202
GtSum: 118503
case 1 mean_dice 0.846719 mean_hd95 12.041595
2021-12-13 10:51:44,069 ============================================================
============================================================
2021-12-13 10:51:44,069 Subject 3 out of 10: case09
Subject 3 out of 10: case09
2021-12-13 10:51:50,370 case 2 mean_dice 0.405298 mean_hd95 65.827425
Predsum: 117330
GtSum: 60707
Predsum: 117330
GtSum: 60707
Predsum: 117330
GtSum: 60707
case 2 mean_dice 0.405298 mean_hd95 65.827425
2021-12-13 10:51:50,592 ============================================================
============================================================
2021-12-13 10:51:50,592 Subject 4 out of 10: case10
Subject 4 out of 10: case10
2021-12-13 10:51:55,890 case 3 mean_dice 0.735981 mean_hd95 14.317821
Predsum: 30657
GtSum: 36429
Predsum: 30657
GtSum: 36429
Predsum: 30657
GtSum: 36429
case 3 mean_dice 0.735981 mean_hd95 14.317821
2021-12-13 10:51:56,118 ============================================================
============================================================
2021-12-13 10:51:56,118 Subject 5 out of 10: case07
Subject 5 out of 10: case07
2021-12-13 10:52:00,650 case 4 mean_dice 0.556449 mean_hd95 54.074023
Predsum: 37632
GtSum: 31032
Predsum: 37632
GtSum: 31032
Predsum: 37632
GtSum: 31032
case 4 mean_dice 0.556449 mean_hd95 54.074023
2021-12-13 10:52:00,872 ============================================================
============================================================
2021-12-13 10:52:00,872 Subject 6 out of 10: case04
Subject 6 out of 10: case04
2021-12-13 10:52:06,969 case 5 mean_dice 0.091676 mean_hd95 63.765194
Predsum: 40946
GtSum: 34668
Predsum: 40946
GtSum: 34668
Predsum: 40946
GtSum: 34668
case 5 mean_dice 0.091676 mean_hd95 63.765194
2021-12-13 10:52:07,205 ============================================================
============================================================
2021-12-13 10:52:07,206 Subject 7 out of 10: case05
Subject 7 out of 10: case05
2021-12-13 10:52:12,937 case 6 mean_dice 0.763622 mean_hd95 28.105149
Predsum: 59371
GtSum: 60945
Predsum: 59371
GtSum: 60945
Predsum: 59371
GtSum: 60945
case 6 mean_dice 0.763622 mean_hd95 28.105149
2021-12-13 10:52:13,159 ============================================================
============================================================
2021-12-13 10:52:13,159 Subject 8 out of 10: case08
Subject 8 out of 10: case08
2021-12-13 10:52:18,606 case 7 mean_dice 0.499577 mean_hd95 58.008620
Predsum: 48729
GtSum: 24609
Predsum: 48729
GtSum: 24609
Predsum: 48729
GtSum: 24609
case 7 mean_dice 0.499577 mean_hd95 58.008620
2021-12-13 10:52:18,834 ============================================================
============================================================
2021-12-13 10:52:18,834 Subject 9 out of 10: case00
Subject 9 out of 10: case00
2021-12-13 10:52:25,175 case 8 mean_dice 0.478715 mean_hd95 48.010416
Predsum: 46029
GtSum: 46385
Predsum: 46029
GtSum: 46385
Predsum: 46029
GtSum: 46385
case 8 mean_dice 0.478715 mean_hd95 48.010416
2021-12-13 10:52:25,396 ============================================================
============================================================
2021-12-13 10:52:25,396 Subject 10 out of 10: case03
Subject 10 out of 10: case03
2021-12-13 10:52:31,010 case 9 mean_dice 0.546988 mean_hd95 46.443514
Predsum: 38796
GtSum: 23677
Predsum: 38796
GtSum: 23677
Predsum: 38796
GtSum: 23677
case 9 mean_dice 0.546988 mean_hd95 46.443514
2021-12-13 10:52:31,011 Mean class 0 mean_dice 0.546450 mean_hd95 41.898390
Mean class 0 mean_dice 0.546450 mean_hd95 41.898390
2021-12-13 10:52:31,011 Mean class 1 mean_dice 0.546450 mean_hd95 41.898390
Mean class 1 mean_dice 0.546450 mean_hd95 41.898390
2021-12-13 10:52:31,011 Mean class 2 mean_dice 0.546450 mean_hd95 41.898390
Mean class 2 mean_dice 0.546450 mean_hd95 41.898390
2021-12-13 10:52:31,011 Testing performance in best val model: mean_dice : 0.546450 mean_hd95 : 41.898390
Testing performance in best val model: mean_dice : 0.546450 mean_hd95 : 41.898390
test.py successfully executed
