2021-12-13 10:53:25,411 Namespace(volume_path='/itet-stor/arismu/bmicdatasets-originals/Originals/Challenge_Datasets/Prostate_PROMISE12/TrainingData/', test_dataset='BIDMC', num_classes=3, max_iterations=6800, max_epochs=400, batch_size=16, img_size=256, is_savenii=True, n_skip=3, vit_name='R50-ViT-B_16', test_save_dir='../predictions', deterministic=1, base_lr=0.001, seed=1234, vit_patches_size=16, target_resolution=0.625, image_depth_tr=32, image_depth_ts=32, test_cv_fold_num=1, NORMALIZE=1, Dataset='BIDMC', z_spacing=1, is_pretrain=True, exp='TU_RUNMC256')
Namespace(volume_path='/itet-stor/arismu/bmicdatasets-originals/Originals/Challenge_Datasets/Prostate_PROMISE12/TrainingData/', test_dataset='BIDMC', num_classes=3, max_iterations=6800, max_epochs=400, batch_size=16, img_size=256, is_savenii=True, n_skip=3, vit_name='R50-ViT-B_16', test_save_dir='../predictions', deterministic=1, base_lr=0.001, seed=1234, vit_patches_size=16, target_resolution=0.625, image_depth_tr=32, image_depth_ts=32, test_cv_fold_num=1, NORMALIZE=1, Dataset='BIDMC', z_spacing=1, is_pretrain=True, exp='TU_RUNMC256')
2021-12-13 10:53:25,412 TU_pretrain_R50-ViT-B_16_skip3_bs16_256
TU_pretrain_R50-ViT-B_16_skip3_bs16_256
2021-12-13 10:53:25,432 Already preprocessed this configuration. Loading now!
Already preprocessed this configuration. Loading now!
2021-12-13 10:53:43,120 ============================================================
============================================================
2021-12-13 10:53:43,121 Subject 1 out of 10: case02
Subject 1 out of 10: case02
2021-12-13 10:53:50,244 case 0 mean_dice 0.631149 mean_hd95 34.792240
Predsum: 27755
GtSum: 28818
Predsum: 27755
GtSum: 28818
Predsum: 27755
GtSum: 28818
case 0 mean_dice 0.631149 mean_hd95 34.792240
2021-12-13 10:53:50,503 ============================================================
============================================================
2021-12-13 10:53:50,503 Subject 2 out of 10: case06
Subject 2 out of 10: case06
2021-12-13 10:53:55,871 case 1 mean_dice 0.811477 mean_hd95 6.000000
Predsum: 111241
GtSum: 118503
Predsum: 111241
GtSum: 118503
Predsum: 111241
GtSum: 118503
case 1 mean_dice 0.811477 mean_hd95 6.000000
2021-12-13 10:53:56,099 ============================================================
============================================================
2021-12-13 10:53:56,099 Subject 3 out of 10: case09
Subject 3 out of 10: case09
2021-12-13 10:54:02,390 case 2 mean_dice 0.497595 mean_hd95 63.984373
Predsum: 118298
GtSum: 60707
Predsum: 118298
GtSum: 60707
Predsum: 118298
GtSum: 60707
case 2 mean_dice 0.497595 mean_hd95 63.984373
2021-12-13 10:54:02,613 ============================================================
============================================================
2021-12-13 10:54:02,614 Subject 4 out of 10: case10
Subject 4 out of 10: case10
2021-12-13 10:54:07,892 case 3 mean_dice 0.796738 mean_hd95 7.000000
Predsum: 31385
GtSum: 36429
Predsum: 31385
GtSum: 36429
Predsum: 31385
GtSum: 36429
case 3 mean_dice 0.796738 mean_hd95 7.000000
2021-12-13 10:54:08,122 ============================================================
============================================================
2021-12-13 10:54:08,122 Subject 5 out of 10: case07
Subject 5 out of 10: case07
2021-12-13 10:54:12,602 case 4 mean_dice 0.654424 mean_hd95 42.755117
Predsum: 33932
GtSum: 31032
Predsum: 33932
GtSum: 31032
Predsum: 33932
GtSum: 31032
case 4 mean_dice 0.654424 mean_hd95 42.755117
2021-12-13 10:54:12,833 ============================================================
============================================================
2021-12-13 10:54:12,833 Subject 6 out of 10: case04
Subject 6 out of 10: case04
2021-12-13 10:54:18,912 case 5 mean_dice 0.152028 mean_hd95 61.466251
Predsum: 77982
GtSum: 34668
Predsum: 77982
GtSum: 34668
Predsum: 77982
GtSum: 34668
case 5 mean_dice 0.152028 mean_hd95 61.466251
2021-12-13 10:54:19,133 ============================================================
============================================================
2021-12-13 10:54:19,133 Subject 7 out of 10: case05
Subject 7 out of 10: case05
2021-12-13 10:54:24,722 case 6 mean_dice 0.585242 mean_hd95 22.649503
Predsum: 80289
GtSum: 60945
Predsum: 80289
GtSum: 60945
Predsum: 80289
GtSum: 60945
case 6 mean_dice 0.585242 mean_hd95 22.649503
2021-12-13 10:54:24,959 ============================================================
============================================================
2021-12-13 10:54:24,960 Subject 8 out of 10: case08
Subject 8 out of 10: case08
2021-12-13 10:54:30,382 case 7 mean_dice 0.511314 mean_hd95 54.488531
Predsum: 54407
GtSum: 24609
Predsum: 54407
GtSum: 24609
Predsum: 54407
GtSum: 24609
case 7 mean_dice 0.511314 mean_hd95 54.488531
2021-12-13 10:54:30,618 ============================================================
============================================================
2021-12-13 10:54:30,619 Subject 9 out of 10: case00
Subject 9 out of 10: case00
2021-12-13 10:54:36,943 case 8 mean_dice 0.680275 mean_hd95 51.228896
Predsum: 41600
GtSum: 46385
Predsum: 41600
GtSum: 46385
Predsum: 41600
GtSum: 46385
case 8 mean_dice 0.680275 mean_hd95 51.228896
2021-12-13 10:54:37,164 ============================================================
============================================================
2021-12-13 10:54:37,164 Subject 10 out of 10: case03
Subject 10 out of 10: case03
2021-12-13 10:54:42,703 case 9 mean_dice 0.632664 mean_hd95 41.206796
Predsum: 33750
GtSum: 23677
Predsum: 33750
GtSum: 23677
Predsum: 33750
GtSum: 23677
case 9 mean_dice 0.632664 mean_hd95 41.206796
2021-12-13 10:54:42,704 Mean class 0 mean_dice 0.595291 mean_hd95 38.557171
Mean class 0 mean_dice 0.595291 mean_hd95 38.557171
2021-12-13 10:54:42,704 Mean class 1 mean_dice 0.595291 mean_hd95 38.557171
Mean class 1 mean_dice 0.595291 mean_hd95 38.557171
2021-12-13 10:54:42,704 Mean class 2 mean_dice 0.595291 mean_hd95 38.557171
Mean class 2 mean_dice 0.595291 mean_hd95 38.557171
2021-12-13 10:54:42,704 Testing performance in best val model: mean_dice : 0.595291 mean_hd95 : 38.557171
Testing performance in best val model: mean_dice : 0.595291 mean_hd95 : 38.557171
test.py successfully executed
