2021-12-12 15:30:10,252 Namespace(volume_path='/itet-stor/arismu/bmicdatasets-originals/Originals/Challenge_Datasets/Prostate_PROMISE12/TrainingData/', test_dataset='BIDMC', num_classes=3, max_iterations=6800, max_epochs=400, batch_size=16, img_size=256, is_savenii=True, n_skip=3, vit_name='R50-ViT-B_16', test_save_dir='../predictions', deterministic=1, base_lr=0.001, seed=1234, vit_patches_size=16, target_resolution=0.625, image_depth_tr=32, image_depth_ts=32, test_cv_fold_num=1, NORMALIZE=1, Dataset='BIDMC', z_spacing=1, is_pretrain=True, exp='TU_RUNMC256')
Namespace(volume_path='/itet-stor/arismu/bmicdatasets-originals/Originals/Challenge_Datasets/Prostate_PROMISE12/TrainingData/', test_dataset='BIDMC', num_classes=3, max_iterations=6800, max_epochs=400, batch_size=16, img_size=256, is_savenii=True, n_skip=3, vit_name='R50-ViT-B_16', test_save_dir='../predictions', deterministic=1, base_lr=0.001, seed=1234, vit_patches_size=16, target_resolution=0.625, image_depth_tr=32, image_depth_ts=32, test_cv_fold_num=1, NORMALIZE=1, Dataset='BIDMC', z_spacing=1, is_pretrain=True, exp='TU_RUNMC256')
2021-12-12 15:30:10,253 TU_pretrain_R50-ViT-B_16_skip3_bs16_256
TU_pretrain_R50-ViT-B_16_skip3_bs16_256
2021-12-12 15:30:10,273 Already preprocessed this configuration. Loading now!
Already preprocessed this configuration. Loading now!
2021-12-12 15:30:27,989 ============================================================
============================================================
2021-12-12 15:30:27,990 Subject 1 out of 10: case02
Subject 1 out of 10: case02
2021-12-12 15:30:33,903 case 0 mean_dice 0.128835 mean_hd95 66.480072
Predsum: 6840
GtSum: 28818
Predsum: 6840
GtSum: 28818
Predsum: 6840
GtSum: 28818
case 0 mean_dice 0.128835 mean_hd95 66.480072
2021-12-12 15:30:34,160 ============================================================
============================================================
2021-12-12 15:30:34,160 Subject 2 out of 10: case06
Subject 2 out of 10: case06
2021-12-12 15:30:38,780 case 1 mean_dice 0.606909 mean_hd95 18.027756
Predsum: 77154
GtSum: 118503
Predsum: 77154
GtSum: 118503
Predsum: 77154
GtSum: 118503
case 1 mean_dice 0.606909 mean_hd95 18.027756
2021-12-12 15:30:38,984 ============================================================
============================================================
2021-12-12 15:30:38,984 Subject 3 out of 10: case09
Subject 3 out of 10: case09
2021-12-12 15:30:44,199 case 2 mean_dice 0.401204 mean_hd95 93.364876
Predsum: 52906
GtSum: 60707
Predsum: 52906
GtSum: 60707
Predsum: 52906
GtSum: 60707
case 2 mean_dice 0.401204 mean_hd95 93.364876
2021-12-12 15:30:44,393 ============================================================
============================================================
2021-12-12 15:30:44,393 Subject 4 out of 10: case10
Subject 4 out of 10: case10
2021-12-12 15:30:48,958 case 3 mean_dice 0.439375 mean_hd95 57.819546
Predsum: 44891
GtSum: 36429
Predsum: 44891
GtSum: 36429
Predsum: 44891
GtSum: 36429
case 3 mean_dice 0.439375 mean_hd95 57.819546
2021-12-12 15:30:49,142 ============================================================
============================================================
2021-12-12 15:30:49,142 Subject 5 out of 10: case07
Subject 5 out of 10: case07
2021-12-12 15:30:52,860 case 4 mean_dice 0.421224 mean_hd95 66.309879
Predsum: 26244
GtSum: 31032
Predsum: 26244
GtSum: 31032
Predsum: 26244
GtSum: 31032
case 4 mean_dice 0.421224 mean_hd95 66.309879
2021-12-12 15:30:53,060 ============================================================
============================================================
2021-12-12 15:30:53,061 Subject 6 out of 10: case04
Subject 6 out of 10: case04
2021-12-12 15:30:57,928 case 5 mean_dice 0.019428 mean_hd95 80.024996
Predsum: 6819
GtSum: 34668
Predsum: 6819
GtSum: 34668
Predsum: 6819
GtSum: 34668
case 5 mean_dice 0.019428 mean_hd95 80.024996
2021-12-12 15:30:58,119 ============================================================
============================================================
2021-12-12 15:30:58,119 Subject 7 out of 10: case05
Subject 7 out of 10: case05
2021-12-12 15:31:02,888 case 6 mean_dice 0.362683 mean_hd95 56.329388
Predsum: 92539
GtSum: 60945
Predsum: 92539
GtSum: 60945
Predsum: 92539
GtSum: 60945
case 6 mean_dice 0.362683 mean_hd95 56.329388
2021-12-12 15:31:03,085 ============================================================
============================================================
2021-12-12 15:31:03,085 Subject 8 out of 10: case08
Subject 8 out of 10: case08
2021-12-12 15:31:07,614 case 7 mean_dice 0.602785 mean_hd95 27.820855
Predsum: 27821
GtSum: 24609
Predsum: 27821
GtSum: 24609
Predsum: 27821
GtSum: 24609
case 7 mean_dice 0.602785 mean_hd95 27.820855
2021-12-12 15:31:07,813 ============================================================
============================================================
2021-12-12 15:31:07,813 Subject 9 out of 10: case00
Subject 9 out of 10: case00
2021-12-12 15:31:12,883 case 8 mean_dice 0.345744 mean_hd95 74.839829
Predsum: 26669
GtSum: 46385
Predsum: 26669
GtSum: 46385
Predsum: 26669
GtSum: 46385
case 8 mean_dice 0.345744 mean_hd95 74.839829
2021-12-12 15:31:13,096 ============================================================
============================================================
2021-12-12 15:31:13,096 Subject 10 out of 10: case03
Subject 10 out of 10: case03
2021-12-12 15:31:17,784 case 9 mean_dice 0.174826 mean_hd95 70.469852
Predsum: 38911
GtSum: 23677
Predsum: 38911
GtSum: 23677
Predsum: 38911
GtSum: 23677
case 9 mean_dice 0.174826 mean_hd95 70.469852
2021-12-12 15:31:17,785 Mean class 0 mean_dice 0.350301 mean_hd95 61.148705
Mean class 0 mean_dice 0.350301 mean_hd95 61.148705
2021-12-12 15:31:17,785 Mean class 1 mean_dice 0.350301 mean_hd95 61.148705
Mean class 1 mean_dice 0.350301 mean_hd95 61.148705
2021-12-12 15:31:17,785 Mean class 2 mean_dice 0.350301 mean_hd95 61.148705
Mean class 2 mean_dice 0.350301 mean_hd95 61.148705
2021-12-12 15:31:17,785 Testing performance in best val model: mean_dice : 0.350301 mean_hd95 : 61.148705
Testing performance in best val model: mean_dice : 0.350301 mean_hd95 : 61.148705
test.py successfully executed
