2021-12-12 15:22:02,617 Namespace(volume_path='/itet-stor/arismu/bmicdatasets-originals/Originals/Challenge_Datasets/Prostate_PROMISE12/TrainingData/', test_dataset='BIDMC', num_classes=3, max_iterations=6800, max_epochs=400, batch_size=16, img_size=256, is_savenii=True, n_skip=3, vit_name='R50-ViT-B_16', test_save_dir='../predictions', deterministic=1, base_lr=0.001, seed=1234, vit_patches_size=16, target_resolution=0.625, image_depth_tr=32, image_depth_ts=32, test_cv_fold_num=1, NORMALIZE=1, Dataset='BIDMC', z_spacing=1, is_pretrain=True, exp='TU_RUNMC256')
Namespace(volume_path='/itet-stor/arismu/bmicdatasets-originals/Originals/Challenge_Datasets/Prostate_PROMISE12/TrainingData/', test_dataset='BIDMC', num_classes=3, max_iterations=6800, max_epochs=400, batch_size=16, img_size=256, is_savenii=True, n_skip=3, vit_name='R50-ViT-B_16', test_save_dir='../predictions', deterministic=1, base_lr=0.001, seed=1234, vit_patches_size=16, target_resolution=0.625, image_depth_tr=32, image_depth_ts=32, test_cv_fold_num=1, NORMALIZE=1, Dataset='BIDMC', z_spacing=1, is_pretrain=True, exp='TU_RUNMC256')
2021-12-12 15:22:02,617 TU_pretrain_R50-ViT-B_16_skip3_bs16_256
TU_pretrain_R50-ViT-B_16_skip3_bs16_256
2021-12-12 15:22:02,635 Already preprocessed this configuration. Loading now!
Already preprocessed this configuration. Loading now!
2021-12-12 15:22:22,423 ============================================================
============================================================
2021-12-12 15:22:22,424 Subject 1 out of 10: case02
Subject 1 out of 10: case02
2021-12-12 15:22:28,324 case 0 mean_dice 0.560887 mean_hd95 42.863147
Predsum: 21488
GtSum: 28818
Predsum: 21488
GtSum: 28818
Predsum: 21488
GtSum: 28818
case 0 mean_dice 0.560887 mean_hd95 42.863147
2021-12-12 15:22:28,549 ============================================================
============================================================
2021-12-12 15:22:28,549 Subject 2 out of 10: case06
Subject 2 out of 10: case06
2021-12-12 15:22:33,174 case 1 mean_dice 0.743043 mean_hd95 25.273491
Predsum: 86220
GtSum: 118503
Predsum: 86220
GtSum: 118503
Predsum: 86220
GtSum: 118503
case 1 mean_dice 0.743043 mean_hd95 25.273491
2021-12-12 15:22:33,381 ============================================================
============================================================
2021-12-12 15:22:33,381 Subject 3 out of 10: case09
Subject 3 out of 10: case09
2021-12-12 15:22:38,527 case 2 mean_dice 0.702374 mean_hd95 71.370512
Predsum: 59064
GtSum: 60707
Predsum: 59064
GtSum: 60707
Predsum: 59064
GtSum: 60707
case 2 mean_dice 0.702374 mean_hd95 71.370512
2021-12-12 15:22:38,711 ============================================================
============================================================
2021-12-12 15:22:38,712 Subject 4 out of 10: case10
Subject 4 out of 10: case10
2021-12-12 15:22:42,937 case 3 mean_dice 0.736121 mean_hd95 26.038433
Predsum: 32508
GtSum: 36429
Predsum: 32508
GtSum: 36429
Predsum: 32508
GtSum: 36429
case 3 mean_dice 0.736121 mean_hd95 26.038433
2021-12-12 15:22:43,139 ============================================================
============================================================
2021-12-12 15:22:43,139 Subject 5 out of 10: case07
Subject 5 out of 10: case07
2021-12-12 15:22:46,830 case 4 mean_dice 0.751949 mean_hd95 34.262954
Predsum: 24376
GtSum: 31032
Predsum: 24376
GtSum: 31032
Predsum: 24376
GtSum: 31032
case 4 mean_dice 0.751949 mean_hd95 34.262954
2021-12-12 15:22:47,024 ============================================================
============================================================
2021-12-12 15:22:47,024 Subject 6 out of 10: case04
Subject 6 out of 10: case04
2021-12-12 15:22:51,973 case 5 mean_dice 0.514785 mean_hd95 58.618683
Predsum: 25155
GtSum: 34668
Predsum: 25155
GtSum: 34668
Predsum: 25155
GtSum: 34668
case 5 mean_dice 0.514785 mean_hd95 58.618683
2021-12-12 15:22:52,182 ============================================================
============================================================
2021-12-12 15:22:52,182 Subject 7 out of 10: case05
Subject 7 out of 10: case05
2021-12-12 15:22:56,775 case 6 mean_dice 0.510802 mean_hd95 42.059482
Predsum: 69720
GtSum: 60945
Predsum: 69720
GtSum: 60945
Predsum: 69720
GtSum: 60945
case 6 mean_dice 0.510802 mean_hd95 42.059482
2021-12-12 15:22:56,968 ============================================================
============================================================
2021-12-12 15:22:56,968 Subject 8 out of 10: case08
Subject 8 out of 10: case08
2021-12-12 15:23:01,402 case 7 mean_dice 0.831579 mean_hd95 4.242641
Predsum: 24310
GtSum: 24609
Predsum: 24310
GtSum: 24609
Predsum: 24310
GtSum: 24609
case 7 mean_dice 0.831579 mean_hd95 4.242641
2021-12-12 15:23:01,607 ============================================================
============================================================
2021-12-12 15:23:01,608 Subject 9 out of 10: case00
Subject 9 out of 10: case00
2021-12-12 15:23:06,612 case 8 mean_dice 0.721500 mean_hd95 43.703547
Predsum: 37177
GtSum: 46385
Predsum: 37177
GtSum: 46385
Predsum: 37177
GtSum: 46385
case 8 mean_dice 0.721500 mean_hd95 43.703547
2021-12-12 15:23:06,803 ============================================================
============================================================
2021-12-12 15:23:06,803 Subject 10 out of 10: case03
Subject 10 out of 10: case03
2021-12-12 15:23:11,372 case 9 mean_dice 0.623714 mean_hd95 58.501709
Predsum: 30848
GtSum: 23677
Predsum: 30848
GtSum: 23677
Predsum: 30848
GtSum: 23677
case 9 mean_dice 0.623714 mean_hd95 58.501709
2021-12-12 15:23:11,372 Mean class 0 mean_dice 0.669676 mean_hd95 40.693460
Mean class 0 mean_dice 0.669676 mean_hd95 40.693460
2021-12-12 15:23:11,372 Mean class 1 mean_dice 0.669676 mean_hd95 40.693460
Mean class 1 mean_dice 0.669676 mean_hd95 40.693460
2021-12-12 15:23:11,372 Mean class 2 mean_dice 0.669676 mean_hd95 40.693460
Mean class 2 mean_dice 0.669676 mean_hd95 40.693460
2021-12-12 15:23:11,372 Testing performance in best val model: mean_dice : 0.669676 mean_hd95 : 40.693460
Testing performance in best val model: mean_dice : 0.669676 mean_hd95 : 40.693460
test.py successfully executed
