2021-12-13 10:39:28,409 Namespace(volume_path='/itet-stor/arismu/bmicdatasets-originals/Originals/Challenge_Datasets/Prostate_PROMISE12/TrainingData/', test_dataset='BIDMC', num_classes=3, max_iterations=6800, max_epochs=400, batch_size=16, img_size=256, is_savenii=True, n_skip=3, vit_name='R50-ViT-B_16', test_save_dir='../predictions', deterministic=1, base_lr=0.001, seed=1234, vit_patches_size=16, target_resolution=0.625, image_depth_tr=32, image_depth_ts=32, test_cv_fold_num=1, NORMALIZE=1, Dataset='BIDMC', z_spacing=1, is_pretrain=True, exp='TU_RUNMC256')
Namespace(volume_path='/itet-stor/arismu/bmicdatasets-originals/Originals/Challenge_Datasets/Prostate_PROMISE12/TrainingData/', test_dataset='BIDMC', num_classes=3, max_iterations=6800, max_epochs=400, batch_size=16, img_size=256, is_savenii=True, n_skip=3, vit_name='R50-ViT-B_16', test_save_dir='../predictions', deterministic=1, base_lr=0.001, seed=1234, vit_patches_size=16, target_resolution=0.625, image_depth_tr=32, image_depth_ts=32, test_cv_fold_num=1, NORMALIZE=1, Dataset='BIDMC', z_spacing=1, is_pretrain=True, exp='TU_RUNMC256')
2021-12-13 10:39:28,410 TU_pretrain_R50-ViT-B_16_skip3_bs16_256
TU_pretrain_R50-ViT-B_16_skip3_bs16_256
2021-12-13 10:39:28,431 Already preprocessed this configuration. Loading now!
Already preprocessed this configuration. Loading now!
2021-12-13 10:39:46,074 ============================================================
============================================================
2021-12-13 10:39:46,095 Subject 1 out of 10: case02
Subject 1 out of 10: case02
2021-12-13 10:39:52,118 case 0 mean_dice 0.704202 mean_hd95 12.767145
Predsum: 29580
GtSum: 28818
Predsum: 29580
GtSum: 28818
Predsum: 29580
GtSum: 28818
case 0 mean_dice 0.704202 mean_hd95 12.767145
2021-12-13 10:39:52,328 ============================================================
============================================================
2021-12-13 10:39:52,328 Subject 2 out of 10: case06
Subject 2 out of 10: case06
2021-12-13 10:39:56,903 case 1 mean_dice 0.850789 mean_hd95 5.385165
Predsum: 114100
GtSum: 118503
Predsum: 114100
GtSum: 118503
Predsum: 114100
GtSum: 118503
case 1 mean_dice 0.850789 mean_hd95 5.385165
2021-12-13 10:39:57,084 ============================================================
============================================================
2021-12-13 10:39:57,085 Subject 3 out of 10: case09
Subject 3 out of 10: case09
2021-12-13 10:40:02,363 case 2 mean_dice 0.723493 mean_hd95 41.484937
Predsum: 41522
GtSum: 60707
Predsum: 41522
GtSum: 60707
Predsum: 41522
GtSum: 60707
case 2 mean_dice 0.723493 mean_hd95 41.484937
2021-12-13 10:40:02,544 ============================================================
============================================================
2021-12-13 10:40:02,544 Subject 4 out of 10: case10
Subject 4 out of 10: case10
2021-12-13 10:40:07,007 case 3 mean_dice 0.845564 mean_hd95 4.242641
Predsum: 36164
GtSum: 36429
Predsum: 36164
GtSum: 36429
Predsum: 36164
GtSum: 36429
case 3 mean_dice 0.845564 mean_hd95 4.242641
2021-12-13 10:40:07,188 ============================================================
============================================================
2021-12-13 10:40:07,188 Subject 5 out of 10: case07
Subject 5 out of 10: case07
2021-12-13 10:40:10,875 case 4 mean_dice 0.627292 mean_hd95 31.679606
Predsum: 16850
GtSum: 31032
Predsum: 16850
GtSum: 31032
Predsum: 16850
GtSum: 31032
case 4 mean_dice 0.627292 mean_hd95 31.679606
2021-12-13 10:40:11,059 ============================================================
============================================================
2021-12-13 10:40:11,059 Subject 6 out of 10: case04
Subject 6 out of 10: case04
2021-12-13 10:40:16,185 case 5 mean_dice 0.215946 mean_hd95 50.724747
Predsum: 44602
GtSum: 34668
Predsum: 44602
GtSum: 34668
Predsum: 44602
GtSum: 34668
case 5 mean_dice 0.215946 mean_hd95 50.724747
2021-12-13 10:40:16,366 ============================================================
============================================================
2021-12-13 10:40:16,367 Subject 7 out of 10: case05
Subject 7 out of 10: case05
2021-12-13 10:40:21,112 case 6 mean_dice 0.816258 mean_hd95 6.708204
Predsum: 50554
GtSum: 60945
Predsum: 50554
GtSum: 60945
Predsum: 50554
GtSum: 60945
case 6 mean_dice 0.816258 mean_hd95 6.708204
2021-12-13 10:40:21,294 ============================================================
============================================================
2021-12-13 10:40:21,294 Subject 8 out of 10: case08
Subject 8 out of 10: case08
2021-12-13 10:40:25,889 case 7 mean_dice 0.726909 mean_hd95 25.317978
Predsum: 30314
GtSum: 24609
Predsum: 30314
GtSum: 24609
Predsum: 30314
GtSum: 24609
case 7 mean_dice 0.726909 mean_hd95 25.317978
2021-12-13 10:40:26,074 ============================================================
============================================================
2021-12-13 10:40:26,074 Subject 9 out of 10: case00
Subject 9 out of 10: case00
2021-12-13 10:40:31,316 case 8 mean_dice 0.768656 mean_hd95 28.792360
Predsum: 41899
GtSum: 46385
Predsum: 41899
GtSum: 46385
Predsum: 41899
GtSum: 46385
case 8 mean_dice 0.768656 mean_hd95 28.792360
2021-12-13 10:40:31,499 ============================================================
============================================================
2021-12-13 10:40:31,499 Subject 10 out of 10: case03
Subject 10 out of 10: case03
2021-12-13 10:40:36,192 case 9 mean_dice 0.772211 mean_hd95 45.880279
Predsum: 30373
GtSum: 23677
Predsum: 30373
GtSum: 23677
Predsum: 30373
GtSum: 23677
case 9 mean_dice 0.772211 mean_hd95 45.880279
2021-12-13 10:40:36,192 Mean class 0 mean_dice 0.705132 mean_hd95 25.298306
Mean class 0 mean_dice 0.705132 mean_hd95 25.298306
2021-12-13 10:40:36,192 Mean class 1 mean_dice 0.705132 mean_hd95 25.298306
Mean class 1 mean_dice 0.705132 mean_hd95 25.298306
2021-12-13 10:40:36,192 Mean class 2 mean_dice 0.705132 mean_hd95 25.298306
Mean class 2 mean_dice 0.705132 mean_hd95 25.298306
2021-12-13 10:40:36,192 Testing performance in best val model: mean_dice : 0.705132 mean_hd95 : 25.298306
Testing performance in best val model: mean_dice : 0.705132 mean_hd95 : 25.298306
test.py successfully executed
