2021-12-13 10:27:21,592 Namespace(volume_path='/itet-stor/arismu/bmicdatasets-originals/Originals/Challenge_Datasets/Prostate_PROMISE12/TrainingData/', test_dataset='HK', num_classes=3, max_iterations=6800, max_epochs=400, batch_size=16, img_size=256, is_savenii=True, n_skip=3, vit_name='R50-ViT-B_16', test_save_dir='../predictions', deterministic=1, base_lr=0.001, seed=1234, vit_patches_size=16, target_resolution=0.625, image_depth_tr=32, image_depth_ts=32, test_cv_fold_num=1, NORMALIZE=1, Dataset='HK', z_spacing=1, is_pretrain=True, exp='TU_RUNMC256')
Namespace(volume_path='/itet-stor/arismu/bmicdatasets-originals/Originals/Challenge_Datasets/Prostate_PROMISE12/TrainingData/', test_dataset='HK', num_classes=3, max_iterations=6800, max_epochs=400, batch_size=16, img_size=256, is_savenii=True, n_skip=3, vit_name='R50-ViT-B_16', test_save_dir='../predictions', deterministic=1, base_lr=0.001, seed=1234, vit_patches_size=16, target_resolution=0.625, image_depth_tr=32, image_depth_ts=32, test_cv_fold_num=1, NORMALIZE=1, Dataset='HK', z_spacing=1, is_pretrain=True, exp='TU_RUNMC256')
2021-12-13 10:27:21,593 TU_pretrain_R50-ViT-B_16_skip3_bs16_256
TU_pretrain_R50-ViT-B_16_skip3_bs16_256
2021-12-13 10:27:21,621 Already preprocessed this configuration. Loading now!
Already preprocessed this configuration. Loading now!
2021-12-13 10:27:32,867 ============================================================
============================================================
2021-12-13 10:27:32,867 Subject 1 out of 10: case44
Subject 1 out of 10: case44
2021-12-13 10:27:36,139 case 0 mean_dice 0.739051 mean_hd95 19.026298
Predsum: 26693
GtSum: 26164
Predsum: 26693
GtSum: 26164
Predsum: 26693
GtSum: 26164
case 0 mean_dice 0.739051 mean_hd95 19.026298
2021-12-13 10:27:36,276 ============================================================
============================================================
2021-12-13 10:27:36,276 Subject 2 out of 10: case43
Subject 2 out of 10: case43
2021-12-13 10:27:38,915 case 1 mean_dice 0.740845 mean_hd95 23.119248
Predsum: 39639
GtSum: 36026
Predsum: 39639
GtSum: 36026
Predsum: 39639
GtSum: 36026
case 1 mean_dice 0.740845 mean_hd95 23.119248
2021-12-13 10:27:39,033 ============================================================
============================================================
2021-12-13 10:27:39,033 Subject 3 out of 10: case45
Subject 3 out of 10: case45
2021-12-13 10:27:41,808 case 2 mean_dice 0.701132 mean_hd95 31.041904
Predsum: 21097
GtSum: 17067
Predsum: 21097
GtSum: 17067
Predsum: 21097
GtSum: 17067
case 2 mean_dice 0.701132 mean_hd95 31.041904
2021-12-13 10:27:41,929 ============================================================
============================================================
2021-12-13 10:27:41,929 Subject 4 out of 10: case47
Subject 4 out of 10: case47
2021-12-13 10:27:44,643 case 3 mean_dice 0.803345 mean_hd95 8.544004
Predsum: 20484
GtSum: 24234
Predsum: 20484
GtSum: 24234
Predsum: 20484
GtSum: 24234
case 3 mean_dice 0.803345 mean_hd95 8.544004
2021-12-13 10:27:44,767 ============================================================
============================================================
2021-12-13 10:27:44,767 Subject 5 out of 10: case39
Subject 5 out of 10: case39
2021-12-13 10:27:47,527 case 4 mean_dice 0.774498 mean_hd95 30.083218
Predsum: 27424
GtSum: 36917
Predsum: 27424
GtSum: 36917
Predsum: 27424
GtSum: 36917
case 4 mean_dice 0.774498 mean_hd95 30.083218
2021-12-13 10:27:47,645 ============================================================
============================================================
2021-12-13 10:27:47,646 Subject 6 out of 10: case41
Subject 6 out of 10: case41
2021-12-13 10:27:50,303 case 5 mean_dice 0.761370 mean_hd95 43.185646
Predsum: 19839
GtSum: 16682
Predsum: 19839
GtSum: 16682
Predsum: 19839
GtSum: 16682
case 5 mean_dice 0.761370 mean_hd95 43.185646
2021-12-13 10:27:50,422 ============================================================
============================================================
2021-12-13 10:27:50,422 Subject 7 out of 10: case46
Subject 7 out of 10: case46
2021-12-13 10:27:53,255 case 6 mean_dice 0.849343 mean_hd95 2.828427
Predsum: 27023
GtSum: 28766
Predsum: 27023
GtSum: 28766
Predsum: 27023
GtSum: 28766
case 6 mean_dice 0.849343 mean_hd95 2.828427
2021-12-13 10:27:53,373 ============================================================
============================================================
2021-12-13 10:27:53,373 Subject 8 out of 10: case38
Subject 8 out of 10: case38
2021-12-13 10:27:56,390 case 7 mean_dice 0.896117 mean_hd95 27.820855
Predsum: 56670
GtSum: 57583
Predsum: 56670
GtSum: 57583
Predsum: 56670
GtSum: 57583
case 7 mean_dice 0.896117 mean_hd95 27.820855
2021-12-13 10:27:56,507 ============================================================
============================================================
2021-12-13 10:27:56,507 Subject 9 out of 10: case40
Subject 9 out of 10: case40
2021-12-13 10:27:59,124 case 8 mean_dice 0.775945 mean_hd95 32.817678
Predsum: 26111
GtSum: 25372
Predsum: 26111
GtSum: 25372
Predsum: 26111
GtSum: 25372
case 8 mean_dice 0.775945 mean_hd95 32.817678
2021-12-13 10:27:59,243 ============================================================
============================================================
2021-12-13 10:27:59,243 Subject 10 out of 10: case42
Subject 10 out of 10: case42
2021-12-13 10:28:01,884 case 9 mean_dice 0.912500 mean_hd95 2.236068
Predsum: 72632
GtSum: 80225
Predsum: 72632
GtSum: 80225
Predsum: 72632
GtSum: 80225
case 9 mean_dice 0.912500 mean_hd95 2.236068
2021-12-13 10:28:01,884 Mean class 0 mean_dice 0.795415 mean_hd95 22.070335
Mean class 0 mean_dice 0.795415 mean_hd95 22.070335
2021-12-13 10:28:01,884 Mean class 1 mean_dice 0.795415 mean_hd95 22.070335
Mean class 1 mean_dice 0.795415 mean_hd95 22.070335
2021-12-13 10:28:01,884 Mean class 2 mean_dice 0.795415 mean_hd95 22.070335
Mean class 2 mean_dice 0.795415 mean_hd95 22.070335
2021-12-13 10:28:01,884 Testing performance in best val model: mean_dice : 0.795415 mean_hd95 : 22.070335
Testing performance in best val model: mean_dice : 0.795415 mean_hd95 : 22.070335
test.py successfully executed
