2021-12-13 10:29:03,374 Namespace(volume_path='/itet-stor/arismu/bmicdatasets-originals/Originals/Challenge_Datasets/Prostate_PROMISE12/TrainingData/', test_dataset='HK', num_classes=3, max_iterations=6800, max_epochs=400, batch_size=16, img_size=256, is_savenii=True, n_skip=3, vit_name='R50-ViT-B_16', test_save_dir='../predictions', deterministic=1, base_lr=0.001, seed=1234, vit_patches_size=16, target_resolution=0.625, image_depth_tr=32, image_depth_ts=32, test_cv_fold_num=1, NORMALIZE=1, Dataset='HK', z_spacing=1, is_pretrain=True, exp='TU_RUNMC256')
Namespace(volume_path='/itet-stor/arismu/bmicdatasets-originals/Originals/Challenge_Datasets/Prostate_PROMISE12/TrainingData/', test_dataset='HK', num_classes=3, max_iterations=6800, max_epochs=400, batch_size=16, img_size=256, is_savenii=True, n_skip=3, vit_name='R50-ViT-B_16', test_save_dir='../predictions', deterministic=1, base_lr=0.001, seed=1234, vit_patches_size=16, target_resolution=0.625, image_depth_tr=32, image_depth_ts=32, test_cv_fold_num=1, NORMALIZE=1, Dataset='HK', z_spacing=1, is_pretrain=True, exp='TU_RUNMC256')
2021-12-13 10:29:03,375 TU_pretrain_R50-ViT-B_16_skip3_bs16_256
TU_pretrain_R50-ViT-B_16_skip3_bs16_256
2021-12-13 10:29:03,390 Already preprocessed this configuration. Loading now!
Already preprocessed this configuration. Loading now!
2021-12-13 10:29:14,583 ============================================================
============================================================
2021-12-13 10:29:14,584 Subject 1 out of 10: case44
Subject 1 out of 10: case44
2021-12-13 10:29:17,409 case 0 mean_dice 0.791204 mean_hd95 32.898325
Predsum: 24541
GtSum: 26164
Predsum: 24541
GtSum: 26164
Predsum: 24541
GtSum: 26164
case 0 mean_dice 0.791204 mean_hd95 32.898325
2021-12-13 10:29:17,545 ============================================================
============================================================
2021-12-13 10:29:17,545 Subject 2 out of 10: case43
Subject 2 out of 10: case43
2021-12-13 10:29:20,194 case 1 mean_dice 0.746222 mean_hd95 26.419690
Predsum: 32388
GtSum: 36026
Predsum: 32388
GtSum: 36026
Predsum: 32388
GtSum: 36026
case 1 mean_dice 0.746222 mean_hd95 26.419690
2021-12-13 10:29:20,311 ============================================================
============================================================
2021-12-13 10:29:20,311 Subject 3 out of 10: case45
Subject 3 out of 10: case45
2021-12-13 10:29:22,945 case 2 mean_dice 0.809495 mean_hd95 4.242641
Predsum: 19373
GtSum: 17067
Predsum: 19373
GtSum: 17067
Predsum: 19373
GtSum: 17067
case 2 mean_dice 0.809495 mean_hd95 4.242641
2021-12-13 10:29:23,064 ============================================================
============================================================
2021-12-13 10:29:23,064 Subject 4 out of 10: case47
Subject 4 out of 10: case47
2021-12-13 10:29:25,746 case 3 mean_dice 0.763289 mean_hd95 26.645825
Predsum: 23643
GtSum: 24234
Predsum: 23643
GtSum: 24234
Predsum: 23643
GtSum: 24234
case 3 mean_dice 0.763289 mean_hd95 26.645825
2021-12-13 10:29:25,864 ============================================================
============================================================
2021-12-13 10:29:25,864 Subject 5 out of 10: case39
Subject 5 out of 10: case39
2021-12-13 10:29:28,581 case 4 mean_dice 0.769014 mean_hd95 28.900691
Predsum: 31308
GtSum: 36917
Predsum: 31308
GtSum: 36917
Predsum: 31308
GtSum: 36917
case 4 mean_dice 0.769014 mean_hd95 28.900691
2021-12-13 10:29:28,700 ============================================================
============================================================
2021-12-13 10:29:28,700 Subject 6 out of 10: case41
Subject 6 out of 10: case41
2021-12-13 10:29:31,332 case 5 mean_dice 0.729782 mean_hd95 39.633319
Predsum: 18682
GtSum: 16682
Predsum: 18682
GtSum: 16682
Predsum: 18682
GtSum: 16682
case 5 mean_dice 0.729782 mean_hd95 39.633319
2021-12-13 10:29:31,450 ============================================================
============================================================
2021-12-13 10:29:31,450 Subject 7 out of 10: case46
Subject 7 out of 10: case46
2021-12-13 10:29:34,092 case 6 mean_dice 0.846727 mean_hd95 3.000000
Predsum: 28648
GtSum: 28766
Predsum: 28648
GtSum: 28766
Predsum: 28648
GtSum: 28766
case 6 mean_dice 0.846727 mean_hd95 3.000000
2021-12-13 10:29:34,209 ============================================================
============================================================
2021-12-13 10:29:34,209 Subject 8 out of 10: case38
Subject 8 out of 10: case38
2021-12-13 10:29:37,168 case 7 mean_dice 0.857373 mean_hd95 8.485281
Predsum: 57998
GtSum: 57583
Predsum: 57998
GtSum: 57583
Predsum: 57998
GtSum: 57583
case 7 mean_dice 0.857373 mean_hd95 8.485281
2021-12-13 10:29:37,286 ============================================================
============================================================
2021-12-13 10:29:37,286 Subject 9 out of 10: case40
Subject 9 out of 10: case40
2021-12-13 10:29:40,036 case 8 mean_dice 0.735294 mean_hd95 20.976177
Predsum: 27940
GtSum: 25372
Predsum: 27940
GtSum: 25372
Predsum: 27940
GtSum: 25372
case 8 mean_dice 0.735294 mean_hd95 20.976177
2021-12-13 10:29:40,154 ============================================================
============================================================
2021-12-13 10:29:40,154 Subject 10 out of 10: case42
Subject 10 out of 10: case42
2021-12-13 10:29:42,879 case 9 mean_dice 0.907034 mean_hd95 2.582118
Predsum: 71304
GtSum: 80225
Predsum: 71304
GtSum: 80225
Predsum: 71304
GtSum: 80225
case 9 mean_dice 0.907034 mean_hd95 2.582118
2021-12-13 10:29:42,879 Mean class 0 mean_dice 0.795543 mean_hd95 19.378407
Mean class 0 mean_dice 0.795543 mean_hd95 19.378407
2021-12-13 10:29:42,879 Mean class 1 mean_dice 0.795543 mean_hd95 19.378407
Mean class 1 mean_dice 0.795543 mean_hd95 19.378407
2021-12-13 10:29:42,879 Mean class 2 mean_dice 0.795543 mean_hd95 19.378407
Mean class 2 mean_dice 0.795543 mean_hd95 19.378407
2021-12-13 10:29:42,879 Testing performance in best val model: mean_dice : 0.795543 mean_hd95 : 19.378407
Testing performance in best val model: mean_dice : 0.795543 mean_hd95 : 19.378407
test.py successfully executed
