2021-12-13 10:30:39,473 Namespace(volume_path='/itet-stor/arismu/bmicdatasets-originals/Originals/Challenge_Datasets/Prostate_PROMISE12/TrainingData/', test_dataset='HK', num_classes=3, max_iterations=6800, max_epochs=400, batch_size=16, img_size=256, is_savenii=True, n_skip=3, vit_name='R50-ViT-B_16', test_save_dir='../predictions', deterministic=1, base_lr=0.001, seed=1234, vit_patches_size=16, target_resolution=0.625, image_depth_tr=32, image_depth_ts=32, test_cv_fold_num=1, NORMALIZE=1, Dataset='HK', z_spacing=1, is_pretrain=True, exp='TU_RUNMC256')
Namespace(volume_path='/itet-stor/arismu/bmicdatasets-originals/Originals/Challenge_Datasets/Prostate_PROMISE12/TrainingData/', test_dataset='HK', num_classes=3, max_iterations=6800, max_epochs=400, batch_size=16, img_size=256, is_savenii=True, n_skip=3, vit_name='R50-ViT-B_16', test_save_dir='../predictions', deterministic=1, base_lr=0.001, seed=1234, vit_patches_size=16, target_resolution=0.625, image_depth_tr=32, image_depth_ts=32, test_cv_fold_num=1, NORMALIZE=1, Dataset='HK', z_spacing=1, is_pretrain=True, exp='TU_RUNMC256')
2021-12-13 10:30:39,474 TU_pretrain_R50-ViT-B_16_skip3_bs16_256
TU_pretrain_R50-ViT-B_16_skip3_bs16_256
2021-12-13 10:30:39,502 Already preprocessed this configuration. Loading now!
Already preprocessed this configuration. Loading now!
2021-12-13 10:30:50,687 ============================================================
============================================================
2021-12-13 10:30:50,688 Subject 1 out of 10: case44
Subject 1 out of 10: case44
2021-12-13 10:30:53,445 case 0 mean_dice 0.820329 mean_hd95 19.094490
Predsum: 23499
GtSum: 26164
Predsum: 23499
GtSum: 26164
Predsum: 23499
GtSum: 26164
case 0 mean_dice 0.820329 mean_hd95 19.094490
2021-12-13 10:30:53,583 ============================================================
============================================================
2021-12-13 10:30:53,583 Subject 2 out of 10: case43
Subject 2 out of 10: case43
2021-12-13 10:30:56,171 case 1 mean_dice 0.793708 mean_hd95 24.124676
Predsum: 32571
GtSum: 36026
Predsum: 32571
GtSum: 36026
Predsum: 32571
GtSum: 36026
case 1 mean_dice 0.793708 mean_hd95 24.124676
2021-12-13 10:30:56,289 ============================================================
============================================================
2021-12-13 10:30:56,290 Subject 3 out of 10: case45
Subject 3 out of 10: case45
2021-12-13 10:30:58,856 case 2 mean_dice 0.768529 mean_hd95 43.046487
Predsum: 21292
GtSum: 17067
Predsum: 21292
GtSum: 17067
Predsum: 21292
GtSum: 17067
case 2 mean_dice 0.768529 mean_hd95 43.046487
2021-12-13 10:30:58,976 ============================================================
============================================================
2021-12-13 10:30:58,976 Subject 4 out of 10: case47
Subject 4 out of 10: case47
2021-12-13 10:31:01,566 case 3 mean_dice 0.782886 mean_hd95 4.472136
Predsum: 23142
GtSum: 24234
Predsum: 23142
GtSum: 24234
Predsum: 23142
GtSum: 24234
case 3 mean_dice 0.782886 mean_hd95 4.472136
2021-12-13 10:31:01,682 ============================================================
============================================================
2021-12-13 10:31:01,683 Subject 5 out of 10: case39
Subject 5 out of 10: case39
2021-12-13 10:31:04,309 case 4 mean_dice 0.817423 mean_hd95 25.776926
Predsum: 30304
GtSum: 36917
Predsum: 30304
GtSum: 36917
Predsum: 30304
GtSum: 36917
case 4 mean_dice 0.817423 mean_hd95 25.776926
2021-12-13 10:31:04,427 ============================================================
============================================================
2021-12-13 10:31:04,427 Subject 6 out of 10: case41
Subject 6 out of 10: case41
2021-12-13 10:31:06,976 case 5 mean_dice 0.797036 mean_hd95 4.123106
Predsum: 15703
GtSum: 16682
Predsum: 15703
GtSum: 16682
Predsum: 15703
GtSum: 16682
case 5 mean_dice 0.797036 mean_hd95 4.123106
2021-12-13 10:31:07,093 ============================================================
============================================================
2021-12-13 10:31:07,093 Subject 7 out of 10: case46
Subject 7 out of 10: case46
2021-12-13 10:31:09,644 case 6 mean_dice 0.877083 mean_hd95 2.000000
Predsum: 28891
GtSum: 28766
Predsum: 28891
GtSum: 28766
Predsum: 28891
GtSum: 28766
case 6 mean_dice 0.877083 mean_hd95 2.000000
2021-12-13 10:31:09,761 ============================================================
============================================================
2021-12-13 10:31:09,761 Subject 8 out of 10: case38
Subject 8 out of 10: case38
2021-12-13 10:31:12,654 case 7 mean_dice 0.868123 mean_hd95 5.000000
Predsum: 56046
GtSum: 57583
Predsum: 56046
GtSum: 57583
Predsum: 56046
GtSum: 57583
case 7 mean_dice 0.868123 mean_hd95 5.000000
2021-12-13 10:31:12,772 ============================================================
============================================================
2021-12-13 10:31:12,772 Subject 9 out of 10: case40
Subject 9 out of 10: case40
2021-12-13 10:31:15,347 case 8 mean_dice 0.787158 mean_hd95 24.372115
Predsum: 25896
GtSum: 25372
Predsum: 25896
GtSum: 25372
Predsum: 25896
GtSum: 25372
case 8 mean_dice 0.787158 mean_hd95 24.372115
2021-12-13 10:31:15,464 ============================================================
============================================================
2021-12-13 10:31:15,464 Subject 10 out of 10: case42
Subject 10 out of 10: case42
2021-12-13 10:31:18,074 case 9 mean_dice 0.901935 mean_hd95 2.449490
Predsum: 70981
GtSum: 80225
Predsum: 70981
GtSum: 80225
Predsum: 70981
GtSum: 80225
case 9 mean_dice 0.901935 mean_hd95 2.449490
2021-12-13 10:31:18,074 Mean class 0 mean_dice 0.821421 mean_hd95 15.445943
Mean class 0 mean_dice 0.821421 mean_hd95 15.445943
2021-12-13 10:31:18,074 Mean class 1 mean_dice 0.821421 mean_hd95 15.445943
Mean class 1 mean_dice 0.821421 mean_hd95 15.445943
2021-12-13 10:31:18,074 Mean class 2 mean_dice 0.821421 mean_hd95 15.445943
Mean class 2 mean_dice 0.821421 mean_hd95 15.445943
2021-12-13 10:31:18,074 Testing performance in best val model: mean_dice : 0.821421 mean_hd95 : 15.445943
Testing performance in best val model: mean_dice : 0.821421 mean_hd95 : 15.445943
test.py successfully executed
