2021-12-13 10:25:26,144 Namespace(volume_path='/itet-stor/arismu/bmicdatasets-originals/Originals/Challenge_Datasets/Prostate_PROMISE12/TrainingData/', test_dataset='HK', num_classes=3, max_iterations=6800, max_epochs=400, batch_size=16, img_size=256, is_savenii=True, n_skip=3, vit_name='R50-ViT-B_16', test_save_dir='../predictions', deterministic=1, base_lr=0.001, seed=1234, vit_patches_size=16, target_resolution=0.625, image_depth_tr=32, image_depth_ts=32, test_cv_fold_num=1, NORMALIZE=1, Dataset='HK', z_spacing=1, is_pretrain=True, exp='TU_RUNMC256')
Namespace(volume_path='/itet-stor/arismu/bmicdatasets-originals/Originals/Challenge_Datasets/Prostate_PROMISE12/TrainingData/', test_dataset='HK', num_classes=3, max_iterations=6800, max_epochs=400, batch_size=16, img_size=256, is_savenii=True, n_skip=3, vit_name='R50-ViT-B_16', test_save_dir='../predictions', deterministic=1, base_lr=0.001, seed=1234, vit_patches_size=16, target_resolution=0.625, image_depth_tr=32, image_depth_ts=32, test_cv_fold_num=1, NORMALIZE=1, Dataset='HK', z_spacing=1, is_pretrain=True, exp='TU_RUNMC256')
2021-12-13 10:25:26,145 TU_pretrain_R50-ViT-B_16_skip3_bs16_256
TU_pretrain_R50-ViT-B_16_skip3_bs16_256
2021-12-13 10:25:26,163 Already preprocessed this configuration. Loading now!
Already preprocessed this configuration. Loading now!
2021-12-13 10:25:37,373 ============================================================
============================================================
2021-12-13 10:25:37,374 Subject 1 out of 10: case44
Subject 1 out of 10: case44
2021-12-13 10:25:40,749 case 0 mean_dice 0.616175 mean_hd95 44.721360
Predsum: 35377
GtSum: 26164
Predsum: 35377
GtSum: 26164
Predsum: 35377
GtSum: 26164
case 0 mean_dice 0.616175 mean_hd95 44.721360
2021-12-13 10:25:40,936 ============================================================
============================================================
2021-12-13 10:25:40,936 Subject 2 out of 10: case43
Subject 2 out of 10: case43
2021-12-13 10:25:44,084 case 1 mean_dice 0.664782 mean_hd95 46.771252
Predsum: 51326
GtSum: 36026
Predsum: 51326
GtSum: 36026
Predsum: 51326
GtSum: 36026
case 1 mean_dice 0.664782 mean_hd95 46.771252
2021-12-13 10:25:44,244 ============================================================
============================================================
2021-12-13 10:25:44,244 Subject 3 out of 10: case45
Subject 3 out of 10: case45
2021-12-13 10:25:47,402 case 2 mean_dice 0.424912 mean_hd95 85.609579
Predsum: 46918
GtSum: 17067
Predsum: 46918
GtSum: 17067
Predsum: 46918
GtSum: 17067
case 2 mean_dice 0.424912 mean_hd95 85.609579
2021-12-13 10:25:47,557 ============================================================
============================================================
2021-12-13 10:25:47,557 Subject 4 out of 10: case47
Subject 4 out of 10: case47
2021-12-13 10:25:50,737 case 3 mean_dice 0.593150 mean_hd95 48.000000
Predsum: 35299
GtSum: 24234
Predsum: 35299
GtSum: 24234
Predsum: 35299
GtSum: 24234
case 3 mean_dice 0.593150 mean_hd95 48.000000
2021-12-13 10:25:50,895 ============================================================
============================================================
2021-12-13 10:25:50,896 Subject 5 out of 10: case39
Subject 5 out of 10: case39
2021-12-13 10:25:54,079 case 4 mean_dice 0.556646 mean_hd95 48.421586
Predsum: 56108
GtSum: 36917
Predsum: 56108
GtSum: 36917
Predsum: 56108
GtSum: 36917
case 4 mean_dice 0.556646 mean_hd95 48.421586
2021-12-13 10:25:54,244 ============================================================
============================================================
2021-12-13 10:25:54,244 Subject 6 out of 10: case41
Subject 6 out of 10: case41
2021-12-13 10:25:57,331 case 5 mean_dice 0.546409 mean_hd95 68.665858
Predsum: 37596
GtSum: 16682
Predsum: 37596
GtSum: 16682
Predsum: 37596
GtSum: 16682
case 5 mean_dice 0.546409 mean_hd95 68.665858
2021-12-13 10:25:57,486 ============================================================
============================================================
2021-12-13 10:25:57,486 Subject 7 out of 10: case46
Subject 7 out of 10: case46
2021-12-13 10:26:00,540 case 6 mean_dice 0.839097 mean_hd95 20.094770
Predsum: 34707
GtSum: 28766
Predsum: 34707
GtSum: 28766
Predsum: 34707
GtSum: 28766
case 6 mean_dice 0.839097 mean_hd95 20.094770
2021-12-13 10:26:00,701 ============================================================
============================================================
2021-12-13 10:26:00,701 Subject 8 out of 10: case38
Subject 8 out of 10: case38
2021-12-13 10:26:04,200 case 7 mean_dice 0.759336 mean_hd95 48.259714
Predsum: 83269
GtSum: 57583
Predsum: 83269
GtSum: 57583
Predsum: 83269
GtSum: 57583
case 7 mean_dice 0.759336 mean_hd95 48.259714
2021-12-13 10:26:04,363 ============================================================
============================================================
2021-12-13 10:26:04,363 Subject 9 out of 10: case40
Subject 9 out of 10: case40
2021-12-13 10:26:07,552 case 8 mean_dice 0.689176 mean_hd95 67.186308
Predsum: 36203
GtSum: 25372
Predsum: 36203
GtSum: 25372
Predsum: 36203
GtSum: 25372
case 8 mean_dice 0.689176 mean_hd95 67.186308
2021-12-13 10:26:07,709 ============================================================
============================================================
2021-12-13 10:26:07,709 Subject 10 out of 10: case42
Subject 10 out of 10: case42
2021-12-13 10:26:10,903 case 9 mean_dice 0.886199 mean_hd95 39.652236
Predsum: 80028
GtSum: 80225
Predsum: 80028
GtSum: 80225
Predsum: 80028
GtSum: 80225
case 9 mean_dice 0.886199 mean_hd95 39.652236
2021-12-13 10:26:10,903 Mean class 0 mean_dice 0.657588 mean_hd95 51.738266
Mean class 0 mean_dice 0.657588 mean_hd95 51.738266
2021-12-13 10:26:10,903 Mean class 1 mean_dice 0.657588 mean_hd95 51.738266
Mean class 1 mean_dice 0.657588 mean_hd95 51.738266
2021-12-13 10:26:10,903 Mean class 2 mean_dice 0.657588 mean_hd95 51.738266
Mean class 2 mean_dice 0.657588 mean_hd95 51.738266
2021-12-13 10:26:10,904 Testing performance in best val model: mean_dice : 0.657588 mean_hd95 : 51.738266
Testing performance in best val model: mean_dice : 0.657588 mean_hd95 : 51.738266
test.py successfully executed
