2021-12-12 15:17:52,309 Namespace(volume_path='/itet-stor/arismu/bmicdatasets-originals/Originals/Challenge_Datasets/Prostate_PROMISE12/TrainingData/', test_dataset='HK', num_classes=3, max_iterations=6800, max_epochs=400, batch_size=16, img_size=256, is_savenii=True, n_skip=3, vit_name='R50-ViT-B_16', test_save_dir='../predictions', deterministic=1, base_lr=0.001, seed=1234, vit_patches_size=16, target_resolution=0.625, image_depth_tr=32, image_depth_ts=32, test_cv_fold_num=1, NORMALIZE=1, Dataset='HK', z_spacing=1, is_pretrain=True, exp='TU_RUNMC256')
Namespace(volume_path='/itet-stor/arismu/bmicdatasets-originals/Originals/Challenge_Datasets/Prostate_PROMISE12/TrainingData/', test_dataset='HK', num_classes=3, max_iterations=6800, max_epochs=400, batch_size=16, img_size=256, is_savenii=True, n_skip=3, vit_name='R50-ViT-B_16', test_save_dir='../predictions', deterministic=1, base_lr=0.001, seed=1234, vit_patches_size=16, target_resolution=0.625, image_depth_tr=32, image_depth_ts=32, test_cv_fold_num=1, NORMALIZE=1, Dataset='HK', z_spacing=1, is_pretrain=True, exp='TU_RUNMC256')
2021-12-12 15:17:52,309 TU_pretrain_R50-ViT-B_16_skip3_bs16_256
TU_pretrain_R50-ViT-B_16_skip3_bs16_256
2021-12-12 15:17:52,323 Already preprocessed this configuration. Loading now!
Already preprocessed this configuration. Loading now!
2021-12-12 15:18:03,518 ============================================================
============================================================
2021-12-12 15:18:03,539 Subject 1 out of 10: case44
Subject 1 out of 10: case44
2021-12-12 15:18:06,234 case 0 mean_dice 0.775684 mean_hd95 3.605551
Predsum: 18514
GtSum: 26164
Predsum: 18514
GtSum: 26164
Predsum: 18514
GtSum: 26164
case 0 mean_dice 0.775684 mean_hd95 3.605551
2021-12-12 15:18:06,386 ============================================================
============================================================
2021-12-12 15:18:06,386 Subject 2 out of 10: case43
Subject 2 out of 10: case43
2021-12-12 15:18:08,895 case 1 mean_dice 0.827807 mean_hd95 3.741657
Predsum: 30289
GtSum: 36026
Predsum: 30289
GtSum: 36026
Predsum: 30289
GtSum: 36026
case 1 mean_dice 0.827807 mean_hd95 3.741657
2021-12-12 15:18:09,023 ============================================================
============================================================
2021-12-12 15:18:09,023 Subject 3 out of 10: case45
Subject 3 out of 10: case45
2021-12-12 15:18:11,579 case 2 mean_dice 0.768653 mean_hd95 3.000000
Predsum: 14630
GtSum: 17067
Predsum: 14630
GtSum: 17067
Predsum: 14630
GtSum: 17067
case 2 mean_dice 0.768653 mean_hd95 3.000000
2021-12-12 15:18:11,717 ============================================================
============================================================
2021-12-12 15:18:11,718 Subject 4 out of 10: case47
Subject 4 out of 10: case47
2021-12-12 15:18:14,313 case 3 mean_dice 0.806233 mean_hd95 37.121422
Predsum: 27813
GtSum: 24234
Predsum: 27813
GtSum: 24234
Predsum: 27813
GtSum: 24234
case 3 mean_dice 0.806233 mean_hd95 37.121422
2021-12-12 15:18:14,440 ============================================================
============================================================
2021-12-12 15:18:14,440 Subject 5 out of 10: case39
Subject 5 out of 10: case39
2021-12-12 15:18:17,031 case 4 mean_dice 0.855716 mean_hd95 4.000000
Predsum: 31164
GtSum: 36917
Predsum: 31164
GtSum: 36917
Predsum: 31164
GtSum: 36917
case 4 mean_dice 0.855716 mean_hd95 4.000000
2021-12-12 15:18:17,158 ============================================================
============================================================
2021-12-12 15:18:17,158 Subject 6 out of 10: case41
Subject 6 out of 10: case41
2021-12-12 15:18:19,683 case 5 mean_dice 0.777952 mean_hd95 44.283180
Predsum: 13870
GtSum: 16682
Predsum: 13870
GtSum: 16682
Predsum: 13870
GtSum: 16682
case 5 mean_dice 0.777952 mean_hd95 44.283180
2021-12-12 15:18:19,809 ============================================================
============================================================
2021-12-12 15:18:19,809 Subject 7 out of 10: case46
Subject 7 out of 10: case46
2021-12-12 15:18:22,336 case 6 mean_dice 0.895329 mean_hd95 2.000000
Predsum: 27372
GtSum: 28766
Predsum: 27372
GtSum: 28766
Predsum: 27372
GtSum: 28766
case 6 mean_dice 0.895329 mean_hd95 2.000000
2021-12-12 15:18:22,462 ============================================================
============================================================
2021-12-12 15:18:22,462 Subject 8 out of 10: case38
Subject 8 out of 10: case38
2021-12-12 15:18:25,279 case 7 mean_dice 0.932122 mean_hd95 2.000000
Predsum: 57683
GtSum: 57583
Predsum: 57683
GtSum: 57583
Predsum: 57683
GtSum: 57583
case 7 mean_dice 0.932122 mean_hd95 2.000000
2021-12-12 15:18:25,404 ============================================================
============================================================
2021-12-12 15:18:25,405 Subject 9 out of 10: case40
Subject 9 out of 10: case40
2021-12-12 15:18:27,947 case 8 mean_dice 0.864118 mean_hd95 4.000000
Predsum: 23619
GtSum: 25372
Predsum: 23619
GtSum: 25372
Predsum: 23619
GtSum: 25372
case 8 mean_dice 0.864118 mean_hd95 4.000000
2021-12-12 15:18:28,076 ============================================================
============================================================
2021-12-12 15:18:28,076 Subject 10 out of 10: case42
Subject 10 out of 10: case42
2021-12-12 15:18:30,657 case 9 mean_dice 0.907053 mean_hd95 3.000000
Predsum: 71819
GtSum: 80225
Predsum: 71819
GtSum: 80225
Predsum: 71819
GtSum: 80225
case 9 mean_dice 0.907053 mean_hd95 3.000000
2021-12-12 15:18:30,657 Mean class 0 mean_dice 0.841067 mean_hd95 10.675181
Mean class 0 mean_dice 0.841067 mean_hd95 10.675181
2021-12-12 15:18:30,657 Mean class 1 mean_dice 0.841067 mean_hd95 10.675181
Mean class 1 mean_dice 0.841067 mean_hd95 10.675181
2021-12-12 15:18:30,657 Mean class 2 mean_dice 0.841067 mean_hd95 10.675181
Mean class 2 mean_dice 0.841067 mean_hd95 10.675181
2021-12-12 15:18:30,657 Testing performance in best val model: mean_dice : 0.841067 mean_hd95 : 10.675181
Testing performance in best val model: mean_dice : 0.841067 mean_hd95 : 10.675181
test.py successfully executed
