2021-12-12 15:16:25,894 Namespace(volume_path='/itet-stor/arismu/bmicdatasets-originals/Originals/Challenge_Datasets/Prostate_PROMISE12/TrainingData/', test_dataset='HK', num_classes=3, max_iterations=6800, max_epochs=400, batch_size=16, img_size=256, is_savenii=True, n_skip=3, vit_name='R50-ViT-B_16', test_save_dir='../predictions', deterministic=1, base_lr=0.001, seed=1234, vit_patches_size=16, target_resolution=0.625, image_depth_tr=32, image_depth_ts=32, test_cv_fold_num=1, NORMALIZE=1, Dataset='HK', z_spacing=1, is_pretrain=True, exp='TU_RUNMC256')
Namespace(volume_path='/itet-stor/arismu/bmicdatasets-originals/Originals/Challenge_Datasets/Prostate_PROMISE12/TrainingData/', test_dataset='HK', num_classes=3, max_iterations=6800, max_epochs=400, batch_size=16, img_size=256, is_savenii=True, n_skip=3, vit_name='R50-ViT-B_16', test_save_dir='../predictions', deterministic=1, base_lr=0.001, seed=1234, vit_patches_size=16, target_resolution=0.625, image_depth_tr=32, image_depth_ts=32, test_cv_fold_num=1, NORMALIZE=1, Dataset='HK', z_spacing=1, is_pretrain=True, exp='TU_RUNMC256')
2021-12-12 15:16:25,895 TU_pretrain_R50-ViT-B_16_skip3_bs16_256
TU_pretrain_R50-ViT-B_16_skip3_bs16_256
2021-12-12 15:16:25,914 Already preprocessed this configuration. Loading now!
Already preprocessed this configuration. Loading now!
2021-12-12 15:16:38,764 ============================================================
============================================================
2021-12-12 15:16:38,787 Subject 1 out of 10: case44
Subject 1 out of 10: case44
2021-12-12 15:16:41,450 case 0 mean_dice 0.656330 mean_hd95 5.099020
Predsum: 14081
GtSum: 26164
Predsum: 14081
GtSum: 26164
Predsum: 14081
GtSum: 26164
case 0 mean_dice 0.656330 mean_hd95 5.099020
2021-12-12 15:16:41,597 ============================================================
============================================================
2021-12-12 15:16:41,597 Subject 2 out of 10: case43
Subject 2 out of 10: case43
2021-12-12 15:16:44,127 case 1 mean_dice 0.647419 mean_hd95 11.575837
Predsum: 25628
GtSum: 36026
Predsum: 25628
GtSum: 36026
Predsum: 25628
GtSum: 36026
case 1 mean_dice 0.647419 mean_hd95 11.575837
2021-12-12 15:16:44,253 ============================================================
============================================================
2021-12-12 15:16:44,253 Subject 3 out of 10: case45
Subject 3 out of 10: case45
2021-12-12 15:16:46,745 case 2 mean_dice 0.713054 mean_hd95 4.123106
Predsum: 14249
GtSum: 17067
Predsum: 14249
GtSum: 17067
Predsum: 14249
GtSum: 17067
case 2 mean_dice 0.713054 mean_hd95 4.123106
2021-12-12 15:16:46,871 ============================================================
============================================================
2021-12-12 15:16:46,871 Subject 4 out of 10: case47
Subject 4 out of 10: case47
2021-12-12 15:16:49,421 case 3 mean_dice 0.850432 mean_hd95 2.828427
Predsum: 21237
GtSum: 24234
Predsum: 21237
GtSum: 24234
Predsum: 21237
GtSum: 24234
case 3 mean_dice 0.850432 mean_hd95 2.828427
2021-12-12 15:16:49,554 ============================================================
============================================================
2021-12-12 15:16:49,554 Subject 5 out of 10: case39
Subject 5 out of 10: case39
2021-12-12 15:16:52,139 case 4 mean_dice 0.765578 mean_hd95 15.099669
Predsum: 32317
GtSum: 36917
Predsum: 32317
GtSum: 36917
Predsum: 32317
GtSum: 36917
case 4 mean_dice 0.765578 mean_hd95 15.099669
2021-12-12 15:16:52,272 ============================================================
============================================================
2021-12-12 15:16:52,272 Subject 6 out of 10: case41
Subject 6 out of 10: case41
2021-12-12 15:16:54,799 case 5 mean_dice 0.716748 mean_hd95 12.688578
Predsum: 11925
GtSum: 16682
Predsum: 11925
GtSum: 16682
Predsum: 11925
GtSum: 16682
case 5 mean_dice 0.716748 mean_hd95 12.688578
2021-12-12 15:16:54,928 ============================================================
============================================================
2021-12-12 15:16:54,928 Subject 7 out of 10: case46
Subject 7 out of 10: case46
2021-12-12 15:16:57,442 case 6 mean_dice 0.814449 mean_hd95 4.123106
Predsum: 23058
GtSum: 28766
Predsum: 23058
GtSum: 28766
Predsum: 23058
GtSum: 28766
case 6 mean_dice 0.814449 mean_hd95 4.123106
2021-12-12 15:16:57,562 ============================================================
============================================================
2021-12-12 15:16:57,562 Subject 8 out of 10: case38
Subject 8 out of 10: case38
2021-12-12 15:17:00,319 case 7 mean_dice 0.859619 mean_hd95 16.763055
Predsum: 54092
GtSum: 57583
Predsum: 54092
GtSum: 57583
Predsum: 54092
GtSum: 57583
case 7 mean_dice 0.859619 mean_hd95 16.763055
2021-12-12 15:17:00,447 ============================================================
============================================================
2021-12-12 15:17:00,447 Subject 9 out of 10: case40
Subject 9 out of 10: case40
2021-12-12 15:17:03,062 case 8 mean_dice 0.637515 mean_hd95 5.000000
Predsum: 17507
GtSum: 25372
Predsum: 17507
GtSum: 25372
Predsum: 17507
GtSum: 25372
case 8 mean_dice 0.637515 mean_hd95 5.000000
2021-12-12 15:17:03,191 ============================================================
============================================================
2021-12-12 15:17:03,191 Subject 10 out of 10: case42
Subject 10 out of 10: case42
2021-12-12 15:17:05,805 case 9 mean_dice 0.880981 mean_hd95 3.162278
Predsum: 71726
GtSum: 80225
Predsum: 71726
GtSum: 80225
Predsum: 71726
GtSum: 80225
case 9 mean_dice 0.880981 mean_hd95 3.162278
2021-12-12 15:17:05,805 Mean class 0 mean_dice 0.754213 mean_hd95 8.046307
Mean class 0 mean_dice 0.754213 mean_hd95 8.046307
2021-12-12 15:17:05,805 Mean class 1 mean_dice 0.754213 mean_hd95 8.046307
Mean class 1 mean_dice 0.754213 mean_hd95 8.046307
2021-12-12 15:17:05,805 Mean class 2 mean_dice 0.754213 mean_hd95 8.046307
Mean class 2 mean_dice 0.754213 mean_hd95 8.046307
2021-12-12 15:17:05,805 Testing performance in best val model: mean_dice : 0.754213 mean_hd95 : 8.046307
Testing performance in best val model: mean_dice : 0.754213 mean_hd95 : 8.046307
test.py successfully executed
