2021-12-13 09:57:10,384 Namespace(volume_path='/itet-stor/arismu/bmicdatasets-originals/Originals/Challenge_Datasets/NCI_Prostate/', test_dataset='RUNMC', num_classes=3, max_iterations=6800, max_epochs=400, batch_size=16, img_size=256, is_savenii=True, n_skip=3, vit_name='R50-ViT-B_16', test_save_dir='../predictions', deterministic=1, base_lr=0.001, seed=1234, vit_patches_size=16, target_resolution=0.625, image_depth_tr=32, image_depth_ts=32, test_cv_fold_num=1, NORMALIZE=1, Dataset='RUNMC', z_spacing=1, is_pretrain=True, exp='TU_RUNMC256')
Namespace(volume_path='/itet-stor/arismu/bmicdatasets-originals/Originals/Challenge_Datasets/NCI_Prostate/', test_dataset='RUNMC', num_classes=3, max_iterations=6800, max_epochs=400, batch_size=16, img_size=256, is_savenii=True, n_skip=3, vit_name='R50-ViT-B_16', test_save_dir='../predictions', deterministic=1, base_lr=0.001, seed=1234, vit_patches_size=16, target_resolution=0.625, image_depth_tr=32, image_depth_ts=32, test_cv_fold_num=1, NORMALIZE=1, Dataset='RUNMC', z_spacing=1, is_pretrain=True, exp='TU_RUNMC256')
2021-12-13 09:57:10,385 TU_pretrain_R50-ViT-B_16_skip3_bs16_256
TU_pretrain_R50-ViT-B_16_skip3_bs16_256
2021-12-13 09:57:10,409 Reading RUNMC images...
Reading RUNMC images...
2021-12-13 09:57:10,409 Data root directory: /itet-stor/arismu/bmicdatasets-originals/Originals/Challenge_Datasets/NCI_Prostate/
Data root directory: /itet-stor/arismu/bmicdatasets-originals/Originals/Challenge_Datasets/NCI_Prostate/
2021-12-13 09:57:10,411 Already preprocessed this configuration. Loading now!
Already preprocessed this configuration. Loading now!
2021-12-13 09:57:11,246 ============================================================
============================================================
2021-12-13 09:57:11,246 Subject 1 out of 10: Prostate3T-01-0030
Subject 1 out of 10: Prostate3T-01-0030
2021-12-13 09:57:14,119 case 0 mean_dice 0.879178 mean_hd95 1.414214
Predsum: 25347
GtSum: 27516
Predsum: 25347
GtSum: 27516
Predsum: 25347
GtSum: 27516
case 0 mean_dice 0.879178 mean_hd95 1.414214
2021-12-13 09:57:14,134 ============================================================
============================================================
2021-12-13 09:57:14,134 Subject 2 out of 10: Prostate3T-01-0024
Subject 2 out of 10: Prostate3T-01-0024
2021-12-13 09:57:16,903 case 1 mean_dice 0.922595 mean_hd95 3.316625
Predsum: 83573
GtSum: 75667
Predsum: 83573
GtSum: 75667
Predsum: 83573
GtSum: 75667
case 1 mean_dice 0.922595 mean_hd95 3.316625
2021-12-13 09:57:16,918 ============================================================
============================================================
2021-12-13 09:57:16,918 Subject 3 out of 10: Prostate3T-01-0022
Subject 3 out of 10: Prostate3T-01-0022
2021-12-13 09:57:19,613 case 2 mean_dice 0.897660 mean_hd95 2.236068
Predsum: 40731
GtSum: 36140
Predsum: 40731
GtSum: 36140
Predsum: 40731
GtSum: 36140
case 2 mean_dice 0.897660 mean_hd95 2.236068
2021-12-13 09:57:19,627 ============================================================
============================================================
2021-12-13 09:57:19,627 Subject 4 out of 10: Prostate3T-01-0029
Subject 4 out of 10: Prostate3T-01-0029
2021-12-13 09:57:22,398 case 3 mean_dice 0.887484 mean_hd95 2.000000
Predsum: 54291
GtSum: 46770
Predsum: 54291
GtSum: 46770
Predsum: 54291
GtSum: 46770
case 3 mean_dice 0.887484 mean_hd95 2.000000
2021-12-13 09:57:22,411 ============================================================
============================================================
2021-12-13 09:57:22,412 Subject 5 out of 10: Prostate3T-01-0025
Subject 5 out of 10: Prostate3T-01-0025
2021-12-13 09:57:24,807 case 4 mean_dice 0.916988 mean_hd95 2.000000
Predsum: 50358
GtSum: 46712
Predsum: 50358
GtSum: 46712
Predsum: 50358
GtSum: 46712
case 4 mean_dice 0.916988 mean_hd95 2.000000
2021-12-13 09:57:24,821 ============================================================
============================================================
2021-12-13 09:57:24,821 Subject 6 out of 10: Prostate3T-01-0026
Subject 6 out of 10: Prostate3T-01-0026
2021-12-13 09:57:27,575 case 5 mean_dice 0.881695 mean_hd95 4.000000
Predsum: 78607
GtSum: 66670
Predsum: 78607
GtSum: 66670
Predsum: 78607
GtSum: 66670
case 5 mean_dice 0.881695 mean_hd95 4.000000
2021-12-13 09:57:27,592 ============================================================
============================================================
2021-12-13 09:57:27,592 Subject 7 out of 10: Prostate3T-01-0023
Subject 7 out of 10: Prostate3T-01-0023
2021-12-13 09:57:30,143 case 6 mean_dice 0.925298 mean_hd95 2.000000
Predsum: 50809
GtSum: 52066
Predsum: 50809
GtSum: 52066
Predsum: 50809
GtSum: 52066
case 6 mean_dice 0.925298 mean_hd95 2.000000
2021-12-13 09:57:30,157 ============================================================
============================================================
2021-12-13 09:57:30,157 Subject 8 out of 10: Prostate3T-01-0028
Subject 8 out of 10: Prostate3T-01-0028
2021-12-13 09:57:32,019 case 7 mean_dice 0.924842 mean_hd95 1.414214
Predsum: 63268
GtSum: 62520
Predsum: 63268
GtSum: 62520
Predsum: 63268
GtSum: 62520
case 7 mean_dice 0.924842 mean_hd95 1.414214
2021-12-13 09:57:32,033 ============================================================
============================================================
2021-12-13 09:57:32,033 Subject 9 out of 10: Prostate3T-01-0021
Subject 9 out of 10: Prostate3T-01-0021
2021-12-13 09:57:34,653 case 8 mean_dice 0.920046 mean_hd95 2.000000
Predsum: 70726
GtSum: 66978
Predsum: 70726
GtSum: 66978
Predsum: 70726
GtSum: 66978
case 8 mean_dice 0.920046 mean_hd95 2.000000
2021-12-13 09:57:34,667 ============================================================
============================================================
2021-12-13 09:57:34,667 Subject 10 out of 10: Prostate3T-01-0027
Subject 10 out of 10: Prostate3T-01-0027
2021-12-13 09:57:37,313 case 9 mean_dice 0.914563 mean_hd95 2.000000
Predsum: 54823
GtSum: 53596
Predsum: 54823
GtSum: 53596
Predsum: 54823
GtSum: 53596
case 9 mean_dice 0.914563 mean_hd95 2.000000
2021-12-13 09:57:37,314 Mean class 0 mean_dice 0.907035 mean_hd95 2.238112
Mean class 0 mean_dice 0.907035 mean_hd95 2.238112
2021-12-13 09:57:37,314 Mean class 1 mean_dice 0.907035 mean_hd95 2.238112
Mean class 1 mean_dice 0.907035 mean_hd95 2.238112
2021-12-13 09:57:37,314 Mean class 2 mean_dice 0.907035 mean_hd95 2.238112
Mean class 2 mean_dice 0.907035 mean_hd95 2.238112
2021-12-13 09:57:37,314 Testing performance in best val model: mean_dice : 0.907035 mean_hd95 : 2.238112
Testing performance in best val model: mean_dice : 0.907035 mean_hd95 : 2.238112
test.py successfully executed
