2021-12-13 09:40:15,060 Namespace(volume_path='/itet-stor/arismu/bmicdatasets-originals/Originals/Challenge_Datasets/NCI_Prostate/', test_dataset='RUNMC', num_classes=3, max_iterations=6800, max_epochs=400, batch_size=16, img_size=256, is_savenii=True, n_skip=3, vit_name='R50-ViT-B_16', test_save_dir='../predictions', deterministic=1, base_lr=0.001, seed=1234, vit_patches_size=16, target_resolution=0.625, image_depth_tr=32, image_depth_ts=32, test_cv_fold_num=1, NORMALIZE=1, Dataset='RUNMC', z_spacing=1, is_pretrain=True, exp='TU_RUNMC256')
Namespace(volume_path='/itet-stor/arismu/bmicdatasets-originals/Originals/Challenge_Datasets/NCI_Prostate/', test_dataset='RUNMC', num_classes=3, max_iterations=6800, max_epochs=400, batch_size=16, img_size=256, is_savenii=True, n_skip=3, vit_name='R50-ViT-B_16', test_save_dir='../predictions', deterministic=1, base_lr=0.001, seed=1234, vit_patches_size=16, target_resolution=0.625, image_depth_tr=32, image_depth_ts=32, test_cv_fold_num=1, NORMALIZE=1, Dataset='RUNMC', z_spacing=1, is_pretrain=True, exp='TU_RUNMC256')
2021-12-13 09:40:15,061 TU_pretrain_R50-ViT-B_16_skip3_bs16_256
TU_pretrain_R50-ViT-B_16_skip3_bs16_256
2021-12-13 09:40:15,085 Reading RUNMC images...
Reading RUNMC images...
2021-12-13 09:40:15,085 Data root directory: /itet-stor/arismu/bmicdatasets-originals/Originals/Challenge_Datasets/NCI_Prostate/
Data root directory: /itet-stor/arismu/bmicdatasets-originals/Originals/Challenge_Datasets/NCI_Prostate/
2021-12-13 09:40:15,098 Already preprocessed this configuration. Loading now!
Already preprocessed this configuration. Loading now!
2021-12-13 09:40:16,008 ============================================================
============================================================
2021-12-13 09:40:16,008 Subject 1 out of 10: Prostate3T-01-0030
Subject 1 out of 10: Prostate3T-01-0030
2021-12-13 09:40:19,245 case 0 mean_dice 0.903279 mean_hd95 1.414214
Predsum: 25854
GtSum: 27516
Predsum: 25854
GtSum: 27516
Predsum: 25854
GtSum: 27516
case 0 mean_dice 0.903279 mean_hd95 1.414214
2021-12-13 09:40:19,261 ============================================================
============================================================
2021-12-13 09:40:19,262 Subject 2 out of 10: Prostate3T-01-0024
Subject 2 out of 10: Prostate3T-01-0024
2021-12-13 09:40:21,963 case 1 mean_dice 0.938907 mean_hd95 2.828427
Predsum: 78606
GtSum: 75667
Predsum: 78606
GtSum: 75667
Predsum: 78606
GtSum: 75667
case 1 mean_dice 0.938907 mean_hd95 2.828427
2021-12-13 09:40:21,977 ============================================================
============================================================
2021-12-13 09:40:21,977 Subject 3 out of 10: Prostate3T-01-0022
Subject 3 out of 10: Prostate3T-01-0022
2021-12-13 09:40:24,681 case 2 mean_dice 0.891453 mean_hd95 6.403124
Predsum: 41780
GtSum: 36140
Predsum: 41780
GtSum: 36140
Predsum: 41780
GtSum: 36140
case 2 mean_dice 0.891453 mean_hd95 6.403124
2021-12-13 09:40:24,694 ============================================================
============================================================
2021-12-13 09:40:24,694 Subject 4 out of 10: Prostate3T-01-0029
Subject 4 out of 10: Prostate3T-01-0029
2021-12-13 09:40:27,349 case 3 mean_dice 0.894942 mean_hd95 2.000000
Predsum: 52242
GtSum: 46770
Predsum: 52242
GtSum: 46770
Predsum: 52242
GtSum: 46770
case 3 mean_dice 0.894942 mean_hd95 2.000000
2021-12-13 09:40:27,364 ============================================================
============================================================
2021-12-13 09:40:27,364 Subject 5 out of 10: Prostate3T-01-0025
Subject 5 out of 10: Prostate3T-01-0025
2021-12-13 09:40:29,758 case 4 mean_dice 0.925134 mean_hd95 2.000000
Predsum: 48111
GtSum: 46712
Predsum: 48111
GtSum: 46712
Predsum: 48111
GtSum: 46712
case 4 mean_dice 0.925134 mean_hd95 2.000000
2021-12-13 09:40:29,771 ============================================================
============================================================
2021-12-13 09:40:29,772 Subject 6 out of 10: Prostate3T-01-0026
Subject 6 out of 10: Prostate3T-01-0026
2021-12-13 09:40:32,585 case 5 mean_dice 0.898702 mean_hd95 3.000000
Predsum: 73214
GtSum: 66670
Predsum: 73214
GtSum: 66670
Predsum: 73214
GtSum: 66670
case 5 mean_dice 0.898702 mean_hd95 3.000000
2021-12-13 09:40:32,600 ============================================================
============================================================
2021-12-13 09:40:32,600 Subject 7 out of 10: Prostate3T-01-0023
Subject 7 out of 10: Prostate3T-01-0023
2021-12-13 09:40:35,278 case 6 mean_dice 0.941995 mean_hd95 1.414214
Predsum: 50805
GtSum: 52066
Predsum: 50805
GtSum: 52066
Predsum: 50805
GtSum: 52066
case 6 mean_dice 0.941995 mean_hd95 1.414214
2021-12-13 09:40:35,291 ============================================================
============================================================
2021-12-13 09:40:35,291 Subject 8 out of 10: Prostate3T-01-0028
Subject 8 out of 10: Prostate3T-01-0028
2021-12-13 09:40:37,154 case 7 mean_dice 0.934360 mean_hd95 1.414214
Predsum: 62359
GtSum: 62520
Predsum: 62359
GtSum: 62520
Predsum: 62359
GtSum: 62520
case 7 mean_dice 0.934360 mean_hd95 1.414214
2021-12-13 09:40:37,166 ============================================================
============================================================
2021-12-13 09:40:37,167 Subject 9 out of 10: Prostate3T-01-0021
Subject 9 out of 10: Prostate3T-01-0021
2021-12-13 09:40:39,780 case 8 mean_dice 0.950431 mean_hd95 1.414214
Predsum: 69983
GtSum: 66978
Predsum: 69983
GtSum: 66978
Predsum: 69983
GtSum: 66978
case 8 mean_dice 0.950431 mean_hd95 1.414214
2021-12-13 09:40:39,795 ============================================================
============================================================
2021-12-13 09:40:39,795 Subject 10 out of 10: Prostate3T-01-0027
Subject 10 out of 10: Prostate3T-01-0027
2021-12-13 09:40:42,423 case 9 mean_dice 0.933308 mean_hd95 1.732051
Predsum: 52399
GtSum: 53596
Predsum: 52399
GtSum: 53596
Predsum: 52399
GtSum: 53596
case 9 mean_dice 0.933308 mean_hd95 1.732051
2021-12-13 09:40:42,423 Mean class 0 mean_dice 0.921251 mean_hd95 2.362046
Mean class 0 mean_dice 0.921251 mean_hd95 2.362046
2021-12-13 09:40:42,423 Mean class 1 mean_dice 0.921251 mean_hd95 2.362046
Mean class 1 mean_dice 0.921251 mean_hd95 2.362046
2021-12-13 09:40:42,423 Mean class 2 mean_dice 0.921251 mean_hd95 2.362046
Mean class 2 mean_dice 0.921251 mean_hd95 2.362046
2021-12-13 09:40:42,423 Testing performance in best val model: mean_dice : 0.921251 mean_hd95 : 2.362046
Testing performance in best val model: mean_dice : 0.921251 mean_hd95 : 2.362046
test.py successfully executed
