2021-12-12 15:00:19,890 Namespace(volume_path='/itet-stor/arismu/bmicdatasets-originals/Originals/Challenge_Datasets/NCI_Prostate/', test_dataset='RUNMC', num_classes=3, max_iterations=6800, max_epochs=400, batch_size=16, img_size=256, is_savenii=True, n_skip=3, vit_name='R50-ViT-B_16', test_save_dir='../predictions', deterministic=1, base_lr=0.001, seed=1234, vit_patches_size=16, target_resolution=0.625, image_depth_tr=32, image_depth_ts=32, test_cv_fold_num=1, NORMALIZE=1, Dataset='RUNMC', z_spacing=1, is_pretrain=True, exp='TU_RUNMC256')
Namespace(volume_path='/itet-stor/arismu/bmicdatasets-originals/Originals/Challenge_Datasets/NCI_Prostate/', test_dataset='RUNMC', num_classes=3, max_iterations=6800, max_epochs=400, batch_size=16, img_size=256, is_savenii=True, n_skip=3, vit_name='R50-ViT-B_16', test_save_dir='../predictions', deterministic=1, base_lr=0.001, seed=1234, vit_patches_size=16, target_resolution=0.625, image_depth_tr=32, image_depth_ts=32, test_cv_fold_num=1, NORMALIZE=1, Dataset='RUNMC', z_spacing=1, is_pretrain=True, exp='TU_RUNMC256')
2021-12-12 15:00:19,891 TU_pretrain_R50-ViT-B_16_skip3_bs16_256
TU_pretrain_R50-ViT-B_16_skip3_bs16_256
2021-12-12 15:00:19,907 Reading RUNMC images...
Reading RUNMC images...
2021-12-12 15:00:19,907 Data root directory: /itet-stor/arismu/bmicdatasets-originals/Originals/Challenge_Datasets/NCI_Prostate/
Data root directory: /itet-stor/arismu/bmicdatasets-originals/Originals/Challenge_Datasets/NCI_Prostate/
2021-12-12 15:00:19,909 Already preprocessed this configuration. Loading now!
Already preprocessed this configuration. Loading now!
2021-12-12 15:00:20,750 ============================================================
============================================================
2021-12-12 15:00:20,750 Subject 1 out of 10: Prostate3T-01-0030
Subject 1 out of 10: Prostate3T-01-0030
2021-12-12 15:00:23,026 case 0 mean_dice 0.888838 mean_hd95 1.414214
Predsum: 28834
GtSum: 27516
Predsum: 28834
GtSum: 27516
Predsum: 28834
GtSum: 27516
case 0 mean_dice 0.888838 mean_hd95 1.414214
2021-12-12 15:00:23,041 ============================================================
============================================================
2021-12-12 15:00:23,041 Subject 2 out of 10: Prostate3T-01-0024
Subject 2 out of 10: Prostate3T-01-0024
2021-12-12 15:00:25,177 case 1 mean_dice 0.928647 mean_hd95 2.236068
Predsum: 81187
GtSum: 75667
Predsum: 81187
GtSum: 75667
Predsum: 81187
GtSum: 75667
case 1 mean_dice 0.928647 mean_hd95 2.236068
2021-12-12 15:00:25,192 ============================================================
============================================================
2021-12-12 15:00:25,192 Subject 3 out of 10: Prostate3T-01-0022
Subject 3 out of 10: Prostate3T-01-0022
2021-12-12 15:00:27,295 case 2 mean_dice 0.830789 mean_hd95 7.615773
Predsum: 47850
GtSum: 36140
Predsum: 47850
GtSum: 36140
Predsum: 47850
GtSum: 36140
case 2 mean_dice 0.830789 mean_hd95 7.615773
2021-12-12 15:00:27,309 ============================================================
============================================================
2021-12-12 15:00:27,309 Subject 4 out of 10: Prostate3T-01-0029
Subject 4 out of 10: Prostate3T-01-0029
2021-12-12 15:00:29,437 case 3 mean_dice 0.831604 mean_hd95 3.605551
Predsum: 62431
GtSum: 46770
Predsum: 62431
GtSum: 46770
Predsum: 62431
GtSum: 46770
case 3 mean_dice 0.831604 mean_hd95 3.605551
2021-12-12 15:00:29,451 ============================================================
============================================================
2021-12-12 15:00:29,452 Subject 5 out of 10: Prostate3T-01-0025
Subject 5 out of 10: Prostate3T-01-0025
2021-12-12 15:00:31,431 case 4 mean_dice 0.886881 mean_hd95 2.236068
Predsum: 55561
GtSum: 46712
Predsum: 55561
GtSum: 46712
Predsum: 55561
GtSum: 46712
case 4 mean_dice 0.886881 mean_hd95 2.236068
2021-12-12 15:00:31,447 ============================================================
============================================================
2021-12-12 15:00:31,447 Subject 6 out of 10: Prostate3T-01-0026
Subject 6 out of 10: Prostate3T-01-0026
2021-12-12 15:00:33,666 case 5 mean_dice 0.878796 mean_hd95 5.000000
Predsum: 79307
GtSum: 66670
Predsum: 79307
GtSum: 66670
Predsum: 79307
GtSum: 66670
case 5 mean_dice 0.878796 mean_hd95 5.000000
2021-12-12 15:00:33,684 ============================================================
============================================================
2021-12-12 15:00:33,684 Subject 7 out of 10: Prostate3T-01-0023
Subject 7 out of 10: Prostate3T-01-0023
2021-12-12 15:00:35,858 case 6 mean_dice 0.889333 mean_hd95 4.582576
Predsum: 61464
GtSum: 52066
Predsum: 61464
GtSum: 52066
Predsum: 61464
GtSum: 52066
case 6 mean_dice 0.889333 mean_hd95 4.582576
2021-12-12 15:00:35,873 ============================================================
============================================================
2021-12-12 15:00:35,874 Subject 8 out of 10: Prostate3T-01-0028
Subject 8 out of 10: Prostate3T-01-0028
2021-12-12 15:00:37,584 case 7 mean_dice 0.890871 mean_hd95 4.000000
Predsum: 71019
GtSum: 62520
Predsum: 71019
GtSum: 62520
Predsum: 71019
GtSum: 62520
case 7 mean_dice 0.890871 mean_hd95 4.000000
2021-12-12 15:00:37,600 ============================================================
============================================================
2021-12-12 15:00:37,600 Subject 9 out of 10: Prostate3T-01-0021
Subject 9 out of 10: Prostate3T-01-0021
2021-12-12 15:00:39,677 case 8 mean_dice 0.917955 mean_hd95 2.000000
Predsum: 74273
GtSum: 66978
Predsum: 74273
GtSum: 66978
Predsum: 74273
GtSum: 66978
case 8 mean_dice 0.917955 mean_hd95 2.000000
2021-12-12 15:00:39,693 ============================================================
============================================================
2021-12-12 15:00:39,693 Subject 10 out of 10: Prostate3T-01-0027
Subject 10 out of 10: Prostate3T-01-0027
2021-12-12 15:00:41,795 case 9 mean_dice 0.875155 mean_hd95 8.062258
Predsum: 61234
GtSum: 53596
Predsum: 61234
GtSum: 53596
Predsum: 61234
GtSum: 53596
case 9 mean_dice 0.875155 mean_hd95 8.062258
2021-12-12 15:00:41,795 Mean class 0 mean_dice 0.881887 mean_hd95 4.075251
Mean class 0 mean_dice 0.881887 mean_hd95 4.075251
2021-12-12 15:00:41,795 Mean class 1 mean_dice 0.881887 mean_hd95 4.075251
Mean class 1 mean_dice 0.881887 mean_hd95 4.075251
2021-12-12 15:00:41,795 Mean class 2 mean_dice 0.881887 mean_hd95 4.075251
Mean class 2 mean_dice 0.881887 mean_hd95 4.075251
2021-12-12 15:00:41,795 Testing performance in best val model: mean_dice : 0.881887 mean_hd95 : 4.075251
Testing performance in best val model: mean_dice : 0.881887 mean_hd95 : 4.075251
test.py successfully executed
