2021-12-14 18:16:57,438 Namespace(volume_path='/itet-stor/arismu/bmicdatasets-originals/Originals/Challenge_Datasets/Prostate_PROMISE12/TrainingData/', test_dataset='BIDMC', num_classes=3, max_iterations=6800, max_epochs=400, batch_size=16, img_size=256, is_savenii=True, n_skip=3, vit_name='R50-ViT-B_16', test_save_dir='../predictions', deterministic=1, base_lr=0.001, seed=1234, vit_patches_size=16, target_resolution=0.625, image_depth_tr=32, image_depth_ts=32, test_cv_fold_num=1, NORMALIZE=1, Dataset='BIDMC', z_spacing=1, is_pretrain=True, exp='TU_RUNMC256')
Namespace(volume_path='/itet-stor/arismu/bmicdatasets-originals/Originals/Challenge_Datasets/Prostate_PROMISE12/TrainingData/', test_dataset='BIDMC', num_classes=3, max_iterations=6800, max_epochs=400, batch_size=16, img_size=256, is_savenii=True, n_skip=3, vit_name='R50-ViT-B_16', test_save_dir='../predictions', deterministic=1, base_lr=0.001, seed=1234, vit_patches_size=16, target_resolution=0.625, image_depth_tr=32, image_depth_ts=32, test_cv_fold_num=1, NORMALIZE=1, Dataset='BIDMC', z_spacing=1, is_pretrain=True, exp='TU_RUNMC256')
2021-12-14 18:16:57,439 TU_pretrain_R50-ViT-B_16_skip3_bs16_256
TU_pretrain_R50-ViT-B_16_skip3_bs16_256
2021-12-14 18:16:57,442 Already preprocessed this configuration. Loading now!
Already preprocessed this configuration. Loading now!
2021-12-14 18:17:14,989 ============================================================
============================================================
2021-12-14 18:17:14,990 Subject 1 out of 10: case02
Subject 1 out of 10: case02
2021-12-14 18:17:21,587 case 0 mean_dice 0.458518 mean_hd95 45.973357
Predsum: 12537
GtSum: 28818
Predsum: 12537
GtSum: 28818
Predsum: 12537
GtSum: 28818
case 0 mean_dice 0.458518 mean_hd95 45.973357
2021-12-14 18:17:21,865 ============================================================
============================================================
2021-12-14 18:17:21,865 Subject 2 out of 10: case06
Subject 2 out of 10: case06
2021-12-14 18:17:27,122 case 1 mean_dice 0.777538 mean_hd95 21.447611
Predsum: 103647
GtSum: 118503
Predsum: 103647
GtSum: 118503
Predsum: 103647
GtSum: 118503
case 1 mean_dice 0.777538 mean_hd95 21.447611
2021-12-14 18:17:27,335 ============================================================
============================================================
2021-12-14 18:17:27,335 Subject 3 out of 10: case09
Subject 3 out of 10: case09
2021-12-14 18:17:33,300 case 2 mean_dice 0.671630 mean_hd95 83.318665
Predsum: 79778
GtSum: 60707
Predsum: 79778
GtSum: 60707
Predsum: 79778
GtSum: 60707
case 2 mean_dice 0.671630 mean_hd95 83.318665
2021-12-14 18:17:33,528 ============================================================
============================================================
2021-12-14 18:17:33,528 Subject 4 out of 10: case10
Subject 4 out of 10: case10
2021-12-14 18:17:38,693 case 3 mean_dice 0.698980 mean_hd95 46.036937
Predsum: 33201
GtSum: 36429
Predsum: 33201
GtSum: 36429
Predsum: 33201
GtSum: 36429
case 3 mean_dice 0.698980 mean_hd95 46.036937
2021-12-14 18:17:38,928 ============================================================
============================================================
2021-12-14 18:17:38,928 Subject 5 out of 10: case07
Subject 5 out of 10: case07
2021-12-14 18:17:43,152 case 4 mean_dice 0.616587 mean_hd95 73.457471
Predsum: 29871
GtSum: 31032
Predsum: 29871
GtSum: 31032
Predsum: 29871
GtSum: 31032
case 4 mean_dice 0.616587 mean_hd95 73.457471
2021-12-14 18:17:43,386 ============================================================
============================================================
2021-12-14 18:17:43,386 Subject 6 out of 10: case04
Subject 6 out of 10: case04
2021-12-14 18:17:46,632 Clipping input data to the valid range for imshow with RGB data ([0..1] for floats or [0..255] for integers).
Clipping input data to the valid range for imshow with RGB data ([0..1] for floats or [0..255] for integers).
2021-12-14 18:17:51,564 case 5 mean_dice 0.048897 mean_hd95 34.367863
Predsum: 5089
GtSum: 34668
Predsum: 5089
GtSum: 34668
Predsum: 5089
GtSum: 34668
case 5 mean_dice 0.048897 mean_hd95 34.367863
2021-12-14 18:17:51,804 ============================================================
============================================================
2021-12-14 18:17:51,804 Subject 7 out of 10: case05
Subject 7 out of 10: case05
2021-12-14 18:17:57,241 case 6 mean_dice 0.642826 mean_hd95 48.247279
Predsum: 64697
GtSum: 60945
Predsum: 64697
GtSum: 60945
Predsum: 64697
GtSum: 60945
case 6 mean_dice 0.642826 mean_hd95 48.247279
2021-12-14 18:17:57,467 ============================================================
============================================================
2021-12-14 18:17:57,467 Subject 8 out of 10: case08
Subject 8 out of 10: case08
2021-12-14 18:18:02,675 case 7 mean_dice 0.807522 mean_hd95 7.141428
Predsum: 23142
GtSum: 24609
Predsum: 23142
GtSum: 24609
Predsum: 23142
GtSum: 24609
case 7 mean_dice 0.807522 mean_hd95 7.141428
2021-12-14 18:18:02,913 ============================================================
============================================================
2021-12-14 18:18:02,913 Subject 9 out of 10: case00
Subject 9 out of 10: case00
2021-12-14 18:18:08,744 case 8 mean_dice 0.724450 mean_hd95 65.022687
Predsum: 38369
GtSum: 46385
Predsum: 38369
GtSum: 46385
Predsum: 38369
GtSum: 46385
case 8 mean_dice 0.724450 mean_hd95 65.022687
2021-12-14 18:18:08,977 ============================================================
============================================================
2021-12-14 18:18:08,977 Subject 10 out of 10: case03
Subject 10 out of 10: case03
2021-12-14 18:18:14,422 case 9 mean_dice 0.613052 mean_hd95 69.978568
Predsum: 28087
GtSum: 23677
Predsum: 28087
GtSum: 23677
Predsum: 28087
GtSum: 23677
case 9 mean_dice 0.613052 mean_hd95 69.978568
2021-12-14 18:18:14,422 Mean class 0 mean_dice 0.606000 mean_hd95 49.499187
Mean class 0 mean_dice 0.606000 mean_hd95 49.499187
2021-12-14 18:18:14,422 Mean class 1 mean_dice 0.606000 mean_hd95 49.499187
Mean class 1 mean_dice 0.606000 mean_hd95 49.499187
2021-12-14 18:18:14,422 Mean class 2 mean_dice 0.606000 mean_hd95 49.499187
Mean class 2 mean_dice 0.606000 mean_hd95 49.499187
2021-12-14 18:18:14,422 Testing performance in best val model: mean_dice : 0.606000 mean_hd95 : 49.499187
Testing performance in best val model: mean_dice : 0.606000 mean_hd95 : 49.499187
test.py successfully executed
