2021-12-14 17:53:28,179 Namespace(volume_path='/itet-stor/arismu/bmicdatasets-originals/Originals/Challenge_Datasets/Prostate_PROMISE12/TrainingData/', test_dataset='BIDMC', num_classes=3, max_iterations=6800, max_epochs=400, batch_size=16, img_size=256, is_savenii=True, n_skip=3, vit_name='R50-ViT-B_16', test_save_dir='../predictions', deterministic=1, base_lr=0.001, seed=1234, vit_patches_size=16, target_resolution=0.625, image_depth_tr=32, image_depth_ts=32, test_cv_fold_num=1, NORMALIZE=1, Dataset='BIDMC', z_spacing=1, is_pretrain=True, exp='TU_RUNMC256')
Namespace(volume_path='/itet-stor/arismu/bmicdatasets-originals/Originals/Challenge_Datasets/Prostate_PROMISE12/TrainingData/', test_dataset='BIDMC', num_classes=3, max_iterations=6800, max_epochs=400, batch_size=16, img_size=256, is_savenii=True, n_skip=3, vit_name='R50-ViT-B_16', test_save_dir='../predictions', deterministic=1, base_lr=0.001, seed=1234, vit_patches_size=16, target_resolution=0.625, image_depth_tr=32, image_depth_ts=32, test_cv_fold_num=1, NORMALIZE=1, Dataset='BIDMC', z_spacing=1, is_pretrain=True, exp='TU_RUNMC256')
2021-12-14 17:53:28,180 TU_pretrain_R50-ViT-B_16_skip3_bs16_256
TU_pretrain_R50-ViT-B_16_skip3_bs16_256
2021-12-14 17:53:28,183 Already preprocessed this configuration. Loading now!
Already preprocessed this configuration. Loading now!
2021-12-14 17:53:45,889 ============================================================
============================================================
2021-12-14 17:53:45,889 Subject 1 out of 10: case02
Subject 1 out of 10: case02
2021-12-14 17:53:51,540 case 0 mean_dice 0.201326 mean_hd95 39.471509
Predsum: 10839
GtSum: 28818
Predsum: 10839
GtSum: 28818
Predsum: 10839
GtSum: 28818
case 0 mean_dice 0.201326 mean_hd95 39.471509
2021-12-14 17:53:51,752 ============================================================
============================================================
2021-12-14 17:53:51,752 Subject 2 out of 10: case06
Subject 2 out of 10: case06
2021-12-14 17:53:56,100 case 1 mean_dice 0.571528 mean_hd95 15.132746
Predsum: 60316
GtSum: 118503
Predsum: 60316
GtSum: 118503
Predsum: 60316
GtSum: 118503
case 1 mean_dice 0.571528 mean_hd95 15.132746
2021-12-14 17:53:56,293 ============================================================
============================================================
2021-12-14 17:53:56,293 Subject 3 out of 10: case09
Subject 3 out of 10: case09
2021-12-14 17:54:01,360 case 2 mean_dice 0.530412 mean_hd95 71.143864
Predsum: 29374
GtSum: 60707
Predsum: 29374
GtSum: 60707
Predsum: 29374
GtSum: 60707
case 2 mean_dice 0.530412 mean_hd95 71.143864
2021-12-14 17:54:01,545 ============================================================
============================================================
2021-12-14 17:54:01,545 Subject 4 out of 10: case10
Subject 4 out of 10: case10
2021-12-14 17:54:05,846 case 3 mean_dice 0.602895 mean_hd95 37.968406
Predsum: 32452
GtSum: 36429
Predsum: 32452
GtSum: 36429
Predsum: 32452
GtSum: 36429
case 3 mean_dice 0.602895 mean_hd95 37.968406
2021-12-14 17:54:06,026 ============================================================
============================================================
2021-12-14 17:54:06,026 Subject 5 out of 10: case07
Subject 5 out of 10: case07
2021-12-14 17:54:09,655 case 4 mean_dice 0.577927 mean_hd95 81.492331
Predsum: 39354
GtSum: 31032
Predsum: 39354
GtSum: 31032
Predsum: 39354
GtSum: 31032
case 4 mean_dice 0.577927 mean_hd95 81.492331
2021-12-14 17:54:09,841 ============================================================
============================================================
2021-12-14 17:54:09,841 Subject 6 out of 10: case04
Subject 6 out of 10: case04
2021-12-14 17:54:16,799 case 5 mean_dice 0.062728 mean_hd95 22.494444
Predsum: 2827
GtSum: 34668
Predsum: 2827
GtSum: 34668
Predsum: 2827
GtSum: 34668
case 5 mean_dice 0.062728 mean_hd95 22.494444
2021-12-14 17:54:16,984 ============================================================
============================================================
2021-12-14 17:54:16,984 Subject 7 out of 10: case05
Subject 7 out of 10: case05
2021-12-14 17:54:21,617 case 6 mean_dice 0.520033 mean_hd95 52.211110
Predsum: 94276
GtSum: 60945
Predsum: 94276
GtSum: 60945
Predsum: 94276
GtSum: 60945
case 6 mean_dice 0.520033 mean_hd95 52.211110
2021-12-14 17:54:21,801 ============================================================
============================================================
2021-12-14 17:54:21,801 Subject 8 out of 10: case08
Subject 8 out of 10: case08
2021-12-14 17:54:26,328 case 7 mean_dice 0.513226 mean_hd95 108.057855
Predsum: 55196
GtSum: 24609
Predsum: 55196
GtSum: 24609
Predsum: 55196
GtSum: 24609
case 7 mean_dice 0.513226 mean_hd95 108.057855
2021-12-14 17:54:26,514 ============================================================
============================================================
2021-12-14 17:54:26,514 Subject 9 out of 10: case00
Subject 9 out of 10: case00
2021-12-14 17:54:31,463 case 8 mean_dice 0.282621 mean_hd95 62.209324
Predsum: 13554
GtSum: 46385
Predsum: 13554
GtSum: 46385
Predsum: 13554
GtSum: 46385
case 8 mean_dice 0.282621 mean_hd95 62.209324
2021-12-14 17:54:31,647 ============================================================
============================================================
2021-12-14 17:54:31,647 Subject 10 out of 10: case03
Subject 10 out of 10: case03
2021-12-14 17:54:36,031 case 9 mean_dice 0.418957 mean_hd95 73.530593
Predsum: 11477
GtSum: 23677
Predsum: 11477
GtSum: 23677
Predsum: 11477
GtSum: 23677
case 9 mean_dice 0.418957 mean_hd95 73.530593
2021-12-14 17:54:36,031 Mean class 0 mean_dice 0.428165 mean_hd95 56.371218
Mean class 0 mean_dice 0.428165 mean_hd95 56.371218
2021-12-14 17:54:36,031 Mean class 1 mean_dice 0.428165 mean_hd95 56.371218
Mean class 1 mean_dice 0.428165 mean_hd95 56.371218
2021-12-14 17:54:36,031 Mean class 2 mean_dice 0.428165 mean_hd95 56.371218
Mean class 2 mean_dice 0.428165 mean_hd95 56.371218
2021-12-14 17:54:36,031 Testing performance in best val model: mean_dice : 0.428165 mean_hd95 : 56.371218
Testing performance in best val model: mean_dice : 0.428165 mean_hd95 : 56.371218
test.py successfully executed
