2021-12-14 18:13:48,078 Namespace(volume_path='/itet-stor/arismu/bmicdatasets-originals/Originals/Challenge_Datasets/Prostate_PROMISE12/TrainingData/', test_dataset='HK', num_classes=3, max_iterations=6800, max_epochs=400, batch_size=16, img_size=256, is_savenii=True, n_skip=3, vit_name='R50-ViT-B_16', test_save_dir='../predictions', deterministic=1, base_lr=0.001, seed=1234, vit_patches_size=16, target_resolution=0.625, image_depth_tr=32, image_depth_ts=32, test_cv_fold_num=1, NORMALIZE=1, Dataset='HK', z_spacing=1, is_pretrain=True, exp='TU_RUNMC256')
Namespace(volume_path='/itet-stor/arismu/bmicdatasets-originals/Originals/Challenge_Datasets/Prostate_PROMISE12/TrainingData/', test_dataset='HK', num_classes=3, max_iterations=6800, max_epochs=400, batch_size=16, img_size=256, is_savenii=True, n_skip=3, vit_name='R50-ViT-B_16', test_save_dir='../predictions', deterministic=1, base_lr=0.001, seed=1234, vit_patches_size=16, target_resolution=0.625, image_depth_tr=32, image_depth_ts=32, test_cv_fold_num=1, NORMALIZE=1, Dataset='HK', z_spacing=1, is_pretrain=True, exp='TU_RUNMC256')
2021-12-14 18:13:48,078 TU_pretrain_R50-ViT-B_16_skip3_bs16_256
TU_pretrain_R50-ViT-B_16_skip3_bs16_256
2021-12-14 18:13:48,081 Already preprocessed this configuration. Loading now!
Already preprocessed this configuration. Loading now!
2021-12-14 18:13:59,314 ============================================================
============================================================
2021-12-14 18:13:59,315 Subject 1 out of 10: case44
Subject 1 out of 10: case44
2021-12-14 18:14:02,434 case 0 mean_dice 0.775338 mean_hd95 4.472136
Predsum: 18699
GtSum: 26164
Predsum: 18699
GtSum: 26164
Predsum: 18699
GtSum: 26164
case 0 mean_dice 0.775338 mean_hd95 4.472136
2021-12-14 18:14:02,607 ============================================================
============================================================
2021-12-14 18:14:02,607 Subject 2 out of 10: case43
Subject 2 out of 10: case43
2021-12-14 18:14:05,511 case 1 mean_dice 0.861147 mean_hd95 5.000000
Predsum: 33976
GtSum: 36026
Predsum: 33976
GtSum: 36026
Predsum: 33976
GtSum: 36026
case 1 mean_dice 0.861147 mean_hd95 5.000000
2021-12-14 18:14:05,655 ============================================================
============================================================
2021-12-14 18:14:05,655 Subject 3 out of 10: case45
Subject 3 out of 10: case45
2021-12-14 18:14:08,595 case 2 mean_dice 0.825596 mean_hd95 4.242641
Predsum: 19079
GtSum: 17067
Predsum: 19079
GtSum: 17067
Predsum: 19079
GtSum: 17067
case 2 mean_dice 0.825596 mean_hd95 4.242641
2021-12-14 18:14:08,753 ============================================================
============================================================
2021-12-14 18:14:08,753 Subject 4 out of 10: case47
Subject 4 out of 10: case47
2021-12-14 18:14:11,688 case 3 mean_dice 0.863281 mean_hd95 3.162278
Predsum: 23572
GtSum: 24234
Predsum: 23572
GtSum: 24234
Predsum: 23572
GtSum: 24234
case 3 mean_dice 0.863281 mean_hd95 3.162278
2021-12-14 18:14:11,830 ============================================================
============================================================
2021-12-14 18:14:11,830 Subject 5 out of 10: case39
Subject 5 out of 10: case39
2021-12-14 18:14:14,798 case 4 mean_dice 0.842095 mean_hd95 4.472136
Predsum: 32403
GtSum: 36917
Predsum: 32403
GtSum: 36917
Predsum: 32403
GtSum: 36917
case 4 mean_dice 0.842095 mean_hd95 4.472136
2021-12-14 18:14:14,941 ============================================================
============================================================
2021-12-14 18:14:14,941 Subject 6 out of 10: case41
Subject 6 out of 10: case41
2021-12-14 18:14:17,774 case 5 mean_dice 0.776594 mean_hd95 6.000000
Predsum: 15139
GtSum: 16682
Predsum: 15139
GtSum: 16682
Predsum: 15139
GtSum: 16682
case 5 mean_dice 0.776594 mean_hd95 6.000000
2021-12-14 18:14:17,915 ============================================================
============================================================
2021-12-14 18:14:17,915 Subject 7 out of 10: case46
Subject 7 out of 10: case46
2021-12-14 18:14:20,843 case 6 mean_dice 0.835302 mean_hd95 5.385165
Predsum: 27276
GtSum: 28766
Predsum: 27276
GtSum: 28766
Predsum: 27276
GtSum: 28766
case 6 mean_dice 0.835302 mean_hd95 5.385165
2021-12-14 18:14:20,992 ============================================================
============================================================
2021-12-14 18:14:20,992 Subject 8 out of 10: case38
Subject 8 out of 10: case38
2021-12-14 18:14:24,277 case 7 mean_dice 0.898709 mean_hd95 12.083046
Predsum: 60048
GtSum: 57583
Predsum: 60048
GtSum: 57583
Predsum: 60048
GtSum: 57583
case 7 mean_dice 0.898709 mean_hd95 12.083046
2021-12-14 18:14:24,421 ============================================================
============================================================
2021-12-14 18:14:24,422 Subject 9 out of 10: case40
Subject 9 out of 10: case40
2021-12-14 18:14:27,521 Clipping input data to the valid range for imshow with RGB data ([0..1] for floats or [0..255] for integers).
Clipping input data to the valid range for imshow with RGB data ([0..1] for floats or [0..255] for integers).
2021-12-14 18:14:30,163 case 8 mean_dice 0.837152 mean_hd95 3.464102
Predsum: 21979
GtSum: 25372
Predsum: 21979
GtSum: 25372
Predsum: 21979
GtSum: 25372
case 8 mean_dice 0.837152 mean_hd95 3.464102
2021-12-14 18:14:30,319 ============================================================
============================================================
2021-12-14 18:14:30,319 Subject 10 out of 10: case42
Subject 10 out of 10: case42
2021-12-14 18:14:33,456 case 9 mean_dice 0.918929 mean_hd95 2.236068
Predsum: 78858
GtSum: 80225
Predsum: 78858
GtSum: 80225
Predsum: 78858
GtSum: 80225
case 9 mean_dice 0.918929 mean_hd95 2.236068
2021-12-14 18:14:33,456 Mean class 0 mean_dice 0.843414 mean_hd95 5.051757
Mean class 0 mean_dice 0.843414 mean_hd95 5.051757
2021-12-14 18:14:33,456 Mean class 1 mean_dice 0.843414 mean_hd95 5.051757
Mean class 1 mean_dice 0.843414 mean_hd95 5.051757
2021-12-14 18:14:33,456 Mean class 2 mean_dice 0.843414 mean_hd95 5.051757
Mean class 2 mean_dice 0.843414 mean_hd95 5.051757
2021-12-14 18:14:33,456 Testing performance in best val model: mean_dice : 0.843414 mean_hd95 : 5.051757
Testing performance in best val model: mean_dice : 0.843414 mean_hd95 : 5.051757
test.py successfully executed
