2021-12-14 18:21:55,408 Namespace(volume_path='/itet-stor/arismu/bmicdatasets-originals/Originals/Challenge_Datasets/Prostate_PROMISE12/TrainingData/', test_dataset='BIDMC', num_classes=3, max_iterations=6800, max_epochs=400, batch_size=16, img_size=256, is_savenii=True, n_skip=3, vit_name='R50-ViT-B_16', test_save_dir='../predictions', deterministic=1, base_lr=0.001, seed=1234, vit_patches_size=16, target_resolution=0.625, image_depth_tr=32, image_depth_ts=32, test_cv_fold_num=1, NORMALIZE=1, Dataset='BIDMC', z_spacing=1, is_pretrain=True, exp='TU_RUNMC256')
Namespace(volume_path='/itet-stor/arismu/bmicdatasets-originals/Originals/Challenge_Datasets/Prostate_PROMISE12/TrainingData/', test_dataset='BIDMC', num_classes=3, max_iterations=6800, max_epochs=400, batch_size=16, img_size=256, is_savenii=True, n_skip=3, vit_name='R50-ViT-B_16', test_save_dir='../predictions', deterministic=1, base_lr=0.001, seed=1234, vit_patches_size=16, target_resolution=0.625, image_depth_tr=32, image_depth_ts=32, test_cv_fold_num=1, NORMALIZE=1, Dataset='BIDMC', z_spacing=1, is_pretrain=True, exp='TU_RUNMC256')
2021-12-14 18:21:55,408 TU_pretrain_R50-ViT-B_16_skip3_bs16_256
TU_pretrain_R50-ViT-B_16_skip3_bs16_256
2021-12-14 18:21:55,412 Already preprocessed this configuration. Loading now!
Already preprocessed this configuration. Loading now!
2021-12-14 18:22:13,208 ============================================================
============================================================
2021-12-14 18:22:13,208 Subject 1 out of 10: case02
Subject 1 out of 10: case02
2021-12-14 18:22:19,791 case 0 mean_dice 0.613791 mean_hd95 16.248077
Predsum: 41662
GtSum: 28818
Predsum: 41662
GtSum: 28818
Predsum: 41662
GtSum: 28818
case 0 mean_dice 0.613791 mean_hd95 16.248077
2021-12-14 18:22:20,048 ============================================================
============================================================
2021-12-14 18:22:20,049 Subject 2 out of 10: case06
Subject 2 out of 10: case06
2021-12-14 18:22:25,133 case 1 mean_dice 0.825085 mean_hd95 7.000000
Predsum: 120910
GtSum: 118503
Predsum: 120910
GtSum: 118503
Predsum: 120910
GtSum: 118503
case 1 mean_dice 0.825085 mean_hd95 7.000000
2021-12-14 18:22:25,352 ============================================================
============================================================
2021-12-14 18:22:25,352 Subject 3 out of 10: case09
Subject 3 out of 10: case09
2021-12-14 18:22:31,151 case 2 mean_dice 0.797424 mean_hd95 15.831923
Predsum: 70360
GtSum: 60707
Predsum: 70360
GtSum: 60707
Predsum: 70360
GtSum: 60707
case 2 mean_dice 0.797424 mean_hd95 15.831923
2021-12-14 18:22:31,383 ============================================================
============================================================
2021-12-14 18:22:31,383 Subject 4 out of 10: case10
Subject 4 out of 10: case10
2021-12-14 18:22:36,420 case 3 mean_dice 0.725477 mean_hd95 17.146428
Predsum: 43943
GtSum: 36429
Predsum: 43943
GtSum: 36429
Predsum: 43943
GtSum: 36429
case 3 mean_dice 0.725477 mean_hd95 17.146428
2021-12-14 18:22:36,645 ============================================================
============================================================
2021-12-14 18:22:36,645 Subject 5 out of 10: case07
Subject 5 out of 10: case07
2021-12-14 18:22:40,755 case 4 mean_dice 0.748270 mean_hd95 4.000000
Predsum: 21711
GtSum: 31032
Predsum: 21711
GtSum: 31032
Predsum: 21711
GtSum: 31032
case 4 mean_dice 0.748270 mean_hd95 4.000000
2021-12-14 18:22:40,977 ============================================================
============================================================
2021-12-14 18:22:40,977 Subject 6 out of 10: case04
Subject 6 out of 10: case04
2021-12-14 18:22:44,222 Clipping input data to the valid range for imshow with RGB data ([0..1] for floats or [0..255] for integers).
Clipping input data to the valid range for imshow with RGB data ([0..1] for floats or [0..255] for integers).
2021-12-14 18:22:49,233 case 5 mean_dice 0.695866 mean_hd95 19.707863
Predsum: 29307
GtSum: 34668
Predsum: 29307
GtSum: 34668
Predsum: 29307
GtSum: 34668
case 5 mean_dice 0.695866 mean_hd95 19.707863
2021-12-14 18:22:49,463 ============================================================
============================================================
2021-12-14 18:22:49,463 Subject 7 out of 10: case05
Subject 7 out of 10: case05
2021-12-14 18:22:54,792 case 6 mean_dice 0.763386 mean_hd95 16.763055
Predsum: 57949
GtSum: 60945
Predsum: 57949
GtSum: 60945
Predsum: 57949
GtSum: 60945
case 6 mean_dice 0.763386 mean_hd95 16.763055
2021-12-14 18:22:55,014 ============================================================
============================================================
2021-12-14 18:22:55,014 Subject 8 out of 10: case08
Subject 8 out of 10: case08
2021-12-14 18:23:00,136 case 7 mean_dice 0.713137 mean_hd95 29.274562
Predsum: 25143
GtSum: 24609
Predsum: 25143
GtSum: 24609
Predsum: 25143
GtSum: 24609
case 7 mean_dice 0.713137 mean_hd95 29.274562
2021-12-14 18:23:00,367 ============================================================
============================================================
2021-12-14 18:23:00,367 Subject 9 out of 10: case00
Subject 9 out of 10: case00
2021-12-14 18:23:06,189 case 8 mean_dice 0.695608 mean_hd95 18.788294
Predsum: 64275
GtSum: 46385
Predsum: 64275
GtSum: 46385
Predsum: 64275
GtSum: 46385
case 8 mean_dice 0.695608 mean_hd95 18.788294
2021-12-14 18:23:06,423 ============================================================
============================================================
2021-12-14 18:23:06,423 Subject 10 out of 10: case03
Subject 10 out of 10: case03
2021-12-14 18:23:11,607 case 9 mean_dice 0.479585 mean_hd95 30.675723
Predsum: 58394
GtSum: 23677
Predsum: 58394
GtSum: 23677
Predsum: 58394
GtSum: 23677
case 9 mean_dice 0.479585 mean_hd95 30.675723
2021-12-14 18:23:11,607 Mean class 0 mean_dice 0.705763 mean_hd95 17.543592
Mean class 0 mean_dice 0.705763 mean_hd95 17.543592
2021-12-14 18:23:11,607 Mean class 1 mean_dice 0.705763 mean_hd95 17.543592
Mean class 1 mean_dice 0.705763 mean_hd95 17.543592
2021-12-14 18:23:11,607 Mean class 2 mean_dice 0.705763 mean_hd95 17.543592
Mean class 2 mean_dice 0.705763 mean_hd95 17.543592
2021-12-14 18:23:11,607 Testing performance in best val model: mean_dice : 0.705763 mean_hd95 : 17.543592
Testing performance in best val model: mean_dice : 0.705763 mean_hd95 : 17.543592
test.py successfully executed
