2021-12-14 18:10:47,153 Namespace(volume_path='/itet-stor/arismu/bmicdatasets-originals/Originals/Challenge_Datasets/Prostate_PROMISE12/TrainingData/', test_dataset='HK', num_classes=3, max_iterations=6800, max_epochs=400, batch_size=16, img_size=256, is_savenii=True, n_skip=3, vit_name='R50-ViT-B_16', test_save_dir='../predictions', deterministic=1, base_lr=0.001, seed=1234, vit_patches_size=16, target_resolution=0.625, image_depth_tr=32, image_depth_ts=32, test_cv_fold_num=1, NORMALIZE=1, Dataset='HK', z_spacing=1, is_pretrain=True, exp='TU_RUNMC256')
Namespace(volume_path='/itet-stor/arismu/bmicdatasets-originals/Originals/Challenge_Datasets/Prostate_PROMISE12/TrainingData/', test_dataset='HK', num_classes=3, max_iterations=6800, max_epochs=400, batch_size=16, img_size=256, is_savenii=True, n_skip=3, vit_name='R50-ViT-B_16', test_save_dir='../predictions', deterministic=1, base_lr=0.001, seed=1234, vit_patches_size=16, target_resolution=0.625, image_depth_tr=32, image_depth_ts=32, test_cv_fold_num=1, NORMALIZE=1, Dataset='HK', z_spacing=1, is_pretrain=True, exp='TU_RUNMC256')
2021-12-14 18:10:47,154 TU_pretrain_R50-ViT-B_16_skip3_bs16_256
TU_pretrain_R50-ViT-B_16_skip3_bs16_256
2021-12-14 18:10:47,157 Already preprocessed this configuration. Loading now!
Already preprocessed this configuration. Loading now!
2021-12-14 18:10:58,341 ============================================================
============================================================
2021-12-14 18:10:58,361 Subject 1 out of 10: case44
Subject 1 out of 10: case44
2021-12-14 18:11:01,378 case 0 mean_dice 0.843420 mean_hd95 3.741657
Predsum: 21556
GtSum: 26164
Predsum: 21556
GtSum: 26164
Predsum: 21556
GtSum: 26164
case 0 mean_dice 0.843420 mean_hd95 3.741657
2021-12-14 18:11:01,563 ============================================================
============================================================
2021-12-14 18:11:01,563 Subject 2 out of 10: case43
Subject 2 out of 10: case43
2021-12-14 18:11:04,488 case 1 mean_dice 0.845449 mean_hd95 4.000000
Predsum: 32165
GtSum: 36026
Predsum: 32165
GtSum: 36026
Predsum: 32165
GtSum: 36026
case 1 mean_dice 0.845449 mean_hd95 4.000000
2021-12-14 18:11:04,643 ============================================================
============================================================
2021-12-14 18:11:04,643 Subject 3 out of 10: case45
Subject 3 out of 10: case45
2021-12-14 18:11:07,498 case 2 mean_dice 0.813988 mean_hd95 3.000000
Predsum: 20737
GtSum: 17067
Predsum: 20737
GtSum: 17067
Predsum: 20737
GtSum: 17067
case 2 mean_dice 0.813988 mean_hd95 3.000000
2021-12-14 18:11:07,655 ============================================================
============================================================
2021-12-14 18:11:07,655 Subject 4 out of 10: case47
Subject 4 out of 10: case47
2021-12-14 18:11:10,608 case 3 mean_dice 0.854145 mean_hd95 2.236068
Predsum: 21990
GtSum: 24234
Predsum: 21990
GtSum: 24234
Predsum: 21990
GtSum: 24234
case 3 mean_dice 0.854145 mean_hd95 2.236068
2021-12-14 18:11:10,750 ============================================================
============================================================
2021-12-14 18:11:10,750 Subject 5 out of 10: case39
Subject 5 out of 10: case39
2021-12-14 18:11:13,701 case 4 mean_dice 0.877381 mean_hd95 3.162278
Predsum: 33488
GtSum: 36917
Predsum: 33488
GtSum: 36917
Predsum: 33488
GtSum: 36917
case 4 mean_dice 0.877381 mean_hd95 3.162278
2021-12-14 18:11:13,844 ============================================================
============================================================
2021-12-14 18:11:13,844 Subject 6 out of 10: case41
Subject 6 out of 10: case41
2021-12-14 18:11:16,727 case 5 mean_dice 0.844283 mean_hd95 2.236068
Predsum: 16044
GtSum: 16682
Predsum: 16044
GtSum: 16682
Predsum: 16044
GtSum: 16682
case 5 mean_dice 0.844283 mean_hd95 2.236068
2021-12-14 18:11:16,867 ============================================================
============================================================
2021-12-14 18:11:16,867 Subject 7 out of 10: case46
Subject 7 out of 10: case46
2021-12-14 18:11:19,787 case 6 mean_dice 0.864502 mean_hd95 3.000000
Predsum: 30674
GtSum: 28766
Predsum: 30674
GtSum: 28766
Predsum: 30674
GtSum: 28766
case 6 mean_dice 0.864502 mean_hd95 3.000000
2021-12-14 18:11:19,937 ============================================================
============================================================
2021-12-14 18:11:19,937 Subject 8 out of 10: case38
Subject 8 out of 10: case38
2021-12-14 18:11:23,197 case 7 mean_dice 0.927290 mean_hd95 2.000000
Predsum: 56446
GtSum: 57583
Predsum: 56446
GtSum: 57583
Predsum: 56446
GtSum: 57583
case 7 mean_dice 0.927290 mean_hd95 2.000000
2021-12-14 18:11:23,336 ============================================================
============================================================
2021-12-14 18:11:23,336 Subject 9 out of 10: case40
Subject 9 out of 10: case40
2021-12-14 18:11:26,381 Clipping input data to the valid range for imshow with RGB data ([0..1] for floats or [0..255] for integers).
Clipping input data to the valid range for imshow with RGB data ([0..1] for floats or [0..255] for integers).
2021-12-14 18:11:28,991 case 8 mean_dice 0.857053 mean_hd95 3.000000
Predsum: 25605
GtSum: 25372
Predsum: 25605
GtSum: 25372
Predsum: 25605
GtSum: 25372
case 8 mean_dice 0.857053 mean_hd95 3.000000
2021-12-14 18:11:29,143 ============================================================
============================================================
2021-12-14 18:11:29,143 Subject 10 out of 10: case42
Subject 10 out of 10: case42
2021-12-14 18:11:32,167 case 9 mean_dice 0.918200 mean_hd95 2.236068
Predsum: 75190
GtSum: 80225
Predsum: 75190
GtSum: 80225
Predsum: 75190
GtSum: 80225
case 9 mean_dice 0.918200 mean_hd95 2.236068
2021-12-14 18:11:32,167 Mean class 0 mean_dice 0.864571 mean_hd95 2.861214
Mean class 0 mean_dice 0.864571 mean_hd95 2.861214
2021-12-14 18:11:32,167 Mean class 1 mean_dice 0.864571 mean_hd95 2.861214
Mean class 1 mean_dice 0.864571 mean_hd95 2.861214
2021-12-14 18:11:32,167 Mean class 2 mean_dice 0.864571 mean_hd95 2.861214
Mean class 2 mean_dice 0.864571 mean_hd95 2.861214
2021-12-14 18:11:32,167 Testing performance in best val model: mean_dice : 0.864571 mean_hd95 : 2.861214
Testing performance in best val model: mean_dice : 0.864571 mean_hd95 : 2.861214
test.py successfully executed
