2021-12-14 18:06:27,653 Namespace(volume_path='/itet-stor/arismu/bmicdatasets-originals/Originals/Challenge_Datasets/Prostate_PROMISE12/TrainingData/', test_dataset='UCL', num_classes=3, max_iterations=6800, max_epochs=400, batch_size=16, img_size=256, is_savenii=True, n_skip=3, vit_name='R50-ViT-B_16', test_save_dir='../predictions', deterministic=1, base_lr=0.001, seed=1234, vit_patches_size=16, target_resolution=0.625, image_depth_tr=32, image_depth_ts=32, test_cv_fold_num=1, NORMALIZE=1, Dataset='UCL', z_spacing=1, is_pretrain=True, exp='TU_RUNMC256')
Namespace(volume_path='/itet-stor/arismu/bmicdatasets-originals/Originals/Challenge_Datasets/Prostate_PROMISE12/TrainingData/', test_dataset='UCL', num_classes=3, max_iterations=6800, max_epochs=400, batch_size=16, img_size=256, is_savenii=True, n_skip=3, vit_name='R50-ViT-B_16', test_save_dir='../predictions', deterministic=1, base_lr=0.001, seed=1234, vit_patches_size=16, target_resolution=0.625, image_depth_tr=32, image_depth_ts=32, test_cv_fold_num=1, NORMALIZE=1, Dataset='UCL', z_spacing=1, is_pretrain=True, exp='TU_RUNMC256')
2021-12-14 18:06:27,654 TU_pretrain_R50-ViT-B_16_skip3_bs16_256
TU_pretrain_R50-ViT-B_16_skip3_bs16_256
2021-12-14 18:06:27,675 Already preprocessed this configuration. Loading now!
Already preprocessed this configuration. Loading now!
2021-12-14 18:06:45,796 ============================================================
============================================================
2021-12-14 18:06:45,797 Subject 1 out of 11: case29
Subject 1 out of 11: case29
2021-12-14 18:06:48,737 case 0 mean_dice 0.782218 mean_hd95 5.000000
Predsum: 50520
GtSum: 50526
Predsum: 50520
GtSum: 50526
Predsum: 50520
GtSum: 50526
case 0 mean_dice 0.782218 mean_hd95 5.000000
2021-12-14 18:06:49,003 ============================================================
============================================================
2021-12-14 18:06:49,003 Subject 2 out of 11: case33
Subject 2 out of 11: case33
2021-12-14 18:06:51,680 case 1 mean_dice 0.826070 mean_hd95 3.605551
Predsum: 30331
GtSum: 27974
Predsum: 30331
GtSum: 27974
Predsum: 30331
GtSum: 27974
case 1 mean_dice 0.826070 mean_hd95 3.605551
2021-12-14 18:06:51,891 ============================================================
============================================================
2021-12-14 18:06:51,891 Subject 3 out of 11: case26
Subject 3 out of 11: case26
2021-12-14 18:06:54,632 case 2 mean_dice 0.893077 mean_hd95 2.236068
Predsum: 41436
GtSum: 41390
Predsum: 41436
GtSum: 41390
Predsum: 41436
GtSum: 41390
case 2 mean_dice 0.893077 mean_hd95 2.236068
2021-12-14 18:06:54,849 ============================================================
============================================================
2021-12-14 18:06:54,849 Subject 4 out of 11: case32
Subject 4 out of 11: case32
2021-12-14 18:06:57,882 Clipping input data to the valid range for imshow with RGB data ([0..1] for floats or [0..255] for integers).
Clipping input data to the valid range for imshow with RGB data ([0..1] for floats or [0..255] for integers).
2021-12-14 18:07:00,417 case 3 mean_dice 0.659656 mean_hd95 50.621140
Predsum: 29004
GtSum: 20919
Predsum: 29004
GtSum: 20919
Predsum: 29004
GtSum: 20919
case 3 mean_dice 0.659656 mean_hd95 50.621140
2021-12-14 18:07:00,633 ============================================================
============================================================
2021-12-14 18:07:00,633 Subject 5 out of 11: case35
Subject 5 out of 11: case35
2021-12-14 18:07:03,302 case 4 mean_dice 0.859654 mean_hd95 2.828427
Predsum: 22768
GtSum: 24679
Predsum: 22768
GtSum: 24679
Predsum: 22768
GtSum: 24679
case 4 mean_dice 0.859654 mean_hd95 2.828427
2021-12-14 18:07:03,518 ============================================================
============================================================
2021-12-14 18:07:03,518 Subject 6 out of 11: case30
Subject 6 out of 11: case30
2021-12-14 18:07:06,304 case 5 mean_dice 0.783122 mean_hd95 18.027756
Predsum: 41844
GtSum: 34752
Predsum: 41844
GtSum: 34752
Predsum: 41844
GtSum: 34752
case 5 mean_dice 0.783122 mean_hd95 18.027756
2021-12-14 18:07:06,518 ============================================================
============================================================
2021-12-14 18:07:06,518 Subject 7 out of 11: case28
Subject 7 out of 11: case28
2021-12-14 18:07:09,321 case 6 mean_dice 0.774509 mean_hd95 22.705724
Predsum: 48839
GtSum: 35302
Predsum: 48839
GtSum: 35302
Predsum: 48839
GtSum: 35302
case 6 mean_dice 0.774509 mean_hd95 22.705724
2021-12-14 18:07:09,533 ============================================================
============================================================
2021-12-14 18:07:09,533 Subject 8 out of 11: case34
Subject 8 out of 11: case34
2021-12-14 18:07:12,872 case 7 mean_dice 0.818667 mean_hd95 14.282857
Predsum: 29383
GtSum: 22108
Predsum: 29383
GtSum: 22108
Predsum: 29383
GtSum: 22108
case 7 mean_dice 0.818667 mean_hd95 14.282857
2021-12-14 18:07:13,095 ============================================================
============================================================
2021-12-14 18:07:13,095 Subject 9 out of 11: case01
Subject 9 out of 11: case01
2021-12-14 18:07:16,700 case 8 mean_dice 0.866990 mean_hd95 8.757758
Predsum: 33571
GtSum: 32785
Predsum: 33571
GtSum: 32785
Predsum: 33571
GtSum: 32785
case 8 mean_dice 0.866990 mean_hd95 8.757758
2021-12-14 18:07:16,942 ============================================================
============================================================
2021-12-14 18:07:16,942 Subject 10 out of 11: case27
Subject 10 out of 11: case27
2021-12-14 18:07:19,709 case 9 mean_dice 0.803162 mean_hd95 43.150898
Predsum: 26723
GtSum: 28312
Predsum: 26723
GtSum: 28312
Predsum: 26723
GtSum: 28312
case 9 mean_dice 0.803162 mean_hd95 43.150898
2021-12-14 18:07:19,935 ============================================================
============================================================
2021-12-14 18:07:19,936 Subject 11 out of 11: case31
Subject 11 out of 11: case31
2021-12-14 18:07:22,661 case 10 mean_dice 0.858035 mean_hd95 11.045361
Predsum: 40943
GtSum: 38802
Predsum: 40943
GtSum: 38802
Predsum: 40943
GtSum: 38802
case 10 mean_dice 0.858035 mean_hd95 11.045361
2021-12-14 18:07:22,662 Mean class 0 mean_dice 0.811378 mean_hd95 16.569231
Mean class 0 mean_dice 0.811378 mean_hd95 16.569231
2021-12-14 18:07:22,662 Mean class 1 mean_dice 0.811378 mean_hd95 16.569231
Mean class 1 mean_dice 0.811378 mean_hd95 16.569231
2021-12-14 18:07:22,662 Mean class 2 mean_dice 0.811378 mean_hd95 16.569231
Mean class 2 mean_dice 0.811378 mean_hd95 16.569231
2021-12-14 18:07:22,662 Testing performance in best val model: mean_dice : 0.811378 mean_hd95 : 16.569231
Testing performance in best val model: mean_dice : 0.811378 mean_hd95 : 16.569231
test.py successfully executed
