2021-12-14 18:19:54,941 Namespace(volume_path='/itet-stor/arismu/bmicdatasets-originals/Originals/Challenge_Datasets/Prostate_PROMISE12/TrainingData/', test_dataset='BIDMC', num_classes=3, max_iterations=6800, max_epochs=400, batch_size=16, img_size=256, is_savenii=True, n_skip=3, vit_name='R50-ViT-B_16', test_save_dir='../predictions', deterministic=1, base_lr=0.001, seed=1234, vit_patches_size=16, target_resolution=0.625, image_depth_tr=32, image_depth_ts=32, test_cv_fold_num=1, NORMALIZE=1, Dataset='BIDMC', z_spacing=1, is_pretrain=True, exp='TU_RUNMC256')
Namespace(volume_path='/itet-stor/arismu/bmicdatasets-originals/Originals/Challenge_Datasets/Prostate_PROMISE12/TrainingData/', test_dataset='BIDMC', num_classes=3, max_iterations=6800, max_epochs=400, batch_size=16, img_size=256, is_savenii=True, n_skip=3, vit_name='R50-ViT-B_16', test_save_dir='../predictions', deterministic=1, base_lr=0.001, seed=1234, vit_patches_size=16, target_resolution=0.625, image_depth_tr=32, image_depth_ts=32, test_cv_fold_num=1, NORMALIZE=1, Dataset='BIDMC', z_spacing=1, is_pretrain=True, exp='TU_RUNMC256')
2021-12-14 18:19:54,942 TU_pretrain_R50-ViT-B_16_skip3_bs16_256
TU_pretrain_R50-ViT-B_16_skip3_bs16_256
2021-12-14 18:19:54,946 Already preprocessed this configuration. Loading now!
Already preprocessed this configuration. Loading now!
2021-12-14 18:20:12,637 ============================================================
============================================================
2021-12-14 18:20:12,638 Subject 1 out of 10: case02
Subject 1 out of 10: case02
2021-12-14 18:20:18,224 case 0 mean_dice 0.463054 mean_hd95 10.954451
Predsum: 12810
GtSum: 28818
Predsum: 12810
GtSum: 28818
Predsum: 12810
GtSum: 28818
case 0 mean_dice 0.463054 mean_hd95 10.954451
2021-12-14 18:20:18,437 ============================================================
============================================================
2021-12-14 18:20:18,437 Subject 2 out of 10: case06
Subject 2 out of 10: case06
2021-12-14 18:20:22,975 case 1 mean_dice 0.772753 mean_hd95 41.701319
Predsum: 134398
GtSum: 118503
Predsum: 134398
GtSum: 118503
Predsum: 134398
GtSum: 118503
case 1 mean_dice 0.772753 mean_hd95 41.701319
2021-12-14 18:20:23,157 ============================================================
============================================================
2021-12-14 18:20:23,158 Subject 3 out of 10: case09
Subject 3 out of 10: case09
2021-12-14 18:20:28,786 case 2 mean_dice 0.723890 mean_hd95 33.241540
Predsum: 49423
GtSum: 60707
Predsum: 49423
GtSum: 60707
Predsum: 49423
GtSum: 60707
case 2 mean_dice 0.723890 mean_hd95 33.241540
2021-12-14 18:20:28,968 ============================================================
============================================================
2021-12-14 18:20:28,968 Subject 4 out of 10: case10
Subject 4 out of 10: case10
2021-12-14 18:20:33,354 case 3 mean_dice 0.651630 mean_hd95 55.124857
Predsum: 48208
GtSum: 36429
Predsum: 48208
GtSum: 36429
Predsum: 48208
GtSum: 36429
case 3 mean_dice 0.651630 mean_hd95 55.124857
2021-12-14 18:20:33,537 ============================================================
============================================================
2021-12-14 18:20:33,537 Subject 5 out of 10: case07
Subject 5 out of 10: case07
2021-12-14 18:20:37,180 case 4 mean_dice 0.727938 mean_hd95 56.423383
Predsum: 27745
GtSum: 31032
Predsum: 27745
GtSum: 31032
Predsum: 27745
GtSum: 31032
case 4 mean_dice 0.727938 mean_hd95 56.423383
2021-12-14 18:20:37,362 ============================================================
============================================================
2021-12-14 18:20:37,362 Subject 6 out of 10: case04
Subject 6 out of 10: case04
2021-12-14 18:20:40,312 Clipping input data to the valid range for imshow with RGB data ([0..1] for floats or [0..255] for integers).
Clipping input data to the valid range for imshow with RGB data ([0..1] for floats or [0..255] for integers).
2021-12-14 18:20:44,474 case 5 mean_dice 0.327396 mean_hd95 43.331280
Predsum: 21527
GtSum: 34668
Predsum: 21527
GtSum: 34668
Predsum: 21527
GtSum: 34668
case 5 mean_dice 0.327396 mean_hd95 43.331280
2021-12-14 18:20:44,658 ============================================================
============================================================
2021-12-14 18:20:44,658 Subject 7 out of 10: case05
Subject 7 out of 10: case05
2021-12-14 18:20:49,292 case 6 mean_dice 0.566908 mean_hd95 46.626173
Predsum: 84740
GtSum: 60945
Predsum: 84740
GtSum: 60945
Predsum: 84740
GtSum: 60945
case 6 mean_dice 0.566908 mean_hd95 46.626173
2021-12-14 18:20:49,475 ============================================================
============================================================
2021-12-14 18:20:49,475 Subject 8 out of 10: case08
Subject 8 out of 10: case08
2021-12-14 18:20:53,869 case 7 mean_dice 0.725945 mean_hd95 110.088146
Predsum: 31117
GtSum: 24609
Predsum: 31117
GtSum: 24609
Predsum: 31117
GtSum: 24609
case 7 mean_dice 0.725945 mean_hd95 110.088146
2021-12-14 18:20:54,055 ============================================================
============================================================
2021-12-14 18:20:54,056 Subject 9 out of 10: case00
Subject 9 out of 10: case00
2021-12-14 18:20:59,037 case 8 mean_dice 0.717264 mean_hd95 35.249822
Predsum: 34489
GtSum: 46385
Predsum: 34489
GtSum: 46385
Predsum: 34489
GtSum: 46385
case 8 mean_dice 0.717264 mean_hd95 35.249822
2021-12-14 18:20:59,221 ============================================================
============================================================
2021-12-14 18:20:59,221 Subject 10 out of 10: case03
Subject 10 out of 10: case03
2021-12-14 18:21:03,772 case 9 mean_dice 0.580691 mean_hd95 64.668385
Predsum: 45730
GtSum: 23677
Predsum: 45730
GtSum: 23677
Predsum: 45730
GtSum: 23677
case 9 mean_dice 0.580691 mean_hd95 64.668385
2021-12-14 18:21:03,772 Mean class 0 mean_dice 0.625747 mean_hd95 49.740936
Mean class 0 mean_dice 0.625747 mean_hd95 49.740936
2021-12-14 18:21:03,772 Mean class 1 mean_dice 0.625747 mean_hd95 49.740936
Mean class 1 mean_dice 0.625747 mean_hd95 49.740936
2021-12-14 18:21:03,772 Mean class 2 mean_dice 0.625747 mean_hd95 49.740936
Mean class 2 mean_dice 0.625747 mean_hd95 49.740936
2021-12-14 18:21:03,773 Testing performance in best val model: mean_dice : 0.625747 mean_hd95 : 49.740936
Testing performance in best val model: mean_dice : 0.625747 mean_hd95 : 49.740936
test.py successfully executed
