2021-12-14 17:41:46,428 Namespace(volume_path='/itet-stor/arismu/bmicdatasets-originals/Originals/Challenge_Datasets/Prostate_PROMISE12/TrainingData/', test_dataset='HK', num_classes=3, max_iterations=6800, max_epochs=400, batch_size=16, img_size=256, is_savenii=True, n_skip=3, vit_name='R50-ViT-B_16', test_save_dir='../predictions', deterministic=1, base_lr=0.001, seed=1234, vit_patches_size=16, target_resolution=0.625, image_depth_tr=32, image_depth_ts=32, test_cv_fold_num=1, NORMALIZE=1, Dataset='HK', z_spacing=1, is_pretrain=True, exp='TU_RUNMC256')
Namespace(volume_path='/itet-stor/arismu/bmicdatasets-originals/Originals/Challenge_Datasets/Prostate_PROMISE12/TrainingData/', test_dataset='HK', num_classes=3, max_iterations=6800, max_epochs=400, batch_size=16, img_size=256, is_savenii=True, n_skip=3, vit_name='R50-ViT-B_16', test_save_dir='../predictions', deterministic=1, base_lr=0.001, seed=1234, vit_patches_size=16, target_resolution=0.625, image_depth_tr=32, image_depth_ts=32, test_cv_fold_num=1, NORMALIZE=1, Dataset='HK', z_spacing=1, is_pretrain=True, exp='TU_RUNMC256')
2021-12-14 17:41:46,429 TU_pretrain_R50-ViT-B_16_skip3_bs16_256
TU_pretrain_R50-ViT-B_16_skip3_bs16_256
2021-12-14 17:41:46,433 Already preprocessed this configuration. Loading now!
Already preprocessed this configuration. Loading now!
2021-12-14 17:41:57,592 ============================================================
============================================================
2021-12-14 17:41:57,593 Subject 1 out of 10: case44
Subject 1 out of 10: case44
2021-12-14 17:42:00,768 case 0 mean_dice 0.788242 mean_hd95 7.071068
Predsum: 24965
GtSum: 26164
Predsum: 24965
GtSum: 26164
Predsum: 24965
GtSum: 26164
case 0 mean_dice 0.788242 mean_hd95 7.071068
2021-12-14 17:42:00,942 ============================================================
============================================================
2021-12-14 17:42:00,942 Subject 2 out of 10: case43
Subject 2 out of 10: case43
2021-12-14 17:42:03,886 case 1 mean_dice 0.812264 mean_hd95 11.532563
Predsum: 34653
GtSum: 36026
Predsum: 34653
GtSum: 36026
Predsum: 34653
GtSum: 36026
case 1 mean_dice 0.812264 mean_hd95 11.532563
2021-12-14 17:42:04,028 ============================================================
============================================================
2021-12-14 17:42:04,028 Subject 3 out of 10: case45
Subject 3 out of 10: case45
2021-12-14 17:42:06,937 case 2 mean_dice 0.768033 mean_hd95 24.738634
Predsum: 18119
GtSum: 17067
Predsum: 18119
GtSum: 17067
Predsum: 18119
GtSum: 17067
case 2 mean_dice 0.768033 mean_hd95 24.738634
2021-12-14 17:42:07,086 ============================================================
============================================================
2021-12-14 17:42:07,086 Subject 4 out of 10: case47
Subject 4 out of 10: case47
2021-12-14 17:42:10,039 case 3 mean_dice 0.805207 mean_hd95 17.029386
Predsum: 31148
GtSum: 24234
Predsum: 31148
GtSum: 24234
Predsum: 31148
GtSum: 24234
case 3 mean_dice 0.805207 mean_hd95 17.029386
2021-12-14 17:42:10,181 ============================================================
============================================================
2021-12-14 17:42:10,181 Subject 5 out of 10: case39
Subject 5 out of 10: case39
2021-12-14 17:42:13,165 case 4 mean_dice 0.853551 mean_hd95 18.493242
Predsum: 38659
GtSum: 36917
Predsum: 38659
GtSum: 36917
Predsum: 38659
GtSum: 36917
case 4 mean_dice 0.853551 mean_hd95 18.493242
2021-12-14 17:42:13,308 ============================================================
============================================================
2021-12-14 17:42:13,308 Subject 6 out of 10: case41
Subject 6 out of 10: case41
2021-12-14 17:42:16,242 case 5 mean_dice 0.738759 mean_hd95 39.012818
Predsum: 17413
GtSum: 16682
Predsum: 17413
GtSum: 16682
Predsum: 17413
GtSum: 16682
case 5 mean_dice 0.738759 mean_hd95 39.012818
2021-12-14 17:42:16,384 ============================================================
============================================================
2021-12-14 17:42:16,384 Subject 7 out of 10: case46
Subject 7 out of 10: case46
2021-12-14 17:42:19,360 case 6 mean_dice 0.811414 mean_hd95 16.881943
Predsum: 39187
GtSum: 28766
Predsum: 39187
GtSum: 28766
Predsum: 39187
GtSum: 28766
case 6 mean_dice 0.811414 mean_hd95 16.881943
2021-12-14 17:42:19,518 ============================================================
============================================================
2021-12-14 17:42:19,518 Subject 8 out of 10: case38
Subject 8 out of 10: case38
2021-12-14 17:42:22,878 case 7 mean_dice 0.888546 mean_hd95 26.987033
Predsum: 67509
GtSum: 57583
Predsum: 67509
GtSum: 57583
Predsum: 67509
GtSum: 57583
case 7 mean_dice 0.888546 mean_hd95 26.987033
2021-12-14 17:42:23,025 ============================================================
============================================================
2021-12-14 17:42:23,025 Subject 9 out of 10: case40
Subject 9 out of 10: case40
2021-12-14 17:42:26,009 Clipping input data to the valid range for imshow with RGB data ([0..1] for floats or [0..255] for integers).
Clipping input data to the valid range for imshow with RGB data ([0..1] for floats or [0..255] for integers).
2021-12-14 17:42:28,679 case 8 mean_dice 0.813815 mean_hd95 14.317821
Predsum: 30073
GtSum: 25372
Predsum: 30073
GtSum: 25372
Predsum: 30073
GtSum: 25372
case 8 mean_dice 0.813815 mean_hd95 14.317821
2021-12-14 17:42:28,825 ============================================================
============================================================
2021-12-14 17:42:28,825 Subject 10 out of 10: case42
Subject 10 out of 10: case42
2021-12-14 17:42:31,906 case 9 mean_dice 0.899455 mean_hd95 3.000000
Predsum: 75576
GtSum: 80225
Predsum: 75576
GtSum: 80225
Predsum: 75576
GtSum: 80225
case 9 mean_dice 0.899455 mean_hd95 3.000000
2021-12-14 17:42:31,907 Mean class 0 mean_dice 0.817929 mean_hd95 17.906451
Mean class 0 mean_dice 0.817929 mean_hd95 17.906451
2021-12-14 17:42:31,907 Mean class 1 mean_dice 0.817929 mean_hd95 17.906451
Mean class 1 mean_dice 0.817929 mean_hd95 17.906451
2021-12-14 17:42:31,907 Mean class 2 mean_dice 0.817929 mean_hd95 17.906451
Mean class 2 mean_dice 0.817929 mean_hd95 17.906451
2021-12-14 17:42:31,907 Testing performance in best val model: mean_dice : 0.817929 mean_hd95 : 17.906451
Testing performance in best val model: mean_dice : 0.817929 mean_hd95 : 17.906451
test.py successfully executed
