2021-12-14 18:12:19,248 Namespace(volume_path='/itet-stor/arismu/bmicdatasets-originals/Originals/Challenge_Datasets/Prostate_PROMISE12/TrainingData/', test_dataset='HK', num_classes=3, max_iterations=6800, max_epochs=400, batch_size=16, img_size=256, is_savenii=True, n_skip=3, vit_name='R50-ViT-B_16', test_save_dir='../predictions', deterministic=1, base_lr=0.001, seed=1234, vit_patches_size=16, target_resolution=0.625, image_depth_tr=32, image_depth_ts=32, test_cv_fold_num=1, NORMALIZE=1, Dataset='HK', z_spacing=1, is_pretrain=True, exp='TU_RUNMC256')
Namespace(volume_path='/itet-stor/arismu/bmicdatasets-originals/Originals/Challenge_Datasets/Prostate_PROMISE12/TrainingData/', test_dataset='HK', num_classes=3, max_iterations=6800, max_epochs=400, batch_size=16, img_size=256, is_savenii=True, n_skip=3, vit_name='R50-ViT-B_16', test_save_dir='../predictions', deterministic=1, base_lr=0.001, seed=1234, vit_patches_size=16, target_resolution=0.625, image_depth_tr=32, image_depth_ts=32, test_cv_fold_num=1, NORMALIZE=1, Dataset='HK', z_spacing=1, is_pretrain=True, exp='TU_RUNMC256')
2021-12-14 18:12:19,249 TU_pretrain_R50-ViT-B_16_skip3_bs16_256
TU_pretrain_R50-ViT-B_16_skip3_bs16_256
2021-12-14 18:12:19,251 Already preprocessed this configuration. Loading now!
Already preprocessed this configuration. Loading now!
2021-12-14 18:12:30,463 ============================================================
============================================================
2021-12-14 18:12:30,464 Subject 1 out of 10: case44
Subject 1 out of 10: case44
2021-12-14 18:12:33,607 case 0 mean_dice 0.786821 mean_hd95 4.242641
Predsum: 19028
GtSum: 26164
Predsum: 19028
GtSum: 26164
Predsum: 19028
GtSum: 26164
case 0 mean_dice 0.786821 mean_hd95 4.242641
2021-12-14 18:12:33,781 ============================================================
============================================================
2021-12-14 18:12:33,781 Subject 2 out of 10: case43
Subject 2 out of 10: case43
2021-12-14 18:12:36,750 case 1 mean_dice 0.824916 mean_hd95 27.955320
Predsum: 34049
GtSum: 36026
Predsum: 34049
GtSum: 36026
Predsum: 34049
GtSum: 36026
case 1 mean_dice 0.824916 mean_hd95 27.955320
2021-12-14 18:12:36,901 ============================================================
============================================================
2021-12-14 18:12:36,901 Subject 3 out of 10: case45
Subject 3 out of 10: case45
2021-12-14 18:12:39,893 case 2 mean_dice 0.786939 mean_hd95 4.690416
Predsum: 18796
GtSum: 17067
Predsum: 18796
GtSum: 17067
Predsum: 18796
GtSum: 17067
case 2 mean_dice 0.786939 mean_hd95 4.690416
2021-12-14 18:12:40,046 ============================================================
============================================================
2021-12-14 18:12:40,046 Subject 4 out of 10: case47
Subject 4 out of 10: case47
2021-12-14 18:12:43,036 case 3 mean_dice 0.860525 mean_hd95 20.000000
Predsum: 24083
GtSum: 24234
Predsum: 24083
GtSum: 24234
Predsum: 24083
GtSum: 24234
case 3 mean_dice 0.860525 mean_hd95 20.000000
2021-12-14 18:12:43,178 ============================================================
============================================================
2021-12-14 18:12:43,178 Subject 5 out of 10: case39
Subject 5 out of 10: case39
2021-12-14 18:12:46,204 case 4 mean_dice 0.837913 mean_hd95 41.308594
Predsum: 34372
GtSum: 36917
Predsum: 34372
GtSum: 36917
Predsum: 34372
GtSum: 36917
case 4 mean_dice 0.837913 mean_hd95 41.308594
2021-12-14 18:12:46,355 ============================================================
============================================================
2021-12-14 18:12:46,355 Subject 6 out of 10: case41
Subject 6 out of 10: case41
2021-12-14 18:12:49,263 case 5 mean_dice 0.845215 mean_hd95 2.236068
Predsum: 15679
GtSum: 16682
Predsum: 15679
GtSum: 16682
Predsum: 15679
GtSum: 16682
case 5 mean_dice 0.845215 mean_hd95 2.236068
2021-12-14 18:12:49,403 ============================================================
============================================================
2021-12-14 18:12:49,403 Subject 7 out of 10: case46
Subject 7 out of 10: case46
2021-12-14 18:12:52,365 case 6 mean_dice 0.836120 mean_hd95 5.830952
Predsum: 30094
GtSum: 28766
Predsum: 30094
GtSum: 28766
Predsum: 30094
GtSum: 28766
case 6 mean_dice 0.836120 mean_hd95 5.830952
2021-12-14 18:12:52,512 ============================================================
============================================================
2021-12-14 18:12:52,512 Subject 8 out of 10: case38
Subject 8 out of 10: case38
2021-12-14 18:12:55,816 case 7 mean_dice 0.916822 mean_hd95 5.830952
Predsum: 59395
GtSum: 57583
Predsum: 59395
GtSum: 57583
Predsum: 59395
GtSum: 57583
case 7 mean_dice 0.916822 mean_hd95 5.830952
2021-12-14 18:12:55,954 ============================================================
============================================================
2021-12-14 18:12:55,955 Subject 9 out of 10: case40
Subject 9 out of 10: case40
2021-12-14 18:12:58,884 Clipping input data to the valid range for imshow with RGB data ([0..1] for floats or [0..255] for integers).
Clipping input data to the valid range for imshow with RGB data ([0..1] for floats or [0..255] for integers).
2021-12-14 18:13:01,502 case 8 mean_dice 0.832284 mean_hd95 5.000000
Predsum: 21946
GtSum: 25372
Predsum: 21946
GtSum: 25372
Predsum: 21946
GtSum: 25372
case 8 mean_dice 0.832284 mean_hd95 5.000000
2021-12-14 18:13:01,652 ============================================================
============================================================
2021-12-14 18:13:01,652 Subject 10 out of 10: case42
Subject 10 out of 10: case42
2021-12-14 18:13:04,704 case 9 mean_dice 0.932055 mean_hd95 2.236068
Predsum: 75504
GtSum: 80225
Predsum: 75504
GtSum: 80225
Predsum: 75504
GtSum: 80225
case 9 mean_dice 0.932055 mean_hd95 2.236068
2021-12-14 18:13:04,704 Mean class 0 mean_dice 0.845961 mean_hd95 11.933101
Mean class 0 mean_dice 0.845961 mean_hd95 11.933101
2021-12-14 18:13:04,704 Mean class 1 mean_dice 0.845961 mean_hd95 11.933101
Mean class 1 mean_dice 0.845961 mean_hd95 11.933101
2021-12-14 18:13:04,704 Mean class 2 mean_dice 0.845961 mean_hd95 11.933101
Mean class 2 mean_dice 0.845961 mean_hd95 11.933101
2021-12-14 18:13:04,704 Testing performance in best val model: mean_dice : 0.845961 mean_hd95 : 11.933101
Testing performance in best val model: mean_dice : 0.845961 mean_hd95 : 11.933101
test.py successfully executed
