2021-12-14 17:36:09,986 Namespace(volume_path='/itet-stor/arismu/bmicdatasets-originals/Originals/Challenge_Datasets/Prostate_PROMISE12/TrainingData/', test_dataset='UCL', num_classes=3, max_iterations=6800, max_epochs=400, batch_size=16, img_size=256, is_savenii=True, n_skip=3, vit_name='R50-ViT-B_16', test_save_dir='../predictions', deterministic=1, base_lr=0.001, seed=1234, vit_patches_size=16, target_resolution=0.625, image_depth_tr=32, image_depth_ts=32, test_cv_fold_num=1, NORMALIZE=1, Dataset='UCL', z_spacing=1, is_pretrain=True, exp='TU_RUNMC256')
Namespace(volume_path='/itet-stor/arismu/bmicdatasets-originals/Originals/Challenge_Datasets/Prostate_PROMISE12/TrainingData/', test_dataset='UCL', num_classes=3, max_iterations=6800, max_epochs=400, batch_size=16, img_size=256, is_savenii=True, n_skip=3, vit_name='R50-ViT-B_16', test_save_dir='../predictions', deterministic=1, base_lr=0.001, seed=1234, vit_patches_size=16, target_resolution=0.625, image_depth_tr=32, image_depth_ts=32, test_cv_fold_num=1, NORMALIZE=1, Dataset='UCL', z_spacing=1, is_pretrain=True, exp='TU_RUNMC256')
2021-12-14 17:36:09,987 TU_pretrain_R50-ViT-B_16_skip3_bs16_256
TU_pretrain_R50-ViT-B_16_skip3_bs16_256
2021-12-14 17:36:10,004 Already preprocessed this configuration. Loading now!
Already preprocessed this configuration. Loading now!
2021-12-14 17:36:28,470 ============================================================
============================================================
2021-12-14 17:36:28,472 Subject 1 out of 11: case29
Subject 1 out of 11: case29
2021-12-14 17:36:31,124 case 0 mean_dice 0.584998 mean_hd95 54.744863
Predsum: 55618
GtSum: 50526
Predsum: 55618
GtSum: 50526
Predsum: 55618
GtSum: 50526
case 0 mean_dice 0.584998 mean_hd95 54.744863
2021-12-14 17:36:31,339 ============================================================
============================================================
2021-12-14 17:36:31,339 Subject 2 out of 11: case33
Subject 2 out of 11: case33
2021-12-14 17:36:33,649 case 1 mean_dice 0.790950 mean_hd95 3.162278
Predsum: 20732
GtSum: 27974
Predsum: 20732
GtSum: 27974
Predsum: 20732
GtSum: 27974
case 1 mean_dice 0.790950 mean_hd95 3.162278
2021-12-14 17:36:33,831 ============================================================
============================================================
2021-12-14 17:36:33,832 Subject 3 out of 11: case26
Subject 3 out of 11: case26
2021-12-14 17:36:36,235 case 2 mean_dice 0.843341 mean_hd95 12.835487
Predsum: 45640
GtSum: 41390
Predsum: 45640
GtSum: 41390
Predsum: 45640
GtSum: 41390
case 2 mean_dice 0.843341 mean_hd95 12.835487
2021-12-14 17:36:36,420 ============================================================
============================================================
2021-12-14 17:36:36,420 Subject 4 out of 11: case32
Subject 4 out of 11: case32
2021-12-14 17:36:39,058 Clipping input data to the valid range for imshow with RGB data ([0..1] for floats or [0..255] for integers).
Clipping input data to the valid range for imshow with RGB data ([0..1] for floats or [0..255] for integers).
2021-12-14 17:36:41,203 case 3 mean_dice 0.606093 mean_hd95 49.490403
Predsum: 27430
GtSum: 20919
Predsum: 27430
GtSum: 20919
Predsum: 27430
GtSum: 20919
case 3 mean_dice 0.606093 mean_hd95 49.490403
2021-12-14 17:36:41,389 ============================================================
============================================================
2021-12-14 17:36:41,389 Subject 5 out of 11: case35
Subject 5 out of 11: case35
2021-12-14 17:36:43,696 case 4 mean_dice 0.804532 mean_hd95 3.605551
Predsum: 18131
GtSum: 24679
Predsum: 18131
GtSum: 24679
Predsum: 18131
GtSum: 24679
case 4 mean_dice 0.804532 mean_hd95 3.605551
2021-12-14 17:36:43,878 ============================================================
============================================================
2021-12-14 17:36:43,879 Subject 6 out of 11: case30
Subject 6 out of 11: case30
2021-12-14 17:36:46,263 case 5 mean_dice 0.629643 mean_hd95 38.052595
Predsum: 45592
GtSum: 34752
Predsum: 45592
GtSum: 34752
Predsum: 45592
GtSum: 34752
case 5 mean_dice 0.629643 mean_hd95 38.052595
2021-12-14 17:36:46,446 ============================================================
============================================================
2021-12-14 17:36:46,447 Subject 7 out of 11: case28
Subject 7 out of 11: case28
2021-12-14 17:36:48,814 case 6 mean_dice 0.695753 mean_hd95 18.193405
Predsum: 49044
GtSum: 35302
Predsum: 49044
GtSum: 35302
Predsum: 49044
GtSum: 35302
case 6 mean_dice 0.695753 mean_hd95 18.193405
2021-12-14 17:36:49,001 ============================================================
============================================================
2021-12-14 17:36:49,001 Subject 8 out of 11: case34
Subject 8 out of 11: case34
2021-12-14 17:36:51,824 case 7 mean_dice 0.748633 mean_hd95 16.401219
Predsum: 34419
GtSum: 22108
Predsum: 34419
GtSum: 22108
Predsum: 34419
GtSum: 22108
case 7 mean_dice 0.748633 mean_hd95 16.401219
2021-12-14 17:36:52,007 ============================================================
============================================================
2021-12-14 17:36:52,007 Subject 9 out of 11: case01
Subject 9 out of 11: case01
2021-12-14 17:36:55,117 case 8 mean_dice 0.691529 mean_hd95 12.569805
Predsum: 37737
GtSum: 32785
Predsum: 37737
GtSum: 32785
Predsum: 37737
GtSum: 32785
case 8 mean_dice 0.691529 mean_hd95 12.569805
2021-12-14 17:36:55,301 ============================================================
============================================================
2021-12-14 17:36:55,301 Subject 10 out of 11: case27
Subject 10 out of 11: case27
2021-12-14 17:36:57,652 case 9 mean_dice 0.777853 mean_hd95 30.504917
Predsum: 26053
GtSum: 28312
Predsum: 26053
GtSum: 28312
Predsum: 26053
GtSum: 28312
case 9 mean_dice 0.777853 mean_hd95 30.504917
2021-12-14 17:36:57,836 ============================================================
============================================================
2021-12-14 17:36:57,836 Subject 11 out of 11: case31
Subject 11 out of 11: case31
2021-12-14 17:37:00,237 case 10 mean_dice 0.799244 mean_hd95 33.376639
Predsum: 43228
GtSum: 38802
Predsum: 43228
GtSum: 38802
Predsum: 43228
GtSum: 38802
case 10 mean_dice 0.799244 mean_hd95 33.376639
2021-12-14 17:37:00,237 Mean class 0 mean_dice 0.724779 mean_hd95 24.812469
Mean class 0 mean_dice 0.724779 mean_hd95 24.812469
2021-12-14 17:37:00,237 Mean class 1 mean_dice 0.724779 mean_hd95 24.812469
Mean class 1 mean_dice 0.724779 mean_hd95 24.812469
2021-12-14 17:37:00,237 Mean class 2 mean_dice 0.724779 mean_hd95 24.812469
Mean class 2 mean_dice 0.724779 mean_hd95 24.812469
2021-12-14 17:37:00,237 Testing performance in best val model: mean_dice : 0.724779 mean_hd95 : 24.812469
Testing performance in best val model: mean_dice : 0.724779 mean_hd95 : 24.812469
test.py successfully executed
