2021-12-12 15:12:18,670 Namespace(volume_path='/itet-stor/arismu/bmicdatasets-originals/Originals/Challenge_Datasets/Prostate_PROMISE12/TrainingData/', test_dataset='UCL', num_classes=3, max_iterations=6800, max_epochs=400, batch_size=16, img_size=256, is_savenii=True, n_skip=3, vit_name='R50-ViT-B_16', test_save_dir='../predictions', deterministic=1, base_lr=0.001, seed=1234, vit_patches_size=16, target_resolution=0.625, image_depth_tr=32, image_depth_ts=32, test_cv_fold_num=1, NORMALIZE=1, Dataset='UCL', z_spacing=1, is_pretrain=True, exp='TU_RUNMC256')
Namespace(volume_path='/itet-stor/arismu/bmicdatasets-originals/Originals/Challenge_Datasets/Prostate_PROMISE12/TrainingData/', test_dataset='UCL', num_classes=3, max_iterations=6800, max_epochs=400, batch_size=16, img_size=256, is_savenii=True, n_skip=3, vit_name='R50-ViT-B_16', test_save_dir='../predictions', deterministic=1, base_lr=0.001, seed=1234, vit_patches_size=16, target_resolution=0.625, image_depth_tr=32, image_depth_ts=32, test_cv_fold_num=1, NORMALIZE=1, Dataset='UCL', z_spacing=1, is_pretrain=True, exp='TU_RUNMC256')
2021-12-12 15:12:18,670 TU_pretrain_R50-ViT-B_16_skip3_bs16_256
TU_pretrain_R50-ViT-B_16_skip3_bs16_256
2021-12-12 15:12:18,692 Already preprocessed this configuration. Loading now!
Already preprocessed this configuration. Loading now!
2021-12-12 15:12:40,945 ============================================================
============================================================
2021-12-12 15:12:40,970 Subject 1 out of 11: case29
Subject 1 out of 11: case29
2021-12-12 15:12:43,663 case 0 mean_dice 0.398918 mean_hd95 18.814888
Predsum: 23053
GtSum: 50526
Predsum: 23053
GtSum: 50526
Predsum: 23053
GtSum: 50526
case 0 mean_dice 0.398918 mean_hd95 18.814888
2021-12-12 15:12:43,886 ============================================================
============================================================
2021-12-12 15:12:43,886 Subject 2 out of 11: case33
Subject 2 out of 11: case33
2021-12-12 15:12:46,281 case 1 mean_dice 0.837013 mean_hd95 2.449490
Predsum: 25337
GtSum: 27974
Predsum: 25337
GtSum: 27974
Predsum: 25337
GtSum: 27974
case 1 mean_dice 0.837013 mean_hd95 2.449490
2021-12-12 15:12:46,469 ============================================================
============================================================
2021-12-12 15:12:46,469 Subject 3 out of 11: case26
Subject 3 out of 11: case26
2021-12-12 15:12:48,908 case 2 mean_dice 0.873319 mean_hd95 3.000000
Predsum: 39719
GtSum: 41390
Predsum: 39719
GtSum: 41390
Predsum: 39719
GtSum: 41390
case 2 mean_dice 0.873319 mean_hd95 3.000000
2021-12-12 15:12:49,098 ============================================================
============================================================
2021-12-12 15:12:49,099 Subject 4 out of 11: case32
Subject 4 out of 11: case32
2021-12-12 15:12:51,518 case 3 mean_dice 0.682158 mean_hd95 44.553339
Predsum: 25041
GtSum: 20919
Predsum: 25041
GtSum: 20919
Predsum: 25041
GtSum: 20919
case 3 mean_dice 0.682158 mean_hd95 44.553339
2021-12-12 15:12:51,708 ============================================================
============================================================
2021-12-12 15:12:51,708 Subject 5 out of 11: case35
Subject 5 out of 11: case35
2021-12-12 15:12:54,011 case 4 mean_dice 0.850020 mean_hd95 2.449490
Predsum: 20127
GtSum: 24679
Predsum: 20127
GtSum: 24679
Predsum: 20127
GtSum: 24679
case 4 mean_dice 0.850020 mean_hd95 2.449490
2021-12-12 15:12:54,193 ============================================================
============================================================
2021-12-12 15:12:54,193 Subject 6 out of 11: case30
Subject 6 out of 11: case30
2021-12-12 15:12:56,520 case 5 mean_dice 0.727118 mean_hd95 9.000000
Predsum: 31097
GtSum: 34752
Predsum: 31097
GtSum: 34752
Predsum: 31097
GtSum: 34752
case 5 mean_dice 0.727118 mean_hd95 9.000000
2021-12-12 15:12:56,701 ============================================================
============================================================
2021-12-12 15:12:56,702 Subject 7 out of 11: case28
Subject 7 out of 11: case28
2021-12-12 15:12:59,147 case 6 mean_dice 0.798033 mean_hd95 5.000000
Predsum: 35457
GtSum: 35302
Predsum: 35457
GtSum: 35302
Predsum: 35457
GtSum: 35302
case 6 mean_dice 0.798033 mean_hd95 5.000000
2021-12-12 15:12:59,343 ============================================================
============================================================
2021-12-12 15:12:59,343 Subject 8 out of 11: case34
Subject 8 out of 11: case34
2021-12-12 15:13:02,190 case 7 mean_dice 0.826807 mean_hd95 5.000000
Predsum: 28402
GtSum: 22108
Predsum: 28402
GtSum: 22108
Predsum: 28402
GtSum: 22108
case 7 mean_dice 0.826807 mean_hd95 5.000000
2021-12-12 15:13:02,395 ============================================================
============================================================
2021-12-12 15:13:02,395 Subject 9 out of 11: case01
Subject 9 out of 11: case01
2021-12-12 15:13:05,525 case 8 mean_dice 0.830045 mean_hd95 4.242641
Predsum: 28696
GtSum: 32785
Predsum: 28696
GtSum: 32785
Predsum: 28696
GtSum: 32785
case 8 mean_dice 0.830045 mean_hd95 4.242641
2021-12-12 15:13:05,713 ============================================================
============================================================
2021-12-12 15:13:05,714 Subject 10 out of 11: case27
Subject 10 out of 11: case27
2021-12-12 15:13:08,126 case 9 mean_dice 0.704736 mean_hd95 32.822248
Predsum: 20827
GtSum: 28312
Predsum: 20827
GtSum: 28312
Predsum: 20827
GtSum: 28312
case 9 mean_dice 0.704736 mean_hd95 32.822248
2021-12-12 15:13:08,327 ============================================================
============================================================
2021-12-12 15:13:08,327 Subject 11 out of 11: case31
Subject 11 out of 11: case31
2021-12-12 15:13:10,719 case 10 mean_dice 0.834143 mean_hd95 10.000000
Predsum: 36715
GtSum: 38802
Predsum: 36715
GtSum: 38802
Predsum: 36715
GtSum: 38802
case 10 mean_dice 0.834143 mean_hd95 10.000000
2021-12-12 15:13:10,719 Mean class 0 mean_dice 0.760210 mean_hd95 12.484736
Mean class 0 mean_dice 0.760210 mean_hd95 12.484736
2021-12-12 15:13:10,719 Mean class 1 mean_dice 0.760210 mean_hd95 12.484736
Mean class 1 mean_dice 0.760210 mean_hd95 12.484736
2021-12-12 15:13:10,719 Mean class 2 mean_dice 0.760210 mean_hd95 12.484736
Mean class 2 mean_dice 0.760210 mean_hd95 12.484736
2021-12-12 15:13:10,719 Testing performance in best val model: mean_dice : 0.760210 mean_hd95 : 12.484736
Testing performance in best val model: mean_dice : 0.760210 mean_hd95 : 12.484736
test.py successfully executed
