2021-12-13 10:17:08,599 Namespace(volume_path='/itet-stor/arismu/bmicdatasets-originals/Originals/Challenge_Datasets/Prostate_PROMISE12/TrainingData/', test_dataset='UCL', num_classes=3, max_iterations=6800, max_epochs=400, batch_size=16, img_size=256, is_savenii=True, n_skip=3, vit_name='R50-ViT-B_16', test_save_dir='../predictions', deterministic=1, base_lr=0.001, seed=1234, vit_patches_size=16, target_resolution=0.625, image_depth_tr=32, image_depth_ts=32, test_cv_fold_num=1, NORMALIZE=1, Dataset='UCL', z_spacing=1, is_pretrain=True, exp='TU_RUNMC256')
Namespace(volume_path='/itet-stor/arismu/bmicdatasets-originals/Originals/Challenge_Datasets/Prostate_PROMISE12/TrainingData/', test_dataset='UCL', num_classes=3, max_iterations=6800, max_epochs=400, batch_size=16, img_size=256, is_savenii=True, n_skip=3, vit_name='R50-ViT-B_16', test_save_dir='../predictions', deterministic=1, base_lr=0.001, seed=1234, vit_patches_size=16, target_resolution=0.625, image_depth_tr=32, image_depth_ts=32, test_cv_fold_num=1, NORMALIZE=1, Dataset='UCL', z_spacing=1, is_pretrain=True, exp='TU_RUNMC256')
2021-12-13 10:17:08,600 TU_pretrain_R50-ViT-B_16_skip3_bs16_256
TU_pretrain_R50-ViT-B_16_skip3_bs16_256
2021-12-13 10:17:08,620 Already preprocessed this configuration. Loading now!
Already preprocessed this configuration. Loading now!
2021-12-13 10:17:27,984 ============================================================
============================================================
2021-12-13 10:17:28,013 Subject 1 out of 11: case29
Subject 1 out of 11: case29
2021-12-13 10:17:31,298 case 0 mean_dice 0.826498 mean_hd95 13.564660
Predsum: 62631
GtSum: 50526
Predsum: 62631
GtSum: 50526
Predsum: 62631
GtSum: 50526
case 0 mean_dice 0.826498 mean_hd95 13.564660
2021-12-13 10:17:31,588 ============================================================
============================================================
2021-12-13 10:17:31,588 Subject 2 out of 11: case33
Subject 2 out of 11: case33
2021-12-13 10:17:34,525 case 1 mean_dice 0.846066 mean_hd95 3.000000
Predsum: 27998
GtSum: 27974
Predsum: 27998
GtSum: 27974
Predsum: 27998
GtSum: 27974
case 1 mean_dice 0.846066 mean_hd95 3.000000
2021-12-13 10:17:34,773 ============================================================
============================================================
2021-12-13 10:17:34,773 Subject 3 out of 11: case26
Subject 3 out of 11: case26
2021-12-13 10:17:38,185 case 2 mean_dice 0.872736 mean_hd95 54.434788
Predsum: 46687
GtSum: 41390
Predsum: 46687
GtSum: 41390
Predsum: 46687
GtSum: 41390
case 2 mean_dice 0.872736 mean_hd95 54.434788
2021-12-13 10:17:38,428 ============================================================
============================================================
2021-12-13 10:17:38,428 Subject 4 out of 11: case32
Subject 4 out of 11: case32
2021-12-13 10:17:41,553 case 3 mean_dice 0.656519 mean_hd95 54.416907
Predsum: 32889
GtSum: 20919
Predsum: 32889
GtSum: 20919
Predsum: 32889
GtSum: 20919
case 3 mean_dice 0.656519 mean_hd95 54.416907
2021-12-13 10:17:41,798 ============================================================
============================================================
2021-12-13 10:17:41,798 Subject 5 out of 11: case35
Subject 5 out of 11: case35
2021-12-13 10:17:44,654 case 4 mean_dice 0.850429 mean_hd95 3.000000
Predsum: 20002
GtSum: 24679
Predsum: 20002
GtSum: 24679
Predsum: 20002
GtSum: 24679
case 4 mean_dice 0.850429 mean_hd95 3.000000
2021-12-13 10:17:44,886 ============================================================
============================================================
2021-12-13 10:17:44,887 Subject 6 out of 11: case30
Subject 6 out of 11: case30
2021-12-13 10:17:47,864 case 5 mean_dice 0.762805 mean_hd95 57.201399
Predsum: 41506
GtSum: 34752
Predsum: 41506
GtSum: 34752
Predsum: 41506
GtSum: 34752
case 5 mean_dice 0.762805 mean_hd95 57.201399
2021-12-13 10:17:48,100 ============================================================
============================================================
2021-12-13 10:17:48,100 Subject 7 out of 11: case28
Subject 7 out of 11: case28
2021-12-13 10:17:51,057 case 6 mean_dice 0.813076 mean_hd95 17.464249
Predsum: 41847
GtSum: 35302
Predsum: 41847
GtSum: 35302
Predsum: 41847
GtSum: 35302
case 6 mean_dice 0.813076 mean_hd95 17.464249
2021-12-13 10:17:51,300 ============================================================
============================================================
2021-12-13 10:17:51,300 Subject 8 out of 11: case34
Subject 8 out of 11: case34
2021-12-13 10:17:54,800 case 7 mean_dice 0.786590 mean_hd95 59.214441
Predsum: 29464
GtSum: 22108
Predsum: 29464
GtSum: 22108
Predsum: 29464
GtSum: 22108
case 7 mean_dice 0.786590 mean_hd95 59.214441
2021-12-13 10:17:55,039 ============================================================
============================================================
2021-12-13 10:17:55,039 Subject 9 out of 11: case01
Subject 9 out of 11: case01
2021-12-13 10:17:58,827 case 8 mean_dice 0.869766 mean_hd95 7.874008
Predsum: 35208
GtSum: 32785
Predsum: 35208
GtSum: 32785
Predsum: 35208
GtSum: 32785
case 8 mean_dice 0.869766 mean_hd95 7.874008
2021-12-13 10:17:59,059 ============================================================
============================================================
2021-12-13 10:17:59,059 Subject 10 out of 11: case27
Subject 10 out of 11: case27
2021-12-13 10:18:02,045 case 9 mean_dice 0.822379 mean_hd95 80.303798
Predsum: 27509
GtSum: 28312
Predsum: 27509
GtSum: 28312
Predsum: 27509
GtSum: 28312
case 9 mean_dice 0.822379 mean_hd95 80.303798
2021-12-13 10:18:02,284 ============================================================
============================================================
2021-12-13 10:18:02,284 Subject 11 out of 11: case31
Subject 11 out of 11: case31
2021-12-13 10:18:05,305 case 10 mean_dice 0.879486 mean_hd95 32.473047
Predsum: 44881
GtSum: 38802
Predsum: 44881
GtSum: 38802
Predsum: 44881
GtSum: 38802
case 10 mean_dice 0.879486 mean_hd95 32.473047
2021-12-13 10:18:05,305 Mean class 0 mean_dice 0.816941 mean_hd95 34.813390
Mean class 0 mean_dice 0.816941 mean_hd95 34.813390
2021-12-13 10:18:05,305 Mean class 1 mean_dice 0.816941 mean_hd95 34.813390
Mean class 1 mean_dice 0.816941 mean_hd95 34.813390
2021-12-13 10:18:05,305 Mean class 2 mean_dice 0.816941 mean_hd95 34.813390
Mean class 2 mean_dice 0.816941 mean_hd95 34.813390
2021-12-13 10:18:05,305 Testing performance in best val model: mean_dice : 0.816941 mean_hd95 : 34.813390
Testing performance in best val model: mean_dice : 0.816941 mean_hd95 : 34.813390
test.py successfully executed
