2021-12-12 15:07:16,184 Namespace(volume_path='/itet-stor/arismu/bmicdatasets-originals/Originals/Challenge_Datasets/Prostate_PROMISE12/TrainingData/', test_dataset='UCL', num_classes=3, max_iterations=6800, max_epochs=400, batch_size=16, img_size=256, is_savenii=True, n_skip=3, vit_name='R50-ViT-B_16', test_save_dir='../predictions', deterministic=1, base_lr=0.001, seed=1234, vit_patches_size=16, target_resolution=0.625, image_depth_tr=32, image_depth_ts=32, test_cv_fold_num=1, NORMALIZE=1, Dataset='UCL', z_spacing=1, is_pretrain=True, exp='TU_RUNMC256')
Namespace(volume_path='/itet-stor/arismu/bmicdatasets-originals/Originals/Challenge_Datasets/Prostate_PROMISE12/TrainingData/', test_dataset='UCL', num_classes=3, max_iterations=6800, max_epochs=400, batch_size=16, img_size=256, is_savenii=True, n_skip=3, vit_name='R50-ViT-B_16', test_save_dir='../predictions', deterministic=1, base_lr=0.001, seed=1234, vit_patches_size=16, target_resolution=0.625, image_depth_tr=32, image_depth_ts=32, test_cv_fold_num=1, NORMALIZE=1, Dataset='UCL', z_spacing=1, is_pretrain=True, exp='TU_RUNMC256')
2021-12-12 15:07:16,185 TU_pretrain_R50-ViT-B_16_skip3_bs16_256
TU_pretrain_R50-ViT-B_16_skip3_bs16_256
2021-12-12 15:07:16,210 Already preprocessed this configuration. Loading now!
Already preprocessed this configuration. Loading now!
2021-12-12 15:07:38,910 ============================================================
============================================================
2021-12-12 15:07:38,911 Subject 1 out of 11: case29
Subject 1 out of 11: case29
2021-12-12 15:07:41,790 case 0 mean_dice 0.814374 mean_hd95 9.000000
Predsum: 61678
GtSum: 50526
Predsum: 61678
GtSum: 50526
Predsum: 61678
GtSum: 50526
case 0 mean_dice 0.814374 mean_hd95 9.000000
2021-12-12 15:07:42,043 ============================================================
============================================================
2021-12-12 15:07:42,043 Subject 2 out of 11: case33
Subject 2 out of 11: case33
2021-12-12 15:07:44,675 case 1 mean_dice 0.810959 mean_hd95 3.162278
Predsum: 26993
GtSum: 27974
Predsum: 26993
GtSum: 27974
Predsum: 26993
GtSum: 27974
case 1 mean_dice 0.810959 mean_hd95 3.162278
2021-12-12 15:07:44,906 ============================================================
============================================================
2021-12-12 15:07:44,906 Subject 3 out of 11: case26
Subject 3 out of 11: case26
2021-12-12 15:07:47,527 case 2 mean_dice 0.895491 mean_hd95 2.236068
Predsum: 43875
GtSum: 41390
Predsum: 43875
GtSum: 41390
Predsum: 43875
GtSum: 41390
case 2 mean_dice 0.895491 mean_hd95 2.236068
2021-12-12 15:07:47,754 ============================================================
============================================================
2021-12-12 15:07:47,754 Subject 4 out of 11: case32
Subject 4 out of 11: case32
2021-12-12 15:07:50,361 case 3 mean_dice 0.784345 mean_hd95 35.406210
Predsum: 24997
GtSum: 20919
Predsum: 24997
GtSum: 20919
Predsum: 24997
GtSum: 20919
case 3 mean_dice 0.784345 mean_hd95 35.406210
2021-12-12 15:07:50,589 ============================================================
============================================================
2021-12-12 15:07:50,589 Subject 5 out of 11: case35
Subject 5 out of 11: case35
2021-12-12 15:07:53,212 case 4 mean_dice 0.849252 mean_hd95 59.620465
Predsum: 22353
GtSum: 24679
Predsum: 22353
GtSum: 24679
Predsum: 22353
GtSum: 24679
case 4 mean_dice 0.849252 mean_hd95 59.620465
2021-12-12 15:07:53,437 ============================================================
============================================================
2021-12-12 15:07:53,438 Subject 6 out of 11: case30
Subject 6 out of 11: case30
2021-12-12 15:07:56,122 case 5 mean_dice 0.743034 mean_hd95 12.369317
Predsum: 39748
GtSum: 34752
Predsum: 39748
GtSum: 34752
Predsum: 39748
GtSum: 34752
case 5 mean_dice 0.743034 mean_hd95 12.369317
2021-12-12 15:07:56,357 ============================================================
============================================================
2021-12-12 15:07:56,357 Subject 7 out of 11: case28
Subject 7 out of 11: case28
2021-12-12 15:07:59,007 case 6 mean_dice 0.828359 mean_hd95 5.830952
Predsum: 40414
GtSum: 35302
Predsum: 40414
GtSum: 35302
Predsum: 40414
GtSum: 35302
case 6 mean_dice 0.828359 mean_hd95 5.830952
2021-12-12 15:07:59,240 ============================================================
============================================================
2021-12-12 15:07:59,240 Subject 8 out of 11: case34
Subject 8 out of 11: case34
2021-12-12 15:08:02,343 case 7 mean_dice 0.785347 mean_hd95 12.083046
Predsum: 31341
GtSum: 22108
Predsum: 31341
GtSum: 22108
Predsum: 31341
GtSum: 22108
case 7 mean_dice 0.785347 mean_hd95 12.083046
2021-12-12 15:08:02,580 ============================================================
============================================================
2021-12-12 15:08:02,580 Subject 9 out of 11: case01
Subject 9 out of 11: case01
2021-12-12 15:08:05,969 case 8 mean_dice 0.842960 mean_hd95 7.211103
Predsum: 30390
GtSum: 32785
Predsum: 30390
GtSum: 32785
Predsum: 30390
GtSum: 32785
case 8 mean_dice 0.842960 mean_hd95 7.211103
2021-12-12 15:08:06,199 ============================================================
============================================================
2021-12-12 15:08:06,199 Subject 10 out of 11: case27
Subject 10 out of 11: case27
2021-12-12 15:08:08,879 case 9 mean_dice 0.842732 mean_hd95 19.319676
Predsum: 28947
GtSum: 28312
Predsum: 28947
GtSum: 28312
Predsum: 28947
GtSum: 28312
case 9 mean_dice 0.842732 mean_hd95 19.319676
2021-12-12 15:08:09,108 ============================================================
============================================================
2021-12-12 15:08:09,108 Subject 11 out of 11: case31
Subject 11 out of 11: case31
2021-12-12 15:08:11,779 case 10 mean_dice 0.876418 mean_hd95 59.742782
Predsum: 44738
GtSum: 38802
Predsum: 44738
GtSum: 38802
Predsum: 44738
GtSum: 38802
case 10 mean_dice 0.876418 mean_hd95 59.742782
2021-12-12 15:08:11,779 Mean class 0 mean_dice 0.824843 mean_hd95 20.543809
Mean class 0 mean_dice 0.824843 mean_hd95 20.543809
2021-12-12 15:08:11,779 Mean class 1 mean_dice 0.824843 mean_hd95 20.543809
Mean class 1 mean_dice 0.824843 mean_hd95 20.543809
2021-12-12 15:08:11,780 Mean class 2 mean_dice 0.824843 mean_hd95 20.543809
Mean class 2 mean_dice 0.824843 mean_hd95 20.543809
2021-12-12 15:08:11,780 Testing performance in best val model: mean_dice : 0.824843 mean_hd95 : 20.543809
Testing performance in best val model: mean_dice : 0.824843 mean_hd95 : 20.543809
test.py successfully executed
