2021-12-13 10:03:36,261 Namespace(volume_path='/itet-stor/arismu/bmicdatasets-originals/Originals/Challenge_Datasets/Prostate_PROMISE12/TrainingData/', test_dataset='UCL', num_classes=3, max_iterations=6800, max_epochs=400, batch_size=16, img_size=256, is_savenii=True, n_skip=3, vit_name='R50-ViT-B_16', test_save_dir='../predictions', deterministic=1, base_lr=0.001, seed=1234, vit_patches_size=16, target_resolution=0.625, image_depth_tr=32, image_depth_ts=32, test_cv_fold_num=1, NORMALIZE=1, Dataset='UCL', z_spacing=1, is_pretrain=True, exp='TU_RUNMC256')
Namespace(volume_path='/itet-stor/arismu/bmicdatasets-originals/Originals/Challenge_Datasets/Prostate_PROMISE12/TrainingData/', test_dataset='UCL', num_classes=3, max_iterations=6800, max_epochs=400, batch_size=16, img_size=256, is_savenii=True, n_skip=3, vit_name='R50-ViT-B_16', test_save_dir='../predictions', deterministic=1, base_lr=0.001, seed=1234, vit_patches_size=16, target_resolution=0.625, image_depth_tr=32, image_depth_ts=32, test_cv_fold_num=1, NORMALIZE=1, Dataset='UCL', z_spacing=1, is_pretrain=True, exp='TU_RUNMC256')
2021-12-13 10:03:36,262 TU_pretrain_R50-ViT-B_16_skip3_bs16_256
TU_pretrain_R50-ViT-B_16_skip3_bs16_256
2021-12-13 10:03:36,283 Already preprocessed this configuration. Loading now!
Already preprocessed this configuration. Loading now!
2021-12-13 10:03:55,181 ============================================================
============================================================
2021-12-13 10:03:55,182 Subject 1 out of 11: case29
Subject 1 out of 11: case29
2021-12-13 10:03:58,520 case 0 mean_dice 0.859723 mean_hd95 3.000000
Predsum: 43167
GtSum: 50526
Predsum: 43167
GtSum: 50526
Predsum: 43167
GtSum: 50526
case 0 mean_dice 0.859723 mean_hd95 3.000000
2021-12-13 10:03:58,756 ============================================================
============================================================
2021-12-13 10:03:58,757 Subject 2 out of 11: case33
Subject 2 out of 11: case33
2021-12-13 10:04:02,180 case 1 mean_dice 0.821312 mean_hd95 3.000000
Predsum: 24710
GtSum: 27974
Predsum: 24710
GtSum: 27974
Predsum: 24710
GtSum: 27974
case 1 mean_dice 0.821312 mean_hd95 3.000000
2021-12-13 10:04:02,381 ============================================================
============================================================
2021-12-13 10:04:02,381 Subject 3 out of 11: case26
Subject 3 out of 11: case26
2021-12-13 10:04:05,515 case 2 mean_dice 0.905725 mean_hd95 2.236068
Predsum: 36298
GtSum: 41390
Predsum: 36298
GtSum: 41390
Predsum: 36298
GtSum: 41390
case 2 mean_dice 0.905725 mean_hd95 2.236068
2021-12-13 10:04:05,722 ============================================================
============================================================
2021-12-13 10:04:05,722 Subject 4 out of 11: case32
Subject 4 out of 11: case32
2021-12-13 10:04:08,816 case 3 mean_dice 0.756601 mean_hd95 36.742346
Predsum: 21497
GtSum: 20919
Predsum: 21497
GtSum: 20919
Predsum: 21497
GtSum: 20919
case 3 mean_dice 0.756601 mean_hd95 36.742346
2021-12-13 10:04:09,023 ============================================================
============================================================
2021-12-13 10:04:09,023 Subject 5 out of 11: case35
Subject 5 out of 11: case35
2021-12-13 10:04:12,084 case 4 mean_dice 0.876821 mean_hd95 2.000000
Predsum: 20840
GtSum: 24679
Predsum: 20840
GtSum: 24679
Predsum: 20840
GtSum: 24679
case 4 mean_dice 0.876821 mean_hd95 2.000000
2021-12-13 10:04:12,290 ============================================================
============================================================
2021-12-13 10:04:12,290 Subject 6 out of 11: case30
Subject 6 out of 11: case30
2021-12-13 10:04:15,344 case 5 mean_dice 0.800552 mean_hd95 4.123106
Predsum: 31867
GtSum: 34752
Predsum: 31867
GtSum: 34752
Predsum: 31867
GtSum: 34752
case 5 mean_dice 0.800552 mean_hd95 4.123106
2021-12-13 10:04:15,556 ============================================================
============================================================
2021-12-13 10:04:15,557 Subject 7 out of 11: case28
Subject 7 out of 11: case28
2021-12-13 10:04:18,654 case 6 mean_dice 0.868748 mean_hd95 3.000000
Predsum: 34617
GtSum: 35302
Predsum: 34617
GtSum: 35302
Predsum: 34617
GtSum: 35302
case 6 mean_dice 0.868748 mean_hd95 3.000000
2021-12-13 10:04:18,843 ============================================================
============================================================
2021-12-13 10:04:18,843 Subject 8 out of 11: case34
Subject 8 out of 11: case34
2021-12-13 10:04:22,588 case 7 mean_dice 0.877757 mean_hd95 2.000000
Predsum: 25764
GtSum: 22108
Predsum: 25764
GtSum: 22108
Predsum: 25764
GtSum: 22108
case 7 mean_dice 0.877757 mean_hd95 2.000000
2021-12-13 10:04:22,805 ============================================================
============================================================
2021-12-13 10:04:22,805 Subject 9 out of 11: case01
Subject 9 out of 11: case01
2021-12-13 10:04:26,898 case 8 mean_dice 0.881828 mean_hd95 2.236068
Predsum: 30470
GtSum: 32785
Predsum: 30470
GtSum: 32785
Predsum: 30470
GtSum: 32785
case 8 mean_dice 0.881828 mean_hd95 2.236068
2021-12-13 10:04:27,104 ============================================================
============================================================
2021-12-13 10:04:27,104 Subject 10 out of 11: case27
Subject 10 out of 11: case27
2021-12-13 10:04:30,066 case 9 mean_dice 0.848018 mean_hd95 3.000000
Predsum: 22477
GtSum: 28312
Predsum: 22477
GtSum: 28312
Predsum: 22477
GtSum: 28312
case 9 mean_dice 0.848018 mean_hd95 3.000000
2021-12-13 10:04:30,274 ============================================================
============================================================
2021-12-13 10:04:30,274 Subject 11 out of 11: case31
Subject 11 out of 11: case31
2021-12-13 10:04:33,176 case 10 mean_dice 0.896838 mean_hd95 2.236068
Predsum: 39444
GtSum: 38802
Predsum: 39444
GtSum: 38802
Predsum: 39444
GtSum: 38802
case 10 mean_dice 0.896838 mean_hd95 2.236068
2021-12-13 10:04:33,176 Mean class 0 mean_dice 0.853993 mean_hd95 5.779423
Mean class 0 mean_dice 0.853993 mean_hd95 5.779423
2021-12-13 10:04:33,176 Mean class 1 mean_dice 0.853993 mean_hd95 5.779423
Mean class 1 mean_dice 0.853993 mean_hd95 5.779423
2021-12-13 10:04:33,176 Mean class 2 mean_dice 0.853993 mean_hd95 5.779423
Mean class 2 mean_dice 0.853993 mean_hd95 5.779423
2021-12-13 10:04:33,177 Testing performance in best val model: mean_dice : 0.853993 mean_hd95 : 5.779423
Testing performance in best val model: mean_dice : 0.853993 mean_hd95 : 5.779423
test.py successfully executed
