2021-12-13 10:43:53,944 Namespace(volume_path='/itet-stor/arismu/bmicdatasets-originals/Originals/Challenge_Datasets/Prostate_PROMISE12/TrainingData/', test_dataset='BIDMC', num_classes=3, max_iterations=6800, max_epochs=400, batch_size=16, img_size=256, is_savenii=True, n_skip=3, vit_name='R50-ViT-B_16', test_save_dir='../predictions', deterministic=1, base_lr=0.001, seed=1234, vit_patches_size=16, target_resolution=0.625, image_depth_tr=32, image_depth_ts=32, test_cv_fold_num=1, NORMALIZE=1, Dataset='BIDMC', z_spacing=1, is_pretrain=True, exp='TU_RUNMC256')
Namespace(volume_path='/itet-stor/arismu/bmicdatasets-originals/Originals/Challenge_Datasets/Prostate_PROMISE12/TrainingData/', test_dataset='BIDMC', num_classes=3, max_iterations=6800, max_epochs=400, batch_size=16, img_size=256, is_savenii=True, n_skip=3, vit_name='R50-ViT-B_16', test_save_dir='../predictions', deterministic=1, base_lr=0.001, seed=1234, vit_patches_size=16, target_resolution=0.625, image_depth_tr=32, image_depth_ts=32, test_cv_fold_num=1, NORMALIZE=1, Dataset='BIDMC', z_spacing=1, is_pretrain=True, exp='TU_RUNMC256')
2021-12-13 10:43:53,945 TU_pretrain_R50-ViT-B_16_skip3_bs16_256
TU_pretrain_R50-ViT-B_16_skip3_bs16_256
2021-12-13 10:43:53,973 Already preprocessed this configuration. Loading now!
Already preprocessed this configuration. Loading now!
2021-12-13 10:44:11,695 ============================================================
============================================================
2021-12-13 10:44:11,696 Subject 1 out of 10: case02
Subject 1 out of 10: case02
2021-12-13 10:44:18,031 case 0 mean_dice 0.523245 mean_hd95 61.015572
Predsum: 52532
GtSum: 28818
Predsum: 52532
GtSum: 28818
Predsum: 52532
GtSum: 28818
case 0 mean_dice 0.523245 mean_hd95 61.015572
2021-12-13 10:44:18,239 ============================================================
============================================================
2021-12-13 10:44:18,239 Subject 2 out of 10: case06
Subject 2 out of 10: case06
2021-12-13 10:44:23,007 case 1 mean_dice 0.804171 mean_hd95 41.428251
Predsum: 147112
GtSum: 118503
Predsum: 147112
GtSum: 118503
Predsum: 147112
GtSum: 118503
case 1 mean_dice 0.804171 mean_hd95 41.428251
2021-12-13 10:44:23,189 ============================================================
============================================================
2021-12-13 10:44:23,189 Subject 3 out of 10: case09
Subject 3 out of 10: case09
2021-12-13 10:44:28,642 case 2 mean_dice 0.593472 mean_hd95 42.461747
Predsum: 104379
GtSum: 60707
Predsum: 104379
GtSum: 60707
Predsum: 104379
GtSum: 60707
case 2 mean_dice 0.593472 mean_hd95 42.461747
2021-12-13 10:44:28,821 ============================================================
============================================================
2021-12-13 10:44:28,821 Subject 4 out of 10: case10
Subject 4 out of 10: case10
2021-12-13 10:44:33,419 case 3 mean_dice 0.758754 mean_hd95 55.515764
Predsum: 47390
GtSum: 36429
Predsum: 47390
GtSum: 36429
Predsum: 47390
GtSum: 36429
case 3 mean_dice 0.758754 mean_hd95 55.515764
2021-12-13 10:44:33,600 ============================================================
============================================================
2021-12-13 10:44:33,600 Subject 5 out of 10: case07
Subject 5 out of 10: case07
2021-12-13 10:44:37,404 case 4 mean_dice 0.554174 mean_hd95 65.018459
Predsum: 46413
GtSum: 31032
Predsum: 46413
GtSum: 31032
Predsum: 46413
GtSum: 31032
case 4 mean_dice 0.554174 mean_hd95 65.018459
2021-12-13 10:44:37,586 ============================================================
============================================================
2021-12-13 10:44:37,586 Subject 6 out of 10: case04
Subject 6 out of 10: case04
2021-12-13 10:44:42,814 case 5 mean_dice 0.431257 mean_hd95 48.228622
Predsum: 54796
GtSum: 34668
Predsum: 54796
GtSum: 34668
Predsum: 54796
GtSum: 34668
case 5 mean_dice 0.431257 mean_hd95 48.228622
2021-12-13 10:44:42,995 ============================================================
============================================================
2021-12-13 10:44:42,995 Subject 7 out of 10: case05
Subject 7 out of 10: case05
2021-12-13 10:44:47,883 case 6 mean_dice 0.756833 mean_hd95 25.787594
Predsum: 67617
GtSum: 60945
Predsum: 67617
GtSum: 60945
Predsum: 67617
GtSum: 60945
case 6 mean_dice 0.756833 mean_hd95 25.787594
2021-12-13 10:44:48,062 ============================================================
============================================================
2021-12-13 10:44:48,062 Subject 8 out of 10: case08
Subject 8 out of 10: case08
2021-12-13 10:44:52,793 case 7 mean_dice 0.529112 mean_hd95 115.849040
Predsum: 53367
GtSum: 24609
Predsum: 53367
GtSum: 24609
Predsum: 53367
GtSum: 24609
case 7 mean_dice 0.529112 mean_hd95 115.849040
2021-12-13 10:44:52,977 ============================================================
============================================================
2021-12-13 10:44:52,977 Subject 9 out of 10: case00
Subject 9 out of 10: case00
2021-12-13 10:44:58,436 case 8 mean_dice 0.569972 mean_hd95 46.486557
Predsum: 81123
GtSum: 46385
Predsum: 81123
GtSum: 46385
Predsum: 81123
GtSum: 46385
case 8 mean_dice 0.569972 mean_hd95 46.486557
2021-12-13 10:44:58,617 ============================================================
============================================================
2021-12-13 10:44:58,617 Subject 10 out of 10: case03
Subject 10 out of 10: case03
2021-12-13 10:45:03,429 case 9 mean_dice 0.643496 mean_hd95 72.841266
Predsum: 38931
GtSum: 23677
Predsum: 38931
GtSum: 23677
Predsum: 38931
GtSum: 23677
case 9 mean_dice 0.643496 mean_hd95 72.841266
2021-12-13 10:45:03,429 Mean class 0 mean_dice 0.616449 mean_hd95 57.463287
Mean class 0 mean_dice 0.616449 mean_hd95 57.463287
2021-12-13 10:45:03,430 Mean class 1 mean_dice 0.616449 mean_hd95 57.463287
Mean class 1 mean_dice 0.616449 mean_hd95 57.463287
2021-12-13 10:45:03,430 Mean class 2 mean_dice 0.616449 mean_hd95 57.463287
Mean class 2 mean_dice 0.616449 mean_hd95 57.463287
2021-12-13 10:45:03,430 Testing performance in best val model: mean_dice : 0.616449 mean_hd95 : 57.463287
Testing performance in best val model: mean_dice : 0.616449 mean_hd95 : 57.463287
test.py successfully executed
