2021-12-19 11:51:50,274 Namespace(volume_path='/itet-stor/arismu/bmicdatasets-originals/Originals/Challenge_Datasets/Prostate_PROMISE12/TrainingData/', test_dataset='BIDMC', num_classes=3, max_iterations=6800, max_epochs=400, batch_size=16, img_size=256, is_savenii=True, n_skip=3, vit_name='R50-ViT-B_16', test_save_dir='../predictions', deterministic=1, base_lr=0.001, seed=1234, vit_patches_size=16, target_resolution=0.625, image_depth_tr=32, image_depth_ts=32, test_cv_fold_num=1, NORMALIZE=1, Dataset='BIDMC', z_spacing=1, is_pretrain=True, exp='TU_RUNMC256')
Namespace(volume_path='/itet-stor/arismu/bmicdatasets-originals/Originals/Challenge_Datasets/Prostate_PROMISE12/TrainingData/', test_dataset='BIDMC', num_classes=3, max_iterations=6800, max_epochs=400, batch_size=16, img_size=256, is_savenii=True, n_skip=3, vit_name='R50-ViT-B_16', test_save_dir='../predictions', deterministic=1, base_lr=0.001, seed=1234, vit_patches_size=16, target_resolution=0.625, image_depth_tr=32, image_depth_ts=32, test_cv_fold_num=1, NORMALIZE=1, Dataset='BIDMC', z_spacing=1, is_pretrain=True, exp='TU_RUNMC256')
2021-12-19 11:51:50,274 TU_pretrain_R50-ViT-B_16_skip3_bs16_256
TU_pretrain_R50-ViT-B_16_skip3_bs16_256
2021-12-19 11:51:50,302 Already preprocessed this configuration. Loading now!
Already preprocessed this configuration. Loading now!
2021-12-19 11:52:07,867 ============================================================
============================================================
2021-12-19 11:52:07,867 Subject 1 out of 10: case02
Subject 1 out of 10: case02
2021-12-19 11:52:14,675 case 0 mean_dice 0.515461 mean_hd95 33.615473
Predsum: 49023
GtSum: 28818
Predsum: 49023
GtSum: 28818
Predsum: 49023
GtSum: 28818
case 0 mean_dice 0.515461 mean_hd95 33.615473
2021-12-19 11:52:14,933 ============================================================
============================================================
2021-12-19 11:52:14,933 Subject 2 out of 10: case06
Subject 2 out of 10: case06
2021-12-19 11:52:20,292 case 1 mean_dice 0.793159 mean_hd95 8.602325
Predsum: 116078
GtSum: 118503
Predsum: 116078
GtSum: 118503
Predsum: 116078
GtSum: 118503
case 1 mean_dice 0.793159 mean_hd95 8.602325
2021-12-19 11:52:20,511 ============================================================
============================================================
2021-12-19 11:52:20,511 Subject 3 out of 10: case09
Subject 3 out of 10: case09
2021-12-19 11:52:27,236 case 2 mean_dice 0.580665 mean_hd95 42.213742
Predsum: 32679
GtSum: 60707
Predsum: 32679
GtSum: 60707
Predsum: 32679
GtSum: 60707
case 2 mean_dice 0.580665 mean_hd95 42.213742
2021-12-19 11:52:27,497 ============================================================
============================================================
2021-12-19 11:52:27,497 Subject 4 out of 10: case10
Subject 4 out of 10: case10
2021-12-19 11:52:32,538 case 3 mean_dice 0.751602 mean_hd95 6.708204
Predsum: 38632
GtSum: 36429
Predsum: 38632
GtSum: 36429
Predsum: 38632
GtSum: 36429
case 3 mean_dice 0.751602 mean_hd95 6.708204
2021-12-19 11:52:32,754 ============================================================
============================================================
2021-12-19 11:52:32,754 Subject 5 out of 10: case07
Subject 5 out of 10: case07
2021-12-19 11:52:36,989 case 4 mean_dice 0.504648 mean_hd95 19.315764
Predsum: 13395
GtSum: 31032
Predsum: 13395
GtSum: 31032
Predsum: 13395
GtSum: 31032
case 4 mean_dice 0.504648 mean_hd95 19.315764
2021-12-19 11:52:37,215 ============================================================
============================================================
2021-12-19 11:52:37,215 Subject 6 out of 10: case04
Subject 6 out of 10: case04
2021-12-19 11:52:43,609 case 5 mean_dice 0.603264 mean_hd95 49.030603
Predsum: 26539
GtSum: 34668
Predsum: 26539
GtSum: 34668
Predsum: 26539
GtSum: 34668
case 5 mean_dice 0.603264 mean_hd95 49.030603
2021-12-19 11:52:43,825 ============================================================
============================================================
2021-12-19 11:52:43,825 Subject 7 out of 10: case05
Subject 7 out of 10: case05
2021-12-19 11:52:49,120 case 6 mean_dice 0.699600 mean_hd95 8.602325
Predsum: 40736
GtSum: 60945
Predsum: 40736
GtSum: 60945
Predsum: 40736
GtSum: 60945
case 6 mean_dice 0.699600 mean_hd95 8.602325
2021-12-19 11:52:49,340 ============================================================
============================================================
2021-12-19 11:52:49,340 Subject 8 out of 10: case08
Subject 8 out of 10: case08
2021-12-19 11:52:54,580 case 7 mean_dice 0.744302 mean_hd95 20.639767
Predsum: 35810
GtSum: 24609
Predsum: 35810
GtSum: 24609
Predsum: 35810
GtSum: 24609
case 7 mean_dice 0.744302 mean_hd95 20.639767
2021-12-19 11:52:54,801 ============================================================
============================================================
2021-12-19 11:52:54,801 Subject 9 out of 10: case00
Subject 9 out of 10: case00
2021-12-19 11:53:00,707 case 8 mean_dice 0.603363 mean_hd95 46.880166
Predsum: 66363
GtSum: 46385
Predsum: 66363
GtSum: 46385
Predsum: 66363
GtSum: 46385
case 8 mean_dice 0.603363 mean_hd95 46.880166
2021-12-19 11:53:00,934 ============================================================
============================================================
2021-12-19 11:53:00,934 Subject 10 out of 10: case03
Subject 10 out of 10: case03
2021-12-19 11:53:06,217 case 9 mean_dice 0.699774 mean_hd95 56.151581
Predsum: 30732
GtSum: 23677
Predsum: 30732
GtSum: 23677
Predsum: 30732
GtSum: 23677
case 9 mean_dice 0.699774 mean_hd95 56.151581
2021-12-19 11:53:06,217 Mean class 0 mean_dice 0.649584 mean_hd95 29.175995
Mean class 0 mean_dice 0.649584 mean_hd95 29.175995
2021-12-19 11:53:06,217 Mean class 1 mean_dice 0.649584 mean_hd95 29.175995
Mean class 1 mean_dice 0.649584 mean_hd95 29.175995
2021-12-19 11:53:06,217 Mean class 2 mean_dice 0.649584 mean_hd95 29.175995
Mean class 2 mean_dice 0.649584 mean_hd95 29.175995
2021-12-19 11:53:06,217 Testing performance in best val model: mean_dice : 0.649584 mean_hd95 : 29.175995
Testing performance in best val model: mean_dice : 0.649584 mean_hd95 : 29.175995
test.py successfully executed
