2021-12-12 15:28:26,339 Namespace(volume_path='/itet-stor/arismu/bmicdatasets-originals/Originals/Challenge_Datasets/Prostate_PROMISE12/TrainingData/', test_dataset='BIDMC', num_classes=3, max_iterations=6800, max_epochs=400, batch_size=16, img_size=256, is_savenii=True, n_skip=3, vit_name='R50-ViT-B_16', test_save_dir='../predictions', deterministic=1, base_lr=0.001, seed=1234, vit_patches_size=16, target_resolution=0.625, image_depth_tr=32, image_depth_ts=32, test_cv_fold_num=1, NORMALIZE=1, Dataset='BIDMC', z_spacing=1, is_pretrain=True, exp='TU_RUNMC256')
Namespace(volume_path='/itet-stor/arismu/bmicdatasets-originals/Originals/Challenge_Datasets/Prostate_PROMISE12/TrainingData/', test_dataset='BIDMC', num_classes=3, max_iterations=6800, max_epochs=400, batch_size=16, img_size=256, is_savenii=True, n_skip=3, vit_name='R50-ViT-B_16', test_save_dir='../predictions', deterministic=1, base_lr=0.001, seed=1234, vit_patches_size=16, target_resolution=0.625, image_depth_tr=32, image_depth_ts=32, test_cv_fold_num=1, NORMALIZE=1, Dataset='BIDMC', z_spacing=1, is_pretrain=True, exp='TU_RUNMC256')
2021-12-12 15:28:26,339 TU_pretrain_R50-ViT-B_16_skip3_bs16_256
TU_pretrain_R50-ViT-B_16_skip3_bs16_256
2021-12-12 15:28:26,369 Already preprocessed this configuration. Loading now!
Already preprocessed this configuration. Loading now!
2021-12-12 15:28:44,074 ============================================================
============================================================
2021-12-12 15:28:44,075 Subject 1 out of 10: case02
Subject 1 out of 10: case02
2021-12-12 15:28:49,867 case 0 mean_dice 0.079028 mean_hd95 47.681233
Predsum: 4689
GtSum: 28818
Predsum: 4689
GtSum: 28818
Predsum: 4689
GtSum: 28818
case 0 mean_dice 0.079028 mean_hd95 47.681233
2021-12-12 15:28:50,094 ============================================================
============================================================
2021-12-12 15:28:50,094 Subject 2 out of 10: case06
Subject 2 out of 10: case06
2021-12-12 15:28:54,826 case 1 mean_dice 0.608037 mean_hd95 42.766810
Predsum: 165302
GtSum: 118503
Predsum: 165302
GtSum: 118503
Predsum: 165302
GtSum: 118503
case 1 mean_dice 0.608037 mean_hd95 42.766810
2021-12-12 15:28:55,038 ============================================================
============================================================
2021-12-12 15:28:55,038 Subject 3 out of 10: case09
Subject 3 out of 10: case09
2021-12-12 15:29:00,295 case 2 mean_dice 0.286190 mean_hd95 93.177250
Predsum: 64217
GtSum: 60707
Predsum: 64217
GtSum: 60707
Predsum: 64217
GtSum: 60707
case 2 mean_dice 0.286190 mean_hd95 93.177250
2021-12-12 15:29:00,486 ============================================================
============================================================
2021-12-12 15:29:00,486 Subject 4 out of 10: case10
Subject 4 out of 10: case10
2021-12-12 15:29:05,021 case 3 mean_dice 0.422931 mean_hd95 59.076222
Predsum: 75003
GtSum: 36429
Predsum: 75003
GtSum: 36429
Predsum: 75003
GtSum: 36429
case 3 mean_dice 0.422931 mean_hd95 59.076222
2021-12-12 15:29:05,228 ============================================================
============================================================
2021-12-12 15:29:05,228 Subject 5 out of 10: case07
Subject 5 out of 10: case07
2021-12-12 15:29:08,930 case 4 mean_dice 0.392874 mean_hd95 78.909442
Predsum: 51432
GtSum: 31032
Predsum: 51432
GtSum: 31032
Predsum: 51432
GtSum: 31032
case 4 mean_dice 0.392874 mean_hd95 78.909442
2021-12-12 15:29:09,120 ============================================================
============================================================
2021-12-12 15:29:09,120 Subject 6 out of 10: case04
Subject 6 out of 10: case04
2021-12-12 15:29:13,799 case 5 mean_dice 0.000049 mean_hd95 68.956507
Predsum: 6396
GtSum: 34668
Predsum: 6396
GtSum: 34668
Predsum: 6396
GtSum: 34668
case 5 mean_dice 0.000049 mean_hd95 68.956507
2021-12-12 15:29:14,004 ============================================================
============================================================
2021-12-12 15:29:14,004 Subject 7 out of 10: case05
Subject 7 out of 10: case05
2021-12-12 15:29:18,850 case 6 mean_dice 0.318924 mean_hd95 63.253458
Predsum: 170891
GtSum: 60945
Predsum: 170891
GtSum: 60945
Predsum: 170891
GtSum: 60945
case 6 mean_dice 0.318924 mean_hd95 63.253458
2021-12-12 15:29:19,045 ============================================================
============================================================
2021-12-12 15:29:19,045 Subject 8 out of 10: case08
Subject 8 out of 10: case08
2021-12-12 15:29:23,727 case 7 mean_dice 0.569781 mean_hd95 62.347408
Predsum: 44421
GtSum: 24609
Predsum: 44421
GtSum: 24609
Predsum: 44421
GtSum: 24609
case 7 mean_dice 0.569781 mean_hd95 62.347408
2021-12-12 15:29:23,944 ============================================================
============================================================
2021-12-12 15:29:23,944 Subject 9 out of 10: case00
Subject 9 out of 10: case00
2021-12-12 15:29:28,921 case 8 mean_dice 0.334410 mean_hd95 70.000000
Predsum: 14887
GtSum: 46385
Predsum: 14887
GtSum: 46385
Predsum: 14887
GtSum: 46385
case 8 mean_dice 0.334410 mean_hd95 70.000000
2021-12-12 15:29:29,125 ============================================================
============================================================
2021-12-12 15:29:29,125 Subject 10 out of 10: case03
Subject 10 out of 10: case03
2021-12-12 15:29:33,772 case 9 mean_dice 0.091232 mean_hd95 76.870020
Predsum: 103844
GtSum: 23677
Predsum: 103844
GtSum: 23677
Predsum: 103844
GtSum: 23677
case 9 mean_dice 0.091232 mean_hd95 76.870020
2021-12-12 15:29:33,772 Mean class 0 mean_dice 0.310346 mean_hd95 66.303835
Mean class 0 mean_dice 0.310346 mean_hd95 66.303835
2021-12-12 15:29:33,772 Mean class 1 mean_dice 0.310346 mean_hd95 66.303835
Mean class 1 mean_dice 0.310346 mean_hd95 66.303835
2021-12-12 15:29:33,773 Mean class 2 mean_dice 0.310346 mean_hd95 66.303835
Mean class 2 mean_dice 0.310346 mean_hd95 66.303835
2021-12-12 15:29:33,773 Testing performance in best val model: mean_dice : 0.310346 mean_hd95 : 66.303835
Testing performance in best val model: mean_dice : 0.310346 mean_hd95 : 66.303835
test.py successfully executed
