2021-12-19 11:43:06,803 Namespace(volume_path='/itet-stor/arismu/bmicdatasets-originals/Originals/Challenge_Datasets/Prostate_PROMISE12/TrainingData/', test_dataset='HK', num_classes=3, max_iterations=6800, max_epochs=400, batch_size=16, img_size=256, is_savenii=True, n_skip=3, vit_name='R50-ViT-B_16', test_save_dir='../predictions', deterministic=1, base_lr=0.001, seed=1234, vit_patches_size=16, target_resolution=0.625, image_depth_tr=32, image_depth_ts=32, test_cv_fold_num=1, NORMALIZE=1, Dataset='HK', z_spacing=1, is_pretrain=True, exp='TU_RUNMC256')
Namespace(volume_path='/itet-stor/arismu/bmicdatasets-originals/Originals/Challenge_Datasets/Prostate_PROMISE12/TrainingData/', test_dataset='HK', num_classes=3, max_iterations=6800, max_epochs=400, batch_size=16, img_size=256, is_savenii=True, n_skip=3, vit_name='R50-ViT-B_16', test_save_dir='../predictions', deterministic=1, base_lr=0.001, seed=1234, vit_patches_size=16, target_resolution=0.625, image_depth_tr=32, image_depth_ts=32, test_cv_fold_num=1, NORMALIZE=1, Dataset='HK', z_spacing=1, is_pretrain=True, exp='TU_RUNMC256')
2021-12-19 11:43:06,804 TU_pretrain_R50-ViT-B_16_skip3_bs16_256
TU_pretrain_R50-ViT-B_16_skip3_bs16_256
2021-12-19 11:43:06,836 Already preprocessed this configuration. Loading now!
Already preprocessed this configuration. Loading now!
2021-12-19 11:43:17,991 ============================================================
============================================================
2021-12-19 11:43:17,992 Subject 1 out of 10: case44
Subject 1 out of 10: case44
2021-12-19 11:43:21,231 case 0 mean_dice 0.676223 mean_hd95 43.051132
Predsum: 30205
GtSum: 26164
Predsum: 30205
GtSum: 26164
Predsum: 30205
GtSum: 26164
case 0 mean_dice 0.676223 mean_hd95 43.051132
2021-12-19 11:43:21,404 ============================================================
============================================================
2021-12-19 11:43:21,404 Subject 2 out of 10: case43
Subject 2 out of 10: case43
2021-12-19 11:43:24,424 case 1 mean_dice 0.706070 mean_hd95 38.639358
Predsum: 42224
GtSum: 36026
Predsum: 42224
GtSum: 36026
Predsum: 42224
GtSum: 36026
case 1 mean_dice 0.706070 mean_hd95 38.639358
2021-12-19 11:43:24,572 ============================================================
============================================================
2021-12-19 11:43:24,572 Subject 3 out of 10: case45
Subject 3 out of 10: case45
2021-12-19 11:43:28,244 case 2 mean_dice 0.568987 mean_hd95 48.515977
Predsum: 31957
GtSum: 17067
Predsum: 31957
GtSum: 17067
Predsum: 31957
GtSum: 17067
case 2 mean_dice 0.568987 mean_hd95 48.515977
2021-12-19 11:43:28,395 ============================================================
============================================================
2021-12-19 11:43:28,395 Subject 4 out of 10: case47
Subject 4 out of 10: case47
2021-12-19 11:43:31,445 case 3 mean_dice 0.605050 mean_hd95 43.416587
Predsum: 36680
GtSum: 24234
Predsum: 36680
GtSum: 24234
Predsum: 36680
GtSum: 24234
case 3 mean_dice 0.605050 mean_hd95 43.416587
2021-12-19 11:43:31,584 ============================================================
============================================================
2021-12-19 11:43:31,584 Subject 5 out of 10: case39
Subject 5 out of 10: case39
2021-12-19 11:43:34,688 case 4 mean_dice 0.627036 mean_hd95 42.347373
Predsum: 43745
GtSum: 36917
Predsum: 43745
GtSum: 36917
Predsum: 43745
GtSum: 36917
case 4 mean_dice 0.627036 mean_hd95 42.347373
2021-12-19 11:43:34,839 ============================================================
============================================================
2021-12-19 11:43:34,839 Subject 6 out of 10: case41
Subject 6 out of 10: case41
2021-12-19 11:43:37,831 case 5 mean_dice 0.552391 mean_hd95 45.044423
Predsum: 28851
GtSum: 16682
Predsum: 28851
GtSum: 16682
Predsum: 28851
GtSum: 16682
case 5 mean_dice 0.552391 mean_hd95 45.044423
2021-12-19 11:43:37,977 ============================================================
============================================================
2021-12-19 11:43:37,977 Subject 7 out of 10: case46
Subject 7 out of 10: case46
2021-12-19 11:43:40,983 case 6 mean_dice 0.829736 mean_hd95 4.000000
Predsum: 32574
GtSum: 28766
Predsum: 32574
GtSum: 28766
Predsum: 32574
GtSum: 28766
case 6 mean_dice 0.829736 mean_hd95 4.000000
2021-12-19 11:43:41,130 ============================================================
============================================================
2021-12-19 11:43:41,130 Subject 8 out of 10: case38
Subject 8 out of 10: case38
2021-12-19 11:43:44,534 case 7 mean_dice 0.800370 mean_hd95 35.014283
Predsum: 58241
GtSum: 57583
Predsum: 58241
GtSum: 57583
Predsum: 58241
GtSum: 57583
case 7 mean_dice 0.800370 mean_hd95 35.014283
2021-12-19 11:43:44,677 ============================================================
============================================================
2021-12-19 11:43:44,677 Subject 9 out of 10: case40
Subject 9 out of 10: case40
2021-12-19 11:43:47,718 case 8 mean_dice 0.675717 mean_hd95 39.458839
Predsum: 30021
GtSum: 25372
Predsum: 30021
GtSum: 25372
Predsum: 30021
GtSum: 25372
case 8 mean_dice 0.675717 mean_hd95 39.458839
2021-12-19 11:43:47,862 ============================================================
============================================================
2021-12-19 11:43:47,862 Subject 10 out of 10: case42
Subject 10 out of 10: case42
2021-12-19 11:43:51,703 case 9 mean_dice 0.837467 mean_hd95 28.209023
Predsum: 71203
GtSum: 80225
Predsum: 71203
GtSum: 80225
Predsum: 71203
GtSum: 80225
case 9 mean_dice 0.837467 mean_hd95 28.209023
2021-12-19 11:43:51,704 Mean class 0 mean_dice 0.687905 mean_hd95 36.769699
Mean class 0 mean_dice 0.687905 mean_hd95 36.769699
2021-12-19 11:43:51,704 Mean class 1 mean_dice 0.687905 mean_hd95 36.769699
Mean class 1 mean_dice 0.687905 mean_hd95 36.769699
2021-12-19 11:43:51,704 Mean class 2 mean_dice 0.687905 mean_hd95 36.769699
Mean class 2 mean_dice 0.687905 mean_hd95 36.769699
2021-12-19 11:43:51,704 Testing performance in best val model: mean_dice : 0.687905 mean_hd95 : 36.769699
Testing performance in best val model: mean_dice : 0.687905 mean_hd95 : 36.769699
test.py successfully executed
