2021-12-17 15:21:03,519 Namespace(volume_path='/itet-stor/arismu/bmicdatasets-originals/Originals/Challenge_Datasets/Prostate_PROMISE12/TrainingData/', test_dataset='HK', num_classes=3, max_iterations=6800, max_epochs=400, batch_size=16, img_size=256, is_savenii=True, n_skip=3, vit_name='R50-ViT-B_16', test_save_dir='../predictions', deterministic=1, base_lr=0.001, seed=1234, vit_patches_size=16, target_resolution=0.625, image_depth_tr=32, image_depth_ts=32, test_cv_fold_num=1, NORMALIZE=1, Dataset='HK', z_spacing=1, is_pretrain=True, exp='TU_RUNMC256')
Namespace(volume_path='/itet-stor/arismu/bmicdatasets-originals/Originals/Challenge_Datasets/Prostate_PROMISE12/TrainingData/', test_dataset='HK', num_classes=3, max_iterations=6800, max_epochs=400, batch_size=16, img_size=256, is_savenii=True, n_skip=3, vit_name='R50-ViT-B_16', test_save_dir='../predictions', deterministic=1, base_lr=0.001, seed=1234, vit_patches_size=16, target_resolution=0.625, image_depth_tr=32, image_depth_ts=32, test_cv_fold_num=1, NORMALIZE=1, Dataset='HK', z_spacing=1, is_pretrain=True, exp='TU_RUNMC256')
2021-12-17 15:21:03,519 TU_pretrain_R50-ViT-B_16_skip3_bs16_256
TU_pretrain_R50-ViT-B_16_skip3_bs16_256
2021-12-17 15:21:03,572 Already preprocessed this configuration. Loading now!
Already preprocessed this configuration. Loading now!
2021-12-17 15:21:14,713 ============================================================
============================================================
2021-12-17 15:21:14,714 Subject 1 out of 10: case44
Subject 1 out of 10: case44
2021-12-17 15:21:17,875 case 0 mean_dice 0.651943 mean_hd95 43.104524
Predsum: 36277
GtSum: 26164
Predsum: 36277
GtSum: 26164
Predsum: 36277
GtSum: 26164
case 0 mean_dice 0.651943 mean_hd95 43.104524
2021-12-17 15:21:18,036 ============================================================
============================================================
2021-12-17 15:21:18,036 Subject 2 out of 10: case43
Subject 2 out of 10: case43
2021-12-17 15:21:21,127 case 1 mean_dice 0.668216 mean_hd95 37.986840
Predsum: 52604
GtSum: 36026
Predsum: 52604
GtSum: 36026
Predsum: 52604
GtSum: 36026
case 1 mean_dice 0.668216 mean_hd95 37.986840
2021-12-17 15:21:21,271 ============================================================
============================================================
2021-12-17 15:21:21,271 Subject 3 out of 10: case45
Subject 3 out of 10: case45
2021-12-17 15:21:25,078 case 2 mean_dice 0.473456 mean_hd95 48.176758
Predsum: 46432
GtSum: 17067
Predsum: 46432
GtSum: 17067
Predsum: 46432
GtSum: 17067
case 2 mean_dice 0.473456 mean_hd95 48.176758
2021-12-17 15:21:25,225 ============================================================
============================================================
2021-12-17 15:21:25,225 Subject 4 out of 10: case47
Subject 4 out of 10: case47
2021-12-17 15:21:28,255 case 3 mean_dice 0.605849 mean_hd95 44.483704
Predsum: 44255
GtSum: 24234
Predsum: 44255
GtSum: 24234
Predsum: 44255
GtSum: 24234
case 3 mean_dice 0.605849 mean_hd95 44.483704
2021-12-17 15:21:28,404 ============================================================
============================================================
2021-12-17 15:21:28,404 Subject 5 out of 10: case39
Subject 5 out of 10: case39
2021-12-17 15:21:31,448 case 4 mean_dice 0.638610 mean_hd95 43.977267
Predsum: 55656
GtSum: 36917
Predsum: 55656
GtSum: 36917
Predsum: 55656
GtSum: 36917
case 4 mean_dice 0.638610 mean_hd95 43.977267
2021-12-17 15:21:31,597 ============================================================
============================================================
2021-12-17 15:21:31,597 Subject 6 out of 10: case41
Subject 6 out of 10: case41
2021-12-17 15:21:34,541 case 5 mean_dice 0.559566 mean_hd95 45.497253
Predsum: 30887
GtSum: 16682
Predsum: 30887
GtSum: 16682
Predsum: 30887
GtSum: 16682
case 5 mean_dice 0.559566 mean_hd95 45.497253
2021-12-17 15:21:34,680 ============================================================
============================================================
2021-12-17 15:21:34,681 Subject 7 out of 10: case46
Subject 7 out of 10: case46
2021-12-17 15:21:37,651 case 6 mean_dice 0.763237 mean_hd95 27.184554
Predsum: 38867
GtSum: 28766
Predsum: 38867
GtSum: 28766
Predsum: 38867
GtSum: 28766
case 6 mean_dice 0.763237 mean_hd95 27.184554
2021-12-17 15:21:37,794 ============================================================
============================================================
2021-12-17 15:21:37,794 Subject 8 out of 10: case38
Subject 8 out of 10: case38
2021-12-17 15:21:41,036 case 7 mean_dice 0.803950 mean_hd95 37.349699
Predsum: 68609
GtSum: 57583
Predsum: 68609
GtSum: 57583
Predsum: 68609
GtSum: 57583
case 7 mean_dice 0.803950 mean_hd95 37.349699
2021-12-17 15:21:41,184 ============================================================
============================================================
2021-12-17 15:21:41,184 Subject 9 out of 10: case40
Subject 9 out of 10: case40
2021-12-17 15:21:44,170 case 8 mean_dice 0.671648 mean_hd95 36.728735
Predsum: 37265
GtSum: 25372
Predsum: 37265
GtSum: 25372
Predsum: 37265
GtSum: 25372
case 8 mean_dice 0.671648 mean_hd95 36.728735
2021-12-17 15:21:44,309 ============================================================
============================================================
2021-12-17 15:21:44,309 Subject 10 out of 10: case42
Subject 10 out of 10: case42
2021-12-17 15:21:47,756 case 9 mean_dice 0.848159 mean_hd95 28.191310
Predsum: 82188
GtSum: 80225
Predsum: 82188
GtSum: 80225
Predsum: 82188
GtSum: 80225
case 9 mean_dice 0.848159 mean_hd95 28.191310
2021-12-17 15:21:47,757 Mean class 0 mean_dice 0.668463 mean_hd95 39.268064
Mean class 0 mean_dice 0.668463 mean_hd95 39.268064
2021-12-17 15:21:47,757 Mean class 1 mean_dice 0.668463 mean_hd95 39.268064
Mean class 1 mean_dice 0.668463 mean_hd95 39.268064
2021-12-17 15:21:47,757 Mean class 2 mean_dice 0.668463 mean_hd95 39.268064
Mean class 2 mean_dice 0.668463 mean_hd95 39.268064
2021-12-17 15:21:47,757 Testing performance in best val model: mean_dice : 0.668463 mean_hd95 : 39.268064
Testing performance in best val model: mean_dice : 0.668463 mean_hd95 : 39.268064
test.py successfully executed
