2021-12-19 11:44:50,961 Namespace(volume_path='/itet-stor/arismu/bmicdatasets-originals/Originals/Challenge_Datasets/Prostate_PROMISE12/TrainingData/', test_dataset='HK', num_classes=3, max_iterations=6800, max_epochs=400, batch_size=16, img_size=256, is_savenii=True, n_skip=3, vit_name='R50-ViT-B_16', test_save_dir='../predictions', deterministic=1, base_lr=0.001, seed=1234, vit_patches_size=16, target_resolution=0.625, image_depth_tr=32, image_depth_ts=32, test_cv_fold_num=1, NORMALIZE=1, Dataset='HK', z_spacing=1, is_pretrain=True, exp='TU_RUNMC256')
Namespace(volume_path='/itet-stor/arismu/bmicdatasets-originals/Originals/Challenge_Datasets/Prostate_PROMISE12/TrainingData/', test_dataset='HK', num_classes=3, max_iterations=6800, max_epochs=400, batch_size=16, img_size=256, is_savenii=True, n_skip=3, vit_name='R50-ViT-B_16', test_save_dir='../predictions', deterministic=1, base_lr=0.001, seed=1234, vit_patches_size=16, target_resolution=0.625, image_depth_tr=32, image_depth_ts=32, test_cv_fold_num=1, NORMALIZE=1, Dataset='HK', z_spacing=1, is_pretrain=True, exp='TU_RUNMC256')
2021-12-19 11:44:50,961 TU_pretrain_R50-ViT-B_16_skip3_bs16_256
TU_pretrain_R50-ViT-B_16_skip3_bs16_256
2021-12-19 11:44:50,994 Already preprocessed this configuration. Loading now!
Already preprocessed this configuration. Loading now!
2021-12-19 11:45:02,233 ============================================================
============================================================
2021-12-19 11:45:02,233 Subject 1 out of 10: case44
Subject 1 out of 10: case44
2021-12-19 11:45:05,496 case 0 mean_dice 0.667798 mean_hd95 37.603191
Predsum: 28050
GtSum: 26164
Predsum: 28050
GtSum: 26164
Predsum: 28050
GtSum: 26164
case 0 mean_dice 0.667798 mean_hd95 37.603191
2021-12-19 11:45:05,665 ============================================================
============================================================
2021-12-19 11:45:05,666 Subject 2 out of 10: case43
Subject 2 out of 10: case43
2021-12-19 11:45:08,723 case 1 mean_dice 0.718275 mean_hd95 39.509493
Predsum: 42902
GtSum: 36026
Predsum: 42902
GtSum: 36026
Predsum: 42902
GtSum: 36026
case 1 mean_dice 0.718275 mean_hd95 39.509493
2021-12-19 11:45:08,861 ============================================================
============================================================
2021-12-19 11:45:08,861 Subject 3 out of 10: case45
Subject 3 out of 10: case45
2021-12-19 11:45:12,709 case 2 mean_dice 0.515854 mean_hd95 48.528857
Predsum: 35917
GtSum: 17067
Predsum: 35917
GtSum: 17067
Predsum: 35917
GtSum: 17067
case 2 mean_dice 0.515854 mean_hd95 48.528857
2021-12-19 11:45:12,855 ============================================================
============================================================
2021-12-19 11:45:12,855 Subject 4 out of 10: case47
Subject 4 out of 10: case47
2021-12-19 11:45:15,918 case 3 mean_dice 0.633378 mean_hd95 41.000000
Predsum: 35626
GtSum: 24234
Predsum: 35626
GtSum: 24234
Predsum: 35626
GtSum: 24234
case 3 mean_dice 0.633378 mean_hd95 41.000000
2021-12-19 11:45:16,055 ============================================================
============================================================
2021-12-19 11:45:16,055 Subject 5 out of 10: case39
Subject 5 out of 10: case39
2021-12-19 11:45:19,086 case 4 mean_dice 0.689304 mean_hd95 44.859221
Predsum: 46454
GtSum: 36917
Predsum: 46454
GtSum: 36917
Predsum: 46454
GtSum: 36917
case 4 mean_dice 0.689304 mean_hd95 44.859221
2021-12-19 11:45:19,225 ============================================================
============================================================
2021-12-19 11:45:19,225 Subject 6 out of 10: case41
Subject 6 out of 10: case41
2021-12-19 11:45:22,212 case 5 mean_dice 0.567791 mean_hd95 45.055521
Predsum: 29585
GtSum: 16682
Predsum: 29585
GtSum: 16682
Predsum: 29585
GtSum: 16682
case 5 mean_dice 0.567791 mean_hd95 45.055521
2021-12-19 11:45:22,357 ============================================================
============================================================
2021-12-19 11:45:22,357 Subject 7 out of 10: case46
Subject 7 out of 10: case46
2021-12-19 11:45:25,906 case 6 mean_dice 0.809768 mean_hd95 25.199206
Predsum: 37532
GtSum: 28766
Predsum: 37532
GtSum: 28766
Predsum: 37532
GtSum: 28766
case 6 mean_dice 0.809768 mean_hd95 25.199206
2021-12-19 11:45:26,081 ============================================================
============================================================
2021-12-19 11:45:26,081 Subject 8 out of 10: case38
Subject 8 out of 10: case38
2021-12-19 11:45:29,441 case 7 mean_dice 0.828284 mean_hd95 30.413813
Predsum: 62004
GtSum: 57583
Predsum: 62004
GtSum: 57583
Predsum: 62004
GtSum: 57583
case 7 mean_dice 0.828284 mean_hd95 30.413813
2021-12-19 11:45:29,586 ============================================================
============================================================
2021-12-19 11:45:29,587 Subject 9 out of 10: case40
Subject 9 out of 10: case40
2021-12-19 11:45:32,634 case 8 mean_dice 0.683826 mean_hd95 39.163120
Predsum: 33023
GtSum: 25372
Predsum: 33023
GtSum: 25372
Predsum: 33023
GtSum: 25372
case 8 mean_dice 0.683826 mean_hd95 39.163120
2021-12-19 11:45:32,781 ============================================================
============================================================
2021-12-19 11:45:32,781 Subject 10 out of 10: case42
Subject 10 out of 10: case42
2021-12-19 11:45:35,877 case 9 mean_dice 0.850563 mean_hd95 18.000000
Predsum: 73847
GtSum: 80225
Predsum: 73847
GtSum: 80225
Predsum: 73847
GtSum: 80225
case 9 mean_dice 0.850563 mean_hd95 18.000000
2021-12-19 11:45:35,878 Mean class 0 mean_dice 0.696484 mean_hd95 36.933242
Mean class 0 mean_dice 0.696484 mean_hd95 36.933242
2021-12-19 11:45:35,878 Mean class 1 mean_dice 0.696484 mean_hd95 36.933242
Mean class 1 mean_dice 0.696484 mean_hd95 36.933242
2021-12-19 11:45:35,878 Mean class 2 mean_dice 0.696484 mean_hd95 36.933242
Mean class 2 mean_dice 0.696484 mean_hd95 36.933242
2021-12-19 11:45:35,878 Testing performance in best val model: mean_dice : 0.696484 mean_hd95 : 36.933242
Testing performance in best val model: mean_dice : 0.696484 mean_hd95 : 36.933242
test.py successfully executed
