2021-12-13 10:21:31,716 Namespace(volume_path='/itet-stor/arismu/bmicdatasets-originals/Originals/Challenge_Datasets/Prostate_PROMISE12/TrainingData/', test_dataset='HK', num_classes=3, max_iterations=6800, max_epochs=400, batch_size=16, img_size=256, is_savenii=True, n_skip=3, vit_name='R50-ViT-B_16', test_save_dir='../predictions', deterministic=1, base_lr=0.001, seed=1234, vit_patches_size=16, target_resolution=0.625, image_depth_tr=32, image_depth_ts=32, test_cv_fold_num=1, NORMALIZE=1, Dataset='HK', z_spacing=1, is_pretrain=True, exp='TU_RUNMC256')
Namespace(volume_path='/itet-stor/arismu/bmicdatasets-originals/Originals/Challenge_Datasets/Prostate_PROMISE12/TrainingData/', test_dataset='HK', num_classes=3, max_iterations=6800, max_epochs=400, batch_size=16, img_size=256, is_savenii=True, n_skip=3, vit_name='R50-ViT-B_16', test_save_dir='../predictions', deterministic=1, base_lr=0.001, seed=1234, vit_patches_size=16, target_resolution=0.625, image_depth_tr=32, image_depth_ts=32, test_cv_fold_num=1, NORMALIZE=1, Dataset='HK', z_spacing=1, is_pretrain=True, exp='TU_RUNMC256')
2021-12-13 10:21:31,717 TU_pretrain_R50-ViT-B_16_skip3_bs16_256
TU_pretrain_R50-ViT-B_16_skip3_bs16_256
2021-12-13 10:21:31,734 Already preprocessed this configuration. Loading now!
Already preprocessed this configuration. Loading now!
2021-12-13 10:21:42,875 ============================================================
============================================================
2021-12-13 10:21:42,896 Subject 1 out of 10: case44
Subject 1 out of 10: case44
2021-12-13 10:21:46,227 case 0 mean_dice 0.704802 mean_hd95 24.919872
Predsum: 19446
GtSum: 26164
Predsum: 19446
GtSum: 26164
Predsum: 19446
GtSum: 26164
case 0 mean_dice 0.704802 mean_hd95 24.919872
2021-12-13 10:21:46,410 ============================================================
============================================================
2021-12-13 10:21:46,410 Subject 2 out of 10: case43
Subject 2 out of 10: case43
2021-12-13 10:21:49,521 case 1 mean_dice 0.744235 mean_hd95 30.630050
Predsum: 34578
GtSum: 36026
Predsum: 34578
GtSum: 36026
Predsum: 34578
GtSum: 36026
case 1 mean_dice 0.744235 mean_hd95 30.630050
2021-12-13 10:21:49,681 ============================================================
============================================================
2021-12-13 10:21:49,681 Subject 3 out of 10: case45
Subject 3 out of 10: case45
2021-12-13 10:21:52,781 case 2 mean_dice 0.692247 mean_hd95 33.151169
Predsum: 18377
GtSum: 17067
Predsum: 18377
GtSum: 17067
Predsum: 18377
GtSum: 17067
case 2 mean_dice 0.692247 mean_hd95 33.151169
2021-12-13 10:21:52,938 ============================================================
============================================================
2021-12-13 10:21:52,938 Subject 4 out of 10: case47
Subject 4 out of 10: case47
2021-12-13 10:21:56,099 case 3 mean_dice 0.710801 mean_hd95 36.000000
Predsum: 23152
GtSum: 24234
Predsum: 23152
GtSum: 24234
Predsum: 23152
GtSum: 24234
case 3 mean_dice 0.710801 mean_hd95 36.000000
2021-12-13 10:21:56,255 ============================================================
============================================================
2021-12-13 10:21:56,255 Subject 5 out of 10: case39
Subject 5 out of 10: case39
2021-12-13 10:21:59,442 case 4 mean_dice 0.643775 mean_hd95 42.965102
Predsum: 41977
GtSum: 36917
Predsum: 41977
GtSum: 36917
Predsum: 41977
GtSum: 36917
case 4 mean_dice 0.643775 mean_hd95 42.965102
2021-12-13 10:21:59,598 ============================================================
============================================================
2021-12-13 10:21:59,598 Subject 6 out of 10: case41
Subject 6 out of 10: case41
2021-12-13 10:22:02,626 case 5 mean_dice 0.823501 mean_hd95 17.029386
Predsum: 16440
GtSum: 16682
Predsum: 16440
GtSum: 16682
Predsum: 16440
GtSum: 16682
case 5 mean_dice 0.823501 mean_hd95 17.029386
2021-12-13 10:22:02,783 ============================================================
============================================================
2021-12-13 10:22:02,783 Subject 7 out of 10: case46
Subject 7 out of 10: case46
2021-12-13 10:22:05,836 case 6 mean_dice 0.854255 mean_hd95 4.123106
Predsum: 27421
GtSum: 28766
Predsum: 27421
GtSum: 28766
Predsum: 27421
GtSum: 28766
case 6 mean_dice 0.854255 mean_hd95 4.123106
2021-12-13 10:22:05,990 ============================================================
============================================================
2021-12-13 10:22:05,990 Subject 8 out of 10: case38
Subject 8 out of 10: case38
2021-12-13 10:22:09,454 case 7 mean_dice 0.885569 mean_hd95 19.519221
Predsum: 53200
GtSum: 57583
Predsum: 53200
GtSum: 57583
Predsum: 53200
GtSum: 57583
case 7 mean_dice 0.885569 mean_hd95 19.519221
2021-12-13 10:22:09,606 ============================================================
============================================================
2021-12-13 10:22:09,607 Subject 9 out of 10: case40
Subject 9 out of 10: case40
2021-12-13 10:22:12,722 case 8 mean_dice 0.756737 mean_hd95 32.015621
Predsum: 26617
GtSum: 25372
Predsum: 26617
GtSum: 25372
Predsum: 26617
GtSum: 25372
case 8 mean_dice 0.756737 mean_hd95 32.015621
2021-12-13 10:22:12,882 ============================================================
============================================================
2021-12-13 10:22:12,882 Subject 10 out of 10: case42
Subject 10 out of 10: case42
2021-12-13 10:22:16,049 case 9 mean_dice 0.889933 mean_hd95 14.730920
Predsum: 71883
GtSum: 80225
Predsum: 71883
GtSum: 80225
Predsum: 71883
GtSum: 80225
case 9 mean_dice 0.889933 mean_hd95 14.730920
2021-12-13 10:22:16,049 Mean class 0 mean_dice 0.770585 mean_hd95 25.508445
Mean class 0 mean_dice 0.770585 mean_hd95 25.508445
2021-12-13 10:22:16,049 Mean class 1 mean_dice 0.770585 mean_hd95 25.508445
Mean class 1 mean_dice 0.770585 mean_hd95 25.508445
2021-12-13 10:22:16,049 Mean class 2 mean_dice 0.770585 mean_hd95 25.508445
Mean class 2 mean_dice 0.770585 mean_hd95 25.508445
2021-12-13 10:22:16,049 Testing performance in best val model: mean_dice : 0.770585 mean_hd95 : 25.508445
Testing performance in best val model: mean_dice : 0.770585 mean_hd95 : 25.508445
test.py successfully executed
