2021-12-12 15:19:26,054 Namespace(volume_path='/itet-stor/arismu/bmicdatasets-originals/Originals/Challenge_Datasets/Prostate_PROMISE12/TrainingData/', test_dataset='HK', num_classes=3, max_iterations=6800, max_epochs=400, batch_size=16, img_size=256, is_savenii=True, n_skip=3, vit_name='R50-ViT-B_16', test_save_dir='../predictions', deterministic=1, base_lr=0.001, seed=1234, vit_patches_size=16, target_resolution=0.625, image_depth_tr=32, image_depth_ts=32, test_cv_fold_num=1, NORMALIZE=1, Dataset='HK', z_spacing=1, is_pretrain=True, exp='TU_RUNMC256')
Namespace(volume_path='/itet-stor/arismu/bmicdatasets-originals/Originals/Challenge_Datasets/Prostate_PROMISE12/TrainingData/', test_dataset='HK', num_classes=3, max_iterations=6800, max_epochs=400, batch_size=16, img_size=256, is_savenii=True, n_skip=3, vit_name='R50-ViT-B_16', test_save_dir='../predictions', deterministic=1, base_lr=0.001, seed=1234, vit_patches_size=16, target_resolution=0.625, image_depth_tr=32, image_depth_ts=32, test_cv_fold_num=1, NORMALIZE=1, Dataset='HK', z_spacing=1, is_pretrain=True, exp='TU_RUNMC256')
2021-12-12 15:19:26,054 TU_pretrain_R50-ViT-B_16_skip3_bs16_256
TU_pretrain_R50-ViT-B_16_skip3_bs16_256
2021-12-12 15:19:26,077 Already preprocessed this configuration. Loading now!
Already preprocessed this configuration. Loading now!
2021-12-12 15:19:37,280 ============================================================
============================================================
2021-12-12 15:19:37,281 Subject 1 out of 10: case44
Subject 1 out of 10: case44
2021-12-12 15:19:40,063 case 0 mean_dice 0.776604 mean_hd95 6.403124
Predsum: 19280
GtSum: 26164
Predsum: 19280
GtSum: 26164
Predsum: 19280
GtSum: 26164
case 0 mean_dice 0.776604 mean_hd95 6.403124
2021-12-12 15:19:40,212 ============================================================
============================================================
2021-12-12 15:19:40,212 Subject 2 out of 10: case43
Subject 2 out of 10: case43
2021-12-12 15:19:42,732 case 1 mean_dice 0.778587 mean_hd95 5.744563
Predsum: 28812
GtSum: 36026
Predsum: 28812
GtSum: 36026
Predsum: 28812
GtSum: 36026
case 1 mean_dice 0.778587 mean_hd95 5.744563
2021-12-12 15:19:42,862 ============================================================
============================================================
2021-12-12 15:19:42,862 Subject 3 out of 10: case45
Subject 3 out of 10: case45
2021-12-12 15:19:45,433 case 2 mean_dice 0.732185 mean_hd95 33.039368
Predsum: 19096
GtSum: 17067
Predsum: 19096
GtSum: 17067
Predsum: 19096
GtSum: 17067
case 2 mean_dice 0.732185 mean_hd95 33.039368
2021-12-12 15:19:45,562 ============================================================
============================================================
2021-12-12 15:19:45,562 Subject 4 out of 10: case47
Subject 4 out of 10: case47
2021-12-12 15:19:48,175 case 3 mean_dice 0.832166 mean_hd95 37.696154
Predsum: 28169
GtSum: 24234
Predsum: 28169
GtSum: 24234
Predsum: 28169
GtSum: 24234
case 3 mean_dice 0.832166 mean_hd95 37.696154
2021-12-12 15:19:48,303 ============================================================
============================================================
2021-12-12 15:19:48,303 Subject 5 out of 10: case39
Subject 5 out of 10: case39
2021-12-12 15:19:50,927 case 4 mean_dice 0.838699 mean_hd95 4.000000
Predsum: 29028
GtSum: 36917
Predsum: 29028
GtSum: 36917
Predsum: 29028
GtSum: 36917
case 4 mean_dice 0.838699 mean_hd95 4.000000
2021-12-12 15:19:51,055 ============================================================
============================================================
2021-12-12 15:19:51,055 Subject 6 out of 10: case41
Subject 6 out of 10: case41
2021-12-12 15:19:53,628 case 5 mean_dice 0.851224 mean_hd95 40.012498
Predsum: 15998
GtSum: 16682
Predsum: 15998
GtSum: 16682
Predsum: 15998
GtSum: 16682
case 5 mean_dice 0.851224 mean_hd95 40.012498
2021-12-12 15:19:53,755 ============================================================
============================================================
2021-12-12 15:19:53,755 Subject 7 out of 10: case46
Subject 7 out of 10: case46
2021-12-12 15:19:56,288 case 6 mean_dice 0.858056 mean_hd95 3.000000
Predsum: 31286
GtSum: 28766
Predsum: 31286
GtSum: 28766
Predsum: 31286
GtSum: 28766
case 6 mean_dice 0.858056 mean_hd95 3.000000
2021-12-12 15:19:56,416 ============================================================
============================================================
2021-12-12 15:19:56,416 Subject 8 out of 10: case38
Subject 8 out of 10: case38
2021-12-12 15:19:59,348 case 7 mean_dice 0.891603 mean_hd95 10.392305
Predsum: 56562
GtSum: 57583
Predsum: 56562
GtSum: 57583
Predsum: 56562
GtSum: 57583
case 7 mean_dice 0.891603 mean_hd95 10.392305
2021-12-12 15:19:59,487 ============================================================
============================================================
2021-12-12 15:19:59,488 Subject 9 out of 10: case40
Subject 9 out of 10: case40
2021-12-12 15:20:02,041 case 8 mean_dice 0.804545 mean_hd95 5.830952
Predsum: 20572
GtSum: 25372
Predsum: 20572
GtSum: 25372
Predsum: 20572
GtSum: 25372
case 8 mean_dice 0.804545 mean_hd95 5.830952
2021-12-12 15:20:02,177 ============================================================
============================================================
2021-12-12 15:20:02,177 Subject 10 out of 10: case42
Subject 10 out of 10: case42
2021-12-12 15:20:04,767 case 9 mean_dice 0.907393 mean_hd95 2.449490
Predsum: 71372
GtSum: 80225
Predsum: 71372
GtSum: 80225
Predsum: 71372
GtSum: 80225
case 9 mean_dice 0.907393 mean_hd95 2.449490
2021-12-12 15:20:04,767 Mean class 0 mean_dice 0.827106 mean_hd95 14.856845
Mean class 0 mean_dice 0.827106 mean_hd95 14.856845
2021-12-12 15:20:04,767 Mean class 1 mean_dice 0.827106 mean_hd95 14.856845
Mean class 1 mean_dice 0.827106 mean_hd95 14.856845
2021-12-12 15:20:04,767 Mean class 2 mean_dice 0.827106 mean_hd95 14.856845
Mean class 2 mean_dice 0.827106 mean_hd95 14.856845
2021-12-12 15:20:04,767 Testing performance in best val model: mean_dice : 0.827106 mean_hd95 : 14.856845
Testing performance in best val model: mean_dice : 0.827106 mean_hd95 : 14.856845
test.py successfully executed
