2021-12-12 15:14:59,986 Namespace(volume_path='/itet-stor/arismu/bmicdatasets-originals/Originals/Challenge_Datasets/Prostate_PROMISE12/TrainingData/', test_dataset='HK', num_classes=3, max_iterations=6800, max_epochs=400, batch_size=16, img_size=256, is_savenii=True, n_skip=3, vit_name='R50-ViT-B_16', test_save_dir='../predictions', deterministic=1, base_lr=0.001, seed=1234, vit_patches_size=16, target_resolution=0.625, image_depth_tr=32, image_depth_ts=32, test_cv_fold_num=1, NORMALIZE=1, Dataset='HK', z_spacing=1, is_pretrain=True, exp='TU_RUNMC256')
Namespace(volume_path='/itet-stor/arismu/bmicdatasets-originals/Originals/Challenge_Datasets/Prostate_PROMISE12/TrainingData/', test_dataset='HK', num_classes=3, max_iterations=6800, max_epochs=400, batch_size=16, img_size=256, is_savenii=True, n_skip=3, vit_name='R50-ViT-B_16', test_save_dir='../predictions', deterministic=1, base_lr=0.001, seed=1234, vit_patches_size=16, target_resolution=0.625, image_depth_tr=32, image_depth_ts=32, test_cv_fold_num=1, NORMALIZE=1, Dataset='HK', z_spacing=1, is_pretrain=True, exp='TU_RUNMC256')
2021-12-12 15:14:59,987 TU_pretrain_R50-ViT-B_16_skip3_bs16_256
TU_pretrain_R50-ViT-B_16_skip3_bs16_256
2021-12-12 15:15:00,004 Already preprocessed this configuration. Loading now!
Already preprocessed this configuration. Loading now!
2021-12-12 15:15:13,712 ============================================================
============================================================
2021-12-12 15:15:13,737 Subject 1 out of 10: case44
Subject 1 out of 10: case44
2021-12-12 15:15:16,432 case 0 mean_dice 0.640124 mean_hd95 7.141428
Predsum: 12666
GtSum: 26164
Predsum: 12666
GtSum: 26164
Predsum: 12666
GtSum: 26164
case 0 mean_dice 0.640124 mean_hd95 7.141428
2021-12-12 15:15:16,590 ============================================================
============================================================
2021-12-12 15:15:16,591 Subject 2 out of 10: case43
Subject 2 out of 10: case43
2021-12-12 15:15:19,126 case 1 mean_dice 0.663668 mean_hd95 9.000000
Predsum: 22217
GtSum: 36026
Predsum: 22217
GtSum: 36026
Predsum: 22217
GtSum: 36026
case 1 mean_dice 0.663668 mean_hd95 9.000000
2021-12-12 15:15:19,249 ============================================================
============================================================
2021-12-12 15:15:19,249 Subject 3 out of 10: case45
Subject 3 out of 10: case45
2021-12-12 15:15:21,627 case 2 mean_dice 0.688390 mean_hd95 4.000000
Predsum: 10307
GtSum: 17067
Predsum: 10307
GtSum: 17067
Predsum: 10307
GtSum: 17067
case 2 mean_dice 0.688390 mean_hd95 4.000000
2021-12-12 15:15:21,749 ============================================================
============================================================
2021-12-12 15:15:21,749 Subject 4 out of 10: case47
Subject 4 out of 10: case47
2021-12-12 15:15:24,244 case 3 mean_dice 0.814621 mean_hd95 3.000000
Predsum: 17869
GtSum: 24234
Predsum: 17869
GtSum: 24234
Predsum: 17869
GtSum: 24234
case 3 mean_dice 0.814621 mean_hd95 3.000000
2021-12-12 15:15:24,391 ============================================================
============================================================
2021-12-12 15:15:24,391 Subject 5 out of 10: case39
Subject 5 out of 10: case39
2021-12-12 15:15:26,988 case 4 mean_dice 0.677279 mean_hd95 7.810250
Predsum: 22323
GtSum: 36917
Predsum: 22323
GtSum: 36917
Predsum: 22323
GtSum: 36917
case 4 mean_dice 0.677279 mean_hd95 7.810250
2021-12-12 15:15:27,115 ============================================================
============================================================
2021-12-12 15:15:27,115 Subject 6 out of 10: case41
Subject 6 out of 10: case41
2021-12-12 15:15:29,556 case 5 mean_dice 0.609565 mean_hd95 5.477226
Predsum: 7637
GtSum: 16682
Predsum: 7637
GtSum: 16682
Predsum: 7637
GtSum: 16682
case 5 mean_dice 0.609565 mean_hd95 5.477226
2021-12-12 15:15:29,683 ============================================================
============================================================
2021-12-12 15:15:29,683 Subject 7 out of 10: case46
Subject 7 out of 10: case46
2021-12-12 15:15:32,198 case 6 mean_dice 0.762623 mean_hd95 4.000000
Predsum: 19082
GtSum: 28766
Predsum: 19082
GtSum: 28766
Predsum: 19082
GtSum: 28766
case 6 mean_dice 0.762623 mean_hd95 4.000000
2021-12-12 15:15:32,324 ============================================================
============================================================
2021-12-12 15:15:32,324 Subject 8 out of 10: case38
Subject 8 out of 10: case38
2021-12-12 15:15:35,183 case 7 mean_dice 0.841712 mean_hd95 4.898979
Predsum: 45571
GtSum: 57583
Predsum: 45571
GtSum: 57583
Predsum: 45571
GtSum: 57583
case 7 mean_dice 0.841712 mean_hd95 4.898979
2021-12-12 15:15:35,312 ============================================================
============================================================
2021-12-12 15:15:35,312 Subject 9 out of 10: case40
Subject 9 out of 10: case40
2021-12-12 15:15:37,893 case 8 mean_dice 0.581968 mean_hd95 6.403124
Predsum: 12338
GtSum: 25372
Predsum: 12338
GtSum: 25372
Predsum: 12338
GtSum: 25372
case 8 mean_dice 0.581968 mean_hd95 6.403124
2021-12-12 15:15:38,020 ============================================================
============================================================
2021-12-12 15:15:38,020 Subject 10 out of 10: case42
Subject 10 out of 10: case42
2021-12-12 15:15:40,637 case 9 mean_dice 0.846386 mean_hd95 4.123106
Predsum: 61292
GtSum: 80225
Predsum: 61292
GtSum: 80225
Predsum: 61292
GtSum: 80225
case 9 mean_dice 0.846386 mean_hd95 4.123106
2021-12-12 15:15:40,637 Mean class 0 mean_dice 0.712634 mean_hd95 5.585411
Mean class 0 mean_dice 0.712634 mean_hd95 5.585411
2021-12-12 15:15:40,637 Mean class 1 mean_dice 0.712634 mean_hd95 5.585411
Mean class 1 mean_dice 0.712634 mean_hd95 5.585411
2021-12-12 15:15:40,637 Mean class 2 mean_dice 0.712634 mean_hd95 5.585411
Mean class 2 mean_dice 0.712634 mean_hd95 5.585411
2021-12-12 15:15:40,637 Testing performance in best val model: mean_dice : 0.712634 mean_hd95 : 5.585411
Testing performance in best val model: mean_dice : 0.712634 mean_hd95 : 5.585411
test.py successfully executed
