2021-12-17 14:58:24,565 Namespace(volume_path='/itet-stor/arismu/bmicdatasets-originals/Originals/Challenge_Datasets/NCI_Prostate/', test_dataset='RUNMC', num_classes=3, max_iterations=6800, max_epochs=400, batch_size=16, img_size=256, is_savenii=True, n_skip=3, vit_name='R50-ViT-B_16', test_save_dir='../predictions', deterministic=1, base_lr=0.001, seed=1234, vit_patches_size=16, target_resolution=0.625, image_depth_tr=32, image_depth_ts=32, test_cv_fold_num=1, NORMALIZE=1, Dataset='RUNMC', z_spacing=1, is_pretrain=True, exp='TU_RUNMC256')
Namespace(volume_path='/itet-stor/arismu/bmicdatasets-originals/Originals/Challenge_Datasets/NCI_Prostate/', test_dataset='RUNMC', num_classes=3, max_iterations=6800, max_epochs=400, batch_size=16, img_size=256, is_savenii=True, n_skip=3, vit_name='R50-ViT-B_16', test_save_dir='../predictions', deterministic=1, base_lr=0.001, seed=1234, vit_patches_size=16, target_resolution=0.625, image_depth_tr=32, image_depth_ts=32, test_cv_fold_num=1, NORMALIZE=1, Dataset='RUNMC', z_spacing=1, is_pretrain=True, exp='TU_RUNMC256')
2021-12-17 14:58:24,566 TU_pretrain_R50-ViT-B_16_skip3_bs16_256
TU_pretrain_R50-ViT-B_16_skip3_bs16_256
2021-12-17 14:58:24,590 Reading RUNMC images...
Reading RUNMC images...
2021-12-17 14:58:24,590 Data root directory: /itet-stor/arismu/bmicdatasets-originals/Originals/Challenge_Datasets/NCI_Prostate/
Data root directory: /itet-stor/arismu/bmicdatasets-originals/Originals/Challenge_Datasets/NCI_Prostate/
2021-12-17 14:58:24,592 Already preprocessed this configuration. Loading now!
Already preprocessed this configuration. Loading now!
2021-12-17 14:58:25,467 ============================================================
============================================================
2021-12-17 14:58:25,467 Subject 1 out of 10: Prostate3T-01-0030
Subject 1 out of 10: Prostate3T-01-0030
2021-12-17 14:58:29,975 case 0 mean_dice 0.892930 mean_hd95 2.236068
Predsum: 29503
GtSum: 27516
Predsum: 29503
GtSum: 27516
Predsum: 29503
GtSum: 27516
case 0 mean_dice 0.892930 mean_hd95 2.236068
2021-12-17 14:58:29,990 ============================================================
============================================================
2021-12-17 14:58:29,990 Subject 2 out of 10: Prostate3T-01-0024
Subject 2 out of 10: Prostate3T-01-0024
2021-12-17 14:58:32,584 case 1 mean_dice 0.934637 mean_hd95 2.000000
Predsum: 79084
GtSum: 75667
Predsum: 79084
GtSum: 75667
Predsum: 79084
GtSum: 75667
case 1 mean_dice 0.934637 mean_hd95 2.000000
2021-12-17 14:58:32,598 ============================================================
============================================================
2021-12-17 14:58:32,598 Subject 3 out of 10: Prostate3T-01-0022
Subject 3 out of 10: Prostate3T-01-0022
2021-12-17 14:58:35,202 case 2 mean_dice 0.851396 mean_hd95 10.049876
Predsum: 46334
GtSum: 36140
Predsum: 46334
GtSum: 36140
Predsum: 46334
GtSum: 36140
case 2 mean_dice 0.851396 mean_hd95 10.049876
2021-12-17 14:58:35,215 ============================================================
============================================================
2021-12-17 14:58:35,215 Subject 4 out of 10: Prostate3T-01-0029
Subject 4 out of 10: Prostate3T-01-0029
2021-12-17 14:58:37,812 case 3 mean_dice 0.849262 mean_hd95 4.000000
Predsum: 58658
GtSum: 46770
Predsum: 58658
GtSum: 46770
Predsum: 58658
GtSum: 46770
case 3 mean_dice 0.849262 mean_hd95 4.000000
2021-12-17 14:58:37,826 ============================================================
============================================================
2021-12-17 14:58:37,826 Subject 5 out of 10: Prostate3T-01-0025
Subject 5 out of 10: Prostate3T-01-0025
2021-12-17 14:58:40,163 case 4 mean_dice 0.903355 mean_hd95 2.236068
Predsum: 52290
GtSum: 46712
Predsum: 52290
GtSum: 46712
Predsum: 52290
GtSum: 46712
case 4 mean_dice 0.903355 mean_hd95 2.236068
2021-12-17 14:58:40,177 ============================================================
============================================================
2021-12-17 14:58:40,177 Subject 6 out of 10: Prostate3T-01-0026
Subject 6 out of 10: Prostate3T-01-0026
2021-12-17 14:58:43,833 case 5 mean_dice 0.885349 mean_hd95 4.123106
Predsum: 77987
GtSum: 66670
Predsum: 77987
GtSum: 66670
Predsum: 77987
GtSum: 66670
case 5 mean_dice 0.885349 mean_hd95 4.123106
2021-12-17 14:58:43,846 ============================================================
============================================================
2021-12-17 14:58:43,847 Subject 7 out of 10: Prostate3T-01-0023
Subject 7 out of 10: Prostate3T-01-0023
2021-12-17 14:58:46,426 case 6 mean_dice 0.912711 mean_hd95 2.828427
Predsum: 56584
GtSum: 52066
Predsum: 56584
GtSum: 52066
Predsum: 56584
GtSum: 52066
case 6 mean_dice 0.912711 mean_hd95 2.828427
2021-12-17 14:58:46,439 ============================================================
============================================================
2021-12-17 14:58:46,439 Subject 8 out of 10: Prostate3T-01-0028
Subject 8 out of 10: Prostate3T-01-0028
2021-12-17 14:58:48,277 case 7 mean_dice 0.901132 mean_hd95 3.000000
Predsum: 68564
GtSum: 62520
Predsum: 68564
GtSum: 62520
Predsum: 68564
GtSum: 62520
case 7 mean_dice 0.901132 mean_hd95 3.000000
2021-12-17 14:58:48,289 ============================================================
============================================================
2021-12-17 14:58:48,289 Subject 9 out of 10: Prostate3T-01-0021
Subject 9 out of 10: Prostate3T-01-0021
2021-12-17 14:58:50,828 case 8 mean_dice 0.913812 mean_hd95 2.828427
Predsum: 70755
GtSum: 66978
Predsum: 70755
GtSum: 66978
Predsum: 70755
GtSum: 66978
case 8 mean_dice 0.913812 mean_hd95 2.828427
2021-12-17 14:58:50,841 ============================================================
============================================================
2021-12-17 14:58:50,841 Subject 10 out of 10: Prostate3T-01-0027
Subject 10 out of 10: Prostate3T-01-0027
2021-12-17 14:58:53,437 case 9 mean_dice 0.886899 mean_hd95 2.246739
Predsum: 56527
GtSum: 53596
Predsum: 56527
GtSum: 53596
Predsum: 56527
GtSum: 53596
case 9 mean_dice 0.886899 mean_hd95 2.246739
2021-12-17 14:58:53,438 Mean class 0 mean_dice 0.893148 mean_hd95 3.554871
Mean class 0 mean_dice 0.893148 mean_hd95 3.554871
2021-12-17 14:58:53,438 Mean class 1 mean_dice 0.893148 mean_hd95 3.554871
Mean class 1 mean_dice 0.893148 mean_hd95 3.554871
2021-12-17 14:58:53,438 Mean class 2 mean_dice 0.893148 mean_hd95 3.554871
Mean class 2 mean_dice 0.893148 mean_hd95 3.554871
2021-12-17 14:58:53,438 Testing performance in best val model: mean_dice : 0.893148 mean_hd95 : 3.554871
Testing performance in best val model: mean_dice : 0.893148 mean_hd95 : 3.554871
test.py successfully executed
