2021-12-13 09:55:56,336 Namespace(volume_path='/itet-stor/arismu/bmicdatasets-originals/Originals/Challenge_Datasets/NCI_Prostate/', test_dataset='RUNMC', num_classes=3, max_iterations=6800, max_epochs=400, batch_size=16, img_size=256, is_savenii=True, n_skip=3, vit_name='R50-ViT-B_16', test_save_dir='../predictions', deterministic=1, base_lr=0.001, seed=1234, vit_patches_size=16, target_resolution=0.625, image_depth_tr=32, image_depth_ts=32, test_cv_fold_num=1, NORMALIZE=1, Dataset='RUNMC', z_spacing=1, is_pretrain=True, exp='TU_RUNMC256')
Namespace(volume_path='/itet-stor/arismu/bmicdatasets-originals/Originals/Challenge_Datasets/NCI_Prostate/', test_dataset='RUNMC', num_classes=3, max_iterations=6800, max_epochs=400, batch_size=16, img_size=256, is_savenii=True, n_skip=3, vit_name='R50-ViT-B_16', test_save_dir='../predictions', deterministic=1, base_lr=0.001, seed=1234, vit_patches_size=16, target_resolution=0.625, image_depth_tr=32, image_depth_ts=32, test_cv_fold_num=1, NORMALIZE=1, Dataset='RUNMC', z_spacing=1, is_pretrain=True, exp='TU_RUNMC256')
2021-12-13 09:55:56,337 TU_pretrain_R50-ViT-B_16_skip3_bs16_256
TU_pretrain_R50-ViT-B_16_skip3_bs16_256
2021-12-13 09:55:56,359 Reading RUNMC images...
Reading RUNMC images...
2021-12-13 09:55:56,359 Data root directory: /itet-stor/arismu/bmicdatasets-originals/Originals/Challenge_Datasets/NCI_Prostate/
Data root directory: /itet-stor/arismu/bmicdatasets-originals/Originals/Challenge_Datasets/NCI_Prostate/
2021-12-13 09:55:56,360 Already preprocessed this configuration. Loading now!
Already preprocessed this configuration. Loading now!
2021-12-13 09:55:57,255 ============================================================
============================================================
2021-12-13 09:55:57,255 Subject 1 out of 10: Prostate3T-01-0030
Subject 1 out of 10: Prostate3T-01-0030
2021-12-13 09:56:00,152 case 0 mean_dice 0.912820 mean_hd95 1.414214
Predsum: 26843
GtSum: 27516
Predsum: 26843
GtSum: 27516
Predsum: 26843
GtSum: 27516
case 0 mean_dice 0.912820 mean_hd95 1.414214
2021-12-13 09:56:00,167 ============================================================
============================================================
2021-12-13 09:56:00,167 Subject 2 out of 10: Prostate3T-01-0024
Subject 2 out of 10: Prostate3T-01-0024
2021-12-13 09:56:02,928 case 1 mean_dice 0.951660 mean_hd95 1.414214
Predsum: 77001
GtSum: 75667
Predsum: 77001
GtSum: 75667
Predsum: 77001
GtSum: 75667
case 1 mean_dice 0.951660 mean_hd95 1.414214
2021-12-13 09:56:02,943 ============================================================
============================================================
2021-12-13 09:56:02,943 Subject 3 out of 10: Prostate3T-01-0022
Subject 3 out of 10: Prostate3T-01-0022
2021-12-13 09:56:05,688 case 2 mean_dice 0.925182 mean_hd95 3.000000
Predsum: 39056
GtSum: 36140
Predsum: 39056
GtSum: 36140
Predsum: 39056
GtSum: 36140
case 2 mean_dice 0.925182 mean_hd95 3.000000
2021-12-13 09:56:05,703 ============================================================
============================================================
2021-12-13 09:56:05,703 Subject 4 out of 10: Prostate3T-01-0029
Subject 4 out of 10: Prostate3T-01-0029
2021-12-13 09:56:08,439 case 3 mean_dice 0.895961 mean_hd95 2.000000
Predsum: 52183
GtSum: 46770
Predsum: 52183
GtSum: 46770
Predsum: 52183
GtSum: 46770
case 3 mean_dice 0.895961 mean_hd95 2.000000
2021-12-13 09:56:08,454 ============================================================
============================================================
2021-12-13 09:56:08,454 Subject 5 out of 10: Prostate3T-01-0025
Subject 5 out of 10: Prostate3T-01-0025
2021-12-13 09:56:10,857 case 4 mean_dice 0.917102 mean_hd95 2.000000
Predsum: 50625
GtSum: 46712
Predsum: 50625
GtSum: 46712
Predsum: 50625
GtSum: 46712
case 4 mean_dice 0.917102 mean_hd95 2.000000
2021-12-13 09:56:10,871 ============================================================
============================================================
2021-12-13 09:56:10,871 Subject 6 out of 10: Prostate3T-01-0026
Subject 6 out of 10: Prostate3T-01-0026
2021-12-13 09:56:13,642 case 5 mean_dice 0.897026 mean_hd95 4.000000
Predsum: 74327
GtSum: 66670
Predsum: 74327
GtSum: 66670
Predsum: 74327
GtSum: 66670
case 5 mean_dice 0.897026 mean_hd95 4.000000
2021-12-13 09:56:13,655 ============================================================
============================================================
2021-12-13 09:56:13,656 Subject 7 out of 10: Prostate3T-01-0023
Subject 7 out of 10: Prostate3T-01-0023
2021-12-13 09:56:16,293 case 6 mean_dice 0.929577 mean_hd95 2.000000
Predsum: 51054
GtSum: 52066
Predsum: 51054
GtSum: 52066
Predsum: 51054
GtSum: 52066
case 6 mean_dice 0.929577 mean_hd95 2.000000
2021-12-13 09:56:16,308 ============================================================
============================================================
2021-12-13 09:56:16,308 Subject 8 out of 10: Prostate3T-01-0028
Subject 8 out of 10: Prostate3T-01-0028
2021-12-13 09:56:18,261 case 7 mean_dice 0.936001 mean_hd95 1.732051
Predsum: 62497
GtSum: 62520
Predsum: 62497
GtSum: 62520
Predsum: 62497
GtSum: 62520
case 7 mean_dice 0.936001 mean_hd95 1.732051
2021-12-13 09:56:18,274 ============================================================
============================================================
2021-12-13 09:56:18,274 Subject 9 out of 10: Prostate3T-01-0021
Subject 9 out of 10: Prostate3T-01-0021
2021-12-13 09:56:20,979 case 8 mean_dice 0.943492 mean_hd95 2.000000
Predsum: 67889
GtSum: 66978
Predsum: 67889
GtSum: 66978
Predsum: 67889
GtSum: 66978
case 8 mean_dice 0.943492 mean_hd95 2.000000
2021-12-13 09:56:20,992 ============================================================
============================================================
2021-12-13 09:56:20,992 Subject 10 out of 10: Prostate3T-01-0027
Subject 10 out of 10: Prostate3T-01-0027
2021-12-13 09:56:23,657 case 9 mean_dice 0.930179 mean_hd95 2.000000
Predsum: 52003
GtSum: 53596
Predsum: 52003
GtSum: 53596
Predsum: 52003
GtSum: 53596
case 9 mean_dice 0.930179 mean_hd95 2.000000
2021-12-13 09:56:23,657 Mean class 0 mean_dice 0.923900 mean_hd95 2.156048
Mean class 0 mean_dice 0.923900 mean_hd95 2.156048
2021-12-13 09:56:23,657 Mean class 1 mean_dice 0.923900 mean_hd95 2.156048
Mean class 1 mean_dice 0.923900 mean_hd95 2.156048
2021-12-13 09:56:23,658 Mean class 2 mean_dice 0.923900 mean_hd95 2.156048
Mean class 2 mean_dice 0.923900 mean_hd95 2.156048
2021-12-13 09:56:23,658 Testing performance in best val model: mean_dice : 0.923900 mean_hd95 : 2.156048
Testing performance in best val model: mean_dice : 0.923900 mean_hd95 : 2.156048
test.py successfully executed
