2021-12-19 11:25:53,996 Namespace(volume_path='/itet-stor/arismu/bmicdatasets-originals/Originals/Challenge_Datasets/NCI_Prostate/', test_dataset='RUNMC', num_classes=3, max_iterations=6800, max_epochs=400, batch_size=16, img_size=256, is_savenii=True, n_skip=3, vit_name='R50-ViT-B_16', test_save_dir='../predictions', deterministic=1, base_lr=0.001, seed=1234, vit_patches_size=16, target_resolution=0.625, image_depth_tr=32, image_depth_ts=32, test_cv_fold_num=1, NORMALIZE=1, Dataset='RUNMC', z_spacing=1, is_pretrain=True, exp='TU_RUNMC256')
Namespace(volume_path='/itet-stor/arismu/bmicdatasets-originals/Originals/Challenge_Datasets/NCI_Prostate/', test_dataset='RUNMC', num_classes=3, max_iterations=6800, max_epochs=400, batch_size=16, img_size=256, is_savenii=True, n_skip=3, vit_name='R50-ViT-B_16', test_save_dir='../predictions', deterministic=1, base_lr=0.001, seed=1234, vit_patches_size=16, target_resolution=0.625, image_depth_tr=32, image_depth_ts=32, test_cv_fold_num=1, NORMALIZE=1, Dataset='RUNMC', z_spacing=1, is_pretrain=True, exp='TU_RUNMC256')
2021-12-19 11:25:53,997 TU_pretrain_R50-ViT-B_16_skip3_bs16_256
TU_pretrain_R50-ViT-B_16_skip3_bs16_256
2021-12-19 11:25:54,026 Reading RUNMC images...
Reading RUNMC images...
2021-12-19 11:25:54,026 Data root directory: /itet-stor/arismu/bmicdatasets-originals/Originals/Challenge_Datasets/NCI_Prostate/
Data root directory: /itet-stor/arismu/bmicdatasets-originals/Originals/Challenge_Datasets/NCI_Prostate/
2021-12-19 11:25:54,027 Already preprocessed this configuration. Loading now!
Already preprocessed this configuration. Loading now!
2021-12-19 11:25:54,898 ============================================================
============================================================
2021-12-19 11:25:54,898 Subject 1 out of 10: Prostate3T-01-0030
Subject 1 out of 10: Prostate3T-01-0030
2021-12-19 11:25:57,478 case 0 mean_dice 0.891110 mean_hd95 1.414214
Predsum: 26511
GtSum: 27516
Predsum: 26511
GtSum: 27516
Predsum: 26511
GtSum: 27516
case 0 mean_dice 0.891110 mean_hd95 1.414214
2021-12-19 11:25:57,497 ============================================================
============================================================
2021-12-19 11:25:57,497 Subject 2 out of 10: Prostate3T-01-0024
Subject 2 out of 10: Prostate3T-01-0024
2021-12-19 11:25:59,897 case 1 mean_dice 0.929130 mean_hd95 2.236068
Predsum: 79054
GtSum: 75667
Predsum: 79054
GtSum: 75667
Predsum: 79054
GtSum: 75667
case 1 mean_dice 0.929130 mean_hd95 2.236068
2021-12-19 11:25:59,914 ============================================================
============================================================
2021-12-19 11:25:59,915 Subject 3 out of 10: Prostate3T-01-0022
Subject 3 out of 10: Prostate3T-01-0022
2021-12-19 11:26:02,322 case 2 mean_dice 0.884351 mean_hd95 6.480741
Predsum: 42417
GtSum: 36140
Predsum: 42417
GtSum: 36140
Predsum: 42417
GtSum: 36140
case 2 mean_dice 0.884351 mean_hd95 6.480741
2021-12-19 11:26:02,341 ============================================================
============================================================
2021-12-19 11:26:02,341 Subject 4 out of 10: Prostate3T-01-0029
Subject 4 out of 10: Prostate3T-01-0029
2021-12-19 11:26:04,724 case 3 mean_dice 0.869110 mean_hd95 3.000000
Predsum: 56133
GtSum: 46770
Predsum: 56133
GtSum: 46770
Predsum: 56133
GtSum: 46770
case 3 mean_dice 0.869110 mean_hd95 3.000000
2021-12-19 11:26:04,740 ============================================================
============================================================
2021-12-19 11:26:04,740 Subject 5 out of 10: Prostate3T-01-0025
Subject 5 out of 10: Prostate3T-01-0025
2021-12-19 11:26:06,959 case 4 mean_dice 0.897268 mean_hd95 2.828427
Predsum: 52605
GtSum: 46712
Predsum: 52605
GtSum: 46712
Predsum: 52605
GtSum: 46712
case 4 mean_dice 0.897268 mean_hd95 2.828427
2021-12-19 11:26:06,976 ============================================================
============================================================
2021-12-19 11:26:06,976 Subject 6 out of 10: Prostate3T-01-0026
Subject 6 out of 10: Prostate3T-01-0026
2021-12-19 11:26:10,110 case 5 mean_dice 0.897007 mean_hd95 4.000000
Predsum: 74767
GtSum: 66670
Predsum: 74767
GtSum: 66670
Predsum: 74767
GtSum: 66670
case 5 mean_dice 0.897007 mean_hd95 4.000000
2021-12-19 11:26:10,128 ============================================================
============================================================
2021-12-19 11:26:10,128 Subject 7 out of 10: Prostate3T-01-0023
Subject 7 out of 10: Prostate3T-01-0023
2021-12-19 11:26:12,570 case 6 mean_dice 0.923059 mean_hd95 2.000000
Predsum: 51754
GtSum: 52066
Predsum: 51754
GtSum: 52066
Predsum: 51754
GtSum: 52066
case 6 mean_dice 0.923059 mean_hd95 2.000000
2021-12-19 11:26:12,585 ============================================================
============================================================
2021-12-19 11:26:12,585 Subject 8 out of 10: Prostate3T-01-0028
Subject 8 out of 10: Prostate3T-01-0028
2021-12-19 11:26:14,429 case 7 mean_dice 0.923472 mean_hd95 1.732051
Predsum: 61852
GtSum: 62520
Predsum: 61852
GtSum: 62520
Predsum: 61852
GtSum: 62520
case 7 mean_dice 0.923472 mean_hd95 1.732051
2021-12-19 11:26:14,443 ============================================================
============================================================
2021-12-19 11:26:14,443 Subject 9 out of 10: Prostate3T-01-0021
Subject 9 out of 10: Prostate3T-01-0021
2021-12-19 11:26:16,822 case 8 mean_dice 0.928253 mean_hd95 2.000000
Predsum: 69976
GtSum: 66978
Predsum: 69976
GtSum: 66978
Predsum: 69976
GtSum: 66978
case 8 mean_dice 0.928253 mean_hd95 2.000000
2021-12-19 11:26:16,835 ============================================================
============================================================
2021-12-19 11:26:16,835 Subject 10 out of 10: Prostate3T-01-0027
Subject 10 out of 10: Prostate3T-01-0027
2021-12-19 11:26:19,223 case 9 mean_dice 0.893493 mean_hd95 2.828427
Predsum: 55139
GtSum: 53596
Predsum: 55139
GtSum: 53596
Predsum: 55139
GtSum: 53596
case 9 mean_dice 0.893493 mean_hd95 2.828427
2021-12-19 11:26:19,223 Mean class 0 mean_dice 0.903625 mean_hd95 2.851993
Mean class 0 mean_dice 0.903625 mean_hd95 2.851993
2021-12-19 11:26:19,224 Mean class 1 mean_dice 0.903625 mean_hd95 2.851993
Mean class 1 mean_dice 0.903625 mean_hd95 2.851993
2021-12-19 11:26:19,224 Mean class 2 mean_dice 0.903625 mean_hd95 2.851993
Mean class 2 mean_dice 0.903625 mean_hd95 2.851993
2021-12-19 11:26:19,224 Testing performance in best val model: mean_dice : 0.903625 mean_hd95 : 2.851993
Testing performance in best val model: mean_dice : 0.903625 mean_hd95 : 2.851993
test.py successfully executed
