2021-12-13 09:58:25,048 Namespace(volume_path='/itet-stor/arismu/bmicdatasets-originals/Originals/Challenge_Datasets/NCI_Prostate/', test_dataset='RUNMC', num_classes=3, max_iterations=6800, max_epochs=400, batch_size=16, img_size=256, is_savenii=True, n_skip=3, vit_name='R50-ViT-B_16', test_save_dir='../predictions', deterministic=1, base_lr=0.001, seed=1234, vit_patches_size=16, target_resolution=0.625, image_depth_tr=32, image_depth_ts=32, test_cv_fold_num=1, NORMALIZE=1, Dataset='RUNMC', z_spacing=1, is_pretrain=True, exp='TU_RUNMC256')
Namespace(volume_path='/itet-stor/arismu/bmicdatasets-originals/Originals/Challenge_Datasets/NCI_Prostate/', test_dataset='RUNMC', num_classes=3, max_iterations=6800, max_epochs=400, batch_size=16, img_size=256, is_savenii=True, n_skip=3, vit_name='R50-ViT-B_16', test_save_dir='../predictions', deterministic=1, base_lr=0.001, seed=1234, vit_patches_size=16, target_resolution=0.625, image_depth_tr=32, image_depth_ts=32, test_cv_fold_num=1, NORMALIZE=1, Dataset='RUNMC', z_spacing=1, is_pretrain=True, exp='TU_RUNMC256')
2021-12-13 09:58:25,049 TU_pretrain_R50-ViT-B_16_skip3_bs16_256
TU_pretrain_R50-ViT-B_16_skip3_bs16_256
2021-12-13 09:58:25,065 Reading RUNMC images...
Reading RUNMC images...
2021-12-13 09:58:25,066 Data root directory: /itet-stor/arismu/bmicdatasets-originals/Originals/Challenge_Datasets/NCI_Prostate/
Data root directory: /itet-stor/arismu/bmicdatasets-originals/Originals/Challenge_Datasets/NCI_Prostate/
2021-12-13 09:58:25,067 Already preprocessed this configuration. Loading now!
Already preprocessed this configuration. Loading now!
2021-12-13 09:58:25,924 ============================================================
============================================================
2021-12-13 09:58:25,924 Subject 1 out of 10: Prostate3T-01-0030
Subject 1 out of 10: Prostate3T-01-0030
2021-12-13 09:58:28,800 case 0 mean_dice 0.913510 mean_hd95 1.000000
Predsum: 26178
GtSum: 27516
Predsum: 26178
GtSum: 27516
Predsum: 26178
GtSum: 27516
case 0 mean_dice 0.913510 mean_hd95 1.000000
2021-12-13 09:58:28,815 ============================================================
============================================================
2021-12-13 09:58:28,815 Subject 2 out of 10: Prostate3T-01-0024
Subject 2 out of 10: Prostate3T-01-0024
2021-12-13 09:58:31,502 case 1 mean_dice 0.933919 mean_hd95 2.449490
Predsum: 80807
GtSum: 75667
Predsum: 80807
GtSum: 75667
Predsum: 80807
GtSum: 75667
case 1 mean_dice 0.933919 mean_hd95 2.449490
2021-12-13 09:58:31,517 ============================================================
============================================================
2021-12-13 09:58:31,517 Subject 3 out of 10: Prostate3T-01-0022
Subject 3 out of 10: Prostate3T-01-0022
2021-12-13 09:58:34,186 case 2 mean_dice 0.912632 mean_hd95 1.414214
Predsum: 39906
GtSum: 36140
Predsum: 39906
GtSum: 36140
Predsum: 39906
GtSum: 36140
case 2 mean_dice 0.912632 mean_hd95 1.414214
2021-12-13 09:58:34,200 ============================================================
============================================================
2021-12-13 09:58:34,200 Subject 4 out of 10: Prostate3T-01-0029
Subject 4 out of 10: Prostate3T-01-0029
2021-12-13 09:58:36,896 case 3 mean_dice 0.894843 mean_hd95 2.000000
Predsum: 52691
GtSum: 46770
Predsum: 52691
GtSum: 46770
Predsum: 52691
GtSum: 46770
case 3 mean_dice 0.894843 mean_hd95 2.000000
2021-12-13 09:58:36,910 ============================================================
============================================================
2021-12-13 09:58:36,910 Subject 5 out of 10: Prostate3T-01-0025
Subject 5 out of 10: Prostate3T-01-0025
2021-12-13 09:58:39,280 case 4 mean_dice 0.914901 mean_hd95 2.000000
Predsum: 49235
GtSum: 46712
Predsum: 49235
GtSum: 46712
Predsum: 49235
GtSum: 46712
case 4 mean_dice 0.914901 mean_hd95 2.000000
2021-12-13 09:58:39,295 ============================================================
============================================================
2021-12-13 09:58:39,295 Subject 6 out of 10: Prostate3T-01-0026
Subject 6 out of 10: Prostate3T-01-0026
2021-12-13 09:58:42,032 case 5 mean_dice 0.895135 mean_hd95 4.000000
Predsum: 75246
GtSum: 66670
Predsum: 75246
GtSum: 66670
Predsum: 75246
GtSum: 66670
case 5 mean_dice 0.895135 mean_hd95 4.000000
2021-12-13 09:58:42,046 ============================================================
============================================================
2021-12-13 09:58:42,046 Subject 7 out of 10: Prostate3T-01-0023
Subject 7 out of 10: Prostate3T-01-0023
2021-12-13 09:58:44,624 case 6 mean_dice 0.922973 mean_hd95 1.732051
Predsum: 48704
GtSum: 52066
Predsum: 48704
GtSum: 52066
Predsum: 48704
GtSum: 52066
case 6 mean_dice 0.922973 mean_hd95 1.732051
2021-12-13 09:58:44,637 ============================================================
============================================================
2021-12-13 09:58:44,637 Subject 8 out of 10: Prostate3T-01-0028
Subject 8 out of 10: Prostate3T-01-0028
2021-12-13 09:58:46,467 case 7 mean_dice 0.935322 mean_hd95 1.414214
Predsum: 62808
GtSum: 62520
Predsum: 62808
GtSum: 62520
Predsum: 62808
GtSum: 62520
case 7 mean_dice 0.935322 mean_hd95 1.414214
2021-12-13 09:58:46,481 ============================================================
============================================================
2021-12-13 09:58:46,481 Subject 9 out of 10: Prostate3T-01-0021
Subject 9 out of 10: Prostate3T-01-0021
2021-12-13 09:58:49,169 case 8 mean_dice 0.920845 mean_hd95 2.000000
Predsum: 69349
GtSum: 66978
Predsum: 69349
GtSum: 66978
Predsum: 69349
GtSum: 66978
case 8 mean_dice 0.920845 mean_hd95 2.000000
2021-12-13 09:58:49,183 ============================================================
============================================================
2021-12-13 09:58:49,184 Subject 10 out of 10: Prostate3T-01-0027
Subject 10 out of 10: Prostate3T-01-0027
2021-12-13 09:58:51,837 case 9 mean_dice 0.919181 mean_hd95 2.000000
Predsum: 54807
GtSum: 53596
Predsum: 54807
GtSum: 53596
Predsum: 54807
GtSum: 53596
case 9 mean_dice 0.919181 mean_hd95 2.000000
2021-12-13 09:58:51,837 Mean class 0 mean_dice 0.916326 mean_hd95 2.000997
Mean class 0 mean_dice 0.916326 mean_hd95 2.000997
2021-12-13 09:58:51,837 Mean class 1 mean_dice 0.916326 mean_hd95 2.000997
Mean class 1 mean_dice 0.916326 mean_hd95 2.000997
2021-12-13 09:58:51,837 Mean class 2 mean_dice 0.916326 mean_hd95 2.000997
Mean class 2 mean_dice 0.916326 mean_hd95 2.000997
2021-12-13 09:58:51,837 Testing performance in best val model: mean_dice : 0.916326 mean_hd95 : 2.000997
Testing performance in best val model: mean_dice : 0.916326 mean_hd95 : 2.000997
test.py successfully executed
