2021-12-12 15:01:51,082 Namespace(volume_path='/itet-stor/arismu/bmicdatasets-originals/Originals/Challenge_Datasets/NCI_Prostate/', test_dataset='RUNMC', num_classes=3, max_iterations=6800, max_epochs=400, batch_size=16, img_size=256, is_savenii=True, n_skip=3, vit_name='R50-ViT-B_16', test_save_dir='../predictions', deterministic=1, base_lr=0.001, seed=1234, vit_patches_size=16, target_resolution=0.625, image_depth_tr=32, image_depth_ts=32, test_cv_fold_num=1, NORMALIZE=1, Dataset='RUNMC', z_spacing=1, is_pretrain=True, exp='TU_RUNMC256')
Namespace(volume_path='/itet-stor/arismu/bmicdatasets-originals/Originals/Challenge_Datasets/NCI_Prostate/', test_dataset='RUNMC', num_classes=3, max_iterations=6800, max_epochs=400, batch_size=16, img_size=256, is_savenii=True, n_skip=3, vit_name='R50-ViT-B_16', test_save_dir='../predictions', deterministic=1, base_lr=0.001, seed=1234, vit_patches_size=16, target_resolution=0.625, image_depth_tr=32, image_depth_ts=32, test_cv_fold_num=1, NORMALIZE=1, Dataset='RUNMC', z_spacing=1, is_pretrain=True, exp='TU_RUNMC256')
2021-12-12 15:01:51,083 TU_pretrain_R50-ViT-B_16_skip3_bs16_256
TU_pretrain_R50-ViT-B_16_skip3_bs16_256
2021-12-12 15:01:51,102 Reading RUNMC images...
Reading RUNMC images...
2021-12-12 15:01:51,102 Data root directory: /itet-stor/arismu/bmicdatasets-originals/Originals/Challenge_Datasets/NCI_Prostate/
Data root directory: /itet-stor/arismu/bmicdatasets-originals/Originals/Challenge_Datasets/NCI_Prostate/
2021-12-12 15:01:51,103 Already preprocessed this configuration. Loading now!
Already preprocessed this configuration. Loading now!
2021-12-12 15:01:51,966 ============================================================
============================================================
2021-12-12 15:01:51,966 Subject 1 out of 10: Prostate3T-01-0030
Subject 1 out of 10: Prostate3T-01-0030
2021-12-12 15:01:54,287 case 0 mean_dice 0.883677 mean_hd95 2.000000
Predsum: 24331
GtSum: 27516
Predsum: 24331
GtSum: 27516
Predsum: 24331
GtSum: 27516
case 0 mean_dice 0.883677 mean_hd95 2.000000
2021-12-12 15:01:54,303 ============================================================
============================================================
2021-12-12 15:01:54,303 Subject 2 out of 10: Prostate3T-01-0024
Subject 2 out of 10: Prostate3T-01-0024
2021-12-12 15:01:56,446 case 1 mean_dice 0.935962 mean_hd95 2.000000
Predsum: 75914
GtSum: 75667
Predsum: 75914
GtSum: 75667
Predsum: 75914
GtSum: 75667
case 1 mean_dice 0.935962 mean_hd95 2.000000
2021-12-12 15:01:56,462 ============================================================
============================================================
2021-12-12 15:01:56,462 Subject 3 out of 10: Prostate3T-01-0022
Subject 3 out of 10: Prostate3T-01-0022
2021-12-12 15:01:58,573 case 2 mean_dice 0.917221 mean_hd95 2.000000
Predsum: 39133
GtSum: 36140
Predsum: 39133
GtSum: 36140
Predsum: 39133
GtSum: 36140
case 2 mean_dice 0.917221 mean_hd95 2.000000
2021-12-12 15:01:58,588 ============================================================
============================================================
2021-12-12 15:01:58,588 Subject 4 out of 10: Prostate3T-01-0029
Subject 4 out of 10: Prostate3T-01-0029
2021-12-12 15:02:00,682 case 3 mean_dice 0.879709 mean_hd95 2.236068
Predsum: 53329
GtSum: 46770
Predsum: 53329
GtSum: 46770
Predsum: 53329
GtSum: 46770
case 3 mean_dice 0.879709 mean_hd95 2.236068
2021-12-12 15:02:00,697 ============================================================
============================================================
2021-12-12 15:02:00,697 Subject 5 out of 10: Prostate3T-01-0025
Subject 5 out of 10: Prostate3T-01-0025
2021-12-12 15:02:02,659 case 4 mean_dice 0.921124 mean_hd95 2.000000
Predsum: 48843
GtSum: 46712
Predsum: 48843
GtSum: 46712
Predsum: 48843
GtSum: 46712
case 4 mean_dice 0.921124 mean_hd95 2.000000
2021-12-12 15:02:02,675 ============================================================
============================================================
2021-12-12 15:02:02,676 Subject 6 out of 10: Prostate3T-01-0026
Subject 6 out of 10: Prostate3T-01-0026
2021-12-12 15:02:04,918 case 5 mean_dice 0.920784 mean_hd95 2.449490
Predsum: 66497
GtSum: 66670
Predsum: 66497
GtSum: 66670
Predsum: 66497
GtSum: 66670
case 5 mean_dice 0.920784 mean_hd95 2.449490
2021-12-12 15:02:04,932 ============================================================
============================================================
2021-12-12 15:02:04,932 Subject 7 out of 10: Prostate3T-01-0023
Subject 7 out of 10: Prostate3T-01-0023
2021-12-12 15:02:07,111 case 6 mean_dice 0.931564 mean_hd95 1.414214
Predsum: 52178
GtSum: 52066
Predsum: 52178
GtSum: 52066
Predsum: 52178
GtSum: 52066
case 6 mean_dice 0.931564 mean_hd95 1.414214
2021-12-12 15:02:07,127 ============================================================
============================================================
2021-12-12 15:02:07,127 Subject 8 out of 10: Prostate3T-01-0028
Subject 8 out of 10: Prostate3T-01-0028
2021-12-12 15:02:08,837 case 7 mean_dice 0.910295 mean_hd95 2.236068
Predsum: 62468
GtSum: 62520
Predsum: 62468
GtSum: 62520
Predsum: 62468
GtSum: 62520
case 7 mean_dice 0.910295 mean_hd95 2.236068
2021-12-12 15:02:08,852 ============================================================
============================================================
2021-12-12 15:02:08,852 Subject 9 out of 10: Prostate3T-01-0021
Subject 9 out of 10: Prostate3T-01-0021
2021-12-12 15:02:10,955 case 8 mean_dice 0.934942 mean_hd95 2.000000
Predsum: 65319
GtSum: 66978
Predsum: 65319
GtSum: 66978
Predsum: 65319
GtSum: 66978
case 8 mean_dice 0.934942 mean_hd95 2.000000
2021-12-12 15:02:10,970 ============================================================
============================================================
2021-12-12 15:02:10,970 Subject 10 out of 10: Prostate3T-01-0027
Subject 10 out of 10: Prostate3T-01-0027
2021-12-12 15:02:13,048 case 9 mean_dice 0.906960 mean_hd95 2.000000
Predsum: 51864
GtSum: 53596
Predsum: 51864
GtSum: 53596
Predsum: 51864
GtSum: 53596
case 9 mean_dice 0.906960 mean_hd95 2.000000
2021-12-12 15:02:13,048 Mean class 0 mean_dice 0.914224 mean_hd95 2.033584
Mean class 0 mean_dice 0.914224 mean_hd95 2.033584
2021-12-12 15:02:13,048 Mean class 1 mean_dice 0.914224 mean_hd95 2.033584
Mean class 1 mean_dice 0.914224 mean_hd95 2.033584
2021-12-12 15:02:13,048 Mean class 2 mean_dice 0.914224 mean_hd95 2.033584
Mean class 2 mean_dice 0.914224 mean_hd95 2.033584
2021-12-12 15:02:13,048 Testing performance in best val model: mean_dice : 0.914224 mean_hd95 : 2.033584
Testing performance in best val model: mean_dice : 0.914224 mean_hd95 : 2.033584
test.py successfully executed
