2021-12-13 09:50:59,426 Namespace(volume_path='/itet-stor/arismu/bmicdatasets-originals/Originals/Challenge_Datasets/NCI_Prostate/', test_dataset='RUNMC', num_classes=3, max_iterations=6800, max_epochs=400, batch_size=16, img_size=256, is_savenii=True, n_skip=3, vit_name='R50-ViT-B_16', test_save_dir='../predictions', deterministic=1, base_lr=0.001, seed=1234, vit_patches_size=16, target_resolution=0.625, image_depth_tr=32, image_depth_ts=32, test_cv_fold_num=1, NORMALIZE=1, Dataset='RUNMC', z_spacing=1, is_pretrain=True, exp='TU_RUNMC256')
Namespace(volume_path='/itet-stor/arismu/bmicdatasets-originals/Originals/Challenge_Datasets/NCI_Prostate/', test_dataset='RUNMC', num_classes=3, max_iterations=6800, max_epochs=400, batch_size=16, img_size=256, is_savenii=True, n_skip=3, vit_name='R50-ViT-B_16', test_save_dir='../predictions', deterministic=1, base_lr=0.001, seed=1234, vit_patches_size=16, target_resolution=0.625, image_depth_tr=32, image_depth_ts=32, test_cv_fold_num=1, NORMALIZE=1, Dataset='RUNMC', z_spacing=1, is_pretrain=True, exp='TU_RUNMC256')
2021-12-13 09:50:59,427 TU_pretrain_R50-ViT-B_16_skip3_bs16_256
TU_pretrain_R50-ViT-B_16_skip3_bs16_256
2021-12-13 09:50:59,451 Reading RUNMC images...
Reading RUNMC images...
2021-12-13 09:50:59,451 Data root directory: /itet-stor/arismu/bmicdatasets-originals/Originals/Challenge_Datasets/NCI_Prostate/
Data root directory: /itet-stor/arismu/bmicdatasets-originals/Originals/Challenge_Datasets/NCI_Prostate/
2021-12-13 09:50:59,453 Already preprocessed this configuration. Loading now!
Already preprocessed this configuration. Loading now!
2021-12-13 09:51:00,347 ============================================================
============================================================
2021-12-13 09:51:00,347 Subject 1 out of 10: Prostate3T-01-0030
Subject 1 out of 10: Prostate3T-01-0030
2021-12-13 09:51:03,261 case 0 mean_dice 0.921359 mean_hd95 1.414214
Predsum: 28638
GtSum: 27516
Predsum: 28638
GtSum: 27516
Predsum: 28638
GtSum: 27516
case 0 mean_dice 0.921359 mean_hd95 1.414214
2021-12-13 09:51:03,276 ============================================================
============================================================
2021-12-13 09:51:03,276 Subject 2 out of 10: Prostate3T-01-0024
Subject 2 out of 10: Prostate3T-01-0024
2021-12-13 09:51:05,954 case 1 mean_dice 0.929074 mean_hd95 3.605551
Predsum: 81638
GtSum: 75667
Predsum: 81638
GtSum: 75667
Predsum: 81638
GtSum: 75667
case 1 mean_dice 0.929074 mean_hd95 3.605551
2021-12-13 09:51:05,968 ============================================================
============================================================
2021-12-13 09:51:05,968 Subject 3 out of 10: Prostate3T-01-0022
Subject 3 out of 10: Prostate3T-01-0022
2021-12-13 09:51:08,638 case 2 mean_dice 0.876590 mean_hd95 13.076697
Predsum: 44064
GtSum: 36140
Predsum: 44064
GtSum: 36140
Predsum: 44064
GtSum: 36140
case 2 mean_dice 0.876590 mean_hd95 13.076697
2021-12-13 09:51:08,653 ============================================================
============================================================
2021-12-13 09:51:08,653 Subject 4 out of 10: Prostate3T-01-0029
Subject 4 out of 10: Prostate3T-01-0029
2021-12-13 09:51:11,290 case 3 mean_dice 0.895750 mean_hd95 2.000000
Predsum: 53441
GtSum: 46770
Predsum: 53441
GtSum: 46770
Predsum: 53441
GtSum: 46770
case 3 mean_dice 0.895750 mean_hd95 2.000000
2021-12-13 09:51:11,303 ============================================================
============================================================
2021-12-13 09:51:11,303 Subject 5 out of 10: Prostate3T-01-0025
Subject 5 out of 10: Prostate3T-01-0025
2021-12-13 09:51:13,649 case 4 mean_dice 0.922696 mean_hd95 2.000000
Predsum: 50670
GtSum: 46712
Predsum: 50670
GtSum: 46712
Predsum: 50670
GtSum: 46712
case 4 mean_dice 0.922696 mean_hd95 2.000000
2021-12-13 09:51:13,662 ============================================================
============================================================
2021-12-13 09:51:13,663 Subject 6 out of 10: Prostate3T-01-0026
Subject 6 out of 10: Prostate3T-01-0026
2021-12-13 09:51:16,434 case 5 mean_dice 0.879524 mean_hd95 8.000000
Predsum: 79234
GtSum: 66670
Predsum: 79234
GtSum: 66670
Predsum: 79234
GtSum: 66670
case 5 mean_dice 0.879524 mean_hd95 8.000000
2021-12-13 09:51:16,448 ============================================================
============================================================
2021-12-13 09:51:16,449 Subject 7 out of 10: Prostate3T-01-0023
Subject 7 out of 10: Prostate3T-01-0023
2021-12-13 09:51:19,185 case 6 mean_dice 0.920179 mean_hd95 15.397987
Predsum: 54172
GtSum: 52066
Predsum: 54172
GtSum: 52066
Predsum: 54172
GtSum: 52066
case 6 mean_dice 0.920179 mean_hd95 15.397987
2021-12-13 09:51:19,201 ============================================================
============================================================
2021-12-13 09:51:19,201 Subject 8 out of 10: Prostate3T-01-0028
Subject 8 out of 10: Prostate3T-01-0028
2021-12-13 09:51:21,103 case 7 mean_dice 0.929200 mean_hd95 2.000000
Predsum: 64288
GtSum: 62520
Predsum: 64288
GtSum: 62520
Predsum: 64288
GtSum: 62520
case 7 mean_dice 0.929200 mean_hd95 2.000000
2021-12-13 09:51:21,116 ============================================================
============================================================
2021-12-13 09:51:21,116 Subject 9 out of 10: Prostate3T-01-0021
Subject 9 out of 10: Prostate3T-01-0021
2021-12-13 09:51:23,796 case 8 mean_dice 0.937205 mean_hd95 2.000000
Predsum: 70390
GtSum: 66978
Predsum: 70390
GtSum: 66978
Predsum: 70390
GtSum: 66978
case 8 mean_dice 0.937205 mean_hd95 2.000000
2021-12-13 09:51:23,810 ============================================================
============================================================
2021-12-13 09:51:23,810 Subject 10 out of 10: Prostate3T-01-0027
Subject 10 out of 10: Prostate3T-01-0027
2021-12-13 09:51:26,530 case 9 mean_dice 0.933516 mean_hd95 2.000000
Predsum: 53663
GtSum: 53596
Predsum: 53663
GtSum: 53596
Predsum: 53663
GtSum: 53596
case 9 mean_dice 0.933516 mean_hd95 2.000000
2021-12-13 09:51:26,531 Mean class 0 mean_dice 0.914509 mean_hd95 5.149445
Mean class 0 mean_dice 0.914509 mean_hd95 5.149445
2021-12-13 09:51:26,531 Mean class 1 mean_dice 0.914509 mean_hd95 5.149445
Mean class 1 mean_dice 0.914509 mean_hd95 5.149445
2021-12-13 09:51:26,531 Mean class 2 mean_dice 0.914509 mean_hd95 5.149445
Mean class 2 mean_dice 0.914509 mean_hd95 5.149445
2021-12-13 09:51:26,531 Testing performance in best val model: mean_dice : 0.914509 mean_hd95 : 5.149445
Testing performance in best val model: mean_dice : 0.914509 mean_hd95 : 5.149445
test.py successfully executed
