2021-12-14 18:08:24,922 Namespace(volume_path='/itet-stor/arismu/bmicdatasets-originals/Originals/Challenge_Datasets/Prostate_PROMISE12/TrainingData/', test_dataset='UCL', num_classes=3, max_iterations=6800, max_epochs=400, batch_size=16, img_size=256, is_savenii=True, n_skip=3, vit_name='R50-ViT-B_16', test_save_dir='../predictions', deterministic=1, base_lr=0.001, seed=1234, vit_patches_size=16, target_resolution=0.625, image_depth_tr=32, image_depth_ts=32, test_cv_fold_num=1, NORMALIZE=1, Dataset='UCL', z_spacing=1, is_pretrain=True, exp='TU_RUNMC256')
Namespace(volume_path='/itet-stor/arismu/bmicdatasets-originals/Originals/Challenge_Datasets/Prostate_PROMISE12/TrainingData/', test_dataset='UCL', num_classes=3, max_iterations=6800, max_epochs=400, batch_size=16, img_size=256, is_savenii=True, n_skip=3, vit_name='R50-ViT-B_16', test_save_dir='../predictions', deterministic=1, base_lr=0.001, seed=1234, vit_patches_size=16, target_resolution=0.625, image_depth_tr=32, image_depth_ts=32, test_cv_fold_num=1, NORMALIZE=1, Dataset='UCL', z_spacing=1, is_pretrain=True, exp='TU_RUNMC256')
2021-12-14 18:08:24,923 TU_pretrain_R50-ViT-B_16_skip3_bs16_256
TU_pretrain_R50-ViT-B_16_skip3_bs16_256
2021-12-14 18:08:24,943 Already preprocessed this configuration. Loading now!
Already preprocessed this configuration. Loading now!
2021-12-14 18:08:43,017 ============================================================
============================================================
2021-12-14 18:08:43,018 Subject 1 out of 11: case29
Subject 1 out of 11: case29
2021-12-14 18:08:46,072 case 0 mean_dice 0.771354 mean_hd95 18.920888
Predsum: 65929
GtSum: 50526
Predsum: 65929
GtSum: 50526
Predsum: 65929
GtSum: 50526
case 0 mean_dice 0.771354 mean_hd95 18.920888
2021-12-14 18:08:46,324 ============================================================
============================================================
2021-12-14 18:08:46,324 Subject 2 out of 11: case33
Subject 2 out of 11: case33
2021-12-14 18:08:49,140 case 1 mean_dice 0.820497 mean_hd95 3.162278
Predsum: 25145
GtSum: 27974
Predsum: 25145
GtSum: 27974
Predsum: 25145
GtSum: 27974
case 1 mean_dice 0.820497 mean_hd95 3.162278
2021-12-14 18:08:49,348 ============================================================
============================================================
2021-12-14 18:08:49,348 Subject 3 out of 11: case26
Subject 3 out of 11: case26
2021-12-14 18:08:52,116 case 2 mean_dice 0.894613 mean_hd95 2.000000
Predsum: 39787
GtSum: 41390
Predsum: 39787
GtSum: 41390
Predsum: 39787
GtSum: 41390
case 2 mean_dice 0.894613 mean_hd95 2.000000
2021-12-14 18:08:52,346 ============================================================
============================================================
2021-12-14 18:08:52,346 Subject 4 out of 11: case32
Subject 4 out of 11: case32
2021-12-14 18:08:55,347 Clipping input data to the valid range for imshow with RGB data ([0..1] for floats or [0..255] for integers).
Clipping input data to the valid range for imshow with RGB data ([0..1] for floats or [0..255] for integers).
2021-12-14 18:08:57,951 case 3 mean_dice 0.741433 mean_hd95 50.870422
Predsum: 25305
GtSum: 20919
Predsum: 25305
GtSum: 20919
Predsum: 25305
GtSum: 20919
case 3 mean_dice 0.741433 mean_hd95 50.870422
2021-12-14 18:08:58,167 ============================================================
============================================================
2021-12-14 18:08:58,167 Subject 5 out of 11: case35
Subject 5 out of 11: case35
2021-12-14 18:09:00,895 case 4 mean_dice 0.861606 mean_hd95 3.000000
Predsum: 21031
GtSum: 24679
Predsum: 21031
GtSum: 24679
Predsum: 21031
GtSum: 24679
case 4 mean_dice 0.861606 mean_hd95 3.000000
2021-12-14 18:09:01,134 ============================================================
============================================================
2021-12-14 18:09:01,134 Subject 6 out of 11: case30
Subject 6 out of 11: case30
2021-12-14 18:09:03,915 case 5 mean_dice 0.782520 mean_hd95 6.000000
Predsum: 35521
GtSum: 34752
Predsum: 35521
GtSum: 34752
Predsum: 35521
GtSum: 34752
case 5 mean_dice 0.782520 mean_hd95 6.000000
2021-12-14 18:09:04,134 ============================================================
============================================================
2021-12-14 18:09:04,134 Subject 7 out of 11: case28
Subject 7 out of 11: case28
2021-12-14 18:09:06,924 case 6 mean_dice 0.798594 mean_hd95 5.000000
Predsum: 40917
GtSum: 35302
Predsum: 40917
GtSum: 35302
Predsum: 40917
GtSum: 35302
case 6 mean_dice 0.798594 mean_hd95 5.000000
2021-12-14 18:09:07,157 ============================================================
============================================================
2021-12-14 18:09:07,157 Subject 8 out of 11: case34
Subject 8 out of 11: case34
2021-12-14 18:09:10,501 case 7 mean_dice 0.799460 mean_hd95 10.770330
Predsum: 28959
GtSum: 22108
Predsum: 28959
GtSum: 22108
Predsum: 28959
GtSum: 22108
case 7 mean_dice 0.799460 mean_hd95 10.770330
2021-12-14 18:09:10,718 ============================================================
============================================================
2021-12-14 18:09:10,718 Subject 9 out of 11: case01
Subject 9 out of 11: case01
2021-12-14 18:09:14,336 case 8 mean_dice 0.825789 mean_hd95 9.000000
Predsum: 28962
GtSum: 32785
Predsum: 28962
GtSum: 32785
Predsum: 28962
GtSum: 32785
case 8 mean_dice 0.825789 mean_hd95 9.000000
2021-12-14 18:09:14,546 ============================================================
============================================================
2021-12-14 18:09:14,546 Subject 10 out of 11: case27
Subject 10 out of 11: case27
2021-12-14 18:09:17,296 case 9 mean_dice 0.833336 mean_hd95 14.016051
Predsum: 26883
GtSum: 28312
Predsum: 26883
GtSum: 28312
Predsum: 26883
GtSum: 28312
case 9 mean_dice 0.833336 mean_hd95 14.016051
2021-12-14 18:09:17,502 ============================================================
============================================================
2021-12-14 18:09:17,502 Subject 11 out of 11: case31
Subject 11 out of 11: case31
2021-12-14 18:09:20,214 case 10 mean_dice 0.895236 mean_hd95 2.236068
Predsum: 39908
GtSum: 38802
Predsum: 39908
GtSum: 38802
Predsum: 39908
GtSum: 38802
case 10 mean_dice 0.895236 mean_hd95 2.236068
2021-12-14 18:09:20,214 Mean class 0 mean_dice 0.820403 mean_hd95 11.361458
Mean class 0 mean_dice 0.820403 mean_hd95 11.361458
2021-12-14 18:09:20,214 Mean class 1 mean_dice 0.820403 mean_hd95 11.361458
Mean class 1 mean_dice 0.820403 mean_hd95 11.361458
2021-12-14 18:09:20,214 Mean class 2 mean_dice 0.820403 mean_hd95 11.361458
Mean class 2 mean_dice 0.820403 mean_hd95 11.361458
2021-12-14 18:09:20,215 Testing performance in best val model: mean_dice : 0.820403 mean_hd95 : 11.361458
Testing performance in best val model: mean_dice : 0.820403 mean_hd95 : 11.361458
test.py successfully executed
