2021-12-14 17:51:30,865 Namespace(volume_path='/itet-stor/arismu/bmicdatasets-originals/Originals/Challenge_Datasets/Prostate_PROMISE12/TrainingData/', test_dataset='BIDMC', num_classes=3, max_iterations=6800, max_epochs=400, batch_size=16, img_size=256, is_savenii=True, n_skip=3, vit_name='R50-ViT-B_16', test_save_dir='../predictions', deterministic=1, base_lr=0.001, seed=1234, vit_patches_size=16, target_resolution=0.625, image_depth_tr=32, image_depth_ts=32, test_cv_fold_num=1, NORMALIZE=1, Dataset='BIDMC', z_spacing=1, is_pretrain=True, exp='TU_RUNMC256')
Namespace(volume_path='/itet-stor/arismu/bmicdatasets-originals/Originals/Challenge_Datasets/Prostate_PROMISE12/TrainingData/', test_dataset='BIDMC', num_classes=3, max_iterations=6800, max_epochs=400, batch_size=16, img_size=256, is_savenii=True, n_skip=3, vit_name='R50-ViT-B_16', test_save_dir='../predictions', deterministic=1, base_lr=0.001, seed=1234, vit_patches_size=16, target_resolution=0.625, image_depth_tr=32, image_depth_ts=32, test_cv_fold_num=1, NORMALIZE=1, Dataset='BIDMC', z_spacing=1, is_pretrain=True, exp='TU_RUNMC256')
2021-12-14 17:51:30,866 TU_pretrain_R50-ViT-B_16_skip3_bs16_256
TU_pretrain_R50-ViT-B_16_skip3_bs16_256
2021-12-14 17:51:30,869 Already preprocessed this configuration. Loading now!
Already preprocessed this configuration. Loading now!
2021-12-14 17:51:48,504 ============================================================
============================================================
2021-12-14 17:51:48,504 Subject 1 out of 10: case02
Subject 1 out of 10: case02
2021-12-14 17:51:54,259 case 0 mean_dice 0.146914 mean_hd95 57.506521
Predsum: 39984
GtSum: 28818
Predsum: 39984
GtSum: 28818
Predsum: 39984
GtSum: 28818
case 0 mean_dice 0.146914 mean_hd95 57.506521
2021-12-14 17:51:54,471 ============================================================
============================================================
2021-12-14 17:51:54,472 Subject 2 out of 10: case06
Subject 2 out of 10: case06
2021-12-14 17:51:58,801 case 1 mean_dice 0.315329 mean_hd95 25.019992
Predsum: 28702
GtSum: 118503
Predsum: 28702
GtSum: 118503
Predsum: 28702
GtSum: 118503
case 1 mean_dice 0.315329 mean_hd95 25.019992
2021-12-14 17:51:58,994 ============================================================
============================================================
2021-12-14 17:51:58,994 Subject 3 out of 10: case09
Subject 3 out of 10: case09
2021-12-14 17:52:04,128 case 2 mean_dice 0.544938 mean_hd95 85.521927
Predsum: 50480
GtSum: 60707
Predsum: 50480
GtSum: 60707
Predsum: 50480
GtSum: 60707
case 2 mean_dice 0.544938 mean_hd95 85.521927
2021-12-14 17:52:04,311 ============================================================
============================================================
2021-12-14 17:52:04,311 Subject 4 out of 10: case10
Subject 4 out of 10: case10
2021-12-14 17:52:08,596 case 3 mean_dice 0.575693 mean_hd95 41.024383
Predsum: 24871
GtSum: 36429
Predsum: 24871
GtSum: 36429
Predsum: 24871
GtSum: 36429
case 3 mean_dice 0.575693 mean_hd95 41.024383
2021-12-14 17:52:08,776 ============================================================
============================================================
2021-12-14 17:52:08,776 Subject 5 out of 10: case07
Subject 5 out of 10: case07
2021-12-14 17:52:12,373 case 4 mean_dice 0.657953 mean_hd95 78.771821
Predsum: 36216
GtSum: 31032
Predsum: 36216
GtSum: 31032
Predsum: 36216
GtSum: 31032
case 4 mean_dice 0.657953 mean_hd95 78.771821
2021-12-14 17:52:12,555 ============================================================
============================================================
2021-12-14 17:52:12,555 Subject 6 out of 10: case04
Subject 6 out of 10: case04
2021-12-14 17:52:15,475 Clipping input data to the valid range for imshow with RGB data ([0..1] for floats or [0..255] for integers).
Clipping input data to the valid range for imshow with RGB data ([0..1] for floats or [0..255] for integers).
2021-12-14 17:52:19,659 case 5 mean_dice 0.048683 mean_hd95 57.209260
Predsum: 28640
GtSum: 34668
Predsum: 28640
GtSum: 34668
Predsum: 28640
GtSum: 34668
case 5 mean_dice 0.048683 mean_hd95 57.209260
2021-12-14 17:52:19,844 ============================================================
============================================================
2021-12-14 17:52:19,844 Subject 7 out of 10: case05
Subject 7 out of 10: case05
2021-12-14 17:52:24,460 case 6 mean_dice 0.559540 mean_hd95 53.596641
Predsum: 58092
GtSum: 60945
Predsum: 58092
GtSum: 60945
Predsum: 58092
GtSum: 60945
case 6 mean_dice 0.559540 mean_hd95 53.596641
2021-12-14 17:52:24,645 ============================================================
============================================================
2021-12-14 17:52:24,646 Subject 8 out of 10: case08
Subject 8 out of 10: case08
2021-12-14 17:52:29,045 case 7 mean_dice 0.678799 mean_hd95 67.808554
Predsum: 28473
GtSum: 24609
Predsum: 28473
GtSum: 24609
Predsum: 28473
GtSum: 24609
case 7 mean_dice 0.678799 mean_hd95 67.808554
2021-12-14 17:52:29,249 ============================================================
============================================================
2021-12-14 17:52:29,249 Subject 9 out of 10: case00
Subject 9 out of 10: case00
2021-12-14 17:52:34,230 case 8 mean_dice 0.399627 mean_hd95 63.984373
Predsum: 44705
GtSum: 46385
Predsum: 44705
GtSum: 46385
Predsum: 44705
GtSum: 46385
case 8 mean_dice 0.399627 mean_hd95 63.984373
2021-12-14 17:52:34,411 ============================================================
============================================================
2021-12-14 17:52:34,411 Subject 10 out of 10: case03
Subject 10 out of 10: case03
2021-12-14 17:52:38,965 case 9 mean_dice 0.352002 mean_hd95 73.603329
Predsum: 40226
GtSum: 23677
Predsum: 40226
GtSum: 23677
Predsum: 40226
GtSum: 23677
case 9 mean_dice 0.352002 mean_hd95 73.603329
2021-12-14 17:52:38,965 Mean class 0 mean_dice 0.427948 mean_hd95 60.404680
Mean class 0 mean_dice 0.427948 mean_hd95 60.404680
2021-12-14 17:52:38,965 Mean class 1 mean_dice 0.427948 mean_hd95 60.404680
Mean class 1 mean_dice 0.427948 mean_hd95 60.404680
2021-12-14 17:52:38,965 Mean class 2 mean_dice 0.427948 mean_hd95 60.404680
Mean class 2 mean_dice 0.427948 mean_hd95 60.404680
2021-12-14 17:52:38,965 Testing performance in best val model: mean_dice : 0.427948 mean_hd95 : 60.404680
Testing performance in best val model: mean_dice : 0.427948 mean_hd95 : 60.404680
test.py successfully executed
