2021-12-14 17:43:32,895 Namespace(volume_path='/itet-stor/arismu/bmicdatasets-originals/Originals/Challenge_Datasets/Prostate_PROMISE12/TrainingData/', test_dataset='HK', num_classes=3, max_iterations=6800, max_epochs=400, batch_size=16, img_size=256, is_savenii=True, n_skip=3, vit_name='R50-ViT-B_16', test_save_dir='../predictions', deterministic=1, base_lr=0.001, seed=1234, vit_patches_size=16, target_resolution=0.625, image_depth_tr=32, image_depth_ts=32, test_cv_fold_num=1, NORMALIZE=1, Dataset='HK', z_spacing=1, is_pretrain=True, exp='TU_RUNMC256')
Namespace(volume_path='/itet-stor/arismu/bmicdatasets-originals/Originals/Challenge_Datasets/Prostate_PROMISE12/TrainingData/', test_dataset='HK', num_classes=3, max_iterations=6800, max_epochs=400, batch_size=16, img_size=256, is_savenii=True, n_skip=3, vit_name='R50-ViT-B_16', test_save_dir='../predictions', deterministic=1, base_lr=0.001, seed=1234, vit_patches_size=16, target_resolution=0.625, image_depth_tr=32, image_depth_ts=32, test_cv_fold_num=1, NORMALIZE=1, Dataset='HK', z_spacing=1, is_pretrain=True, exp='TU_RUNMC256')
2021-12-14 17:43:32,896 TU_pretrain_R50-ViT-B_16_skip3_bs16_256
TU_pretrain_R50-ViT-B_16_skip3_bs16_256
2021-12-14 17:43:32,899 Already preprocessed this configuration. Loading now!
Already preprocessed this configuration. Loading now!
2021-12-14 17:43:44,103 ============================================================
============================================================
2021-12-14 17:43:44,103 Subject 1 out of 10: case44
Subject 1 out of 10: case44
2021-12-14 17:43:47,223 case 0 mean_dice 0.777932 mean_hd95 22.212606
Predsum: 20817
GtSum: 26164
Predsum: 20817
GtSum: 26164
Predsum: 20817
GtSum: 26164
case 0 mean_dice 0.777932 mean_hd95 22.212606
2021-12-14 17:43:47,403 ============================================================
============================================================
2021-12-14 17:43:47,403 Subject 2 out of 10: case43
Subject 2 out of 10: case43
2021-12-14 17:43:50,366 case 1 mean_dice 0.739946 mean_hd95 20.322401
Predsum: 32306
GtSum: 36026
Predsum: 32306
GtSum: 36026
Predsum: 32306
GtSum: 36026
case 1 mean_dice 0.739946 mean_hd95 20.322401
2021-12-14 17:43:50,515 ============================================================
============================================================
2021-12-14 17:43:50,515 Subject 3 out of 10: case45
Subject 3 out of 10: case45
2021-12-14 17:43:53,501 case 2 mean_dice 0.695845 mean_hd95 18.493242
Predsum: 21364
GtSum: 17067
Predsum: 21364
GtSum: 17067
Predsum: 21364
GtSum: 17067
case 2 mean_dice 0.695845 mean_hd95 18.493242
2021-12-14 17:43:53,652 ============================================================
============================================================
2021-12-14 17:43:53,653 Subject 4 out of 10: case47
Subject 4 out of 10: case47
2021-12-14 17:43:56,586 case 3 mean_dice 0.774663 mean_hd95 14.035669
Predsum: 30595
GtSum: 24234
Predsum: 30595
GtSum: 24234
Predsum: 30595
GtSum: 24234
case 3 mean_dice 0.774663 mean_hd95 14.035669
2021-12-14 17:43:56,728 ============================================================
============================================================
2021-12-14 17:43:56,728 Subject 5 out of 10: case39
Subject 5 out of 10: case39
2021-12-14 17:43:59,754 case 4 mean_dice 0.809963 mean_hd95 28.046385
Predsum: 38084
GtSum: 36917
Predsum: 38084
GtSum: 36917
Predsum: 38084
GtSum: 36917
case 4 mean_dice 0.809963 mean_hd95 28.046385
2021-12-14 17:43:59,893 ============================================================
============================================================
2021-12-14 17:43:59,893 Subject 6 out of 10: case41
Subject 6 out of 10: case41
2021-12-14 17:44:02,805 case 5 mean_dice 0.704289 mean_hd95 35.805028
Predsum: 17943
GtSum: 16682
Predsum: 17943
GtSum: 16682
Predsum: 17943
GtSum: 16682
case 5 mean_dice 0.704289 mean_hd95 35.805028
2021-12-14 17:44:02,955 ============================================================
============================================================
2021-12-14 17:44:02,955 Subject 7 out of 10: case46
Subject 7 out of 10: case46
2021-12-14 17:44:05,964 case 6 mean_dice 0.763533 mean_hd95 16.763055
Predsum: 40119
GtSum: 28766
Predsum: 40119
GtSum: 28766
Predsum: 40119
GtSum: 28766
case 6 mean_dice 0.763533 mean_hd95 16.763055
2021-12-14 17:44:06,107 ============================================================
============================================================
2021-12-14 17:44:06,107 Subject 8 out of 10: case38
Subject 8 out of 10: case38
2021-12-14 17:44:09,408 case 7 mean_dice 0.867714 mean_hd95 29.763232
Predsum: 63798
GtSum: 57583
Predsum: 63798
GtSum: 57583
Predsum: 63798
GtSum: 57583
case 7 mean_dice 0.867714 mean_hd95 29.763232
2021-12-14 17:44:09,550 ============================================================
============================================================
2021-12-14 17:44:09,550 Subject 9 out of 10: case40
Subject 9 out of 10: case40
2021-12-14 17:44:12,382 Clipping input data to the valid range for imshow with RGB data ([0..1] for floats or [0..255] for integers).
Clipping input data to the valid range for imshow with RGB data ([0..1] for floats or [0..255] for integers).
2021-12-14 17:44:15,051 case 8 mean_dice 0.823092 mean_hd95 5.099020
Predsum: 24948
GtSum: 25372
Predsum: 24948
GtSum: 25372
Predsum: 24948
GtSum: 25372
case 8 mean_dice 0.823092 mean_hd95 5.099020
2021-12-14 17:44:15,208 ============================================================
============================================================
2021-12-14 17:44:15,208 Subject 10 out of 10: case42
Subject 10 out of 10: case42
2021-12-14 17:44:18,253 case 9 mean_dice 0.905311 mean_hd95 3.000000
Predsum: 74608
GtSum: 80225
Predsum: 74608
GtSum: 80225
Predsum: 74608
GtSum: 80225
case 9 mean_dice 0.905311 mean_hd95 3.000000
2021-12-14 17:44:18,253 Mean class 0 mean_dice 0.786229 mean_hd95 19.354064
Mean class 0 mean_dice 0.786229 mean_hd95 19.354064
2021-12-14 17:44:18,253 Mean class 1 mean_dice 0.786229 mean_hd95 19.354064
Mean class 1 mean_dice 0.786229 mean_hd95 19.354064
2021-12-14 17:44:18,253 Mean class 2 mean_dice 0.786229 mean_hd95 19.354064
Mean class 2 mean_dice 0.786229 mean_hd95 19.354064
2021-12-14 17:44:18,253 Testing performance in best val model: mean_dice : 0.786229 mean_hd95 : 19.354064
Testing performance in best val model: mean_dice : 0.786229 mean_hd95 : 19.354064
test.py successfully executed
