2021-12-14 17:58:58,499 Namespace(volume_path='/itet-stor/arismu/bmicdatasets-originals/Originals/Challenge_Datasets/NCI_Prostate/', test_dataset='RUNMC', num_classes=3, max_iterations=6800, max_epochs=400, batch_size=16, img_size=256, is_savenii=True, n_skip=3, vit_name='R50-ViT-B_16', test_save_dir='../predictions', deterministic=1, base_lr=0.001, seed=1234, vit_patches_size=16, target_resolution=0.625, image_depth_tr=32, image_depth_ts=32, test_cv_fold_num=1, NORMALIZE=1, Dataset='RUNMC', z_spacing=1, is_pretrain=True, exp='TU_RUNMC256')
Namespace(volume_path='/itet-stor/arismu/bmicdatasets-originals/Originals/Challenge_Datasets/NCI_Prostate/', test_dataset='RUNMC', num_classes=3, max_iterations=6800, max_epochs=400, batch_size=16, img_size=256, is_savenii=True, n_skip=3, vit_name='R50-ViT-B_16', test_save_dir='../predictions', deterministic=1, base_lr=0.001, seed=1234, vit_patches_size=16, target_resolution=0.625, image_depth_tr=32, image_depth_ts=32, test_cv_fold_num=1, NORMALIZE=1, Dataset='RUNMC', z_spacing=1, is_pretrain=True, exp='TU_RUNMC256')
2021-12-14 17:58:58,500 TU_pretrain_R50-ViT-B_16_skip3_bs16_256
TU_pretrain_R50-ViT-B_16_skip3_bs16_256
2021-12-14 17:58:58,528 Reading RUNMC images...
Reading RUNMC images...
2021-12-14 17:58:58,528 Data root directory: /itet-stor/arismu/bmicdatasets-originals/Originals/Challenge_Datasets/NCI_Prostate/
Data root directory: /itet-stor/arismu/bmicdatasets-originals/Originals/Challenge_Datasets/NCI_Prostate/
2021-12-14 17:58:58,530 Already preprocessed this configuration. Loading now!
Already preprocessed this configuration. Loading now!
2021-12-14 17:58:59,437 ============================================================
============================================================
2021-12-14 17:58:59,438 Subject 1 out of 10: Prostate3T-01-0030
Subject 1 out of 10: Prostate3T-01-0030
2021-12-14 17:59:02,138 case 0 mean_dice 0.922484 mean_hd95 1.000000
Predsum: 27789
GtSum: 27516
Predsum: 27789
GtSum: 27516
Predsum: 27789
GtSum: 27516
case 0 mean_dice 0.922484 mean_hd95 1.000000
2021-12-14 17:59:02,158 ============================================================
============================================================
2021-12-14 17:59:02,158 Subject 2 out of 10: Prostate3T-01-0024
Subject 2 out of 10: Prostate3T-01-0024
2021-12-14 17:59:04,622 case 1 mean_dice 0.934144 mean_hd95 2.000000
Predsum: 75890
GtSum: 75667
Predsum: 75890
GtSum: 75667
Predsum: 75890
GtSum: 75667
case 1 mean_dice 0.934144 mean_hd95 2.000000
2021-12-14 17:59:04,640 ============================================================
============================================================
2021-12-14 17:59:04,640 Subject 3 out of 10: Prostate3T-01-0022
Subject 3 out of 10: Prostate3T-01-0022
2021-12-14 17:59:07,099 case 2 mean_dice 0.916118 mean_hd95 2.000000
Predsum: 39001
GtSum: 36140
Predsum: 39001
GtSum: 36140
Predsum: 39001
GtSum: 36140
case 2 mean_dice 0.916118 mean_hd95 2.000000
2021-12-14 17:59:07,117 ============================================================
============================================================
2021-12-14 17:59:07,117 Subject 4 out of 10: Prostate3T-01-0029
Subject 4 out of 10: Prostate3T-01-0029
2021-12-14 17:59:09,533 case 3 mean_dice 0.894641 mean_hd95 2.000000
Predsum: 53051
GtSum: 46770
Predsum: 53051
GtSum: 46770
Predsum: 53051
GtSum: 46770
case 3 mean_dice 0.894641 mean_hd95 2.000000
2021-12-14 17:59:09,552 ============================================================
============================================================
2021-12-14 17:59:09,552 Subject 5 out of 10: Prostate3T-01-0025
Subject 5 out of 10: Prostate3T-01-0025
2021-12-14 17:59:11,751 case 4 mean_dice 0.916630 mean_hd95 2.000000
Predsum: 48646
GtSum: 46712
Predsum: 48646
GtSum: 46712
Predsum: 48646
GtSum: 46712
case 4 mean_dice 0.916630 mean_hd95 2.000000
2021-12-14 17:59:11,767 ============================================================
============================================================
2021-12-14 17:59:11,767 Subject 6 out of 10: Prostate3T-01-0026
Subject 6 out of 10: Prostate3T-01-0026
2021-12-14 17:59:14,701 Clipping input data to the valid range for imshow with RGB data ([0..1] for floats or [0..255] for integers).
Clipping input data to the valid range for imshow with RGB data ([0..1] for floats or [0..255] for integers).
2021-12-14 17:59:17,128 case 5 mean_dice 0.922402 mean_hd95 3.000000
Predsum: 67122
GtSum: 66670
Predsum: 67122
GtSum: 66670
Predsum: 67122
GtSum: 66670
case 5 mean_dice 0.922402 mean_hd95 3.000000
2021-12-14 17:59:17,146 ============================================================
============================================================
2021-12-14 17:59:17,147 Subject 7 out of 10: Prostate3T-01-0023
Subject 7 out of 10: Prostate3T-01-0023
2021-12-14 17:59:19,579 case 6 mean_dice 0.926584 mean_hd95 2.000000
Predsum: 52965
GtSum: 52066
Predsum: 52965
GtSum: 52066
Predsum: 52965
GtSum: 52066
case 6 mean_dice 0.926584 mean_hd95 2.000000
2021-12-14 17:59:19,595 ============================================================
============================================================
2021-12-14 17:59:19,595 Subject 8 out of 10: Prostate3T-01-0028
Subject 8 out of 10: Prostate3T-01-0028
2021-12-14 17:59:21,464 case 7 mean_dice 0.929765 mean_hd95 2.000000
Predsum: 65579
GtSum: 62520
Predsum: 65579
GtSum: 62520
Predsum: 65579
GtSum: 62520
case 7 mean_dice 0.929765 mean_hd95 2.000000
2021-12-14 17:59:21,483 ============================================================
============================================================
2021-12-14 17:59:21,483 Subject 9 out of 10: Prostate3T-01-0021
Subject 9 out of 10: Prostate3T-01-0021
2021-12-14 17:59:23,907 case 8 mean_dice 0.947063 mean_hd95 1.414214
Predsum: 69051
GtSum: 66978
Predsum: 69051
GtSum: 66978
Predsum: 69051
GtSum: 66978
case 8 mean_dice 0.947063 mean_hd95 1.414214
2021-12-14 17:59:23,927 ============================================================
============================================================
2021-12-14 17:59:23,927 Subject 10 out of 10: Prostate3T-01-0027
Subject 10 out of 10: Prostate3T-01-0027
2021-12-14 17:59:26,350 case 9 mean_dice 0.935614 mean_hd95 1.414214
Predsum: 53617
GtSum: 53596
Predsum: 53617
GtSum: 53596
Predsum: 53617
GtSum: 53596
case 9 mean_dice 0.935614 mean_hd95 1.414214
2021-12-14 17:59:26,350 Mean class 0 mean_dice 0.924544 mean_hd95 1.882843
Mean class 0 mean_dice 0.924544 mean_hd95 1.882843
2021-12-14 17:59:26,350 Mean class 1 mean_dice 0.924544 mean_hd95 1.882843
Mean class 1 mean_dice 0.924544 mean_hd95 1.882843
2021-12-14 17:59:26,350 Mean class 2 mean_dice 0.924544 mean_hd95 1.882843
Mean class 2 mean_dice 0.924544 mean_hd95 1.882843
2021-12-14 17:59:26,350 Testing performance in best val model: mean_dice : 0.924544 mean_hd95 : 1.882843
Testing performance in best val model: mean_dice : 0.924544 mean_hd95 : 1.882843
test.py successfully executed
