2021-12-14 18:00:52,241 Namespace(volume_path='/itet-stor/arismu/bmicdatasets-originals/Originals/Challenge_Datasets/NCI_Prostate/', test_dataset='RUNMC', num_classes=3, max_iterations=6800, max_epochs=400, batch_size=16, img_size=256, is_savenii=True, n_skip=3, vit_name='R50-ViT-B_16', test_save_dir='../predictions', deterministic=1, base_lr=0.001, seed=1234, vit_patches_size=16, target_resolution=0.625, image_depth_tr=32, image_depth_ts=32, test_cv_fold_num=1, NORMALIZE=1, Dataset='RUNMC', z_spacing=1, is_pretrain=True, exp='TU_RUNMC256')
Namespace(volume_path='/itet-stor/arismu/bmicdatasets-originals/Originals/Challenge_Datasets/NCI_Prostate/', test_dataset='RUNMC', num_classes=3, max_iterations=6800, max_epochs=400, batch_size=16, img_size=256, is_savenii=True, n_skip=3, vit_name='R50-ViT-B_16', test_save_dir='../predictions', deterministic=1, base_lr=0.001, seed=1234, vit_patches_size=16, target_resolution=0.625, image_depth_tr=32, image_depth_ts=32, test_cv_fold_num=1, NORMALIZE=1, Dataset='RUNMC', z_spacing=1, is_pretrain=True, exp='TU_RUNMC256')
2021-12-14 18:00:52,242 TU_pretrain_R50-ViT-B_16_skip3_bs16_256
TU_pretrain_R50-ViT-B_16_skip3_bs16_256
2021-12-14 18:00:52,260 Reading RUNMC images...
Reading RUNMC images...
2021-12-14 18:00:52,261 Data root directory: /itet-stor/arismu/bmicdatasets-originals/Originals/Challenge_Datasets/NCI_Prostate/
Data root directory: /itet-stor/arismu/bmicdatasets-originals/Originals/Challenge_Datasets/NCI_Prostate/
2021-12-14 18:00:52,262 Already preprocessed this configuration. Loading now!
Already preprocessed this configuration. Loading now!
2021-12-14 18:00:53,132 ============================================================
============================================================
2021-12-14 18:00:53,132 Subject 1 out of 10: Prostate3T-01-0030
Subject 1 out of 10: Prostate3T-01-0030
2021-12-14 18:00:55,812 case 0 mean_dice 0.919733 mean_hd95 1.000000
Predsum: 27463
GtSum: 27516
Predsum: 27463
GtSum: 27516
Predsum: 27463
GtSum: 27516
case 0 mean_dice 0.919733 mean_hd95 1.000000
2021-12-14 18:00:55,830 ============================================================
============================================================
2021-12-14 18:00:55,830 Subject 2 out of 10: Prostate3T-01-0024
Subject 2 out of 10: Prostate3T-01-0024
2021-12-14 18:00:58,380 case 1 mean_dice 0.939773 mean_hd95 2.236068
Predsum: 78036
GtSum: 75667
Predsum: 78036
GtSum: 75667
Predsum: 78036
GtSum: 75667
case 1 mean_dice 0.939773 mean_hd95 2.236068
2021-12-14 18:00:58,397 ============================================================
============================================================
2021-12-14 18:00:58,397 Subject 3 out of 10: Prostate3T-01-0022
Subject 3 out of 10: Prostate3T-01-0022
2021-12-14 18:01:00,864 case 2 mean_dice 0.917157 mean_hd95 3.000000
Predsum: 40113
GtSum: 36140
Predsum: 40113
GtSum: 36140
Predsum: 40113
GtSum: 36140
case 2 mean_dice 0.917157 mean_hd95 3.000000
2021-12-14 18:01:00,881 ============================================================
============================================================
2021-12-14 18:01:00,881 Subject 4 out of 10: Prostate3T-01-0029
Subject 4 out of 10: Prostate3T-01-0029
2021-12-14 18:01:03,349 case 3 mean_dice 0.887353 mean_hd95 2.449490
Predsum: 54085
GtSum: 46770
Predsum: 54085
GtSum: 46770
Predsum: 54085
GtSum: 46770
case 3 mean_dice 0.887353 mean_hd95 2.449490
2021-12-14 18:01:03,366 ============================================================
============================================================
2021-12-14 18:01:03,366 Subject 5 out of 10: Prostate3T-01-0025
Subject 5 out of 10: Prostate3T-01-0025
2021-12-14 18:01:05,617 case 4 mean_dice 0.928067 mean_hd95 2.000000
Predsum: 49238
GtSum: 46712
Predsum: 49238
GtSum: 46712
Predsum: 49238
GtSum: 46712
case 4 mean_dice 0.928067 mean_hd95 2.000000
2021-12-14 18:01:05,635 ============================================================
============================================================
2021-12-14 18:01:05,635 Subject 6 out of 10: Prostate3T-01-0026
Subject 6 out of 10: Prostate3T-01-0026
2021-12-14 18:01:08,596 Clipping input data to the valid range for imshow with RGB data ([0..1] for floats or [0..255] for integers).
Clipping input data to the valid range for imshow with RGB data ([0..1] for floats or [0..255] for integers).
2021-12-14 18:01:11,019 case 5 mean_dice 0.907991 mean_hd95 3.605551
Predsum: 72338
GtSum: 66670
Predsum: 72338
GtSum: 66670
Predsum: 72338
GtSum: 66670
case 5 mean_dice 0.907991 mean_hd95 3.605551
2021-12-14 18:01:11,035 ============================================================
============================================================
2021-12-14 18:01:11,035 Subject 7 out of 10: Prostate3T-01-0023
Subject 7 out of 10: Prostate3T-01-0023
2021-12-14 18:01:13,487 case 6 mean_dice 0.935800 mean_hd95 1.732051
Predsum: 52623
GtSum: 52066
Predsum: 52623
GtSum: 52066
Predsum: 52623
GtSum: 52066
case 6 mean_dice 0.935800 mean_hd95 1.732051
2021-12-14 18:01:13,506 ============================================================
============================================================
2021-12-14 18:01:13,506 Subject 8 out of 10: Prostate3T-01-0028
Subject 8 out of 10: Prostate3T-01-0028
2021-12-14 18:01:15,380 case 7 mean_dice 0.934169 mean_hd95 1.414214
Predsum: 63834
GtSum: 62520
Predsum: 63834
GtSum: 62520
Predsum: 63834
GtSum: 62520
case 7 mean_dice 0.934169 mean_hd95 1.414214
2021-12-14 18:01:15,396 ============================================================
============================================================
2021-12-14 18:01:15,396 Subject 9 out of 10: Prostate3T-01-0021
Subject 9 out of 10: Prostate3T-01-0021
2021-12-14 18:01:17,823 case 8 mean_dice 0.945592 mean_hd95 1.732051
Predsum: 69161
GtSum: 66978
Predsum: 69161
GtSum: 66978
Predsum: 69161
GtSum: 66978
case 8 mean_dice 0.945592 mean_hd95 1.732051
2021-12-14 18:01:17,839 ============================================================
============================================================
2021-12-14 18:01:17,839 Subject 10 out of 10: Prostate3T-01-0027
Subject 10 out of 10: Prostate3T-01-0027
2021-12-14 18:01:20,291 case 9 mean_dice 0.933461 mean_hd95 1.732051
Predsum: 53560
GtSum: 53596
Predsum: 53560
GtSum: 53596
Predsum: 53560
GtSum: 53596
case 9 mean_dice 0.933461 mean_hd95 1.732051
2021-12-14 18:01:20,291 Mean class 0 mean_dice 0.924910 mean_hd95 2.090147
Mean class 0 mean_dice 0.924910 mean_hd95 2.090147
2021-12-14 18:01:20,291 Mean class 1 mean_dice 0.924910 mean_hd95 2.090147
Mean class 1 mean_dice 0.924910 mean_hd95 2.090147
2021-12-14 18:01:20,291 Mean class 2 mean_dice 0.924910 mean_hd95 2.090147
Mean class 2 mean_dice 0.924910 mean_hd95 2.090147
2021-12-14 18:01:20,291 Testing performance in best val model: mean_dice : 0.924910 mean_hd95 : 2.090147
Testing performance in best val model: mean_dice : 0.924910 mean_hd95 : 2.090147
test.py successfully executed
