2021-12-14 17:56:32,242 Namespace(volume_path='/itet-stor/arismu/bmicdatasets-originals/Originals/Challenge_Datasets/NCI_Prostate/', test_dataset='RUNMC', num_classes=3, max_iterations=6800, max_epochs=400, batch_size=16, img_size=256, is_savenii=True, n_skip=3, vit_name='R50-ViT-B_16', test_save_dir='../predictions', deterministic=1, base_lr=0.001, seed=1234, vit_patches_size=16, target_resolution=0.625, image_depth_tr=32, image_depth_ts=32, test_cv_fold_num=1, NORMALIZE=1, Dataset='RUNMC', z_spacing=1, is_pretrain=True, exp='TU_RUNMC256')
Namespace(volume_path='/itet-stor/arismu/bmicdatasets-originals/Originals/Challenge_Datasets/NCI_Prostate/', test_dataset='RUNMC', num_classes=3, max_iterations=6800, max_epochs=400, batch_size=16, img_size=256, is_savenii=True, n_skip=3, vit_name='R50-ViT-B_16', test_save_dir='../predictions', deterministic=1, base_lr=0.001, seed=1234, vit_patches_size=16, target_resolution=0.625, image_depth_tr=32, image_depth_ts=32, test_cv_fold_num=1, NORMALIZE=1, Dataset='RUNMC', z_spacing=1, is_pretrain=True, exp='TU_RUNMC256')
2021-12-14 17:56:32,243 TU_pretrain_R50-ViT-B_16_skip3_bs16_256
TU_pretrain_R50-ViT-B_16_skip3_bs16_256
2021-12-14 17:56:32,272 Reading RUNMC images...
Reading RUNMC images...
2021-12-14 17:56:32,272 Data root directory: /itet-stor/arismu/bmicdatasets-originals/Originals/Challenge_Datasets/NCI_Prostate/
Data root directory: /itet-stor/arismu/bmicdatasets-originals/Originals/Challenge_Datasets/NCI_Prostate/
2021-12-14 17:56:32,274 Already preprocessed this configuration. Loading now!
Already preprocessed this configuration. Loading now!
2021-12-14 17:56:33,111 ============================================================
============================================================
2021-12-14 17:56:33,111 Subject 1 out of 10: Prostate3T-01-0030
Subject 1 out of 10: Prostate3T-01-0030
2021-12-14 17:56:35,299 case 0 mean_dice 0.916198 mean_hd95 1.000000
Predsum: 27256
GtSum: 27516
Predsum: 27256
GtSum: 27516
Predsum: 27256
GtSum: 27516
case 0 mean_dice 0.916198 mean_hd95 1.000000
2021-12-14 17:56:35,316 ============================================================
============================================================
2021-12-14 17:56:35,316 Subject 2 out of 10: Prostate3T-01-0024
Subject 2 out of 10: Prostate3T-01-0024
2021-12-14 17:56:37,384 case 1 mean_dice 0.943483 mean_hd95 2.000000
Predsum: 77067
GtSum: 75667
Predsum: 77067
GtSum: 75667
Predsum: 77067
GtSum: 75667
case 1 mean_dice 0.943483 mean_hd95 2.000000
2021-12-14 17:56:37,400 ============================================================
============================================================
2021-12-14 17:56:37,400 Subject 3 out of 10: Prostate3T-01-0022
Subject 3 out of 10: Prostate3T-01-0022
2021-12-14 17:56:39,460 case 2 mean_dice 0.910940 mean_hd95 3.162278
Predsum: 40179
GtSum: 36140
Predsum: 40179
GtSum: 36140
Predsum: 40179
GtSum: 36140
case 2 mean_dice 0.910940 mean_hd95 3.162278
2021-12-14 17:56:39,478 ============================================================
============================================================
2021-12-14 17:56:39,479 Subject 4 out of 10: Prostate3T-01-0029
Subject 4 out of 10: Prostate3T-01-0029
2021-12-14 17:56:41,536 case 3 mean_dice 0.879954 mean_hd95 2.000000
Predsum: 54774
GtSum: 46770
Predsum: 54774
GtSum: 46770
Predsum: 54774
GtSum: 46770
case 3 mean_dice 0.879954 mean_hd95 2.000000
2021-12-14 17:56:41,553 ============================================================
============================================================
2021-12-14 17:56:41,553 Subject 5 out of 10: Prostate3T-01-0025
Subject 5 out of 10: Prostate3T-01-0025
2021-12-14 17:56:43,437 case 4 mean_dice 0.926825 mean_hd95 2.000000
Predsum: 50821
GtSum: 46712
Predsum: 50821
GtSum: 46712
Predsum: 50821
GtSum: 46712
case 4 mean_dice 0.926825 mean_hd95 2.000000
2021-12-14 17:56:43,453 ============================================================
============================================================
2021-12-14 17:56:43,453 Subject 6 out of 10: Prostate3T-01-0026
Subject 6 out of 10: Prostate3T-01-0026
2021-12-14 17:56:45,880 Clipping input data to the valid range for imshow with RGB data ([0..1] for floats or [0..255] for integers).
Clipping input data to the valid range for imshow with RGB data ([0..1] for floats or [0..255] for integers).
2021-12-14 17:56:47,947 case 5 mean_dice 0.911148 mean_hd95 3.605551
Predsum: 70243
GtSum: 66670
Predsum: 70243
GtSum: 66670
Predsum: 70243
GtSum: 66670
case 5 mean_dice 0.911148 mean_hd95 3.605551
2021-12-14 17:56:47,963 ============================================================
============================================================
2021-12-14 17:56:47,963 Subject 7 out of 10: Prostate3T-01-0023
Subject 7 out of 10: Prostate3T-01-0023
2021-12-14 17:56:50,015 case 6 mean_dice 0.925042 mean_hd95 2.000000
Predsum: 52152
GtSum: 52066
Predsum: 52152
GtSum: 52066
Predsum: 52152
GtSum: 52066
case 6 mean_dice 0.925042 mean_hd95 2.000000
2021-12-14 17:56:50,032 ============================================================
============================================================
2021-12-14 17:56:50,032 Subject 8 out of 10: Prostate3T-01-0028
Subject 8 out of 10: Prostate3T-01-0028
2021-12-14 17:56:51,616 case 7 mean_dice 0.925668 mean_hd95 2.000000
Predsum: 62285
GtSum: 62520
Predsum: 62285
GtSum: 62520
Predsum: 62285
GtSum: 62520
case 7 mean_dice 0.925668 mean_hd95 2.000000
2021-12-14 17:56:51,635 ============================================================
============================================================
2021-12-14 17:56:51,635 Subject 9 out of 10: Prostate3T-01-0021
Subject 9 out of 10: Prostate3T-01-0021
2021-12-14 17:56:53,675 case 8 mean_dice 0.947668 mean_hd95 1.732051
Predsum: 68369
GtSum: 66978
Predsum: 68369
GtSum: 66978
Predsum: 68369
GtSum: 66978
case 8 mean_dice 0.947668 mean_hd95 1.732051
2021-12-14 17:56:53,689 ============================================================
============================================================
2021-12-14 17:56:53,689 Subject 10 out of 10: Prostate3T-01-0027
Subject 10 out of 10: Prostate3T-01-0027
2021-12-14 17:56:55,702 case 9 mean_dice 0.933835 mean_hd95 2.000000
Predsum: 51883
GtSum: 53596
Predsum: 51883
GtSum: 53596
Predsum: 51883
GtSum: 53596
case 9 mean_dice 0.933835 mean_hd95 2.000000
2021-12-14 17:56:55,702 Mean class 0 mean_dice 0.922076 mean_hd95 2.149988
Mean class 0 mean_dice 0.922076 mean_hd95 2.149988
2021-12-14 17:56:55,702 Mean class 1 mean_dice 0.922076 mean_hd95 2.149988
Mean class 1 mean_dice 0.922076 mean_hd95 2.149988
2021-12-14 17:56:55,702 Mean class 2 mean_dice 0.922076 mean_hd95 2.149988
Mean class 2 mean_dice 0.922076 mean_hd95 2.149988
2021-12-14 17:56:55,702 Testing performance in best val model: mean_dice : 0.922076 mean_hd95 : 2.149988
Testing performance in best val model: mean_dice : 0.922076 mean_hd95 : 2.149988
test.py successfully executed
