/scratch_net/biwidl217_second/arismu/Master_Thesis_Codes/project_TransUNet/TransUNet/utils.py:924: SyntaxWarning: "is" with a literal. Did you mean "=="?
  if mask_type is 'squares_jigsaw':
/scratch_net/biwidl217_second/arismu/Master_Thesis_Codes/project_TransUNet/TransUNet/utils.py:931: SyntaxWarning: "is" with a literal. Did you mean "=="?
  elif mask_type is 'squares_zeros':
2021-12-14 17:30:30,096 Namespace(volume_path='/itet-stor/arismu/bmicdatasets-originals/Originals/Challenge_Datasets/Prostate_PROMISE12/TrainingData/', test_dataset='UCL', num_classes=3, max_iterations=6800, max_epochs=400, batch_size=16, img_size=256, is_savenii=True, n_skip=3, vit_name='R50-ViT-B_16', test_save_dir='../predictions', deterministic=1, base_lr=0.001, seed=1234, vit_patches_size=16, target_resolution=0.625, image_depth_tr=32, image_depth_ts=32, test_cv_fold_num=1, NORMALIZE=1, Dataset='UCL', z_spacing=1, is_pretrain=True, exp='TU_RUNMC256')
Namespace(volume_path='/itet-stor/arismu/bmicdatasets-originals/Originals/Challenge_Datasets/Prostate_PROMISE12/TrainingData/', test_dataset='UCL', num_classes=3, max_iterations=6800, max_epochs=400, batch_size=16, img_size=256, is_savenii=True, n_skip=3, vit_name='R50-ViT-B_16', test_save_dir='../predictions', deterministic=1, base_lr=0.001, seed=1234, vit_patches_size=16, target_resolution=0.625, image_depth_tr=32, image_depth_ts=32, test_cv_fold_num=1, NORMALIZE=1, Dataset='UCL', z_spacing=1, is_pretrain=True, exp='TU_RUNMC256')
2021-12-14 17:30:30,096 TU_pretrain_R50-ViT-B_16_skip3_bs16_256
TU_pretrain_R50-ViT-B_16_skip3_bs16_256
2021-12-14 17:30:30,115 Already preprocessed this configuration. Loading now!
Already preprocessed this configuration. Loading now!
2021-12-14 17:30:48,232 ============================================================
============================================================
2021-12-14 17:30:48,232 Subject 1 out of 11: case29
Subject 1 out of 11: case29
2021-12-14 17:30:51,495 case 0 mean_dice 0.540815 mean_hd95 52.340233
Predsum: 44734
GtSum: 50526
Predsum: 44734
GtSum: 50526
Predsum: 44734
GtSum: 50526
case 0 mean_dice 0.540815 mean_hd95 52.340233
2021-12-14 17:30:51,707 ============================================================
============================================================
2021-12-14 17:30:51,708 Subject 2 out of 11: case33
Subject 2 out of 11: case33
2021-12-14 17:30:54,038 case 1 mean_dice 0.836499 mean_hd95 3.000000
Predsum: 26998
GtSum: 27974
Predsum: 26998
GtSum: 27974
Predsum: 26998
GtSum: 27974
case 1 mean_dice 0.836499 mean_hd95 3.000000
2021-12-14 17:30:54,219 ============================================================
============================================================
2021-12-14 17:30:54,219 Subject 3 out of 11: case26
Subject 3 out of 11: case26
2021-12-14 17:30:56,589 case 2 mean_dice 0.820113 mean_hd95 22.841830
Predsum: 49061
GtSum: 41390
Predsum: 49061
GtSum: 41390
Predsum: 49061
GtSum: 41390
case 2 mean_dice 0.820113 mean_hd95 22.841830
2021-12-14 17:30:56,771 ============================================================
============================================================
2021-12-14 17:30:56,771 Subject 4 out of 11: case32
Subject 4 out of 11: case32
2021-12-14 17:30:59,321 Clipping input data to the valid range for imshow with RGB data ([0..1] for floats or [0..255] for integers).
Clipping input data to the valid range for imshow with RGB data ([0..1] for floats or [0..255] for integers).
2021-12-14 17:31:01,466 case 3 mean_dice 0.598497 mean_hd95 53.944416
Predsum: 27793
GtSum: 20919
Predsum: 27793
GtSum: 20919
Predsum: 27793
GtSum: 20919
case 3 mean_dice 0.598497 mean_hd95 53.944416
2021-12-14 17:31:01,650 ============================================================
============================================================
2021-12-14 17:31:01,650 Subject 5 out of 11: case35
Subject 5 out of 11: case35
2021-12-14 17:31:03,984 case 4 mean_dice 0.814297 mean_hd95 13.445587
Predsum: 19639
GtSum: 24679
Predsum: 19639
GtSum: 24679
Predsum: 19639
GtSum: 24679
case 4 mean_dice 0.814297 mean_hd95 13.445587
2021-12-14 17:31:04,166 ============================================================
============================================================
2021-12-14 17:31:04,167 Subject 6 out of 11: case30
Subject 6 out of 11: case30
2021-12-14 17:31:06,554 case 5 mean_dice 0.634349 mean_hd95 38.131352
Predsum: 49268
GtSum: 34752
Predsum: 49268
GtSum: 34752
Predsum: 49268
GtSum: 34752
case 5 mean_dice 0.634349 mean_hd95 38.131352
2021-12-14 17:31:06,734 ============================================================
============================================================
2021-12-14 17:31:06,734 Subject 7 out of 11: case28
Subject 7 out of 11: case28
2021-12-14 17:31:09,070 case 6 mean_dice 0.690056 mean_hd95 16.902657
Predsum: 51149
GtSum: 35302
Predsum: 51149
GtSum: 35302
Predsum: 51149
GtSum: 35302
case 6 mean_dice 0.690056 mean_hd95 16.902657
2021-12-14 17:31:09,254 ============================================================
============================================================
2021-12-14 17:31:09,254 Subject 8 out of 11: case34
Subject 8 out of 11: case34
2021-12-14 17:31:12,080 case 7 mean_dice 0.684278 mean_hd95 22.711229
Predsum: 41147
GtSum: 22108
Predsum: 41147
GtSum: 22108
Predsum: 41147
GtSum: 22108
case 7 mean_dice 0.684278 mean_hd95 22.711229
2021-12-14 17:31:12,262 ============================================================
============================================================
2021-12-14 17:31:12,262 Subject 9 out of 11: case01
Subject 9 out of 11: case01
2021-12-14 17:31:15,298 case 8 mean_dice 0.798350 mean_hd95 11.357817
Predsum: 33875
GtSum: 32785
Predsum: 33875
GtSum: 32785
Predsum: 33875
GtSum: 32785
case 8 mean_dice 0.798350 mean_hd95 11.357817
2021-12-14 17:31:15,482 ============================================================
============================================================
2021-12-14 17:31:15,482 Subject 10 out of 11: case27
Subject 10 out of 11: case27
2021-12-14 17:31:17,874 case 9 mean_dice 0.758265 mean_hd95 38.322316
Predsum: 31427
GtSum: 28312
Predsum: 31427
GtSum: 28312
Predsum: 31427
GtSum: 28312
case 9 mean_dice 0.758265 mean_hd95 38.322316
2021-12-14 17:31:18,062 ============================================================
============================================================
2021-12-14 17:31:18,062 Subject 11 out of 11: case31
Subject 11 out of 11: case31
2021-12-14 17:31:20,509 case 10 mean_dice 0.754649 mean_hd95 39.569553
Predsum: 49337
GtSum: 38802
Predsum: 49337
GtSum: 38802
Predsum: 49337
GtSum: 38802
case 10 mean_dice 0.754649 mean_hd95 39.569553
2021-12-14 17:31:20,509 Mean class 0 mean_dice 0.720924 mean_hd95 28.415181
Mean class 0 mean_dice 0.720924 mean_hd95 28.415181
2021-12-14 17:31:20,510 Mean class 1 mean_dice 0.720924 mean_hd95 28.415181
Mean class 1 mean_dice 0.720924 mean_hd95 28.415181
2021-12-14 17:31:20,510 Mean class 2 mean_dice 0.720924 mean_hd95 28.415181
Mean class 2 mean_dice 0.720924 mean_hd95 28.415181
2021-12-14 17:31:20,510 Testing performance in best val model: mean_dice : 0.720924 mean_hd95 : 28.415181
Testing performance in best val model: mean_dice : 0.720924 mean_hd95 : 28.415181
test.py successfully executed
