2021-12-14 18:04:19,706 Namespace(volume_path='/itet-stor/arismu/bmicdatasets-originals/Originals/Challenge_Datasets/Prostate_PROMISE12/TrainingData/', test_dataset='UCL', num_classes=3, max_iterations=6800, max_epochs=400, batch_size=16, img_size=256, is_savenii=True, n_skip=3, vit_name='R50-ViT-B_16', test_save_dir='../predictions', deterministic=1, base_lr=0.001, seed=1234, vit_patches_size=16, target_resolution=0.625, image_depth_tr=32, image_depth_ts=32, test_cv_fold_num=1, NORMALIZE=1, Dataset='UCL', z_spacing=1, is_pretrain=True, exp='TU_RUNMC256')
Namespace(volume_path='/itet-stor/arismu/bmicdatasets-originals/Originals/Challenge_Datasets/Prostate_PROMISE12/TrainingData/', test_dataset='UCL', num_classes=3, max_iterations=6800, max_epochs=400, batch_size=16, img_size=256, is_savenii=True, n_skip=3, vit_name='R50-ViT-B_16', test_save_dir='../predictions', deterministic=1, base_lr=0.001, seed=1234, vit_patches_size=16, target_resolution=0.625, image_depth_tr=32, image_depth_ts=32, test_cv_fold_num=1, NORMALIZE=1, Dataset='UCL', z_spacing=1, is_pretrain=True, exp='TU_RUNMC256')
2021-12-14 18:04:19,706 TU_pretrain_R50-ViT-B_16_skip3_bs16_256
TU_pretrain_R50-ViT-B_16_skip3_bs16_256
2021-12-14 18:04:19,722 Already preprocessed this configuration. Loading now!
Already preprocessed this configuration. Loading now!
2021-12-14 18:04:37,915 ============================================================
============================================================
2021-12-14 18:04:37,915 Subject 1 out of 11: case29
Subject 1 out of 11: case29
2021-12-14 18:04:40,842 case 0 mean_dice 0.834729 mean_hd95 5.477226
Predsum: 55367
GtSum: 50526
Predsum: 55367
GtSum: 50526
Predsum: 55367
GtSum: 50526
case 0 mean_dice 0.834729 mean_hd95 5.477226
2021-12-14 18:04:41,097 ============================================================
============================================================
2021-12-14 18:04:41,097 Subject 2 out of 11: case33
Subject 2 out of 11: case33
2021-12-14 18:04:43,810 case 1 mean_dice 0.842239 mean_hd95 3.000000
Predsum: 26317
GtSum: 27974
Predsum: 26317
GtSum: 27974
Predsum: 26317
GtSum: 27974
case 1 mean_dice 0.842239 mean_hd95 3.000000
2021-12-14 18:04:44,021 ============================================================
============================================================
2021-12-14 18:04:44,021 Subject 3 out of 11: case26
Subject 3 out of 11: case26
2021-12-14 18:04:46,720 case 2 mean_dice 0.911448 mean_hd95 2.000000
Predsum: 41465
GtSum: 41390
Predsum: 41465
GtSum: 41390
Predsum: 41465
GtSum: 41390
case 2 mean_dice 0.911448 mean_hd95 2.000000
2021-12-14 18:04:46,940 ============================================================
============================================================
2021-12-14 18:04:46,940 Subject 4 out of 11: case32
Subject 4 out of 11: case32
2021-12-14 18:04:49,857 Clipping input data to the valid range for imshow with RGB data ([0..1] for floats or [0..255] for integers).
Clipping input data to the valid range for imshow with RGB data ([0..1] for floats or [0..255] for integers).
2021-12-14 18:04:52,406 case 3 mean_dice 0.753519 mean_hd95 49.608467
Predsum: 25827
GtSum: 20919
Predsum: 25827
GtSum: 20919
Predsum: 25827
GtSum: 20919
case 3 mean_dice 0.753519 mean_hd95 49.608467
2021-12-14 18:04:52,611 ============================================================
============================================================
2021-12-14 18:04:52,611 Subject 5 out of 11: case35
Subject 5 out of 11: case35
2021-12-14 18:04:55,299 case 4 mean_dice 0.867895 mean_hd95 2.236068
Predsum: 20921
GtSum: 24679
Predsum: 20921
GtSum: 24679
Predsum: 20921
GtSum: 24679
case 4 mean_dice 0.867895 mean_hd95 2.236068
2021-12-14 18:04:55,513 ============================================================
============================================================
2021-12-14 18:04:55,513 Subject 6 out of 11: case30
Subject 6 out of 11: case30
2021-12-14 18:04:58,259 case 5 mean_dice 0.793681 mean_hd95 13.638182
Predsum: 37408
GtSum: 34752
Predsum: 37408
GtSum: 34752
Predsum: 37408
GtSum: 34752
case 5 mean_dice 0.793681 mean_hd95 13.638182
2021-12-14 18:04:58,471 ============================================================
============================================================
2021-12-14 18:04:58,471 Subject 7 out of 11: case28
Subject 7 out of 11: case28
2021-12-14 18:05:01,243 case 6 mean_dice 0.839811 mean_hd95 4.000000
Predsum: 41351
GtSum: 35302
Predsum: 41351
GtSum: 35302
Predsum: 41351
GtSum: 35302
case 6 mean_dice 0.839811 mean_hd95 4.000000
2021-12-14 18:05:01,478 ============================================================
============================================================
2021-12-14 18:05:01,478 Subject 8 out of 11: case34
Subject 8 out of 11: case34
2021-12-14 18:05:04,770 case 7 mean_dice 0.881439 mean_hd95 4.582576
Predsum: 24484
GtSum: 22108
Predsum: 24484
GtSum: 22108
Predsum: 24484
GtSum: 22108
case 7 mean_dice 0.881439 mean_hd95 4.582576
2021-12-14 18:05:04,994 ============================================================
============================================================
2021-12-14 18:05:04,995 Subject 9 out of 11: case01
Subject 9 out of 11: case01
2021-12-14 18:05:08,588 case 8 mean_dice 0.879197 mean_hd95 2.236068
Predsum: 31899
GtSum: 32785
Predsum: 31899
GtSum: 32785
Predsum: 31899
GtSum: 32785
case 8 mean_dice 0.879197 mean_hd95 2.236068
2021-12-14 18:05:08,815 ============================================================
============================================================
2021-12-14 18:05:08,815 Subject 10 out of 11: case27
Subject 10 out of 11: case27
2021-12-14 18:05:11,480 case 9 mean_dice 0.873314 mean_hd95 3.162278
Predsum: 25380
GtSum: 28312
Predsum: 25380
GtSum: 28312
Predsum: 25380
GtSum: 28312
case 9 mean_dice 0.873314 mean_hd95 3.162278
2021-12-14 18:05:11,694 ============================================================
============================================================
2021-12-14 18:05:11,694 Subject 11 out of 11: case31
Subject 11 out of 11: case31
2021-12-14 18:05:14,424 case 10 mean_dice 0.899820 mean_hd95 2.000000
Predsum: 39158
GtSum: 38802
Predsum: 39158
GtSum: 38802
Predsum: 39158
GtSum: 38802
case 10 mean_dice 0.899820 mean_hd95 2.000000
2021-12-14 18:05:14,424 Mean class 0 mean_dice 0.852463 mean_hd95 8.358260
Mean class 0 mean_dice 0.852463 mean_hd95 8.358260
2021-12-14 18:05:14,424 Mean class 1 mean_dice 0.852463 mean_hd95 8.358260
Mean class 1 mean_dice 0.852463 mean_hd95 8.358260
2021-12-14 18:05:14,425 Mean class 2 mean_dice 0.852463 mean_hd95 8.358260
Mean class 2 mean_dice 0.852463 mean_hd95 8.358260
2021-12-14 18:05:14,425 Testing performance in best val model: mean_dice : 0.852463 mean_hd95 : 8.358260
Testing performance in best val model: mean_dice : 0.852463 mean_hd95 : 8.358260
test.py successfully executed
