2021-12-14 17:48:51,836 Namespace(volume_path='/itet-stor/arismu/bmicdatasets-originals/Originals/Challenge_Datasets/Prostate_PROMISE12/TrainingData/', test_dataset='BIDMC', num_classes=3, max_iterations=6800, max_epochs=400, batch_size=16, img_size=256, is_savenii=True, n_skip=3, vit_name='R50-ViT-B_16', test_save_dir='../predictions', deterministic=1, base_lr=0.001, seed=1234, vit_patches_size=16, target_resolution=0.625, image_depth_tr=32, image_depth_ts=32, test_cv_fold_num=1, NORMALIZE=1, Dataset='BIDMC', z_spacing=1, is_pretrain=True, exp='TU_RUNMC256')
Namespace(volume_path='/itet-stor/arismu/bmicdatasets-originals/Originals/Challenge_Datasets/Prostate_PROMISE12/TrainingData/', test_dataset='BIDMC', num_classes=3, max_iterations=6800, max_epochs=400, batch_size=16, img_size=256, is_savenii=True, n_skip=3, vit_name='R50-ViT-B_16', test_save_dir='../predictions', deterministic=1, base_lr=0.001, seed=1234, vit_patches_size=16, target_resolution=0.625, image_depth_tr=32, image_depth_ts=32, test_cv_fold_num=1, NORMALIZE=1, Dataset='BIDMC', z_spacing=1, is_pretrain=True, exp='TU_RUNMC256')
2021-12-14 17:48:51,837 TU_pretrain_R50-ViT-B_16_skip3_bs16_256
TU_pretrain_R50-ViT-B_16_skip3_bs16_256
2021-12-14 17:48:51,841 Already preprocessed this configuration. Loading now!
Already preprocessed this configuration. Loading now!
2021-12-14 17:49:09,452 ============================================================
============================================================
2021-12-14 17:49:09,453 Subject 1 out of 10: case02
Subject 1 out of 10: case02
2021-12-14 17:49:15,092 case 0 mean_dice 0.031900 mean_hd95 65.076878
Predsum: 9426
GtSum: 28818
Predsum: 9426
GtSum: 28818
Predsum: 9426
GtSum: 28818
case 0 mean_dice 0.031900 mean_hd95 65.076878
2021-12-14 17:49:15,303 ============================================================
============================================================
2021-12-14 17:49:15,303 Subject 2 out of 10: case06
Subject 2 out of 10: case06
2021-12-14 17:49:19,785 case 1 mean_dice 0.603758 mean_hd95 37.656341
Predsum: 85413
GtSum: 118503
Predsum: 85413
GtSum: 118503
Predsum: 85413
GtSum: 118503
case 1 mean_dice 0.603758 mean_hd95 37.656341
2021-12-14 17:49:19,965 ============================================================
============================================================
2021-12-14 17:49:19,965 Subject 3 out of 10: case09
Subject 3 out of 10: case09
2021-12-14 17:49:25,045 case 2 mean_dice 0.336503 mean_hd95 102.057092
Predsum: 59595
GtSum: 60707
Predsum: 59595
GtSum: 60707
Predsum: 59595
GtSum: 60707
case 2 mean_dice 0.336503 mean_hd95 102.057092
2021-12-14 17:49:25,222 ============================================================
============================================================
2021-12-14 17:49:25,223 Subject 4 out of 10: case10
Subject 4 out of 10: case10
2021-12-14 17:49:29,613 case 3 mean_dice 0.646903 mean_hd95 38.129385
Predsum: 38253
GtSum: 36429
Predsum: 38253
GtSum: 36429
Predsum: 38253
GtSum: 36429
case 3 mean_dice 0.646903 mean_hd95 38.129385
2021-12-14 17:49:29,822 ============================================================
============================================================
2021-12-14 17:49:29,823 Subject 5 out of 10: case07
Subject 5 out of 10: case07
2021-12-14 17:49:33,456 case 4 mean_dice 0.589316 mean_hd95 83.407733
Predsum: 48355
GtSum: 31032
Predsum: 48355
GtSum: 31032
Predsum: 48355
GtSum: 31032
case 4 mean_dice 0.589316 mean_hd95 83.407733
2021-12-14 17:49:33,636 ============================================================
============================================================
2021-12-14 17:49:33,636 Subject 6 out of 10: case04
Subject 6 out of 10: case04
2021-12-14 17:49:36,610 Clipping input data to the valid range for imshow with RGB data ([0..1] for floats or [0..255] for integers).
Clipping input data to the valid range for imshow with RGB data ([0..1] for floats or [0..255] for integers).
2021-12-14 17:49:40,667 case 5 mean_dice 0.017959 mean_hd95 36.619667
Predsum: 2973
GtSum: 34668
Predsum: 2973
GtSum: 34668
Predsum: 2973
GtSum: 34668
case 5 mean_dice 0.017959 mean_hd95 36.619667
2021-12-14 17:49:40,850 ============================================================
============================================================
2021-12-14 17:49:40,850 Subject 7 out of 10: case05
Subject 7 out of 10: case05
2021-12-14 17:49:45,511 case 6 mean_dice 0.468693 mean_hd95 65.920406
Predsum: 117560
GtSum: 60945
Predsum: 117560
GtSum: 60945
Predsum: 117560
GtSum: 60945
case 6 mean_dice 0.468693 mean_hd95 65.920406
2021-12-14 17:49:45,693 ============================================================
============================================================
2021-12-14 17:49:45,693 Subject 8 out of 10: case08
Subject 8 out of 10: case08
2021-12-14 17:49:50,296 case 7 mean_dice 0.485257 mean_hd95 119.218287
Predsum: 61226
GtSum: 24609
Predsum: 61226
GtSum: 24609
Predsum: 61226
GtSum: 24609
case 7 mean_dice 0.485257 mean_hd95 119.218287
2021-12-14 17:49:50,485 ============================================================
============================================================
2021-12-14 17:49:50,485 Subject 9 out of 10: case00
Subject 9 out of 10: case00
2021-12-14 17:49:55,431 case 8 mean_dice 0.272171 mean_hd95 38.961519
Predsum: 11417
GtSum: 46385
Predsum: 11417
GtSum: 46385
Predsum: 11417
GtSum: 46385
case 8 mean_dice 0.272171 mean_hd95 38.961519
2021-12-14 17:49:55,614 ============================================================
============================================================
2021-12-14 17:49:55,614 Subject 10 out of 10: case03
Subject 10 out of 10: case03
2021-12-14 17:50:00,091 case 9 mean_dice 0.321502 mean_hd95 82.352899
Predsum: 78226
GtSum: 23677
Predsum: 78226
GtSum: 23677
Predsum: 78226
GtSum: 23677
case 9 mean_dice 0.321502 mean_hd95 82.352899
2021-12-14 17:50:00,091 Mean class 0 mean_dice 0.377396 mean_hd95 66.940021
Mean class 0 mean_dice 0.377396 mean_hd95 66.940021
2021-12-14 17:50:00,091 Mean class 1 mean_dice 0.377396 mean_hd95 66.940021
Mean class 1 mean_dice 0.377396 mean_hd95 66.940021
2021-12-14 17:50:00,091 Mean class 2 mean_dice 0.377396 mean_hd95 66.940021
Mean class 2 mean_dice 0.377396 mean_hd95 66.940021
2021-12-14 17:50:00,091 Testing performance in best val model: mean_dice : 0.377396 mean_hd95 : 66.940021
Testing performance in best val model: mean_dice : 0.377396 mean_hd95 : 66.940021
test.py successfully executed
