2021-12-14 17:39:44,612 Namespace(volume_path='/itet-stor/arismu/bmicdatasets-originals/Originals/Challenge_Datasets/Prostate_PROMISE12/TrainingData/', test_dataset='HK', num_classes=3, max_iterations=6800, max_epochs=400, batch_size=16, img_size=256, is_savenii=True, n_skip=3, vit_name='R50-ViT-B_16', test_save_dir='../predictions', deterministic=1, base_lr=0.001, seed=1234, vit_patches_size=16, target_resolution=0.625, image_depth_tr=32, image_depth_ts=32, test_cv_fold_num=1, NORMALIZE=1, Dataset='HK', z_spacing=1, is_pretrain=True, exp='TU_RUNMC256')
Namespace(volume_path='/itet-stor/arismu/bmicdatasets-originals/Originals/Challenge_Datasets/Prostate_PROMISE12/TrainingData/', test_dataset='HK', num_classes=3, max_iterations=6800, max_epochs=400, batch_size=16, img_size=256, is_savenii=True, n_skip=3, vit_name='R50-ViT-B_16', test_save_dir='../predictions', deterministic=1, base_lr=0.001, seed=1234, vit_patches_size=16, target_resolution=0.625, image_depth_tr=32, image_depth_ts=32, test_cv_fold_num=1, NORMALIZE=1, Dataset='HK', z_spacing=1, is_pretrain=True, exp='TU_RUNMC256')
2021-12-14 17:39:44,613 TU_pretrain_R50-ViT-B_16_skip3_bs16_256
TU_pretrain_R50-ViT-B_16_skip3_bs16_256
2021-12-14 17:39:44,621 Already preprocessed this configuration. Loading now!
Already preprocessed this configuration. Loading now!
2021-12-14 17:39:55,886 ============================================================
============================================================
2021-12-14 17:39:55,886 Subject 1 out of 10: case44
Subject 1 out of 10: case44
2021-12-14 17:39:58,543 case 0 mean_dice 0.808528 mean_hd95 3.000000
Predsum: 21352
GtSum: 26164
Predsum: 21352
GtSum: 26164
Predsum: 21352
GtSum: 26164
case 0 mean_dice 0.808528 mean_hd95 3.000000
2021-12-14 17:39:58,686 ============================================================
============================================================
2021-12-14 17:39:58,686 Subject 2 out of 10: case43
Subject 2 out of 10: case43
2021-12-14 17:40:01,203 case 1 mean_dice 0.839048 mean_hd95 4.000000
Predsum: 31839
GtSum: 36026
Predsum: 31839
GtSum: 36026
Predsum: 31839
GtSum: 36026
case 1 mean_dice 0.839048 mean_hd95 4.000000
2021-12-14 17:40:01,325 ============================================================
============================================================
2021-12-14 17:40:01,325 Subject 3 out of 10: case45
Subject 3 out of 10: case45
2021-12-14 17:40:03,846 case 2 mean_dice 0.720634 mean_hd95 4.242641
Predsum: 15607
GtSum: 17067
Predsum: 15607
GtSum: 17067
Predsum: 15607
GtSum: 17067
case 2 mean_dice 0.720634 mean_hd95 4.242641
2021-12-14 17:40:03,985 ============================================================
============================================================
2021-12-14 17:40:03,985 Subject 4 out of 10: case47
Subject 4 out of 10: case47
2021-12-14 17:40:06,506 case 3 mean_dice 0.836706 mean_hd95 5.000000
Predsum: 26570
GtSum: 24234
Predsum: 26570
GtSum: 24234
Predsum: 26570
GtSum: 24234
case 3 mean_dice 0.836706 mean_hd95 5.000000
2021-12-14 17:40:06,628 ============================================================
============================================================
2021-12-14 17:40:06,628 Subject 5 out of 10: case39
Subject 5 out of 10: case39
2021-12-14 17:40:09,182 case 4 mean_dice 0.860706 mean_hd95 6.082763
Predsum: 36209
GtSum: 36917
Predsum: 36209
GtSum: 36917
Predsum: 36209
GtSum: 36917
case 4 mean_dice 0.860706 mean_hd95 6.082763
2021-12-14 17:40:09,301 ============================================================
============================================================
2021-12-14 17:40:09,301 Subject 6 out of 10: case41
Subject 6 out of 10: case41
2021-12-14 17:40:11,767 case 5 mean_dice 0.778885 mean_hd95 9.848858
Predsum: 13913
GtSum: 16682
Predsum: 13913
GtSum: 16682
Predsum: 13913
GtSum: 16682
case 5 mean_dice 0.778885 mean_hd95 9.848858
2021-12-14 17:40:11,890 ============================================================
============================================================
2021-12-14 17:40:11,890 Subject 7 out of 10: case46
Subject 7 out of 10: case46
2021-12-14 17:40:14,427 case 6 mean_dice 0.788939 mean_hd95 18.319376
Predsum: 38712
GtSum: 28766
Predsum: 38712
GtSum: 28766
Predsum: 38712
GtSum: 28766
case 6 mean_dice 0.788939 mean_hd95 18.319376
2021-12-14 17:40:14,547 ============================================================
============================================================
2021-12-14 17:40:14,547 Subject 8 out of 10: case38
Subject 8 out of 10: case38
2021-12-14 17:40:17,361 case 7 mean_dice 0.903270 mean_hd95 21.118712
Predsum: 60446
GtSum: 57583
Predsum: 60446
GtSum: 57583
Predsum: 60446
GtSum: 57583
case 7 mean_dice 0.903270 mean_hd95 21.118712
2021-12-14 17:40:17,480 ============================================================
============================================================
2021-12-14 17:40:17,480 Subject 9 out of 10: case40
Subject 9 out of 10: case40
2021-12-14 17:40:20,096 Clipping input data to the valid range for imshow with RGB data ([0..1] for floats or [0..255] for integers).
Clipping input data to the valid range for imshow with RGB data ([0..1] for floats or [0..255] for integers).
2021-12-14 17:40:22,271 case 8 mean_dice 0.851970 mean_hd95 3.000000
Predsum: 23341
GtSum: 25372
Predsum: 23341
GtSum: 25372
Predsum: 23341
GtSum: 25372
case 8 mean_dice 0.851970 mean_hd95 3.000000
2021-12-14 17:40:22,391 ============================================================
============================================================
2021-12-14 17:40:22,391 Subject 10 out of 10: case42
Subject 10 out of 10: case42
2021-12-14 17:40:24,914 case 9 mean_dice 0.909305 mean_hd95 2.236068
Predsum: 71823
GtSum: 80225
Predsum: 71823
GtSum: 80225
Predsum: 71823
GtSum: 80225
case 9 mean_dice 0.909305 mean_hd95 2.236068
2021-12-14 17:40:24,914 Mean class 0 mean_dice 0.829799 mean_hd95 7.684842
Mean class 0 mean_dice 0.829799 mean_hd95 7.684842
2021-12-14 17:40:24,914 Mean class 1 mean_dice 0.829799 mean_hd95 7.684842
Mean class 1 mean_dice 0.829799 mean_hd95 7.684842
2021-12-14 17:40:24,914 Mean class 2 mean_dice 0.829799 mean_hd95 7.684842
Mean class 2 mean_dice 0.829799 mean_hd95 7.684842
2021-12-14 17:40:24,914 Testing performance in best val model: mean_dice : 0.829799 mean_hd95 : 7.684842
Testing performance in best val model: mean_dice : 0.829799 mean_hd95 : 7.684842
test.py successfully executed
