2021-12-14 17:32:56,052 Namespace(volume_path='/itet-stor/arismu/bmicdatasets-originals/Originals/Challenge_Datasets/Prostate_PROMISE12/TrainingData/', test_dataset='UCL', num_classes=3, max_iterations=6800, max_epochs=400, batch_size=16, img_size=256, is_savenii=True, n_skip=3, vit_name='R50-ViT-B_16', test_save_dir='../predictions', deterministic=1, base_lr=0.001, seed=1234, vit_patches_size=16, target_resolution=0.625, image_depth_tr=32, image_depth_ts=32, test_cv_fold_num=1, NORMALIZE=1, Dataset='UCL', z_spacing=1, is_pretrain=True, exp='TU_RUNMC256')
Namespace(volume_path='/itet-stor/arismu/bmicdatasets-originals/Originals/Challenge_Datasets/Prostate_PROMISE12/TrainingData/', test_dataset='UCL', num_classes=3, max_iterations=6800, max_epochs=400, batch_size=16, img_size=256, is_savenii=True, n_skip=3, vit_name='R50-ViT-B_16', test_save_dir='../predictions', deterministic=1, base_lr=0.001, seed=1234, vit_patches_size=16, target_resolution=0.625, image_depth_tr=32, image_depth_ts=32, test_cv_fold_num=1, NORMALIZE=1, Dataset='UCL', z_spacing=1, is_pretrain=True, exp='TU_RUNMC256')
2021-12-14 17:32:56,053 TU_pretrain_R50-ViT-B_16_skip3_bs16_256
TU_pretrain_R50-ViT-B_16_skip3_bs16_256
2021-12-14 17:32:56,074 Already preprocessed this configuration. Loading now!
Already preprocessed this configuration. Loading now!
2021-12-14 17:33:14,276 ============================================================
============================================================
2021-12-14 17:33:14,277 Subject 1 out of 11: case29
Subject 1 out of 11: case29
2021-12-14 17:33:16,863 case 0 mean_dice 0.597090 mean_hd95 15.231546
Predsum: 35518
GtSum: 50526
Predsum: 35518
GtSum: 50526
Predsum: 35518
GtSum: 50526
case 0 mean_dice 0.597090 mean_hd95 15.231546
2021-12-14 17:33:17,076 ============================================================
============================================================
2021-12-14 17:33:17,076 Subject 2 out of 11: case33
Subject 2 out of 11: case33
2021-12-14 17:33:19,388 case 1 mean_dice 0.784623 mean_hd95 3.316625
Predsum: 23740
GtSum: 27974
Predsum: 23740
GtSum: 27974
Predsum: 23740
GtSum: 27974
case 1 mean_dice 0.784623 mean_hd95 3.316625
2021-12-14 17:33:19,572 ============================================================
============================================================
2021-12-14 17:33:19,572 Subject 3 out of 11: case26
Subject 3 out of 11: case26
2021-12-14 17:33:21,906 case 2 mean_dice 0.850762 mean_hd95 10.812021
Predsum: 45297
GtSum: 41390
Predsum: 45297
GtSum: 41390
Predsum: 45297
GtSum: 41390
case 2 mean_dice 0.850762 mean_hd95 10.812021
2021-12-14 17:33:22,087 ============================================================
============================================================
2021-12-14 17:33:22,087 Subject 4 out of 11: case32
Subject 4 out of 11: case32
2021-12-14 17:33:24,742 Clipping input data to the valid range for imshow with RGB data ([0..1] for floats or [0..255] for integers).
Clipping input data to the valid range for imshow with RGB data ([0..1] for floats or [0..255] for integers).
2021-12-14 17:33:26,866 case 3 mean_dice 0.605863 mean_hd95 50.606324
Predsum: 28848
GtSum: 20919
Predsum: 28848
GtSum: 20919
Predsum: 28848
GtSum: 20919
case 3 mean_dice 0.605863 mean_hd95 50.606324
2021-12-14 17:33:27,053 ============================================================
============================================================
2021-12-14 17:33:27,053 Subject 5 out of 11: case35
Subject 5 out of 11: case35
2021-12-14 17:33:29,312 case 4 mean_dice 0.819347 mean_hd95 3.000000
Predsum: 19029
GtSum: 24679
Predsum: 19029
GtSum: 24679
Predsum: 19029
GtSum: 24679
case 4 mean_dice 0.819347 mean_hd95 3.000000
2021-12-14 17:33:29,494 ============================================================
============================================================
2021-12-14 17:33:29,494 Subject 6 out of 11: case30
Subject 6 out of 11: case30
2021-12-14 17:33:31,863 case 5 mean_dice 0.688250 mean_hd95 27.147744
Predsum: 41293
GtSum: 34752
Predsum: 41293
GtSum: 34752
Predsum: 41293
GtSum: 34752
case 5 mean_dice 0.688250 mean_hd95 27.147744
2021-12-14 17:33:32,042 ============================================================
============================================================
2021-12-14 17:33:32,042 Subject 7 out of 11: case28
Subject 7 out of 11: case28
2021-12-14 17:33:34,381 case 6 mean_dice 0.711957 mean_hd95 23.280893
Predsum: 53046
GtSum: 35302
Predsum: 53046
GtSum: 35302
Predsum: 53046
GtSum: 35302
case 6 mean_dice 0.711957 mean_hd95 23.280893
2021-12-14 17:33:34,560 ============================================================
============================================================
2021-12-14 17:33:34,560 Subject 8 out of 11: case34
Subject 8 out of 11: case34
2021-12-14 17:33:37,382 case 7 mean_dice 0.691956 mean_hd95 24.043709
Predsum: 39156
GtSum: 22108
Predsum: 39156
GtSum: 22108
Predsum: 39156
GtSum: 22108
case 7 mean_dice 0.691956 mean_hd95 24.043709
2021-12-14 17:33:37,562 ============================================================
============================================================
2021-12-14 17:33:37,562 Subject 9 out of 11: case01
Subject 9 out of 11: case01
2021-12-14 17:33:40,617 case 8 mean_dice 0.726497 mean_hd95 15.427249
Predsum: 39832
GtSum: 32785
Predsum: 39832
GtSum: 32785
Predsum: 39832
GtSum: 32785
case 8 mean_dice 0.726497 mean_hd95 15.427249
2021-12-14 17:33:40,797 ============================================================
============================================================
2021-12-14 17:33:40,797 Subject 10 out of 11: case27
Subject 10 out of 11: case27
2021-12-14 17:33:43,127 case 9 mean_dice 0.782648 mean_hd95 25.553865
Predsum: 31048
GtSum: 28312
Predsum: 31048
GtSum: 28312
Predsum: 31048
GtSum: 28312
case 9 mean_dice 0.782648 mean_hd95 25.553865
2021-12-14 17:33:43,306 ============================================================
============================================================
2021-12-14 17:33:43,306 Subject 11 out of 11: case31
Subject 11 out of 11: case31
2021-12-14 17:33:45,680 case 10 mean_dice 0.803975 mean_hd95 69.385157
Predsum: 46330
GtSum: 38802
Predsum: 46330
GtSum: 38802
Predsum: 46330
GtSum: 38802
case 10 mean_dice 0.803975 mean_hd95 69.385157
2021-12-14 17:33:45,680 Mean class 0 mean_dice 0.732997 mean_hd95 24.345921
Mean class 0 mean_dice 0.732997 mean_hd95 24.345921
2021-12-14 17:33:45,681 Mean class 1 mean_dice 0.732997 mean_hd95 24.345921
Mean class 1 mean_dice 0.732997 mean_hd95 24.345921
2021-12-14 17:33:45,681 Mean class 2 mean_dice 0.732997 mean_hd95 24.345921
Mean class 2 mean_dice 0.732997 mean_hd95 24.345921
2021-12-14 17:33:45,681 Testing performance in best val model: mean_dice : 0.732997 mean_hd95 : 24.345921
Testing performance in best val model: mean_dice : 0.732997 mean_hd95 : 24.345921
test.py successfully executed
