2021-12-13 10:18:57,977 Namespace(volume_path='/itet-stor/arismu/bmicdatasets-originals/Originals/Challenge_Datasets/Prostate_PROMISE12/TrainingData/', test_dataset='UCL', num_classes=3, max_iterations=6800, max_epochs=400, batch_size=16, img_size=256, is_savenii=True, n_skip=3, vit_name='R50-ViT-B_16', test_save_dir='../predictions', deterministic=1, base_lr=0.001, seed=1234, vit_patches_size=16, target_resolution=0.625, image_depth_tr=32, image_depth_ts=32, test_cv_fold_num=1, NORMALIZE=1, Dataset='UCL', z_spacing=1, is_pretrain=True, exp='TU_RUNMC256')
Namespace(volume_path='/itet-stor/arismu/bmicdatasets-originals/Originals/Challenge_Datasets/Prostate_PROMISE12/TrainingData/', test_dataset='UCL', num_classes=3, max_iterations=6800, max_epochs=400, batch_size=16, img_size=256, is_savenii=True, n_skip=3, vit_name='R50-ViT-B_16', test_save_dir='../predictions', deterministic=1, base_lr=0.001, seed=1234, vit_patches_size=16, target_resolution=0.625, image_depth_tr=32, image_depth_ts=32, test_cv_fold_num=1, NORMALIZE=1, Dataset='UCL', z_spacing=1, is_pretrain=True, exp='TU_RUNMC256')
2021-12-13 10:18:57,977 TU_pretrain_R50-ViT-B_16_skip3_bs16_256
TU_pretrain_R50-ViT-B_16_skip3_bs16_256
2021-12-13 10:18:57,992 Already preprocessed this configuration. Loading now!
Already preprocessed this configuration. Loading now!
2021-12-13 10:19:16,225 ============================================================
============================================================
2021-12-13 10:19:16,226 Subject 1 out of 11: case29
Subject 1 out of 11: case29
2021-12-13 10:19:19,404 case 0 mean_dice 0.894255 mean_hd95 4.000000
Predsum: 51011
GtSum: 50526
Predsum: 51011
GtSum: 50526
Predsum: 51011
GtSum: 50526
case 0 mean_dice 0.894255 mean_hd95 4.000000
2021-12-13 10:19:19,700 ============================================================
============================================================
2021-12-13 10:19:19,700 Subject 2 out of 11: case33
Subject 2 out of 11: case33
2021-12-13 10:19:22,639 case 1 mean_dice 0.827572 mean_hd95 3.000000
Predsum: 27023
GtSum: 27974
Predsum: 27023
GtSum: 27974
Predsum: 27023
GtSum: 27974
case 1 mean_dice 0.827572 mean_hd95 3.000000
2021-12-13 10:19:22,890 ============================================================
============================================================
2021-12-13 10:19:22,890 Subject 3 out of 11: case26
Subject 3 out of 11: case26
2021-12-13 10:19:25,799 case 2 mean_dice 0.907042 mean_hd95 2.236068
Predsum: 42906
GtSum: 41390
Predsum: 42906
GtSum: 41390
Predsum: 42906
GtSum: 41390
case 2 mean_dice 0.907042 mean_hd95 2.236068
2021-12-13 10:19:26,038 ============================================================
============================================================
2021-12-13 10:19:26,038 Subject 4 out of 11: case32
Subject 4 out of 11: case32
2021-12-13 10:19:29,033 case 3 mean_dice 0.768783 mean_hd95 43.174066
Predsum: 21314
GtSum: 20919
Predsum: 21314
GtSum: 20919
Predsum: 21314
GtSum: 20919
case 3 mean_dice 0.768783 mean_hd95 43.174066
2021-12-13 10:19:29,279 ============================================================
============================================================
2021-12-13 10:19:29,279 Subject 5 out of 11: case35
Subject 5 out of 11: case35
2021-12-13 10:19:32,134 case 4 mean_dice 0.860279 mean_hd95 2.236068
Predsum: 20332
GtSum: 24679
Predsum: 20332
GtSum: 24679
Predsum: 20332
GtSum: 24679
case 4 mean_dice 0.860279 mean_hd95 2.236068
2021-12-13 10:19:32,380 ============================================================
============================================================
2021-12-13 10:19:32,380 Subject 6 out of 11: case30
Subject 6 out of 11: case30
2021-12-13 10:19:35,353 case 5 mean_dice 0.793576 mean_hd95 8.306624
Predsum: 36548
GtSum: 34752
Predsum: 36548
GtSum: 34752
Predsum: 36548
GtSum: 34752
case 5 mean_dice 0.793576 mean_hd95 8.306624
2021-12-13 10:19:35,599 ============================================================
============================================================
2021-12-13 10:19:35,599 Subject 7 out of 11: case28
Subject 7 out of 11: case28
2021-12-13 10:19:38,496 case 6 mean_dice 0.860922 mean_hd95 3.000000
Predsum: 38110
GtSum: 35302
Predsum: 38110
GtSum: 35302
Predsum: 38110
GtSum: 35302
case 6 mean_dice 0.860922 mean_hd95 3.000000
2021-12-13 10:19:38,737 ============================================================
============================================================
2021-12-13 10:19:38,738 Subject 8 out of 11: case34
Subject 8 out of 11: case34
2021-12-13 10:19:42,164 case 7 mean_dice 0.860593 mean_hd95 7.071068
Predsum: 23851
GtSum: 22108
Predsum: 23851
GtSum: 22108
Predsum: 23851
GtSum: 22108
case 7 mean_dice 0.860593 mean_hd95 7.071068
2021-12-13 10:19:42,406 ============================================================
============================================================
2021-12-13 10:19:42,407 Subject 9 out of 11: case01
Subject 9 out of 11: case01
2021-12-13 10:19:46,124 case 8 mean_dice 0.818824 mean_hd95 12.083046
Predsum: 35149
GtSum: 32785
Predsum: 35149
GtSum: 32785
Predsum: 35149
GtSum: 32785
case 8 mean_dice 0.818824 mean_hd95 12.083046
2021-12-13 10:19:46,373 ============================================================
============================================================
2021-12-13 10:19:46,373 Subject 10 out of 11: case27
Subject 10 out of 11: case27
2021-12-13 10:19:49,275 case 9 mean_dice 0.858793 mean_hd95 3.605551
Predsum: 24504
GtSum: 28312
Predsum: 24504
GtSum: 28312
Predsum: 24504
GtSum: 28312
case 9 mean_dice 0.858793 mean_hd95 3.605551
2021-12-13 10:19:49,517 ============================================================
============================================================
2021-12-13 10:19:49,517 Subject 11 out of 11: case31
Subject 11 out of 11: case31
2021-12-13 10:19:52,427 case 10 mean_dice 0.921021 mean_hd95 2.449490
Predsum: 41561
GtSum: 38802
Predsum: 41561
GtSum: 38802
Predsum: 41561
GtSum: 38802
case 10 mean_dice 0.921021 mean_hd95 2.449490
2021-12-13 10:19:52,427 Mean class 0 mean_dice 0.851969 mean_hd95 8.287453
Mean class 0 mean_dice 0.851969 mean_hd95 8.287453
2021-12-13 10:19:52,427 Mean class 1 mean_dice 0.851969 mean_hd95 8.287453
Mean class 1 mean_dice 0.851969 mean_hd95 8.287453
2021-12-13 10:19:52,427 Mean class 2 mean_dice 0.851969 mean_hd95 8.287453
Mean class 2 mean_dice 0.851969 mean_hd95 8.287453
2021-12-13 10:19:52,427 Testing performance in best val model: mean_dice : 0.851969 mean_hd95 : 8.287453
Testing performance in best val model: mean_dice : 0.851969 mean_hd95 : 8.287453
test.py successfully executed
