2021-12-12 15:10:40,378 Namespace(volume_path='/itet-stor/arismu/bmicdatasets-originals/Originals/Challenge_Datasets/Prostate_PROMISE12/TrainingData/', test_dataset='UCL', num_classes=3, max_iterations=6800, max_epochs=400, batch_size=16, img_size=256, is_savenii=True, n_skip=3, vit_name='R50-ViT-B_16', test_save_dir='../predictions', deterministic=1, base_lr=0.001, seed=1234, vit_patches_size=16, target_resolution=0.625, image_depth_tr=32, image_depth_ts=32, test_cv_fold_num=1, NORMALIZE=1, Dataset='UCL', z_spacing=1, is_pretrain=True, exp='TU_RUNMC256')
Namespace(volume_path='/itet-stor/arismu/bmicdatasets-originals/Originals/Challenge_Datasets/Prostate_PROMISE12/TrainingData/', test_dataset='UCL', num_classes=3, max_iterations=6800, max_epochs=400, batch_size=16, img_size=256, is_savenii=True, n_skip=3, vit_name='R50-ViT-B_16', test_save_dir='../predictions', deterministic=1, base_lr=0.001, seed=1234, vit_patches_size=16, target_resolution=0.625, image_depth_tr=32, image_depth_ts=32, test_cv_fold_num=1, NORMALIZE=1, Dataset='UCL', z_spacing=1, is_pretrain=True, exp='TU_RUNMC256')
2021-12-12 15:10:40,378 TU_pretrain_R50-ViT-B_16_skip3_bs16_256
TU_pretrain_R50-ViT-B_16_skip3_bs16_256
2021-12-12 15:10:40,429 Already preprocessed this configuration. Loading now!
Already preprocessed this configuration. Loading now!
2021-12-12 15:11:00,216 ============================================================
============================================================
2021-12-12 15:11:00,217 Subject 1 out of 11: case29
Subject 1 out of 11: case29
2021-12-12 15:11:02,942 case 0 mean_dice 0.406555 mean_hd95 27.586228
Predsum: 26792
GtSum: 50526
Predsum: 26792
GtSum: 50526
Predsum: 26792
GtSum: 50526
case 0 mean_dice 0.406555 mean_hd95 27.586228
2021-12-12 15:11:03,164 ============================================================
============================================================
2021-12-12 15:11:03,164 Subject 2 out of 11: case33
Subject 2 out of 11: case33
2021-12-12 15:11:05,568 case 1 mean_dice 0.849180 mean_hd95 2.449490
Predsum: 29936
GtSum: 27974
Predsum: 29936
GtSum: 27974
Predsum: 29936
GtSum: 27974
case 1 mean_dice 0.849180 mean_hd95 2.449490
2021-12-12 15:11:05,765 ============================================================
============================================================
2021-12-12 15:11:05,765 Subject 3 out of 11: case26
Subject 3 out of 11: case26
2021-12-12 15:11:08,219 case 2 mean_dice 0.879757 mean_hd95 2.828427
Predsum: 41883
GtSum: 41390
Predsum: 41883
GtSum: 41390
Predsum: 41883
GtSum: 41390
case 2 mean_dice 0.879757 mean_hd95 2.828427
2021-12-12 15:11:08,407 ============================================================
============================================================
2021-12-12 15:11:08,408 Subject 4 out of 11: case32
Subject 4 out of 11: case32
2021-12-12 15:11:10,912 case 3 mean_dice 0.630011 mean_hd95 43.783559
Predsum: 28750
GtSum: 20919
Predsum: 28750
GtSum: 20919
Predsum: 28750
GtSum: 20919
case 3 mean_dice 0.630011 mean_hd95 43.783559
2021-12-12 15:11:11,113 ============================================================
============================================================
2021-12-12 15:11:11,113 Subject 5 out of 11: case35
Subject 5 out of 11: case35
2021-12-12 15:11:13,497 case 4 mean_dice 0.867386 mean_hd95 2.449490
Predsum: 20980
GtSum: 24679
Predsum: 20980
GtSum: 24679
Predsum: 20980
GtSum: 24679
case 4 mean_dice 0.867386 mean_hd95 2.449490
2021-12-12 15:11:13,688 ============================================================
============================================================
2021-12-12 15:11:13,688 Subject 6 out of 11: case30
Subject 6 out of 11: case30
2021-12-12 15:11:16,148 case 5 mean_dice 0.694296 mean_hd95 15.165751
Predsum: 37321
GtSum: 34752
Predsum: 37321
GtSum: 34752
Predsum: 37321
GtSum: 34752
case 5 mean_dice 0.694296 mean_hd95 15.165751
2021-12-12 15:11:16,327 ============================================================
============================================================
2021-12-12 15:11:16,328 Subject 7 out of 11: case28
Subject 7 out of 11: case28
2021-12-12 15:11:18,657 case 6 mean_dice 0.732483 mean_hd95 6.782330
Predsum: 39927
GtSum: 35302
Predsum: 39927
GtSum: 35302
Predsum: 39927
GtSum: 35302
case 6 mean_dice 0.732483 mean_hd95 6.782330
2021-12-12 15:11:18,837 ============================================================
============================================================
2021-12-12 15:11:18,837 Subject 8 out of 11: case34
Subject 8 out of 11: case34
2021-12-12 15:11:21,794 case 7 mean_dice 0.671242 mean_hd95 17.916473
Predsum: 42581
GtSum: 22108
Predsum: 42581
GtSum: 22108
Predsum: 42581
GtSum: 22108
case 7 mean_dice 0.671242 mean_hd95 17.916473
2021-12-12 15:11:21,991 ============================================================
============================================================
2021-12-12 15:11:21,991 Subject 9 out of 11: case01
Subject 9 out of 11: case01
2021-12-12 15:11:25,187 case 8 mean_dice 0.800790 mean_hd95 14.317821
Predsum: 43195
GtSum: 32785
Predsum: 43195
GtSum: 32785
Predsum: 43195
GtSum: 32785
case 8 mean_dice 0.800790 mean_hd95 14.317821
2021-12-12 15:11:25,377 ============================================================
============================================================
2021-12-12 15:11:25,377 Subject 10 out of 11: case27
Subject 10 out of 11: case27
2021-12-12 15:11:27,804 case 9 mean_dice 0.737938 mean_hd95 30.149627
Predsum: 24229
GtSum: 28312
Predsum: 24229
GtSum: 28312
Predsum: 24229
GtSum: 28312
case 9 mean_dice 0.737938 mean_hd95 30.149627
2021-12-12 15:11:28,011 ============================================================
============================================================
2021-12-12 15:11:28,011 Subject 11 out of 11: case31
Subject 11 out of 11: case31
2021-12-12 15:11:30,405 case 10 mean_dice 0.837010 mean_hd95 10.246951
Predsum: 37804
GtSum: 38802
Predsum: 37804
GtSum: 38802
Predsum: 37804
GtSum: 38802
case 10 mean_dice 0.837010 mean_hd95 10.246951
2021-12-12 15:11:30,405 Mean class 0 mean_dice 0.736968 mean_hd95 15.788741
Mean class 0 mean_dice 0.736968 mean_hd95 15.788741
2021-12-12 15:11:30,405 Mean class 1 mean_dice 0.736968 mean_hd95 15.788741
Mean class 1 mean_dice 0.736968 mean_hd95 15.788741
2021-12-12 15:11:30,405 Mean class 2 mean_dice 0.736968 mean_hd95 15.788741
Mean class 2 mean_dice 0.736968 mean_hd95 15.788741
2021-12-12 15:11:30,405 Testing performance in best val model: mean_dice : 0.736968 mean_hd95 : 15.788741
Testing performance in best val model: mean_dice : 0.736968 mean_hd95 : 15.788741
test.py successfully executed
