2021-12-17 15:07:35,572 Namespace(volume_path='/itet-stor/arismu/bmicdatasets-originals/Originals/Challenge_Datasets/Prostate_PROMISE12/TrainingData/', test_dataset='UCL', num_classes=3, max_iterations=6800, max_epochs=400, batch_size=16, img_size=256, is_savenii=True, n_skip=3, vit_name='R50-ViT-B_16', test_save_dir='../predictions', deterministic=1, base_lr=0.001, seed=1234, vit_patches_size=16, target_resolution=0.625, image_depth_tr=32, image_depth_ts=32, test_cv_fold_num=1, NORMALIZE=1, Dataset='UCL', z_spacing=1, is_pretrain=True, exp='TU_RUNMC256')
Namespace(volume_path='/itet-stor/arismu/bmicdatasets-originals/Originals/Challenge_Datasets/Prostate_PROMISE12/TrainingData/', test_dataset='UCL', num_classes=3, max_iterations=6800, max_epochs=400, batch_size=16, img_size=256, is_savenii=True, n_skip=3, vit_name='R50-ViT-B_16', test_save_dir='../predictions', deterministic=1, base_lr=0.001, seed=1234, vit_patches_size=16, target_resolution=0.625, image_depth_tr=32, image_depth_ts=32, test_cv_fold_num=1, NORMALIZE=1, Dataset='UCL', z_spacing=1, is_pretrain=True, exp='TU_RUNMC256')
2021-12-17 15:07:35,573 TU_pretrain_R50-ViT-B_16_skip3_bs16_256
TU_pretrain_R50-ViT-B_16_skip3_bs16_256
2021-12-17 15:07:35,576 Already preprocessed this configuration. Loading now!
Already preprocessed this configuration. Loading now!
2021-12-17 15:07:55,496 ============================================================
============================================================
2021-12-17 15:07:55,527 Subject 1 out of 11: case29
Subject 1 out of 11: case29
2021-12-17 15:07:58,704 case 0 mean_dice 0.864798 mean_hd95 6.324555
Predsum: 55915
GtSum: 50526
Predsum: 55915
GtSum: 50526
Predsum: 55915
GtSum: 50526
case 0 mean_dice 0.864798 mean_hd95 6.324555
2021-12-17 15:07:58,915 ============================================================
============================================================
2021-12-17 15:07:58,915 Subject 2 out of 11: case33
Subject 2 out of 11: case33
2021-12-17 15:08:01,947 case 1 mean_dice 0.804818 mean_hd95 3.162278
Predsum: 24331
GtSum: 27974
Predsum: 24331
GtSum: 27974
Predsum: 24331
GtSum: 27974
case 1 mean_dice 0.804818 mean_hd95 3.162278
2021-12-17 15:08:02,129 ============================================================
============================================================
2021-12-17 15:08:02,129 Subject 3 out of 11: case26
Subject 3 out of 11: case26
2021-12-17 15:08:05,165 case 2 mean_dice 0.893602 mean_hd95 2.000000
Predsum: 38151
GtSum: 41390
Predsum: 38151
GtSum: 41390
Predsum: 38151
GtSum: 41390
case 2 mean_dice 0.893602 mean_hd95 2.000000
2021-12-17 15:08:05,350 ============================================================
============================================================
2021-12-17 15:08:05,350 Subject 4 out of 11: case32
Subject 4 out of 11: case32
2021-12-17 15:08:08,909 case 3 mean_dice 0.703147 mean_hd95 26.495283
Predsum: 27472
GtSum: 20919
Predsum: 27472
GtSum: 20919
Predsum: 27472
GtSum: 20919
case 3 mean_dice 0.703147 mean_hd95 26.495283
2021-12-17 15:08:09,101 ============================================================
============================================================
2021-12-17 15:08:09,101 Subject 5 out of 11: case35
Subject 5 out of 11: case35
2021-12-17 15:08:12,060 case 4 mean_dice 0.847004 mean_hd95 3.000000
Predsum: 21989
GtSum: 24679
Predsum: 21989
GtSum: 24679
Predsum: 21989
GtSum: 24679
case 4 mean_dice 0.847004 mean_hd95 3.000000
2021-12-17 15:08:12,250 ============================================================
============================================================
2021-12-17 15:08:12,250 Subject 6 out of 11: case30
Subject 6 out of 11: case30
2021-12-17 15:08:15,437 case 5 mean_dice 0.777333 mean_hd95 4.582576
Predsum: 35272
GtSum: 34752
Predsum: 35272
GtSum: 34752
Predsum: 35272
GtSum: 34752
case 5 mean_dice 0.777333 mean_hd95 4.582576
2021-12-17 15:08:15,625 ============================================================
============================================================
2021-12-17 15:08:15,625 Subject 7 out of 11: case28
Subject 7 out of 11: case28
2021-12-17 15:08:18,588 case 6 mean_dice 0.848173 mean_hd95 3.000000
Predsum: 37860
GtSum: 35302
Predsum: 37860
GtSum: 35302
Predsum: 37860
GtSum: 35302
case 6 mean_dice 0.848173 mean_hd95 3.000000
2021-12-17 15:08:18,781 ============================================================
============================================================
2021-12-17 15:08:18,781 Subject 8 out of 11: case34
Subject 8 out of 11: case34
2021-12-17 15:08:22,423 case 7 mean_dice 0.822694 mean_hd95 5.099020
Predsum: 30575
GtSum: 22108
Predsum: 30575
GtSum: 22108
Predsum: 30575
GtSum: 22108
case 7 mean_dice 0.822694 mean_hd95 5.099020
2021-12-17 15:08:22,606 ============================================================
============================================================
2021-12-17 15:08:22,606 Subject 9 out of 11: case01
Subject 9 out of 11: case01
2021-12-17 15:08:26,624 case 8 mean_dice 0.792853 mean_hd95 15.842980
Predsum: 39864
GtSum: 32785
Predsum: 39864
GtSum: 32785
Predsum: 39864
GtSum: 32785
case 8 mean_dice 0.792853 mean_hd95 15.842980
2021-12-17 15:08:26,822 ============================================================
============================================================
2021-12-17 15:08:26,822 Subject 10 out of 11: case27
Subject 10 out of 11: case27
2021-12-17 15:08:29,634 case 9 mean_dice 0.860342 mean_hd95 4.582576
Predsum: 25455
GtSum: 28312
Predsum: 25455
GtSum: 28312
Predsum: 25455
GtSum: 28312
case 9 mean_dice 0.860342 mean_hd95 4.582576
2021-12-17 15:08:29,821 ============================================================
============================================================
2021-12-17 15:08:29,821 Subject 11 out of 11: case31
Subject 11 out of 11: case31
2021-12-17 15:08:32,677 case 10 mean_dice 0.868607 mean_hd95 3.605551
Predsum: 43569
GtSum: 38802
Predsum: 43569
GtSum: 38802
Predsum: 43569
GtSum: 38802
case 10 mean_dice 0.868607 mean_hd95 3.605551
2021-12-17 15:08:32,677 Mean class 0 mean_dice 0.825761 mean_hd95 7.063165
Mean class 0 mean_dice 0.825761 mean_hd95 7.063165
2021-12-17 15:08:32,678 Mean class 1 mean_dice 0.825761 mean_hd95 7.063165
Mean class 1 mean_dice 0.825761 mean_hd95 7.063165
2021-12-17 15:08:32,678 Mean class 2 mean_dice 0.825761 mean_hd95 7.063165
Mean class 2 mean_dice 0.825761 mean_hd95 7.063165
2021-12-17 15:08:32,678 Testing performance in best val model: mean_dice : 0.825761 mean_hd95 : 7.063165
Testing performance in best val model: mean_dice : 0.825761 mean_hd95 : 7.063165
test.py successfully executed
