2021-12-19 11:35:10,573 Namespace(volume_path='/itet-stor/arismu/bmicdatasets-originals/Originals/Challenge_Datasets/Prostate_PROMISE12/TrainingData/', test_dataset='UCL', num_classes=3, max_iterations=6800, max_epochs=400, batch_size=16, img_size=256, is_savenii=True, n_skip=3, vit_name='R50-ViT-B_16', test_save_dir='../predictions', deterministic=1, base_lr=0.001, seed=1234, vit_patches_size=16, target_resolution=0.625, image_depth_tr=32, image_depth_ts=32, test_cv_fold_num=1, NORMALIZE=1, Dataset='UCL', z_spacing=1, is_pretrain=True, exp='TU_RUNMC256')
Namespace(volume_path='/itet-stor/arismu/bmicdatasets-originals/Originals/Challenge_Datasets/Prostate_PROMISE12/TrainingData/', test_dataset='UCL', num_classes=3, max_iterations=6800, max_epochs=400, batch_size=16, img_size=256, is_savenii=True, n_skip=3, vit_name='R50-ViT-B_16', test_save_dir='../predictions', deterministic=1, base_lr=0.001, seed=1234, vit_patches_size=16, target_resolution=0.625, image_depth_tr=32, image_depth_ts=32, test_cv_fold_num=1, NORMALIZE=1, Dataset='UCL', z_spacing=1, is_pretrain=True, exp='TU_RUNMC256')
2021-12-19 11:35:10,573 TU_pretrain_R50-ViT-B_16_skip3_bs16_256
TU_pretrain_R50-ViT-B_16_skip3_bs16_256
2021-12-19 11:35:10,600 Already preprocessed this configuration. Loading now!
Already preprocessed this configuration. Loading now!
2021-12-19 11:35:28,698 ============================================================
============================================================
2021-12-19 11:35:28,699 Subject 1 out of 11: case29
Subject 1 out of 11: case29
2021-12-19 11:35:31,862 case 0 mean_dice 0.848274 mean_hd95 6.403124
Predsum: 55942
GtSum: 50526
Predsum: 55942
GtSum: 50526
Predsum: 55942
GtSum: 50526
case 0 mean_dice 0.848274 mean_hd95 6.403124
2021-12-19 11:35:32,115 ============================================================
============================================================
2021-12-19 11:35:32,115 Subject 2 out of 11: case33
Subject 2 out of 11: case33
2021-12-19 11:35:34,997 case 1 mean_dice 0.751289 mean_hd95 5.000000
Predsum: 22824
GtSum: 27974
Predsum: 22824
GtSum: 27974
Predsum: 22824
GtSum: 27974
case 1 mean_dice 0.751289 mean_hd95 5.000000
2021-12-19 11:35:35,213 ============================================================
============================================================
2021-12-19 11:35:35,213 Subject 3 out of 11: case26
Subject 3 out of 11: case26
2021-12-19 11:35:38,606 case 2 mean_dice 0.895077 mean_hd95 2.000000
Predsum: 39955
GtSum: 41390
Predsum: 39955
GtSum: 41390
Predsum: 39955
GtSum: 41390
case 2 mean_dice 0.895077 mean_hd95 2.000000
2021-12-19 11:35:38,853 ============================================================
============================================================
2021-12-19 11:35:38,853 Subject 4 out of 11: case32
Subject 4 out of 11: case32
2021-12-19 11:35:43,292 case 3 mean_dice 0.756945 mean_hd95 35.468296
Predsum: 24400
GtSum: 20919
Predsum: 24400
GtSum: 20919
Predsum: 24400
GtSum: 20919
case 3 mean_dice 0.756945 mean_hd95 35.468296
2021-12-19 11:35:43,519 ============================================================
============================================================
2021-12-19 11:35:43,519 Subject 5 out of 11: case35
Subject 5 out of 11: case35
2021-12-19 11:35:46,319 case 4 mean_dice 0.841471 mean_hd95 2.828427
Predsum: 20480
GtSum: 24679
Predsum: 20480
GtSum: 24679
Predsum: 20480
GtSum: 24679
case 4 mean_dice 0.841471 mean_hd95 2.828427
2021-12-19 11:35:46,540 ============================================================
============================================================
2021-12-19 11:35:46,540 Subject 6 out of 11: case30
Subject 6 out of 11: case30
2021-12-19 11:35:49,387 case 5 mean_dice 0.733398 mean_hd95 5.000000
Predsum: 32802
GtSum: 34752
Predsum: 32802
GtSum: 34752
Predsum: 32802
GtSum: 34752
case 5 mean_dice 0.733398 mean_hd95 5.000000
2021-12-19 11:35:49,604 ============================================================
============================================================
2021-12-19 11:35:49,604 Subject 7 out of 11: case28
Subject 7 out of 11: case28
2021-12-19 11:35:52,455 case 6 mean_dice 0.828633 mean_hd95 4.000000
Predsum: 35149
GtSum: 35302
Predsum: 35149
GtSum: 35302
Predsum: 35149
GtSum: 35302
case 6 mean_dice 0.828633 mean_hd95 4.000000
2021-12-19 11:35:52,672 ============================================================
============================================================
2021-12-19 11:35:52,673 Subject 8 out of 11: case34
Subject 8 out of 11: case34
2021-12-19 11:35:56,090 case 7 mean_dice 0.850154 mean_hd95 4.358899
Predsum: 28137
GtSum: 22108
Predsum: 28137
GtSum: 22108
Predsum: 28137
GtSum: 22108
case 7 mean_dice 0.850154 mean_hd95 4.358899
2021-12-19 11:35:56,314 ============================================================
============================================================
2021-12-19 11:35:56,314 Subject 9 out of 11: case01
Subject 9 out of 11: case01
2021-12-19 11:36:00,042 case 8 mean_dice 0.818196 mean_hd95 16.278821
Predsum: 37120
GtSum: 32785
Predsum: 37120
GtSum: 32785
Predsum: 37120
GtSum: 32785
case 8 mean_dice 0.818196 mean_hd95 16.278821
2021-12-19 11:36:00,257 ============================================================
============================================================
2021-12-19 11:36:00,257 Subject 10 out of 11: case27
Subject 10 out of 11: case27
2021-12-19 11:36:03,051 case 9 mean_dice 0.841007 mean_hd95 3.000000
Predsum: 22382
GtSum: 28312
Predsum: 22382
GtSum: 28312
Predsum: 22382
GtSum: 28312
case 9 mean_dice 0.841007 mean_hd95 3.000000
2021-12-19 11:36:03,267 ============================================================
============================================================
2021-12-19 11:36:03,267 Subject 11 out of 11: case31
Subject 11 out of 11: case31
2021-12-19 11:36:06,061 case 10 mean_dice 0.883992 mean_hd95 3.162278
Predsum: 42391
GtSum: 38802
Predsum: 42391
GtSum: 38802
Predsum: 42391
GtSum: 38802
case 10 mean_dice 0.883992 mean_hd95 3.162278
2021-12-19 11:36:06,062 Mean class 0 mean_dice 0.822585 mean_hd95 7.954531
Mean class 0 mean_dice 0.822585 mean_hd95 7.954531
2021-12-19 11:36:06,062 Mean class 1 mean_dice 0.822585 mean_hd95 7.954531
Mean class 1 mean_dice 0.822585 mean_hd95 7.954531
2021-12-19 11:36:06,062 Mean class 2 mean_dice 0.822585 mean_hd95 7.954531
Mean class 2 mean_dice 0.822585 mean_hd95 7.954531
2021-12-19 11:36:06,062 Testing performance in best val model: mean_dice : 0.822585 mean_hd95 : 7.954531
Testing performance in best val model: mean_dice : 0.822585 mean_hd95 : 7.954531
test.py successfully executed
