2021-12-13 10:13:02,078 Namespace(volume_path='/itet-stor/arismu/bmicdatasets-originals/Originals/Challenge_Datasets/Prostate_PROMISE12/TrainingData/', test_dataset='UCL', num_classes=3, max_iterations=6800, max_epochs=400, batch_size=16, img_size=256, is_savenii=True, n_skip=3, vit_name='R50-ViT-B_16', test_save_dir='../predictions', deterministic=1, base_lr=0.001, seed=1234, vit_patches_size=16, target_resolution=0.625, image_depth_tr=32, image_depth_ts=32, test_cv_fold_num=1, NORMALIZE=1, Dataset='UCL', z_spacing=1, is_pretrain=True, exp='TU_RUNMC256')
Namespace(volume_path='/itet-stor/arismu/bmicdatasets-originals/Originals/Challenge_Datasets/Prostate_PROMISE12/TrainingData/', test_dataset='UCL', num_classes=3, max_iterations=6800, max_epochs=400, batch_size=16, img_size=256, is_savenii=True, n_skip=3, vit_name='R50-ViT-B_16', test_save_dir='../predictions', deterministic=1, base_lr=0.001, seed=1234, vit_patches_size=16, target_resolution=0.625, image_depth_tr=32, image_depth_ts=32, test_cv_fold_num=1, NORMALIZE=1, Dataset='UCL', z_spacing=1, is_pretrain=True, exp='TU_RUNMC256')
2021-12-13 10:13:02,079 TU_pretrain_R50-ViT-B_16_skip3_bs16_256
TU_pretrain_R50-ViT-B_16_skip3_bs16_256
2021-12-13 10:13:02,093 Already preprocessed this configuration. Loading now!
Already preprocessed this configuration. Loading now!
2021-12-13 10:13:20,180 ============================================================
============================================================
2021-12-13 10:13:20,180 Subject 1 out of 11: case29
Subject 1 out of 11: case29
2021-12-13 10:13:23,464 case 0 mean_dice 0.847583 mean_hd95 4.472136
Predsum: 41911
GtSum: 50526
Predsum: 41911
GtSum: 50526
Predsum: 41911
GtSum: 50526
case 0 mean_dice 0.847583 mean_hd95 4.472136
2021-12-13 10:13:23,704 ============================================================
============================================================
2021-12-13 10:13:23,704 Subject 2 out of 11: case33
Subject 2 out of 11: case33
2021-12-13 10:13:26,815 case 1 mean_dice 0.805637 mean_hd95 3.000000
Predsum: 23399
GtSum: 27974
Predsum: 23399
GtSum: 27974
Predsum: 23399
GtSum: 27974
case 1 mean_dice 0.805637 mean_hd95 3.000000
2021-12-13 10:13:27,021 ============================================================
============================================================
2021-12-13 10:13:27,021 Subject 3 out of 11: case26
Subject 3 out of 11: case26
2021-12-13 10:13:30,075 case 2 mean_dice 0.903870 mean_hd95 2.000000
Predsum: 37597
GtSum: 41390
Predsum: 37597
GtSum: 41390
Predsum: 37597
GtSum: 41390
case 2 mean_dice 0.903870 mean_hd95 2.000000
2021-12-13 10:13:30,288 ============================================================
============================================================
2021-12-13 10:13:30,288 Subject 4 out of 11: case32
Subject 4 out of 11: case32
2021-12-13 10:13:33,343 case 3 mean_dice 0.731505 mean_hd95 26.084464
Predsum: 23417
GtSum: 20919
Predsum: 23417
GtSum: 20919
Predsum: 23417
GtSum: 20919
case 3 mean_dice 0.731505 mean_hd95 26.084464
2021-12-13 10:13:33,555 ============================================================
============================================================
2021-12-13 10:13:33,555 Subject 5 out of 11: case35
Subject 5 out of 11: case35
2021-12-13 10:13:36,678 case 4 mean_dice 0.870708 mean_hd95 2.000000
Predsum: 21511
GtSum: 24679
Predsum: 21511
GtSum: 24679
Predsum: 21511
GtSum: 24679
case 4 mean_dice 0.870708 mean_hd95 2.000000
2021-12-13 10:13:36,885 ============================================================
============================================================
2021-12-13 10:13:36,886 Subject 6 out of 11: case30
Subject 6 out of 11: case30
2021-12-13 10:13:39,921 case 5 mean_dice 0.821134 mean_hd95 4.000000
Predsum: 31169
GtSum: 34752
Predsum: 31169
GtSum: 34752
Predsum: 31169
GtSum: 34752
case 5 mean_dice 0.821134 mean_hd95 4.000000
2021-12-13 10:13:40,132 ============================================================
============================================================
2021-12-13 10:13:40,132 Subject 7 out of 11: case28
Subject 7 out of 11: case28
2021-12-13 10:13:43,155 case 6 mean_dice 0.874094 mean_hd95 2.236068
Predsum: 34123
GtSum: 35302
Predsum: 34123
GtSum: 35302
Predsum: 34123
GtSum: 35302
case 6 mean_dice 0.874094 mean_hd95 2.236068
2021-12-13 10:13:43,360 ============================================================
============================================================
2021-12-13 10:13:43,360 Subject 8 out of 11: case34
Subject 8 out of 11: case34
2021-12-13 10:13:47,057 case 7 mean_dice 0.861840 mean_hd95 5.000000
Predsum: 26191
GtSum: 22108
Predsum: 26191
GtSum: 22108
Predsum: 26191
GtSum: 22108
case 7 mean_dice 0.861840 mean_hd95 5.000000
2021-12-13 10:13:47,255 ============================================================
============================================================
2021-12-13 10:13:47,255 Subject 9 out of 11: case01
Subject 9 out of 11: case01
2021-12-13 10:13:51,158 case 8 mean_dice 0.860421 mean_hd95 3.000000
Predsum: 29617
GtSum: 32785
Predsum: 29617
GtSum: 32785
Predsum: 29617
GtSum: 32785
case 8 mean_dice 0.860421 mean_hd95 3.000000
2021-12-13 10:13:51,344 ============================================================
============================================================
2021-12-13 10:13:51,344 Subject 10 out of 11: case27
Subject 10 out of 11: case27
2021-12-13 10:13:54,301 case 9 mean_dice 0.837924 mean_hd95 3.000000
Predsum: 22337
GtSum: 28312
Predsum: 22337
GtSum: 28312
Predsum: 22337
GtSum: 28312
case 9 mean_dice 0.837924 mean_hd95 3.000000
2021-12-13 10:13:54,509 ============================================================
============================================================
2021-12-13 10:13:54,509 Subject 11 out of 11: case31
Subject 11 out of 11: case31
2021-12-13 10:13:57,403 case 10 mean_dice 0.894145 mean_hd95 2.000000
Predsum: 39154
GtSum: 38802
Predsum: 39154
GtSum: 38802
Predsum: 39154
GtSum: 38802
case 10 mean_dice 0.894145 mean_hd95 2.000000
2021-12-13 10:13:57,403 Mean class 0 mean_dice 0.846260 mean_hd95 5.162970
Mean class 0 mean_dice 0.846260 mean_hd95 5.162970
2021-12-13 10:13:57,403 Mean class 1 mean_dice 0.846260 mean_hd95 5.162970
Mean class 1 mean_dice 0.846260 mean_hd95 5.162970
2021-12-13 10:13:57,404 Mean class 2 mean_dice 0.846260 mean_hd95 5.162970
Mean class 2 mean_dice 0.846260 mean_hd95 5.162970
2021-12-13 10:13:57,404 Testing performance in best val model: mean_dice : 0.846260 mean_hd95 : 5.162970
Testing performance in best val model: mean_dice : 0.846260 mean_hd95 : 5.162970
test.py successfully executed
