2021-11-14 13:26:24,527 load_pretrained: resized variant: torch.Size([1, 197, 768]) to torch.Size([1, 256, 768])
load_pretrained: grid-size from 14 to 16
2021-11-14 13:26:25,426 Logging directory: /scratch_net/biwidl217_second/arismu/Master_Thesis_Codes/project_TransUNet/TransUNet/log_dir/trRUNMC_cv1_r3/i2i2l/
2021-11-14 13:26:25,426 Tensorboard directory: /scratch_net/biwidl217_second/arismu/Tensorboard/trRUNMC_cv1_r3/i2i2l/
2021-11-14 13:26:25,426 ============================================================
2021-11-14 13:26:25,426 EXPERIMENT NAME: trRUNMC_cv1_r3/i2i2l/
2021-11-14 13:26:25,426 ============================================================
2021-11-14 13:26:25,426 Loading data...
2021-11-14 13:26:25,426 Reading NCI - RUNMC images...
2021-11-14 13:26:25,426 Data root directory: /itet-stor/arismu/bmicdatasets-originals/Originals/Challenge_Datasets/NCI_Prostate/
2021-11-14 13:26:25,429 Already preprocessed this configuration. Loading now!
2021-11-14 13:26:25,458 Training Images: (286, 256, 256)
2021-11-14 13:26:25,458 Training Labels: (286, 256, 256)
2021-11-14 13:26:25,458 Validation Images: (98, 256, 256)
2021-11-14 13:26:25,458 Validation Labels: (98, 256, 256)
2021-11-14 13:26:25,458 ============================================================
2021-11-14 13:26:25,487 286 iterations per epoch. 42900 max iterations 
  0%|                                         | 0/150 [00:00<?, ?it/s]  0%|                                         | 0/150 [00:00<?, ?it/s]
Traceback (most recent call last):
  File "/scratch_net/biwidl217_second/arismu/Master_Thesis_Codes/project_TransUNet/TransUNet/train.py", line 107, in <module>
    trainer[dataset_name](args, net, snapshot_path)
  File "/scratch_net/biwidl217_second/arismu/Master_Thesis_Codes/project_TransUNet/TransUNet/trainer.py", line 95, in trainer_runmc
    image_batch, label_batch = image_batch.cuda(), label_batch.cuda()      
AttributeError: 'numpy.ndarray' object has no attribute 'cuda'
