2022-01-14 14:51:58,265 Logging directory: /scratch_net/biwidl217_second/arismu/Master_Thesis_Codes/project_TransUNet/TransUNet/log_dir/trRUNMC_cv1_r3/i2i2l/
2022-01-14 14:51:58,266 Tensorboard directory: /scratch_net/biwidl217_second/arismu/Tensorboard/trRUNMC_cv1_r3/i2i2l/
2022-01-14 14:51:58,266 ============================================================
2022-01-14 14:51:58,266 EXPERIMENT NAME: trRUNMC_cv1_r3/i2i2l/
2022-01-14 14:51:58,266 ============================================================
2022-01-14 14:51:58,266 Loading data...
2022-01-14 14:51:58,266 Reading NCI - RUNMC images...
2022-01-14 14:51:58,266 Data root directory: /itet-stor/arismu/bmicdatasets-originals/Originals/Challenge_Datasets/NCI_Prostate/
2022-01-14 14:51:58,268 Already preprocessed this configuration. Loading now!
2022-01-14 14:51:58,294 Training Images: (256, 256, 286)
2022-01-14 14:51:58,294 Training Labels: (256, 256, 286)
2022-01-14 14:51:58,294 Validation Images: (256, 256, 98)
2022-01-14 14:51:58,294 Validation Labels: (256, 256, 98)
2022-01-14 14:51:58,294 ============================================================
2022-01-14 14:51:58,340 17 iterations per epoch. 6800 max iterations 
  0%|                                         | 0/400 [00:00<?, ?it/s]2022-01-14 14:52:02,018 iteration 1 : loss : 0.984683, loss_ce: 1.213733
2022-01-14 14:52:03,348 iteration 2 : loss : 0.918215, loss_ce: 1.108155
2022-01-14 14:52:04,820 iteration 3 : loss : 0.859440, loss_ce: 1.006754
2022-01-14 14:52:06,162 iteration 4 : loss : 0.803944, loss_ce: 0.911634
2022-01-14 14:52:07,521 iteration 5 : loss : 0.767480, loss_ce: 0.862664
2022-01-14 14:52:08,894 iteration 6 : loss : 0.725022, loss_ce: 0.785275
2022-01-14 14:52:10,335 iteration 7 : loss : 0.677742, loss_ce: 0.725630
2022-01-14 14:52:11,715 iteration 8 : loss : 0.666100, loss_ce: 0.670323
2022-01-14 14:52:13,126 iteration 9 : loss : 0.605062, loss_ce: 0.635258
2022-01-14 14:52:14,566 iteration 10 : loss : 0.603206, loss_ce: 0.572910
2022-01-14 14:52:16,077 iteration 11 : loss : 0.568421, loss_ce: 0.542000
2022-01-14 14:52:17,434 iteration 12 : loss : 0.538816, loss_ce: 0.496395
2022-01-14 14:52:18,783 iteration 13 : loss : 0.527261, loss_ce: 0.466058
2022-01-14 14:52:20,090 iteration 14 : loss : 0.485503, loss_ce: 0.421656
2022-01-14 14:52:21,492 iteration 15 : loss : 0.458298, loss_ce: 0.384026
2022-01-14 14:52:22,873 iteration 16 : loss : 0.471291, loss_ce: 0.371579
2022-01-14 14:52:24,239 iteration 17 : loss : 0.409273, loss_ce: 0.328248
  0%|                               | 1/400 [00:25<2:52:51, 25.99s/it]2022-01-14 14:52:25,747 iteration 18 : loss : 0.431137, loss_ce: 0.298176
2022-01-14 14:52:27,050 iteration 19 : loss : 0.372201, loss_ce: 0.266764
2022-01-14 14:52:28,527 iteration 20 : loss : 0.356522, loss_ce: 0.244039
2022-01-14 14:52:29,954 iteration 21 : loss : 0.389775, loss_ce: 0.232636
